#! /c/Source/iverilog-install/bin/vvp
:ivl_version "12.0 (devel)" "(s20150603-1110-g18392a46)";
:ivl_delay_selection "TYPICAL";
:vpi_time_precision + 0;
:vpi_module "C:\iverilog\lib\ivl\system.vpi";
:vpi_module "C:\iverilog\lib\ivl\vhdl_sys.vpi";
:vpi_module "C:\iverilog\lib\ivl\vhdl_textio.vpi";
:vpi_module "C:\iverilog\lib\ivl\v2005_math.vpi";
:vpi_module "C:\iverilog\lib\ivl\va_math.vpi";
S_000001ce04ed6ca0 .scope module, "atrasa_clk_4x1" "atrasa_clk_4x1" 2 1;
 .timescale 0 0;
    .port_info 0 /INPUT 1 "clk";
    .port_info 1 /OUTPUT 1 "clk_out";
L_000001ce04e87070 .functor BUFZ 1, v000001ce04e8e900_0, C4<0>, C4<0>, C4<0>;
o000001ce04ed6ed8 .functor BUFZ 1, C4<z>; HiZ drive
v000001ce04ed6e30_0 .net "clk", 0 0, o000001ce04ed6ed8;  0 drivers
v000001ce04e86fd0_0 .net "clk_out", 0 0, L_000001ce04e87070;  1 drivers
v000001ce04e8e860_0 .var "counter", 1 0;
v000001ce04e8e900_0 .var "out", 0 0;
E_000001ce04ed4af0 .event posedge, v000001ce04ed6e30_0;
    .scope S_000001ce04ed6ca0;
T_0 ;
    %wait E_000001ce04ed4af0;
    %load/vec4 v000001ce04e8e860_0;
    %cmpi/e 0, 0, 2;
    %jmp/0xz  T_0.0, 4;
    %pushi/vec4 1, 0, 1;
    %assign/vec4 v000001ce04e8e900_0, 0;
    %jmp T_0.1;
T_0.0 ;
    %pushi/vec4 0, 0, 1;
    %assign/vec4 v000001ce04e8e900_0, 0;
T_0.1 ;
    %load/vec4 v000001ce04e8e860_0;
    %addi 1, 0, 2;
    %assign/vec4 v000001ce04e8e860_0, 0;
    %jmp T_0;
    .thread T_0;
# The file index is used to find the file name in the following table.
:file_names 3;
    "N/A";
    "<interactive>";
    ".\atrasa_clk_4x1.v";
