#! /c/Source/iverilog-install/bin/vvp
:ivl_version "12.0 (devel)" "(s20150603-1539-g2693dd32b)";
:ivl_delay_selection "TYPICAL";
:vpi_time_precision - 11;
:vpi_module "C:\iverilog\lib\ivl\system.vpi";
:vpi_module "C:\iverilog\lib\ivl\vhdl_sys.vpi";
:vpi_module "C:\iverilog\lib\ivl\vhdl_textio.vpi";
:vpi_module "C:\iverilog\lib\ivl\v2005_math.vpi";
:vpi_module "C:\iverilog\lib\ivl\va_math.vpi";
S_00000214a9e785e0 .scope module, "FULL_Adder2comp" "FULL_Adder2comp" 2 3;
 .timescale -7 -11;
P_00000214a9e5bf20 .param/l "N" 0 2 5, +C4<00000000000000000000000000000100>;
v00000214a9edc290_0 .var "RESET_tb", 0 0;
v00000214a9edc3d0_0 .var "S_tb", 0 0;
v00000214a9edc510_0 .var "a_tb", 3 0;
v00000214a9edc5b0_0 .net "add_sub_tb", 0 0, v00000214a9edc470_0;  1 drivers
v00000214a9edc6f0_0 .var "b_tb", 3 0;
v00000214a9edec10_0 .var "clk_tb", 0 0;
v00000214a9ede850_0 .net "compmag_tb", 0 0, v00000214a9edc330_0;  1 drivers
v00000214a9edf2f0_0 .net "compsigns_tb", 0 0, v00000214a9edc8d0_0;  1 drivers
v00000214a9edfa70_0 .net "done_tb", 0 0, v00000214a9edc970_0;  1 drivers
v00000214a9ede3f0_0 .net "loadAB_tb", 0 0, v00000214a9edcd30_0;  1 drivers
v00000214a9edf110_0 .net "loadmagAB_tb", 0 0, v00000214a9edc1f0_0;  1 drivers
v00000214a9edf390_0 .net "loadres_tb", 0 0, v00000214a9edca10_0;  1 drivers
v00000214a9edecb0_0 .net "result_tb", 4 0, v00000214a9edcc90_0;  1 drivers
S_00000214a9e78770 .scope module, "FD" "FD_Adder2comp" 2 21, 3 1 0, S_00000214a9e785e0;
 .timescale -7 -11;
    .port_info 0 /INPUT 4 "a";
    .port_info 1 /INPUT 4 "b";
    .port_info 2 /INPUT 1 "clk";
    .port_info 3 /INPUT 1 "RESET";
    .port_info 4 /INPUT 1 "loadAB";
    .port_info 5 /INPUT 1 "loadmagAB";
    .port_info 6 /INPUT 1 "comp_mag";
    .port_info 7 /INPUT 1 "comp_sinais";
    .port_info 8 /INPUT 1 "soma_sub";
    .port_info 9 /INPUT 1 "loadRES";
    .port_info 10 /OUTPUT 5 "result";
P_00000214a9e5b3a0 .param/l "N" 0 3 7, +C4<00000000000000000000000000000100>;
v00000214a9e59e30_0 .var "A", 3 0;
v00000214a9e61160_0 .var "B", 3 0;
v00000214a9e32c10_0 .net "RESET", 0 0, v00000214a9edc290_0;  1 drivers
v00000214a9e1eb80_0 .net "a", 3 0, v00000214a9edc510_0;  1 drivers
v00000214a9e1ec20_0 .net "b", 3 0, v00000214a9edc6f0_0;  1 drivers
v00000214a9e1ecc0_0 .net "clk", 0 0, v00000214a9edec10_0;  1 drivers
v00000214a9e1ed60_0 .net "comp_mag", 0 0, v00000214a9edc330_0;  alias, 1 drivers
v00000214a9e1ee00_0 .net "comp_sinais", 0 0, v00000214a9edc8d0_0;  alias, 1 drivers
v00000214a9e1eea0_0 .net "loadAB", 0 0, v00000214a9edcd30_0;  alias, 1 drivers
v00000214a9e64310_0 .net "loadRES", 0 0, v00000214a9edca10_0;  alias, 1 drivers
v00000214a9e643b0_0 .net "loadmagAB", 0 0, v00000214a9edc1f0_0;  alias, 1 drivers
v00000214a9e64450_0 .var "mag_a", 2 0;
v00000214a9e644f0_0 .var "mag_b", 2 0;
v00000214a9edcab0_0 .var "mag_soma", 2 0;
v00000214a9edcb50_0 .var "maior", 2 0;
v00000214a9edc0b0_0 .var "menor", 2 0;
v00000214a9edcbf0_0 .var "operacao", 1 0;
v00000214a9edcc90_0 .var "result", 4 0;
v00000214a9edc790_0 .var "sinal_a", 0 0;
v00000214a9edc830_0 .var "sinal_b", 0 0;
v00000214a9edc650_0 .var "sinal_soma", 0 0;
v00000214a9edc150_0 .net "soma_sub", 0 0, v00000214a9edc470_0;  alias, 1 drivers
E_00000214a9e5b3e0 .event posedge, v00000214a9e1ecc0_0;
S_00000214a9e646a0 .scope module, "UC" "UC_Adder2comp" 2 16, 4 1 0, S_00000214a9e785e0;
 .timescale -7 -11;
    .port_info 0 /INPUT 1 "clk";
    .port_info 1 /INPUT 1 "S";
    .port_info 2 /INPUT 1 "RESET";
    .port_info 3 /OUTPUT 1 "loadAB";
    .port_info 4 /OUTPUT 1 "loadmagAB";
    .port_info 5 /OUTPUT 1 "compmag";
    .port_info 6 /OUTPUT 1 "compsigns";
    .port_info 7 /OUTPUT 1 "add_sub";
    .port_info 8 /OUTPUT 1 "loadres";
    .port_info 9 /OUTPUT 1 "done";
P_00000214a9edd070 .param/l "IDLE" 0 4 13, +C4<00000000000000000000000000000000>;
P_00000214a9edd0a8 .param/l "START" 0 4 13, +C4<00000000000000000000000000000001>;
P_00000214a9edd0e0 .param/l "_add_sub" 0 4 13, +C4<00000000000000000000000000000110>;
P_00000214a9edd118 .param/l "_compmag" 0 4 13, +C4<00000000000000000000000000000100>;
P_00000214a9edd150 .param/l "_compsigns" 0 4 13, +C4<00000000000000000000000000000101>;
P_00000214a9edd188 .param/l "_done" 0 4 13, +C4<00000000000000000000000000000111>;
P_00000214a9edd1c0 .param/l "_loadAB" 0 4 13, +C4<00000000000000000000000000000010>;
P_00000214a9edd1f8 .param/l "_loadmagAB" 0 4 13, +C4<00000000000000000000000000000011>;
v00000214a9edcdd0_0 .net "RESET", 0 0, v00000214a9edc290_0;  alias, 1 drivers
v00000214a9edcf10_0 .net "S", 0 0, v00000214a9edc3d0_0;  1 drivers
v00000214a9edc470_0 .var "add_sub", 0 0;
v00000214a9edce70_0 .net "clk", 0 0, v00000214a9edec10_0;  alias, 1 drivers
v00000214a9edc330_0 .var "compmag", 0 0;
v00000214a9edc8d0_0 .var "compsigns", 0 0;
v00000214a9edc970_0 .var "done", 0 0;
v00000214a9edcd30_0 .var "loadAB", 0 0;
v00000214a9edc1f0_0 .var "loadmagAB", 0 0;
v00000214a9edca10_0 .var "loadres", 0 0;
v00000214a9edcfb0_0 .var "states", 3 0;
E_00000214a9e5a5a0 .event posedge, v00000214a9e32c10_0, v00000214a9edcf10_0, v00000214a9e1ecc0_0;
    .scope S_00000214a9e646a0;
T_0 ;
    %wait E_00000214a9e5a5a0;
    %load/vec4 v00000214a9edcdd0_0;
    %pad/u 32;
    %cmpi/e 1, 0, 32;
    %jmp/0xz  T_0.0, 4;
    %pushi/vec4 0, 0, 4;
    %assign/vec4 v00000214a9edcfb0_0, 0;
    %jmp T_0.1;
T_0.0 ;
    %load/vec4 v00000214a9edcfb0_0;
    %dup/vec4;
    %pushi/vec4 0, 0, 4;
    %cmp/u;
    %jmp/1 T_0.2, 6;
    %dup/vec4;
    %pushi/vec4 1, 0, 4;
    %cmp/u;
    %jmp/1 T_0.3, 6;
    %dup/vec4;
    %pushi/vec4 2, 0, 4;
    %cmp/u;
    %jmp/1 T_0.4, 6;
    %dup/vec4;
    %pushi/vec4 3, 0, 4;
    %cmp/u;
    %jmp/1 T_0.5, 6;
    %dup/vec4;
    %pushi/vec4 4, 0, 4;
    %cmp/u;
    %jmp/1 T_0.6, 6;
    %dup/vec4;
    %pushi/vec4 5, 0, 4;
    %cmp/u;
    %jmp/1 T_0.7, 6;
    %dup/vec4;
    %pushi/vec4 6, 0, 4;
    %cmp/u;
    %jmp/1 T_0.8, 6;
    %jmp T_0.9;
T_0.2 ;
    %load/vec4 v00000214a9edcf10_0;
    %pad/u 32;
    %cmpi/e 1, 0, 32;
    %jmp/0xz  T_0.10, 4;
    %pushi/vec4 1, 0, 4;
    %assign/vec4 v00000214a9edcfb0_0, 0;
T_0.10 ;
    %jmp T_0.9;
T_0.3 ;
    %pushi/vec4 2, 0, 4;
    %assign/vec4 v00000214a9edcfb0_0, 0;
    %jmp T_0.9;
T_0.4 ;
    %pushi/vec4 3, 0, 4;
    %assign/vec4 v00000214a9edcfb0_0, 0;
    %jmp T_0.9;
T_0.5 ;
    %pushi/vec4 4, 0, 4;
    %assign/vec4 v00000214a9edcfb0_0, 0;
    %jmp T_0.9;
T_0.6 ;
    %pushi/vec4 5, 0, 4;
    %assign/vec4 v00000214a9edcfb0_0, 0;
    %jmp T_0.9;
T_0.7 ;
    %pushi/vec4 6, 0, 4;
    %assign/vec4 v00000214a9edcfb0_0, 0;
    %jmp T_0.9;
T_0.8 ;
    %pushi/vec4 7, 0, 4;
    %assign/vec4 v00000214a9edcfb0_0, 0;
    %jmp T_0.9;
T_0.9 ;
    %pop/vec4 1;
T_0.1 ;
    %jmp T_0;
    .thread T_0;
    .scope S_00000214a9e646a0;
T_1 ;
    %wait E_00000214a9e5b3e0;
    %load/vec4 v00000214a9edcfb0_0;
    %dup/vec4;
    %pushi/vec4 0, 0, 4;
    %cmp/u;
    %jmp/1 T_1.0, 6;
    %dup/vec4;
    %pushi/vec4 2, 0, 4;
    %cmp/u;
    %jmp/1 T_1.1, 6;
    %dup/vec4;
    %pushi/vec4 3, 0, 4;
    %cmp/u;
    %jmp/1 T_1.2, 6;
    %dup/vec4;
    %pushi/vec4 4, 0, 4;
    %cmp/u;
    %jmp/1 T_1.3, 6;
    %dup/vec4;
    %pushi/vec4 5, 0, 4;
    %cmp/u;
    %jmp/1 T_1.4, 6;
    %dup/vec4;
    %pushi/vec4 6, 0, 4;
    %cmp/u;
    %jmp/1 T_1.5, 6;
    %dup/vec4;
    %pushi/vec4 7, 0, 4;
    %cmp/u;
    %jmp/1 T_1.6, 6;
    %jmp T_1.7;
T_1.0 ;
    %pushi/vec4 0, 0, 1;
    %assign/vec4 v00000214a9edcd30_0, 0;
    %pushi/vec4 0, 0, 1;
    %assign/vec4 v00000214a9edc1f0_0, 0;
    %pushi/vec4 0, 0, 1;
    %assign/vec4 v00000214a9edc330_0, 0;
    %pushi/vec4 0, 0, 1;
    %assign/vec4 v00000214a9edc8d0_0, 0;
    %pushi/vec4 0, 0, 1;
    %assign/vec4 v00000214a9edc470_0, 0;
    %pushi/vec4 0, 0, 1;
    %assign/vec4 v00000214a9edca10_0, 0;
    %pushi/vec4 0, 0, 1;
    %assign/vec4 v00000214a9edc970_0, 0;
    %jmp T_1.7;
T_1.1 ;
    %pushi/vec4 1, 0, 1;
    %assign/vec4 v00000214a9edcd30_0, 0;
    %jmp T_1.7;
T_1.2 ;
    %pushi/vec4 0, 0, 1;
    %assign/vec4 v00000214a9edcd30_0, 0;
    %pushi/vec4 1, 0, 1;
    %assign/vec4 v00000214a9edc1f0_0, 0;
    %jmp T_1.7;
T_1.3 ;
    %pushi/vec4 0, 0, 1;
    %assign/vec4 v00000214a9edc1f0_0, 0;
    %pushi/vec4 1, 0, 1;
    %assign/vec4 v00000214a9edc330_0, 0;
    %jmp T_1.7;
T_1.4 ;
    %pushi/vec4 0, 0, 1;
    %assign/vec4 v00000214a9edc330_0, 0;
    %pushi/vec4 1, 0, 1;
    %assign/vec4 v00000214a9edc8d0_0, 0;
    %jmp T_1.7;
T_1.5 ;
    %pushi/vec4 0, 0, 1;
    %assign/vec4 v00000214a9edc8d0_0, 0;
    %pushi/vec4 1, 0, 1;
    %assign/vec4 v00000214a9edc470_0, 0;
    %jmp T_1.7;
T_1.6 ;
    %pushi/vec4 0, 0, 1;
    %assign/vec4 v00000214a9edc470_0, 0;
    %pushi/vec4 1, 0, 1;
    %assign/vec4 v00000214a9edc970_0, 0;
    %pushi/vec4 1, 0, 1;
    %assign/vec4 v00000214a9edca10_0, 0;
    %jmp T_1.7;
T_1.7 ;
    %pop/vec4 1;
    %jmp T_1;
    .thread T_1;
    .scope S_00000214a9e78770;
T_2 ;
    %wait E_00000214a9e5b3e0;
    %load/vec4 v00000214a9e1eea0_0;
    %flag_set/vec4 8;
    %jmp/0xz  T_2.0, 8;
    %load/vec4 v00000214a9e1eb80_0;
    %parti/s 1, 3, 3;
    %assign/vec4 v00000214a9edc790_0, 0;
    %load/vec4 v00000214a9e1ec20_0;
    %parti/s 1, 3, 3;
    %assign/vec4 v00000214a9edc830_0, 0;
    %load/vec4 v00000214a9e1eb80_0;
    %assign/vec4 v00000214a9e59e30_0, 0;
    %load/vec4 v00000214a9e1ec20_0;
    %assign/vec4 v00000214a9e61160_0, 0;
    %jmp T_2.1;
T_2.0 ;
    %load/vec4 v00000214a9e643b0_0;
    %flag_set/vec4 8;
    %jmp/0xz  T_2.2, 8;
    %load/vec4 v00000214a9edc790_0;
    %pad/u 32;
    %cmpi/e 0, 0, 32;
    %jmp/0xz  T_2.4, 4;
    %load/vec4 v00000214a9e59e30_0;
    %pad/u 3;
    %assign/vec4 v00000214a9e64450_0, 0;
    %jmp T_2.5;
T_2.4 ;
    %pushi/vec4 0, 0, 1;
    %load/vec4 v00000214a9e59e30_0;
    %inv;
    %concat/vec4; draw_concat_vec4
    %addi 1, 0, 5;
    %pad/u 3;
    %assign/vec4 v00000214a9e64450_0, 0;
T_2.5 ;
    %load/vec4 v00000214a9edc830_0;
    %pad/u 32;
    %cmpi/e 0, 0, 32;
    %jmp/0xz  T_2.6, 4;
    %load/vec4 v00000214a9e61160_0;
    %pad/u 3;
    %assign/vec4 v00000214a9e644f0_0, 0;
    %jmp T_2.7;
T_2.6 ;
    %pushi/vec4 0, 0, 1;
    %load/vec4 v00000214a9e61160_0;
    %inv;
    %concat/vec4; draw_concat_vec4
    %addi 1, 0, 5;
    %pad/u 3;
    %assign/vec4 v00000214a9e644f0_0, 0;
T_2.7 ;
    %jmp T_2.3;
T_2.2 ;
    %load/vec4 v00000214a9e1ed60_0;
    %flag_set/vec4 8;
    %jmp/0xz  T_2.8, 8;
    %load/vec4 v00000214a9e644f0_0;
    %load/vec4 v00000214a9e64450_0;
    %cmp/u;
    %jmp/0xz  T_2.10, 5;
    %load/vec4 v00000214a9e64450_0;
    %assign/vec4 v00000214a9edcb50_0, 0;
    %load/vec4 v00000214a9e644f0_0;
    %assign/vec4 v00000214a9edc0b0_0, 0;
    %jmp T_2.11;
T_2.10 ;
    %load/vec4 v00000214a9e644f0_0;
    %assign/vec4 v00000214a9edcb50_0, 0;
    %load/vec4 v00000214a9e64450_0;
    %assign/vec4 v00000214a9edc0b0_0, 0;
T_2.11 ;
    %jmp T_2.9;
T_2.8 ;
    %load/vec4 v00000214a9e1ee00_0;
    %flag_set/vec4 8;
    %jmp/0xz  T_2.12, 8;
    %load/vec4 v00000214a9edc790_0;
    %pad/u 32;
    %pushi/vec4 0, 0, 32;
    %cmp/e;
    %flag_get/vec4 4;
    %load/vec4 v00000214a9edc790_0;
    %load/vec4 v00000214a9edc830_0;
    %cmp/e;
    %flag_get/vec4 4;
    %and;
    %flag_set/vec4 8;
    %jmp/0xz  T_2.14, 8;
    %pushi/vec4 0, 0, 2;
    %assign/vec4 v00000214a9edcbf0_0, 0;
    %pushi/vec4 0, 0, 1;
    %assign/vec4 v00000214a9edc650_0, 0;
    %jmp T_2.15;
T_2.14 ;
    %load/vec4 v00000214a9edc790_0;
    %pad/u 32;
    %pushi/vec4 1, 0, 32;
    %cmp/e;
    %flag_get/vec4 4;
    %load/vec4 v00000214a9edc790_0;
    %load/vec4 v00000214a9edc830_0;
    %cmp/e;
    %flag_get/vec4 4;
    %and;
    %flag_set/vec4 8;
    %jmp/0xz  T_2.16, 8;
    %pushi/vec4 1, 0, 2;
    %assign/vec4 v00000214a9edcbf0_0, 0;
    %pushi/vec4 1, 0, 1;
    %assign/vec4 v00000214a9edc650_0, 0;
    %jmp T_2.17;
T_2.16 ;
    %load/vec4 v00000214a9edc790_0;
    %pad/u 32;
    %pushi/vec4 0, 0, 32;
    %cmp/e;
    %flag_get/vec4 4;
    %load/vec4 v00000214a9e644f0_0;
    %load/vec4 v00000214a9e64450_0;
    %cmp/u;
    %flag_get/vec4 5;
    %and;
    %load/vec4 v00000214a9edc830_0;
    %pad/u 32;
    %pushi/vec4 0, 0, 32;
    %cmp/e;
    %flag_get/vec4 4;
    %load/vec4 v00000214a9e64450_0;
    %load/vec4 v00000214a9e644f0_0;
    %cmp/u;
    %flag_get/vec4 5;
    %and;
    %or;
    %flag_set/vec4 8;
    %jmp/0xz  T_2.18, 8;
    %pushi/vec4 2, 0, 2;
    %assign/vec4 v00000214a9edcbf0_0, 0;
    %pushi/vec4 0, 0, 1;
    %assign/vec4 v00000214a9edc650_0, 0;
    %jmp T_2.19;
T_2.18 ;
    %pushi/vec4 3, 0, 2;
    %assign/vec4 v00000214a9edcbf0_0, 0;
    %load/vec4 v00000214a9edcb50_0;
    %pad/u 32;
    %cmpi/e 0, 0, 32;
    %jmp/0xz  T_2.20, 4;
    %pushi/vec4 0, 0, 1;
    %assign/vec4 v00000214a9edc650_0, 0;
    %jmp T_2.21;
T_2.20 ;
    %pushi/vec4 1, 0, 1;
    %assign/vec4 v00000214a9edc650_0, 0;
T_2.21 ;
T_2.19 ;
T_2.17 ;
T_2.15 ;
    %jmp T_2.13;
T_2.12 ;
    %load/vec4 v00000214a9edc150_0;
    %flag_set/vec4 8;
    %jmp/0xz  T_2.22, 8;
    %load/vec4 v00000214a9edcbf0_0;
    %dup/vec4;
    %pushi/vec4 0, 0, 2;
    %cmp/u;
    %jmp/1 T_2.24, 6;
    %dup/vec4;
    %pushi/vec4 1, 0, 2;
    %cmp/u;
    %jmp/1 T_2.25, 6;
    %dup/vec4;
    %pushi/vec4 2, 0, 2;
    %cmp/u;
    %jmp/1 T_2.26, 6;
    %dup/vec4;
    %pushi/vec4 3, 0, 2;
    %cmp/u;
    %jmp/1 T_2.27, 6;
    %jmp T_2.28;
T_2.24 ;
    %load/vec4 v00000214a9edcb50_0;
    %pad/u 5;
    %load/vec4 v00000214a9edc0b0_0;
    %pad/u 5;
    %add;
    %assign/vec4 v00000214a9edcc90_0, 0;
    %jmp T_2.28;
T_2.25 ;
    %load/vec4 v00000214a9edcb50_0;
    %pad/u 5;
    %load/vec4 v00000214a9edc0b0_0;
    %pad/u 5;
    %add;
    %assign/vec4 v00000214a9edcc90_0, 0;
    %jmp T_2.28;
T_2.26 ;
    %load/vec4 v00000214a9edcb50_0;
    %pad/u 5;
    %load/vec4 v00000214a9edc0b0_0;
    %pad/u 5;
    %sub;
    %assign/vec4 v00000214a9edcc90_0, 0;
    %jmp T_2.28;
T_2.27 ;
    %load/vec4 v00000214a9edcb50_0;
    %pad/u 5;
    %load/vec4 v00000214a9edc0b0_0;
    %pad/u 5;
    %sub;
    %assign/vec4 v00000214a9edcc90_0, 0;
    %jmp T_2.28;
T_2.28 ;
    %pop/vec4 1;
    %jmp T_2.23;
T_2.22 ;
    %load/vec4 v00000214a9e64310_0;
    %flag_set/vec4 8;
    %jmp/0xz  T_2.29, 8;
    %load/vec4 v00000214a9edc650_0;
    %load/vec4 v00000214a9edcab0_0;
    %concat/vec4; draw_concat_vec4
    %pad/u 5;
    %assign/vec4 v00000214a9edcc90_0, 0;
T_2.29 ;
T_2.23 ;
T_2.13 ;
T_2.9 ;
T_2.3 ;
T_2.1 ;
    %jmp T_2;
    .thread T_2;
    .scope S_00000214a9e785e0;
T_3 ;
    %vpi_call 2 28 "$monitor", "a = %b || b = %b || loadAB  = %d || loadmagAB = %d || compmag = %d || comp_sinais = %d || soma_sub = %d || loadres = %d || result = %b", v00000214a9edc510_0, v00000214a9edc6f0_0, v00000214a9ede3f0_0, v00000214a9edf110_0, v00000214a9ede850_0, v00000214a9edf2f0_0, v00000214a9edc5b0_0, v00000214a9edf390_0, v00000214a9edecb0_0 {0 0 0};
    %pushi/vec4 1, 0, 1;
    %store/vec4 v00000214a9edc3d0_0, 0, 1;
    %pushi/vec4 1, 0, 1;
    %store/vec4 v00000214a9edc290_0, 0, 1;
    %pushi/vec4 0, 0, 1;
    %store/vec4 v00000214a9edec10_0, 0, 1;
    %delay 200000, 0;
    %pushi/vec4 0, 0, 1;
    %store/vec4 v00000214a9edc290_0, 0, 1;
    %delay 100000, 0;
    %pushi/vec4 14, 0, 4;
    %store/vec4 v00000214a9edc510_0, 0, 4;
    %pushi/vec4 15, 0, 4;
    %store/vec4 v00000214a9edc6f0_0, 0, 4;
    %end;
    .thread T_3;
    .scope S_00000214a9e785e0;
T_4 ;
    %delay 100000, 0;
    %load/vec4 v00000214a9edec10_0;
    %inv;
    %store/vec4 v00000214a9edec10_0, 0, 1;
    %jmp T_4;
    .thread T_4;
# The file index is used to find the file name in the following table.
:file_names 5;
    "N/A";
    "<interactive>";
    ".\FULL_Adder2comp.v";
    ".\FD_Adder2comp.v";
    ".\UC_Adder2comp.v";
