#! /c/Source/iverilog-install/bin/vvp
:ivl_version "12.0 (devel)" "(s20150603-1539-g2693dd32b)";
:ivl_delay_selection "TYPICAL";
:vpi_time_precision - 10;
:vpi_module "C:\iverilog\lib\ivl\system.vpi";
:vpi_module "C:\iverilog\lib\ivl\vhdl_sys.vpi";
:vpi_module "C:\iverilog\lib\ivl\vhdl_textio.vpi";
:vpi_module "C:\iverilog\lib\ivl\v2005_math.vpi";
:vpi_module "C:\iverilog\lib\ivl\va_math.vpi";
S_00000207e7fa0f30 .scope module, "FD_loadstore_tb" "FD_loadstore_tb" 2 3;
 .timescale -8 -10;
v00000207e80aec80_0 .var "OFFSET_tb", 4 0;
v00000207e80af9a0_0 .var "Ra_tb", 4 0;
v00000207e80aed20_0 .var "Rb_tb", 4 0;
v00000207e80af220_0 .var "Rw_tb", 4 0;
v00000207e80affe0_0 .var "WE_mem_tb", 0 0;
v00000207e80aefa0_0 .var "WE_reg_tb", 0 0;
v00000207e80af540_0 .var "clk_tb", 0 0;
v00000207e80aedc0_0 .net "doutA_tb", 63 0, v00000207e7fd6af0_0;  1 drivers
v00000207e80aee60_0 .net "doutB_tb", 63 0, v00000207e7fd7090_0;  1 drivers
v00000207e80b04e0_0 .net "doutMem_tb", 63 0, L_00000207e7fb23f0;  1 drivers
S_00000207e7f3d390 .scope module, "uut" "FD_loadstore" 2 17, 3 1 0, S_00000207e7fa0f30;
 .timescale -8 -10;
    .port_info 0 /INPUT 5 "Ra";
    .port_info 1 /INPUT 5 "Rb";
    .port_info 2 /INPUT 5 "Rw";
    .port_info 3 /INPUT 1 "WE_reg";
    .port_info 4 /INPUT 1 "WE_mem";
    .port_info 5 /OUTPUT 64 "doutA";
    .port_info 6 /OUTPUT 64 "doutB";
    .port_info 7 /OUTPUT 64 "doutMem";
    .port_info 8 /INPUT 1 "clk";
    .port_info 9 /INPUT 5 "OFFSET";
L_00000207e7fb30a0 .functor BUFZ 5, v00000207e80aec80_0, C4<00000>, C4<00000>, C4<00000>;
L_00000207e7fb23f0 .functor BUFZ 64, v00000207e80b0300_0, C4<0000000000000000000000000000000000000000000000000000000000000000>, C4<0000000000000000000000000000000000000000000000000000000000000000>, C4<0000000000000000000000000000000000000000000000000000000000000000>;
v00000207e80aeaa0_0 .net "OFFSET", 4 0, v00000207e80aec80_0;  1 drivers
v00000207e80b0080_0 .net "Ra", 4 0, v00000207e80af9a0_0;  1 drivers
v00000207e80b0760_0 .net "Rb", 4 0, v00000207e80aed20_0;  1 drivers
v00000207e80af720_0 .net "Rw", 4 0, v00000207e80af220_0;  1 drivers
v00000207e80af180_0 .net "WE_mem", 0 0, v00000207e80affe0_0;  1 drivers
v00000207e80aef00_0 .net "WE_reg", 0 0, v00000207e80aefa0_0;  1 drivers
v00000207e80af7c0_0 .net "clk", 0 0, v00000207e80af540_0;  1 drivers
v00000207e80af5e0_0 .net "doutA", 63 0, v00000207e7fd6af0_0;  alias, 1 drivers
v00000207e80afcc0_0 .net "doutB", 63 0, v00000207e7fd7090_0;  alias, 1 drivers
v00000207e80af900_0 .net "doutMem", 63 0, L_00000207e7fb23f0;  alias, 1 drivers
v00000207e80afa40_0 .net "final_address", 4 0, L_00000207e7fb30a0;  1 drivers
v00000207e80afe00_0 .net "regIN_memOUT", 63 0, v00000207e80b0300_0;  1 drivers
S_00000207e7f3d5d0 .scope module, "u1" "Reg_Banco" 3 22, 4 1 0, S_00000207e7f3d390;
 .timescale -8 -10;
    .port_info 0 /INPUT 5 "Ra";
    .port_info 1 /INPUT 5 "Rb";
    .port_info 2 /INPUT 5 "Rw";
    .port_info 3 /INPUT 1 "WE_Reg";
    .port_info 4 /INPUT 64 "dIN";
    .port_info 5 /OUTPUT 64 "doutA";
    .port_info 6 /OUTPUT 64 "doutB";
    .port_info 7 /INPUT 1 "clk";
v00000207e7fd6730_0 .net "Ra", 4 0, v00000207e80af9a0_0;  alias, 1 drivers
v00000207e7fd6f50_0 .net "Rb", 4 0, v00000207e80aed20_0;  alias, 1 drivers
v00000207e7fd6910_0 .net "Rw", 4 0, v00000207e80af220_0;  alias, 1 drivers
v00000207e7fd73b0_0 .net "WE_Reg", 0 0, v00000207e80aefa0_0;  alias, 1 drivers
v00000207e7fd6a50 .array "banco_registradores", 0 31, 63 0;
v00000207e7fd7130 .array "banco_registradores_wire", 0 31;
v00000207e7fd7130_0 .net v00000207e7fd7130 0, 63 0, v00000207e7fa6490_0; 1 drivers
v00000207e7fd7130_1 .net v00000207e7fd7130 1, 63 0, v00000207e7fa5450_0; 1 drivers
v00000207e7fd7130_2 .net v00000207e7fd7130 2, 63 0, v00000207e7fa6210_0; 1 drivers
v00000207e7fd7130_3 .net v00000207e7fd7130 3, 63 0, v00000207e7fa6a30_0; 1 drivers
v00000207e7fd7130_4 .net v00000207e7fd7130 4, 63 0, v00000207e7fa6fd0_0; 1 drivers
v00000207e7fd7130_5 .net v00000207e7fd7130 5, 63 0, v00000207e7fa6c10_0; 1 drivers
v00000207e7fd7130_6 .net v00000207e7fd7130 6, 63 0, v00000207e7fa5310_0; 1 drivers
v00000207e7fd7130_7 .net v00000207e7fd7130 7, 63 0, v00000207e7f94720_0; 1 drivers
v00000207e7fd7130_8 .net v00000207e7fd7130 8, 63 0, v00000207e7f951c0_0; 1 drivers
v00000207e7fd7130_9 .net v00000207e7fd7130 9, 63 0, v00000207e7f949a0_0; 1 drivers
v00000207e7fd7130_10 .net v00000207e7fd7130 10, 63 0, v00000207e7f940e0_0; 1 drivers
v00000207e7fd7130_11 .net v00000207e7fd7130 11, 63 0, v00000207e7f94360_0; 1 drivers
v00000207e7fd7130_12 .net v00000207e7fd7130 12, 63 0, v00000207e7f94f40_0; 1 drivers
v00000207e7fd7130_13 .net v00000207e7fd7130 13, 63 0, v00000207e7f8d9f0_0; 1 drivers
v00000207e7fd7130_14 .net v00000207e7fd7130 14, 63 0, v00000207e7f8d3b0_0; 1 drivers
v00000207e7fd7130_15 .net v00000207e7fd7130 15, 63 0, v00000207e7f8cff0_0; 1 drivers
v00000207e7fd7130_16 .net v00000207e7fd7130 16, 63 0, v00000207e7fd39d0_0; 1 drivers
v00000207e7fd7130_17 .net v00000207e7fd7130 17, 63 0, v00000207e7fd28f0_0; 1 drivers
v00000207e7fd7130_18 .net v00000207e7fd7130 18, 63 0, v00000207e7fd2a30_0; 1 drivers
v00000207e7fd7130_19 .net v00000207e7fd7130 19, 63 0, v00000207e7fd3430_0; 1 drivers
v00000207e7fd7130_20 .net v00000207e7fd7130 20, 63 0, v00000207e7fd40b0_0; 1 drivers
v00000207e7fd7130_21 .net v00000207e7fd7130 21, 63 0, v00000207e7fd3a70_0; 1 drivers
v00000207e7fd7130_22 .net v00000207e7fd7130 22, 63 0, v00000207e7fd3750_0; 1 drivers
v00000207e7fd7130_23 .net v00000207e7fd7130 23, 63 0, v00000207e7fd34d0_0; 1 drivers
v00000207e7fd7130_24 .net v00000207e7fd7130 24, 63 0, v00000207e7fd3070_0; 1 drivers
v00000207e7fd7130_25 .net v00000207e7fd7130 25, 63 0, v00000207e7fd3570_0; 1 drivers
v00000207e7fd7130_26 .net v00000207e7fd7130 26, 63 0, v00000207e7fd3110_0; 1 drivers
v00000207e7fd7130_27 .net v00000207e7fd7130 27, 63 0, v00000207e7fd3c50_0; 1 drivers
v00000207e7fd7130_28 .net v00000207e7fd7130 28, 63 0, v00000207e7fd7590_0; 1 drivers
v00000207e7fd7130_29 .net v00000207e7fd7130 29, 63 0, v00000207e7fd7b30_0; 1 drivers
v00000207e7fd7130_30 .net v00000207e7fd7130 30, 63 0, v00000207e7fd7bd0_0; 1 drivers
v00000207e7fd7130_31 .net v00000207e7fd7130 31, 63 0, v00000207e7fd6870_0; 1 drivers
v00000207e7fd78b0_0 .net "clk", 0 0, v00000207e80af540_0;  alias, 1 drivers
v00000207e7fd6690_0 .net "dIN", 63 0, v00000207e80b0300_0;  alias, 1 drivers
v00000207e7fd6af0_0 .var "doutA", 63 0;
v00000207e7fd7090_0 .var "doutB", 63 0;
v00000207e7fd6eb0_0 .var/i "j", 31 0;
v00000207e7fd8030_0 .var/i "k", 31 0;
v00000207e7fd6d70_0 .var "loads", 31 0;
E_00000207e7facf20/0 .event anyedge, v00000207e7fa6490_0, v00000207e7fa5450_0, v00000207e7fa6210_0, v00000207e7fa6a30_0;
E_00000207e7facf20/1 .event anyedge, v00000207e7fa6fd0_0, v00000207e7fa6c10_0, v00000207e7fa5310_0, v00000207e7f94720_0;
E_00000207e7facf20/2 .event anyedge, v00000207e7f951c0_0, v00000207e7f949a0_0, v00000207e7f940e0_0, v00000207e7f94360_0;
E_00000207e7facf20/3 .event anyedge, v00000207e7f94f40_0, v00000207e7f8d9f0_0, v00000207e7f8d3b0_0, v00000207e7f8cff0_0;
E_00000207e7facf20/4 .event anyedge, v00000207e7fd39d0_0, v00000207e7fd28f0_0, v00000207e7fd2a30_0, v00000207e7fd3430_0;
E_00000207e7facf20/5 .event anyedge, v00000207e7fd40b0_0, v00000207e7fd3a70_0, v00000207e7fd3750_0, v00000207e7fd34d0_0;
E_00000207e7facf20/6 .event anyedge, v00000207e7fd3070_0, v00000207e7fd3570_0, v00000207e7fd3110_0, v00000207e7fd3c50_0;
E_00000207e7facf20/7 .event anyedge, v00000207e7fd7590_0, v00000207e7fd7b30_0, v00000207e7fd7bd0_0, v00000207e7fd6870_0;
E_00000207e7facf20 .event/or E_00000207e7facf20/0, E_00000207e7facf20/1, E_00000207e7facf20/2, E_00000207e7facf20/3, E_00000207e7facf20/4, E_00000207e7facf20/5, E_00000207e7facf20/6, E_00000207e7facf20/7;
L_00000207e80af040 .part v00000207e7fd6d70_0, 1, 1;
L_00000207e80b03a0 .part v00000207e7fd6d70_0, 2, 1;
L_00000207e80af360 .part v00000207e7fd6d70_0, 3, 1;
L_00000207e80b0120 .part v00000207e7fd6d70_0, 4, 1;
L_00000207e80afae0 .part v00000207e7fd6d70_0, 5, 1;
L_00000207e80af400 .part v00000207e7fd6d70_0, 6, 1;
L_00000207e80ae960 .part v00000207e7fd6d70_0, 7, 1;
L_00000207e80b0440 .part v00000207e7fd6d70_0, 8, 1;
L_00000207e80b01c0 .part v00000207e7fd6d70_0, 9, 1;
L_00000207e80b0260 .part v00000207e7fd6d70_0, 10, 1;
L_00000207e80b0580 .part v00000207e7fd6d70_0, 11, 1;
L_00000207e80b06c0 .part v00000207e7fd6d70_0, 12, 1;
L_00000207e80b0620 .part v00000207e7fd6d70_0, 13, 1;
L_00000207e80b5880 .part v00000207e7fd6d70_0, 14, 1;
L_00000207e80b5420 .part v00000207e7fd6d70_0, 15, 1;
L_00000207e80b6000 .part v00000207e7fd6d70_0, 16, 1;
L_00000207e80b4ca0 .part v00000207e7fd6d70_0, 17, 1;
L_00000207e80b5920 .part v00000207e7fd6d70_0, 18, 1;
L_00000207e80b5ce0 .part v00000207e7fd6d70_0, 19, 1;
L_00000207e80b4fc0 .part v00000207e7fd6d70_0, 20, 1;
L_00000207e80b4e80 .part v00000207e7fd6d70_0, 21, 1;
L_00000207e80b5b00 .part v00000207e7fd6d70_0, 22, 1;
L_00000207e80b4c00 .part v00000207e7fd6d70_0, 23, 1;
L_00000207e80b5ba0 .part v00000207e7fd6d70_0, 24, 1;
L_00000207e80b4980 .part v00000207e7fd6d70_0, 25, 1;
L_00000207e80b6140 .part v00000207e7fd6d70_0, 26, 1;
L_00000207e80b63c0 .part v00000207e7fd6d70_0, 27, 1;
L_00000207e80b51a0 .part v00000207e7fd6d70_0, 28, 1;
L_00000207e80b4ac0 .part v00000207e7fd6d70_0, 29, 1;
L_00000207e80b4f20 .part v00000207e7fd6d70_0, 30, 1;
L_00000207e80b4d40 .part v00000207e7fd6d70_0, 31, 1;
S_00000207e7f36520 .scope module, "Regs" "RegNbits" 4 19, 5 1 0, S_00000207e7f3d5d0;
 .timescale -8 -10;
    .port_info 0 /INPUT 64 "x";
    .port_info 1 /INPUT 1 "clk";
    .port_info 2 /INPUT 1 "load";
    .port_info 3 /OUTPUT 64 "x_out";
P_00000207e7facca0 .param/l "N" 0 5 5, +C4<00000000000000000000000001000000>;
v00000207e7fa5770_0 .net "clk", 0 0, v00000207e80af540_0;  alias, 1 drivers
L_00000207e80b68f0 .functor BUFT 1, C4<1>, C4<0>, C4<0>, C4<0>;
v00000207e7fa6710_0 .net "load", 0 0, L_00000207e80b68f0;  1 drivers
L_00000207e80b68a8 .functor BUFT 1, C4<0000000000000000000000000000000000000000000000000000000000000000>, C4<0>, C4<0>, C4<0>;
v00000207e7fa58b0_0 .net "x", 63 0, L_00000207e80b68a8;  1 drivers
v00000207e7fa6490_0 .var "x_out", 63 0;
E_00000207e7fad020 .event posedge, v00000207e7fa5770_0;
S_00000207e7f366b0 .scope generate, "genblk1[1]" "genblk1[1]" 4 29, 4 29 0, S_00000207e7f3d5d0;
 .timescale -8 -10;
P_00000207e7fad1e0 .param/l "i" 0 4 29, +C4<01>;
S_00000207e7ef2810 .scope module, "Regs" "RegNbits" 4 31, 5 1 0, S_00000207e7f366b0;
 .timescale -8 -10;
    .port_info 0 /INPUT 64 "x";
    .port_info 1 /INPUT 1 "clk";
    .port_info 2 /INPUT 1 "load";
    .port_info 3 /OUTPUT 64 "x_out";
P_00000207e7facb60 .param/l "N" 0 5 5, +C4<00000000000000000000000001000000>;
v00000207e7fa5810_0 .net "clk", 0 0, v00000207e80af540_0;  alias, 1 drivers
v00000207e7fa5950_0 .net "load", 0 0, L_00000207e80af040;  1 drivers
v00000207e7fa6170_0 .net "x", 63 0, v00000207e80b0300_0;  alias, 1 drivers
v00000207e7fa5450_0 .var "x_out", 63 0;
S_00000207e7ef29a0 .scope generate, "genblk1[2]" "genblk1[2]" 4 29, 4 29 0, S_00000207e7f3d5d0;
 .timescale -8 -10;
P_00000207e7fac820 .param/l "i" 0 4 29, +C4<010>;
S_00000207e7ef2b30 .scope module, "Regs" "RegNbits" 4 31, 5 1 0, S_00000207e7ef29a0;
 .timescale -8 -10;
    .port_info 0 /INPUT 64 "x";
    .port_info 1 /INPUT 1 "clk";
    .port_info 2 /INPUT 1 "load";
    .port_info 3 /OUTPUT 64 "x_out";
P_00000207e7fad060 .param/l "N" 0 5 5, +C4<00000000000000000000000001000000>;
v00000207e7fa6850_0 .net "clk", 0 0, v00000207e80af540_0;  alias, 1 drivers
v00000207e7fa5590_0 .net "load", 0 0, L_00000207e80b03a0;  1 drivers
v00000207e7fa67b0_0 .net "x", 63 0, v00000207e80b0300_0;  alias, 1 drivers
v00000207e7fa6210_0 .var "x_out", 63 0;
S_00000207e7f2ead0 .scope generate, "genblk1[3]" "genblk1[3]" 4 29, 4 29 0, S_00000207e7f3d5d0;
 .timescale -8 -10;
P_00000207e7facbe0 .param/l "i" 0 4 29, +C4<011>;
S_00000207e7f2ec60 .scope module, "Regs" "RegNbits" 4 31, 5 1 0, S_00000207e7f2ead0;
 .timescale -8 -10;
    .port_info 0 /INPUT 64 "x";
    .port_info 1 /INPUT 1 "clk";
    .port_info 2 /INPUT 1 "load";
    .port_info 3 /OUTPUT 64 "x_out";
P_00000207e7fac2a0 .param/l "N" 0 5 5, +C4<00000000000000000000000001000000>;
v00000207e7fa68f0_0 .net "clk", 0 0, v00000207e80af540_0;  alias, 1 drivers
v00000207e7fa5db0_0 .net "load", 0 0, L_00000207e80af360;  1 drivers
v00000207e7fa6990_0 .net "x", 63 0, v00000207e80b0300_0;  alias, 1 drivers
v00000207e7fa6a30_0 .var "x_out", 63 0;
S_00000207e7f2edf0 .scope generate, "genblk1[4]" "genblk1[4]" 4 29, 4 29 0, S_00000207e7f3d5d0;
 .timescale -8 -10;
P_00000207e7faca60 .param/l "i" 0 4 29, +C4<0100>;
S_00000207e7fc0770 .scope module, "Regs" "RegNbits" 4 31, 5 1 0, S_00000207e7f2edf0;
 .timescale -8 -10;
    .port_info 0 /INPUT 64 "x";
    .port_info 1 /INPUT 1 "clk";
    .port_info 2 /INPUT 1 "load";
    .port_info 3 /OUTPUT 64 "x_out";
P_00000207e7fac2e0 .param/l "N" 0 5 5, +C4<00000000000000000000000001000000>;
v00000207e7fa5c70_0 .net "clk", 0 0, v00000207e80af540_0;  alias, 1 drivers
v00000207e7fa5e50_0 .net "load", 0 0, L_00000207e80b0120;  1 drivers
v00000207e7fa5270_0 .net "x", 63 0, v00000207e80b0300_0;  alias, 1 drivers
v00000207e7fa6fd0_0 .var "x_out", 63 0;
S_00000207e7fc0900 .scope generate, "genblk1[5]" "genblk1[5]" 4 29, 4 29 0, S_00000207e7f3d5d0;
 .timescale -8 -10;
P_00000207e7fac860 .param/l "i" 0 4 29, +C4<0101>;
S_00000207e7fc0a90 .scope module, "Regs" "RegNbits" 4 31, 5 1 0, S_00000207e7fc0900;
 .timescale -8 -10;
    .port_info 0 /INPUT 64 "x";
    .port_info 1 /INPUT 1 "clk";
    .port_info 2 /INPUT 1 "load";
    .port_info 3 /OUTPUT 64 "x_out";
P_00000207e7fac8a0 .param/l "N" 0 5 5, +C4<00000000000000000000000001000000>;
v00000207e7fa6350_0 .net "clk", 0 0, v00000207e80af540_0;  alias, 1 drivers
v00000207e7fa6ad0_0 .net "load", 0 0, L_00000207e80afae0;  1 drivers
v00000207e7fa6b70_0 .net "x", 63 0, v00000207e80b0300_0;  alias, 1 drivers
v00000207e7fa6c10_0 .var "x_out", 63 0;
S_00000207e7fc0c20 .scope generate, "genblk1[6]" "genblk1[6]" 4 29, 4 29 0, S_00000207e7f3d5d0;
 .timescale -8 -10;
P_00000207e7facd60 .param/l "i" 0 4 29, +C4<0110>;
S_00000207e7fc0db0 .scope module, "Regs" "RegNbits" 4 31, 5 1 0, S_00000207e7fc0c20;
 .timescale -8 -10;
    .port_info 0 /INPUT 64 "x";
    .port_info 1 /INPUT 1 "clk";
    .port_info 2 /INPUT 1 "load";
    .port_info 3 /OUTPUT 64 "x_out";
P_00000207e7facae0 .param/l "N" 0 5 5, +C4<00000000000000000000000001000000>;
v00000207e7fa6d50_0 .net "clk", 0 0, v00000207e80af540_0;  alias, 1 drivers
v00000207e7fa6df0_0 .net "load", 0 0, L_00000207e80af400;  1 drivers
v00000207e7fa51d0_0 .net "x", 63 0, v00000207e80b0300_0;  alias, 1 drivers
v00000207e7fa5310_0 .var "x_out", 63 0;
S_00000207e7fc0f40 .scope generate, "genblk1[7]" "genblk1[7]" 4 29, 4 29 0, S_00000207e7f3d5d0;
 .timescale -8 -10;
P_00000207e7fac7a0 .param/l "i" 0 4 29, +C4<0111>;
S_00000207e80a31f0 .scope module, "Regs" "RegNbits" 4 31, 5 1 0, S_00000207e7fc0f40;
 .timescale -8 -10;
    .port_info 0 /INPUT 64 "x";
    .port_info 1 /INPUT 1 "clk";
    .port_info 2 /INPUT 1 "load";
    .port_info 3 /OUTPUT 64 "x_out";
P_00000207e7fad120 .param/l "N" 0 5 5, +C4<00000000000000000000000001000000>;
v00000207e7f94540_0 .net "clk", 0 0, v00000207e80af540_0;  alias, 1 drivers
v00000207e7f945e0_0 .net "load", 0 0, L_00000207e80ae960;  1 drivers
v00000207e7f93fa0_0 .net "x", 63 0, v00000207e80b0300_0;  alias, 1 drivers
v00000207e7f94720_0 .var "x_out", 63 0;
S_00000207e80a3b50 .scope generate, "genblk1[8]" "genblk1[8]" 4 29, 4 29 0, S_00000207e7f3d5d0;
 .timescale -8 -10;
P_00000207e7fac360 .param/l "i" 0 4 29, +C4<01000>;
S_00000207e80a3060 .scope module, "Regs" "RegNbits" 4 31, 5 1 0, S_00000207e80a3b50;
 .timescale -8 -10;
    .port_info 0 /INPUT 64 "x";
    .port_info 1 /INPUT 1 "clk";
    .port_info 2 /INPUT 1 "load";
    .port_info 3 /OUTPUT 64 "x_out";
P_00000207e7facb20 .param/l "N" 0 5 5, +C4<00000000000000000000000001000000>;
v00000207e7f93c80_0 .net "clk", 0 0, v00000207e80af540_0;  alias, 1 drivers
v00000207e7f93be0_0 .net "load", 0 0, L_00000207e80b0440;  1 drivers
v00000207e7f954e0_0 .net "x", 63 0, v00000207e80b0300_0;  alias, 1 drivers
v00000207e7f951c0_0 .var "x_out", 63 0;
S_00000207e80a39c0 .scope generate, "genblk1[9]" "genblk1[9]" 4 29, 4 29 0, S_00000207e7f3d5d0;
 .timescale -8 -10;
P_00000207e7facda0 .param/l "i" 0 4 29, +C4<01001>;
S_00000207e80a3ce0 .scope module, "Regs" "RegNbits" 4 31, 5 1 0, S_00000207e80a39c0;
 .timescale -8 -10;
    .port_info 0 /INPUT 64 "x";
    .port_info 1 /INPUT 1 "clk";
    .port_info 2 /INPUT 1 "load";
    .port_info 3 /OUTPUT 64 "x_out";
P_00000207e7facde0 .param/l "N" 0 5 5, +C4<00000000000000000000000001000000>;
v00000207e7f95260_0 .net "clk", 0 0, v00000207e80af540_0;  alias, 1 drivers
v00000207e7f93d20_0 .net "load", 0 0, L_00000207e80b01c0;  1 drivers
v00000207e7f947c0_0 .net "x", 63 0, v00000207e80b0300_0;  alias, 1 drivers
v00000207e7f949a0_0 .var "x_out", 63 0;
S_00000207e80a3380 .scope generate, "genblk1[10]" "genblk1[10]" 4 29, 4 29 0, S_00000207e7f3d5d0;
 .timescale -8 -10;
P_00000207e7fac3a0 .param/l "i" 0 4 29, +C4<01010>;
S_00000207e80a3e70 .scope module, "Regs" "RegNbits" 4 31, 5 1 0, S_00000207e80a3380;
 .timescale -8 -10;
    .port_info 0 /INPUT 64 "x";
    .port_info 1 /INPUT 1 "clk";
    .port_info 2 /INPUT 1 "load";
    .port_info 3 /OUTPUT 64 "x_out";
P_00000207e7fac3e0 .param/l "N" 0 5 5, +C4<00000000000000000000000001000000>;
v00000207e7f958a0_0 .net "clk", 0 0, v00000207e80af540_0;  alias, 1 drivers
v00000207e7f94a40_0 .net "load", 0 0, L_00000207e80b0260;  1 drivers
v00000207e7f93e60_0 .net "x", 63 0, v00000207e80b0300_0;  alias, 1 drivers
v00000207e7f940e0_0 .var "x_out", 63 0;
S_00000207e80a3510 .scope generate, "genblk1[11]" "genblk1[11]" 4 29, 4 29 0, S_00000207e7f3d5d0;
 .timescale -8 -10;
P_00000207e7fac420 .param/l "i" 0 4 29, +C4<01011>;
S_00000207e80a3830 .scope module, "Regs" "RegNbits" 4 31, 5 1 0, S_00000207e80a3510;
 .timescale -8 -10;
    .port_info 0 /INPUT 64 "x";
    .port_info 1 /INPUT 1 "clk";
    .port_info 2 /INPUT 1 "load";
    .port_info 3 /OUTPUT 64 "x_out";
P_00000207e7fac460 .param/l "N" 0 5 5, +C4<00000000000000000000000001000000>;
v00000207e7f94ae0_0 .net "clk", 0 0, v00000207e80af540_0;  alias, 1 drivers
v00000207e7f93f00_0 .net "load", 0 0, L_00000207e80b0580;  1 drivers
v00000207e7f942c0_0 .net "x", 63 0, v00000207e80b0300_0;  alias, 1 drivers
v00000207e7f94360_0 .var "x_out", 63 0;
S_00000207e80a36a0 .scope generate, "genblk1[12]" "genblk1[12]" 4 29, 4 29 0, S_00000207e7f3d5d0;
 .timescale -8 -10;
P_00000207e7fac5e0 .param/l "i" 0 4 29, +C4<01100>;
S_00000207e7fd19c0 .scope module, "Regs" "RegNbits" 4 31, 5 1 0, S_00000207e80a36a0;
 .timescale -8 -10;
    .port_info 0 /INPUT 64 "x";
    .port_info 1 /INPUT 1 "clk";
    .port_info 2 /INPUT 1 "load";
    .port_info 3 /OUTPUT 64 "x_out";
P_00000207e7fac620 .param/l "N" 0 5 5, +C4<00000000000000000000000001000000>;
v00000207e7f94c20_0 .net "clk", 0 0, v00000207e80af540_0;  alias, 1 drivers
v00000207e7f94cc0_0 .net "load", 0 0, L_00000207e80b06c0;  1 drivers
v00000207e7f94e00_0 .net "x", 63 0, v00000207e80b0300_0;  alias, 1 drivers
v00000207e7f94f40_0 .var "x_out", 63 0;
S_00000207e7fd0d40 .scope generate, "genblk1[13]" "genblk1[13]" 4 29, 4 29 0, S_00000207e7f3d5d0;
 .timescale -8 -10;
P_00000207e7fad6a0 .param/l "i" 0 4 29, +C4<01101>;
S_00000207e7fd0ed0 .scope module, "Regs" "RegNbits" 4 31, 5 1 0, S_00000207e7fd0d40;
 .timescale -8 -10;
    .port_info 0 /INPUT 64 "x";
    .port_info 1 /INPUT 1 "clk";
    .port_info 2 /INPUT 1 "load";
    .port_info 3 /OUTPUT 64 "x_out";
P_00000207e7fad3a0 .param/l "N" 0 5 5, +C4<00000000000000000000000001000000>;
v00000207e7f8d950_0 .net "clk", 0 0, v00000207e80af540_0;  alias, 1 drivers
v00000207e7f8d810_0 .net "load", 0 0, L_00000207e80b0620;  1 drivers
v00000207e7f8d310_0 .net "x", 63 0, v00000207e80b0300_0;  alias, 1 drivers
v00000207e7f8d9f0_0 .var "x_out", 63 0;
S_00000207e7fd1060 .scope generate, "genblk1[14]" "genblk1[14]" 4 29, 4 29 0, S_00000207e7f3d5d0;
 .timescale -8 -10;
P_00000207e7fad920 .param/l "i" 0 4 29, +C4<01110>;
S_00000207e7fd11f0 .scope module, "Regs" "RegNbits" 4 31, 5 1 0, S_00000207e7fd1060;
 .timescale -8 -10;
    .port_info 0 /INPUT 64 "x";
    .port_info 1 /INPUT 1 "clk";
    .port_info 2 /INPUT 1 "load";
    .port_info 3 /OUTPUT 64 "x_out";
P_00000207e7fad6e0 .param/l "N" 0 5 5, +C4<00000000000000000000000001000000>;
v00000207e7f8ce10_0 .net "clk", 0 0, v00000207e80af540_0;  alias, 1 drivers
v00000207e7f8ccd0_0 .net "load", 0 0, L_00000207e80b5880;  1 drivers
v00000207e7f8d270_0 .net "x", 63 0, v00000207e80b0300_0;  alias, 1 drivers
v00000207e7f8d3b0_0 .var "x_out", 63 0;
S_00000207e7fd16a0 .scope generate, "genblk1[15]" "genblk1[15]" 4 29, 4 29 0, S_00000207e7f3d5d0;
 .timescale -8 -10;
P_00000207e7fadfe0 .param/l "i" 0 4 29, +C4<01111>;
S_00000207e7fd0570 .scope module, "Regs" "RegNbits" 4 31, 5 1 0, S_00000207e7fd16a0;
 .timescale -8 -10;
    .port_info 0 /INPUT 64 "x";
    .port_info 1 /INPUT 1 "clk";
    .port_info 2 /INPUT 1 "load";
    .port_info 3 /OUTPUT 64 "x_out";
P_00000207e7fad720 .param/l "N" 0 5 5, +C4<00000000000000000000000001000000>;
v00000207e7f8d450_0 .net "clk", 0 0, v00000207e80af540_0;  alias, 1 drivers
v00000207e7f8cd70_0 .net "load", 0 0, L_00000207e80b5420;  1 drivers
v00000207e7f8ceb0_0 .net "x", 63 0, v00000207e80b0300_0;  alias, 1 drivers
v00000207e7f8cff0_0 .var "x_out", 63 0;
S_00000207e7fd0700 .scope generate, "genblk1[16]" "genblk1[16]" 4 29, 4 29 0, S_00000207e7f3d5d0;
 .timescale -8 -10;
P_00000207e7fae160 .param/l "i" 0 4 29, +C4<010000>;
S_00000207e7fd1b50 .scope module, "Regs" "RegNbits" 4 31, 5 1 0, S_00000207e7fd0700;
 .timescale -8 -10;
    .port_info 0 /INPUT 64 "x";
    .port_info 1 /INPUT 1 "clk";
    .port_info 2 /INPUT 1 "load";
    .port_info 3 /OUTPUT 64 "x_out";
P_00000207e7fad360 .param/l "N" 0 5 5, +C4<00000000000000000000000001000000>;
v00000207e7fd27b0_0 .net "clk", 0 0, v00000207e80af540_0;  alias, 1 drivers
v00000207e7fd2850_0 .net "load", 0 0, L_00000207e80b6000;  1 drivers
v00000207e7fd3cf0_0 .net "x", 63 0, v00000207e80b0300_0;  alias, 1 drivers
v00000207e7fd39d0_0 .var "x_out", 63 0;
S_00000207e7fd2000 .scope generate, "genblk1[17]" "genblk1[17]" 4 29, 4 29 0, S_00000207e7f3d5d0;
 .timescale -8 -10;
P_00000207e7fada20 .param/l "i" 0 4 29, +C4<010001>;
S_00000207e7fd1830 .scope module, "Regs" "RegNbits" 4 31, 5 1 0, S_00000207e7fd2000;
 .timescale -8 -10;
    .port_info 0 /INPUT 64 "x";
    .port_info 1 /INPUT 1 "clk";
    .port_info 2 /INPUT 1 "load";
    .port_info 3 /OUTPUT 64 "x_out";
P_00000207e7fae020 .param/l "N" 0 5 5, +C4<00000000000000000000000001000000>;
v00000207e7fd23f0_0 .net "clk", 0 0, v00000207e80af540_0;  alias, 1 drivers
v00000207e7fd2670_0 .net "load", 0 0, L_00000207e80b4ca0;  1 drivers
v00000207e7fd2df0_0 .net "x", 63 0, v00000207e80b0300_0;  alias, 1 drivers
v00000207e7fd28f0_0 .var "x_out", 63 0;
S_00000207e7fd0890 .scope generate, "genblk1[18]" "genblk1[18]" 4 29, 4 29 0, S_00000207e7f3d5d0;
 .timescale -8 -10;
P_00000207e7fad320 .param/l "i" 0 4 29, +C4<010010>;
S_00000207e7fd1ce0 .scope module, "Regs" "RegNbits" 4 31, 5 1 0, S_00000207e7fd0890;
 .timescale -8 -10;
    .port_info 0 /INPUT 64 "x";
    .port_info 1 /INPUT 1 "clk";
    .port_info 2 /INPUT 1 "load";
    .port_info 3 /OUTPUT 64 "x_out";
P_00000207e7fadda0 .param/l "N" 0 5 5, +C4<00000000000000000000000001000000>;
v00000207e7fd2710_0 .net "clk", 0 0, v00000207e80af540_0;  alias, 1 drivers
v00000207e7fd3ed0_0 .net "load", 0 0, L_00000207e80b5920;  1 drivers
v00000207e7fd2c10_0 .net "x", 63 0, v00000207e80b0300_0;  alias, 1 drivers
v00000207e7fd2a30_0 .var "x_out", 63 0;
S_00000207e7fd1e70 .scope generate, "genblk1[19]" "genblk1[19]" 4 29, 4 29 0, S_00000207e7f3d5d0;
 .timescale -8 -10;
P_00000207e7fae060 .param/l "i" 0 4 29, +C4<010011>;
S_00000207e7fd2190 .scope module, "Regs" "RegNbits" 4 31, 5 1 0, S_00000207e7fd1e70;
 .timescale -8 -10;
    .port_info 0 /INPUT 64 "x";
    .port_info 1 /INPUT 1 "clk";
    .port_info 2 /INPUT 1 "load";
    .port_info 3 /OUTPUT 64 "x_out";
P_00000207e7fada60 .param/l "N" 0 5 5, +C4<00000000000000000000000001000000>;
v00000207e7fd4290_0 .net "clk", 0 0, v00000207e80af540_0;  alias, 1 drivers
v00000207e7fd37f0_0 .net "load", 0 0, L_00000207e80b5ce0;  1 drivers
v00000207e7fd2990_0 .net "x", 63 0, v00000207e80b0300_0;  alias, 1 drivers
v00000207e7fd3430_0 .var "x_out", 63 0;
S_00000207e7fd1380 .scope generate, "genblk1[20]" "genblk1[20]" 4 29, 4 29 0, S_00000207e7f3d5d0;
 .timescale -8 -10;
P_00000207e7fad960 .param/l "i" 0 4 29, +C4<010100>;
S_00000207e7fd03e0 .scope module, "Regs" "RegNbits" 4 31, 5 1 0, S_00000207e7fd1380;
 .timescale -8 -10;
    .port_info 0 /INPUT 64 "x";
    .port_info 1 /INPUT 1 "clk";
    .port_info 2 /INPUT 1 "load";
    .port_info 3 /OUTPUT 64 "x_out";
P_00000207e7fad5a0 .param/l "N" 0 5 5, +C4<00000000000000000000000001000000>;
v00000207e7fd2d50_0 .net "clk", 0 0, v00000207e80af540_0;  alias, 1 drivers
v00000207e7fd41f0_0 .net "load", 0 0, L_00000207e80b4fc0;  1 drivers
v00000207e7fd2ad0_0 .net "x", 63 0, v00000207e80b0300_0;  alias, 1 drivers
v00000207e7fd40b0_0 .var "x_out", 63 0;
S_00000207e7fd1510 .scope generate, "genblk1[21]" "genblk1[21]" 4 29, 4 29 0, S_00000207e7f3d5d0;
 .timescale -8 -10;
P_00000207e7fad420 .param/l "i" 0 4 29, +C4<010101>;
S_00000207e7fd0bb0 .scope module, "Regs" "RegNbits" 4 31, 5 1 0, S_00000207e7fd1510;
 .timescale -8 -10;
    .port_info 0 /INPUT 64 "x";
    .port_info 1 /INPUT 1 "clk";
    .port_info 2 /INPUT 1 "load";
    .port_info 3 /OUTPUT 64 "x_out";
P_00000207e7fad5e0 .param/l "N" 0 5 5, +C4<00000000000000000000000001000000>;
v00000207e7fd2490_0 .net "clk", 0 0, v00000207e80af540_0;  alias, 1 drivers
v00000207e7fd3890_0 .net "load", 0 0, L_00000207e80b4e80;  1 drivers
v00000207e7fd2b70_0 .net "x", 63 0, v00000207e80b0300_0;  alias, 1 drivers
v00000207e7fd3a70_0 .var "x_out", 63 0;
S_00000207e7fd0a20 .scope generate, "genblk1[22]" "genblk1[22]" 4 29, 4 29 0, S_00000207e7f3d5d0;
 .timescale -8 -10;
P_00000207e7fadea0 .param/l "i" 0 4 29, +C4<010110>;
S_00000207e7fd4590 .scope module, "Regs" "RegNbits" 4 31, 5 1 0, S_00000207e7fd0a20;
 .timescale -8 -10;
    .port_info 0 /INPUT 64 "x";
    .port_info 1 /INPUT 1 "clk";
    .port_info 2 /INPUT 1 "load";
    .port_info 3 /OUTPUT 64 "x_out";
P_00000207e7fad860 .param/l "N" 0 5 5, +C4<00000000000000000000000001000000>;
v00000207e7fd31b0_0 .net "clk", 0 0, v00000207e80af540_0;  alias, 1 drivers
v00000207e7fd3930_0 .net "load", 0 0, L_00000207e80b5b00;  1 drivers
v00000207e7fd2cb0_0 .net "x", 63 0, v00000207e80b0300_0;  alias, 1 drivers
v00000207e7fd3750_0 .var "x_out", 63 0;
S_00000207e7fd5530 .scope generate, "genblk1[23]" "genblk1[23]" 4 29, 4 29 0, S_00000207e7f3d5d0;
 .timescale -8 -10;
P_00000207e7fad820 .param/l "i" 0 4 29, +C4<010111>;
S_00000207e7fd61b0 .scope module, "Regs" "RegNbits" 4 31, 5 1 0, S_00000207e7fd5530;
 .timescale -8 -10;
    .port_info 0 /INPUT 64 "x";
    .port_info 1 /INPUT 1 "clk";
    .port_info 2 /INPUT 1 "load";
    .port_info 3 /OUTPUT 64 "x_out";
P_00000207e7fadee0 .param/l "N" 0 5 5, +C4<00000000000000000000000001000000>;
v00000207e7fd2e90_0 .net "clk", 0 0, v00000207e80af540_0;  alias, 1 drivers
v00000207e7fd3250_0 .net "load", 0 0, L_00000207e80b4c00;  1 drivers
v00000207e7fd3f70_0 .net "x", 63 0, v00000207e80b0300_0;  alias, 1 drivers
v00000207e7fd34d0_0 .var "x_out", 63 0;
S_00000207e7fd4d60 .scope generate, "genblk1[24]" "genblk1[24]" 4 29, 4 29 0, S_00000207e7f3d5d0;
 .timescale -8 -10;
P_00000207e7fadf20 .param/l "i" 0 4 29, +C4<011000>;
S_00000207e7fd5850 .scope module, "Regs" "RegNbits" 4 31, 5 1 0, S_00000207e7fd4d60;
 .timescale -8 -10;
    .port_info 0 /INPUT 64 "x";
    .port_info 1 /INPUT 1 "clk";
    .port_info 2 /INPUT 1 "load";
    .port_info 3 /OUTPUT 64 "x_out";
P_00000207e7fadf60 .param/l "N" 0 5 5, +C4<00000000000000000000000001000000>;
v00000207e7fd2f30_0 .net "clk", 0 0, v00000207e80af540_0;  alias, 1 drivers
v00000207e7fd3610_0 .net "load", 0 0, L_00000207e80b5ba0;  1 drivers
v00000207e7fd2fd0_0 .net "x", 63 0, v00000207e80b0300_0;  alias, 1 drivers
v00000207e7fd3070_0 .var "x_out", 63 0;
S_00000207e7fd4bd0 .scope generate, "genblk1[25]" "genblk1[25]" 4 29, 4 29 0, S_00000207e7f3d5d0;
 .timescale -8 -10;
P_00000207e7fadaa0 .param/l "i" 0 4 29, +C4<011001>;
S_00000207e7fd5080 .scope module, "Regs" "RegNbits" 4 31, 5 1 0, S_00000207e7fd4bd0;
 .timescale -8 -10;
    .port_info 0 /INPUT 64 "x";
    .port_info 1 /INPUT 1 "clk";
    .port_info 2 /INPUT 1 "load";
    .port_info 3 /OUTPUT 64 "x_out";
P_00000207e7fadd20 .param/l "N" 0 5 5, +C4<00000000000000000000000001000000>;
v00000207e7fd2530_0 .net "clk", 0 0, v00000207e80af540_0;  alias, 1 drivers
v00000207e7fd25d0_0 .net "load", 0 0, L_00000207e80b4980;  1 drivers
v00000207e7fd3390_0 .net "x", 63 0, v00000207e80b0300_0;  alias, 1 drivers
v00000207e7fd3570_0 .var "x_out", 63 0;
S_00000207e7fd5e90 .scope generate, "genblk1[26]" "genblk1[26]" 4 29, 4 29 0, S_00000207e7f3d5d0;
 .timescale -8 -10;
P_00000207e7fad620 .param/l "i" 0 4 29, +C4<011010>;
S_00000207e7fd6020 .scope module, "Regs" "RegNbits" 4 31, 5 1 0, S_00000207e7fd5e90;
 .timescale -8 -10;
    .port_info 0 /INPUT 64 "x";
    .port_info 1 /INPUT 1 "clk";
    .port_info 2 /INPUT 1 "load";
    .port_info 3 /OUTPUT 64 "x_out";
P_00000207e7fad9a0 .param/l "N" 0 5 5, +C4<00000000000000000000000001000000>;
v00000207e7fd36b0_0 .net "clk", 0 0, v00000207e80af540_0;  alias, 1 drivers
v00000207e7fd4150_0 .net "load", 0 0, L_00000207e80b6140;  1 drivers
v00000207e7fd3e30_0 .net "x", 63 0, v00000207e80b0300_0;  alias, 1 drivers
v00000207e7fd3110_0 .var "x_out", 63 0;
S_00000207e7fd4720 .scope generate, "genblk1[27]" "genblk1[27]" 4 29, 4 29 0, S_00000207e7f3d5d0;
 .timescale -8 -10;
P_00000207e7fad660 .param/l "i" 0 4 29, +C4<011011>;
S_00000207e7fd59e0 .scope module, "Regs" "RegNbits" 4 31, 5 1 0, S_00000207e7fd4720;
 .timescale -8 -10;
    .port_info 0 /INPUT 64 "x";
    .port_info 1 /INPUT 1 "clk";
    .port_info 2 /INPUT 1 "load";
    .port_info 3 /OUTPUT 64 "x_out";
P_00000207e7fad3e0 .param/l "N" 0 5 5, +C4<00000000000000000000000001000000>;
v00000207e7fd3b10_0 .net "clk", 0 0, v00000207e80af540_0;  alias, 1 drivers
v00000207e7fd32f0_0 .net "load", 0 0, L_00000207e80b63c0;  1 drivers
v00000207e7fd3bb0_0 .net "x", 63 0, v00000207e80b0300_0;  alias, 1 drivers
v00000207e7fd3c50_0 .var "x_out", 63 0;
S_00000207e7fd48b0 .scope generate, "genblk1[28]" "genblk1[28]" 4 29, 4 29 0, S_00000207e7f3d5d0;
 .timescale -8 -10;
P_00000207e7fadce0 .param/l "i" 0 4 29, +C4<011100>;
S_00000207e7fd4400 .scope module, "Regs" "RegNbits" 4 31, 5 1 0, S_00000207e7fd48b0;
 .timescale -8 -10;
    .port_info 0 /INPUT 64 "x";
    .port_info 1 /INPUT 1 "clk";
    .port_info 2 /INPUT 1 "load";
    .port_info 3 /OUTPUT 64 "x_out";
P_00000207e7fad8a0 .param/l "N" 0 5 5, +C4<00000000000000000000000001000000>;
v00000207e7fd3d90_0 .net "clk", 0 0, v00000207e80af540_0;  alias, 1 drivers
v00000207e7fd4010_0 .net "load", 0 0, L_00000207e80b51a0;  1 drivers
v00000207e7fd7ef0_0 .net "x", 63 0, v00000207e80b0300_0;  alias, 1 drivers
v00000207e7fd7590_0 .var "x_out", 63 0;
S_00000207e7fd4a40 .scope generate, "genblk1[29]" "genblk1[29]" 4 29, 4 29 0, S_00000207e7f3d5d0;
 .timescale -8 -10;
P_00000207e7fadfa0 .param/l "i" 0 4 29, +C4<011101>;
S_00000207e7fd4ef0 .scope module, "Regs" "RegNbits" 4 31, 5 1 0, S_00000207e7fd4a40;
 .timescale -8 -10;
    .port_info 0 /INPUT 64 "x";
    .port_info 1 /INPUT 1 "clk";
    .port_info 2 /INPUT 1 "load";
    .port_info 3 /OUTPUT 64 "x_out";
P_00000207e7fadb60 .param/l "N" 0 5 5, +C4<00000000000000000000000001000000>;
v00000207e7fd6410_0 .net "clk", 0 0, v00000207e80af540_0;  alias, 1 drivers
v00000207e7fd7f90_0 .net "load", 0 0, L_00000207e80b4ac0;  1 drivers
v00000207e7fd6ff0_0 .net "x", 63 0, v00000207e80b0300_0;  alias, 1 drivers
v00000207e7fd7b30_0 .var "x_out", 63 0;
S_00000207e7fd5210 .scope generate, "genblk1[30]" "genblk1[30]" 4 29, 4 29 0, S_00000207e7f3d5d0;
 .timescale -8 -10;
P_00000207e7fae0a0 .param/l "i" 0 4 29, +C4<011110>;
S_00000207e7fd5d00 .scope module, "Regs" "RegNbits" 4 31, 5 1 0, S_00000207e7fd5210;
 .timescale -8 -10;
    .port_info 0 /INPUT 64 "x";
    .port_info 1 /INPUT 1 "clk";
    .port_info 2 /INPUT 1 "load";
    .port_info 3 /OUTPUT 64 "x_out";
P_00000207e7fad520 .param/l "N" 0 5 5, +C4<00000000000000000000000001000000>;
v00000207e7fd7770_0 .net "clk", 0 0, v00000207e80af540_0;  alias, 1 drivers
v00000207e7fd6550_0 .net "load", 0 0, L_00000207e80b4f20;  1 drivers
v00000207e7fd8170_0 .net "x", 63 0, v00000207e80b0300_0;  alias, 1 drivers
v00000207e7fd7bd0_0 .var "x_out", 63 0;
S_00000207e7fd53a0 .scope generate, "genblk1[31]" "genblk1[31]" 4 29, 4 29 0, S_00000207e7f3d5d0;
 .timescale -8 -10;
P_00000207e7fad460 .param/l "i" 0 4 29, +C4<011111>;
S_00000207e7fd56c0 .scope module, "Regs" "RegNbits" 4 31, 5 1 0, S_00000207e7fd53a0;
 .timescale -8 -10;
    .port_info 0 /INPUT 64 "x";
    .port_info 1 /INPUT 1 "clk";
    .port_info 2 /INPUT 1 "load";
    .port_info 3 /OUTPUT 64 "x_out";
P_00000207e7fad2e0 .param/l "N" 0 5 5, +C4<00000000000000000000000001000000>;
v00000207e7fd67d0_0 .net "clk", 0 0, v00000207e80af540_0;  alias, 1 drivers
v00000207e7fd64b0_0 .net "load", 0 0, L_00000207e80b4d40;  1 drivers
v00000207e7fd69b0_0 .net "x", 63 0, v00000207e80b0300_0;  alias, 1 drivers
v00000207e7fd6870_0 .var "x_out", 63 0;
S_00000207e7fd5b70 .scope module, "u2" "Memoria" 3 33, 6 1 0, S_00000207e7f3d390;
 .timescale -8 -10;
    .port_info 0 /INPUT 5 "final_address";
    .port_info 1 /INPUT 1 "WE_mem";
    .port_info 2 /INPUT 1 "clk";
    .port_info 3 /INPUT 64 "dIN";
    .port_info 4 /OUTPUT 64 "dout";
v00000207e80aeb40_0 .net "WE_mem", 0 0, v00000207e80affe0_0;  alias, 1 drivers
v00000207e80aff40_0 .net "clk", 0 0, v00000207e80af540_0;  alias, 1 drivers
v00000207e80afea0_0 .net "dIN", 63 0, v00000207e7fd6af0_0;  alias, 1 drivers
v00000207e80b0300_0 .var "dout", 63 0;
v00000207e80afd60_0 .net "final_address", 4 0, L_00000207e7fb30a0;  alias, 1 drivers
v00000207e80af0e0_0 .var/i "j", 31 0;
v00000207e80afb80_0 .var/i "k", 31 0;
v00000207e80af4a0_0 .var "loads", 4 0;
v00000207e80aea00 .array "mem", 0 31, 63 0;
v00000207e80aebe0 .array "mem_wire", 0 31;
v00000207e80aebe0_0 .net v00000207e80aebe0 0, 63 0, v00000207e7fd6c30_0; 1 drivers
v00000207e80aebe0_1 .net v00000207e80aebe0 1, 63 0, v00000207e7fd7270_0; 1 drivers
v00000207e80aebe0_2 .net v00000207e80aebe0 2, 63 0, v00000207e7fd7450_0; 1 drivers
v00000207e80aebe0_3 .net v00000207e80aebe0 3, 63 0, v00000207e7fd7950_0; 1 drivers
v00000207e80aebe0_4 .net v00000207e80aebe0 4, 63 0, v00000207e7fd7db0_0; 1 drivers
v00000207e80aebe0_5 .net v00000207e80aebe0 5, 63 0, v00000207e7fdba10_0; 1 drivers
v00000207e80aebe0_6 .net v00000207e80aebe0 6, 63 0, v00000207e7fdad90_0; 1 drivers
v00000207e80aebe0_7 .net v00000207e80aebe0 7, 63 0, v00000207e7fdabb0_0; 1 drivers
v00000207e80aebe0_8 .net v00000207e80aebe0 8, 63 0, v00000207e7fda430_0; 1 drivers
v00000207e80aebe0_9 .net v00000207e80aebe0 9, 63 0, v00000207e7fda930_0; 1 drivers
v00000207e80aebe0_10 .net v00000207e80aebe0 10, 63 0, v00000207e7fdbab0_0; 1 drivers
v00000207e80aebe0_11 .net v00000207e80aebe0 11, 63 0, v00000207e7fdac50_0; 1 drivers
v00000207e80aebe0_12 .net v00000207e80aebe0 12, 63 0, v00000207e7fda750_0; 1 drivers
v00000207e80aebe0_13 .net v00000207e80aebe0 13, 63 0, v00000207e7fdbc90_0; 1 drivers
v00000207e80aebe0_14 .net v00000207e80aebe0 14, 63 0, v00000207e7fda9d0_0; 1 drivers
v00000207e80aebe0_15 .net v00000207e80aebe0 15, 63 0, v00000207e7fdc0f0_0; 1 drivers
v00000207e80aebe0_16 .net v00000207e80aebe0 16, 63 0, v00000207e7fdb5b0_0; 1 drivers
v00000207e80aebe0_17 .net v00000207e80aebe0 17, 63 0, v00000207e7fdb970_0; 1 drivers
v00000207e80aebe0_18 .net v00000207e80aebe0 18, 63 0, v00000207e80a8ed0_0; 1 drivers
v00000207e80aebe0_19 .net v00000207e80aebe0 19, 63 0, v00000207e80a9bf0_0; 1 drivers
v00000207e80aebe0_20 .net v00000207e80aebe0 20, 63 0, v00000207e80a8cf0_0; 1 drivers
v00000207e80aebe0_21 .net v00000207e80aebe0 21, 63 0, v00000207e80a8e30_0; 1 drivers
v00000207e80aebe0_22 .net v00000207e80aebe0 22, 63 0, v00000207e80a96f0_0; 1 drivers
v00000207e80aebe0_23 .net v00000207e80aebe0 23, 63 0, v00000207e80a9010_0; 1 drivers
v00000207e80aebe0_24 .net v00000207e80aebe0 24, 63 0, v00000207e80aa050_0; 1 drivers
v00000207e80aebe0_25 .net v00000207e80aebe0 25, 63 0, v00000207e80a9c90_0; 1 drivers
v00000207e80aebe0_26 .net v00000207e80aebe0 26, 63 0, v00000207e80a93d0_0; 1 drivers
v00000207e80aebe0_27 .net v00000207e80aebe0 27, 63 0, v00000207e80a98d0_0; 1 drivers
v00000207e80aebe0_28 .net v00000207e80aebe0 28, 63 0, v00000207e80aa230_0; 1 drivers
v00000207e80aebe0_29 .net v00000207e80aebe0 29, 63 0, v00000207e80aa690_0; 1 drivers
v00000207e80aebe0_30 .net v00000207e80aebe0 30, 63 0, v00000207e80af2c0_0; 1 drivers
v00000207e80aebe0_31 .net v00000207e80aebe0 31, 63 0, v00000207e80afc20_0; 1 drivers
E_00000207e7fadae0/0 .event anyedge, v00000207e7fd6c30_0, v00000207e7fd7270_0, v00000207e7fd7450_0, v00000207e7fd7950_0;
E_00000207e7fadae0/1 .event anyedge, v00000207e7fd7db0_0, v00000207e7fdba10_0, v00000207e7fdad90_0, v00000207e7fdabb0_0;
E_00000207e7fadae0/2 .event anyedge, v00000207e7fda430_0, v00000207e7fda930_0, v00000207e7fdbab0_0, v00000207e7fdac50_0;
E_00000207e7fadae0/3 .event anyedge, v00000207e7fda750_0, v00000207e7fdbc90_0, v00000207e7fda9d0_0, v00000207e7fdc0f0_0;
E_00000207e7fadae0/4 .event anyedge, v00000207e7fdb5b0_0, v00000207e7fdb970_0, v00000207e80a8ed0_0, v00000207e80a9bf0_0;
E_00000207e7fadae0/5 .event anyedge, v00000207e80a8cf0_0, v00000207e80a8e30_0, v00000207e80a96f0_0, v00000207e80a9010_0;
E_00000207e7fadae0/6 .event anyedge, v00000207e80aa050_0, v00000207e80a9c90_0, v00000207e80a93d0_0, v00000207e80a98d0_0;
E_00000207e7fadae0/7 .event anyedge, v00000207e80aa230_0, v00000207e80aa690_0, v00000207e80af2c0_0, v00000207e80afc20_0;
E_00000207e7fadae0 .event/or E_00000207e7fadae0/0, E_00000207e7fadae0/1, E_00000207e7fadae0/2, E_00000207e7fadae0/3, E_00000207e7fadae0/4, E_00000207e7fadae0/5, E_00000207e7fadae0/6, E_00000207e7fadae0/7;
L_00000207e80b6280 .part v00000207e80af4a0_0, 1, 1;
L_00000207e80b5c40 .part v00000207e80af4a0_0, 2, 1;
L_00000207e80b5240 .part v00000207e80af4a0_0, 3, 1;
L_00000207e80b4de0 .part v00000207e80af4a0_0, 4, 1;
L_00000207e80b61e0 .part v00000207e80af4a0_0, 0, 1;
S_00000207e7fd93c0 .scope module, "Reg" "RegNbits" 6 17, 5 1 0, S_00000207e7fd5b70;
 .timescale -8 -10;
    .port_info 0 /INPUT 64 "x";
    .port_info 1 /INPUT 1 "clk";
    .port_info 2 /INPUT 1 "load";
    .port_info 3 /OUTPUT 64 "x_out";
P_00000207e7fad260 .param/l "N" 0 5 5, +C4<00000000000000000000000001000000>;
v00000207e7fd71d0_0 .net "clk", 0 0, v00000207e80af540_0;  alias, 1 drivers
v00000207e7fd6b90_0 .net "load", 0 0, L_00000207e80b61e0;  1 drivers
L_00000207e80b70d0 .functor BUFT 1, C4<0000000000000000000000000000000000000000000000000000000000000000>, C4<0>, C4<0>, C4<0>;
v00000207e7fd7630_0 .net "x", 63 0, L_00000207e80b70d0;  1 drivers
v00000207e7fd6c30_0 .var "x_out", 63 0;
S_00000207e7fd8f10 .scope generate, "genblk1[1]" "genblk1[1]" 6 27, 6 27 0, S_00000207e7fd5b70;
 .timescale -8 -10;
P_00000207e7fad7e0 .param/l "i" 0 6 27, +C4<01>;
S_00000207e7fd96e0 .scope module, "Regs" "RegNbits" 6 29, 5 1 0, S_00000207e7fd8f10;
 .timescale -8 -10;
    .port_info 0 /INPUT 64 "x";
    .port_info 1 /INPUT 1 "clk";
    .port_info 2 /INPUT 1 "load";
    .port_info 3 /OUTPUT 64 "x_out";
P_00000207e7fae0e0 .param/l "N" 0 5 5, +C4<00000000000000000000000001000000>;
v00000207e7fd6cd0_0 .net "clk", 0 0, v00000207e80af540_0;  alias, 1 drivers
v00000207e7fd6e10_0 .net "load", 0 0, L_00000207e80b6280;  1 drivers
v00000207e7fd7c70_0 .net "x", 63 0, v00000207e7fd6af0_0;  alias, 1 drivers
v00000207e7fd7270_0 .var "x_out", 63 0;
S_00000207e7fd8d80 .scope generate, "genblk1[2]" "genblk1[2]" 6 27, 6 27 0, S_00000207e7fd5b70;
 .timescale -8 -10;
P_00000207e7fad760 .param/l "i" 0 6 27, +C4<010>;
S_00000207e7fd9870 .scope module, "Regs" "RegNbits" 6 29, 5 1 0, S_00000207e7fd8d80;
 .timescale -8 -10;
    .port_info 0 /INPUT 64 "x";
    .port_info 1 /INPUT 1 "clk";
    .port_info 2 /INPUT 1 "load";
    .port_info 3 /OUTPUT 64 "x_out";
P_00000207e7fad4a0 .param/l "N" 0 5 5, +C4<00000000000000000000000001000000>;
v00000207e7fd7310_0 .net "clk", 0 0, v00000207e80af540_0;  alias, 1 drivers
v00000207e7fd7810_0 .net "load", 0 0, L_00000207e80b5c40;  1 drivers
v00000207e7fd74f0_0 .net "x", 63 0, v00000207e7fd6af0_0;  alias, 1 drivers
v00000207e7fd7450_0 .var "x_out", 63 0;
S_00000207e7fd85b0 .scope generate, "genblk1[3]" "genblk1[3]" 6 27, 6 27 0, S_00000207e7fd5b70;
 .timescale -8 -10;
P_00000207e7fad8e0 .param/l "i" 0 6 27, +C4<011>;
S_00000207e7fd90a0 .scope module, "Regs" "RegNbits" 6 29, 5 1 0, S_00000207e7fd85b0;
 .timescale -8 -10;
    .port_info 0 /INPUT 64 "x";
    .port_info 1 /INPUT 1 "clk";
    .port_info 2 /INPUT 1 "load";
    .port_info 3 /OUTPUT 64 "x_out";
P_00000207e7fadb20 .param/l "N" 0 5 5, +C4<00000000000000000000000001000000>;
v00000207e7fd76d0_0 .net "clk", 0 0, v00000207e80af540_0;  alias, 1 drivers
v00000207e7fd7d10_0 .net "load", 0 0, L_00000207e80b5240;  1 drivers
v00000207e7fd80d0_0 .net "x", 63 0, v00000207e7fd6af0_0;  alias, 1 drivers
v00000207e7fd7950_0 .var "x_out", 63 0;
S_00000207e7fda1d0 .scope generate, "genblk1[4]" "genblk1[4]" 6 27, 6 27 0, S_00000207e7fd5b70;
 .timescale -8 -10;
P_00000207e7fad7a0 .param/l "i" 0 6 27, +C4<0100>;
S_00000207e7fd8bf0 .scope module, "Regs" "RegNbits" 6 29, 5 1 0, S_00000207e7fda1d0;
 .timescale -8 -10;
    .port_info 0 /INPUT 64 "x";
    .port_info 1 /INPUT 1 "clk";
    .port_info 2 /INPUT 1 "load";
    .port_info 3 /OUTPUT 64 "x_out";
P_00000207e7fad9e0 .param/l "N" 0 5 5, +C4<00000000000000000000000001000000>;
v00000207e7fd79f0_0 .net "clk", 0 0, v00000207e80af540_0;  alias, 1 drivers
v00000207e7fd7a90_0 .net "load", 0 0, L_00000207e80b4de0;  1 drivers
v00000207e7fd8210_0 .net "x", 63 0, v00000207e7fd6af0_0;  alias, 1 drivers
v00000207e7fd7db0_0 .var "x_out", 63 0;
S_00000207e7fd9550 .scope generate, "genblk1[5]" "genblk1[5]" 6 27, 6 27 0, S_00000207e7fd5b70;
 .timescale -8 -10;
P_00000207e7fadbe0 .param/l "i" 0 6 27, +C4<0101>;
S_00000207e7fd8a60 .scope module, "Regs" "RegNbits" 6 29, 5 1 0, S_00000207e7fd9550;
 .timescale -8 -10;
    .port_info 0 /INPUT 64 "x";
    .port_info 1 /INPUT 1 "clk";
    .port_info 2 /INPUT 1 "load";
    .port_info 3 /OUTPUT 64 "x_out";
P_00000207e7fadba0 .param/l "N" 0 5 5, +C4<00000000000000000000000001000000>;
v00000207e7fd7e50_0 .net "clk", 0 0, v00000207e80af540_0;  alias, 1 drivers
L_00000207e80b6938 .functor BUFT 1, C4<x>, C4<0>, C4<0>, C4<0>;
v00000207e7fd82b0_0 .net "load", 0 0, L_00000207e80b6938;  1 drivers
v00000207e7fd65f0_0 .net "x", 63 0, v00000207e7fd6af0_0;  alias, 1 drivers
v00000207e7fdba10_0 .var "x_out", 63 0;
S_00000207e7fd8740 .scope generate, "genblk1[6]" "genblk1[6]" 6 27, 6 27 0, S_00000207e7fd5b70;
 .timescale -8 -10;
P_00000207e7fadd60 .param/l "i" 0 6 27, +C4<0110>;
S_00000207e7fd9230 .scope module, "Regs" "RegNbits" 6 29, 5 1 0, S_00000207e7fd8740;
 .timescale -8 -10;
    .port_info 0 /INPUT 64 "x";
    .port_info 1 /INPUT 1 "clk";
    .port_info 2 /INPUT 1 "load";
    .port_info 3 /OUTPUT 64 "x_out";
P_00000207e7fadc20 .param/l "N" 0 5 5, +C4<00000000000000000000000001000000>;
v00000207e7fdbdd0_0 .net "clk", 0 0, v00000207e80af540_0;  alias, 1 drivers
L_00000207e80b6980 .functor BUFT 1, C4<x>, C4<0>, C4<0>, C4<0>;
v00000207e7fdb0b0_0 .net "load", 0 0, L_00000207e80b6980;  1 drivers
v00000207e7fda610_0 .net "x", 63 0, v00000207e7fd6af0_0;  alias, 1 drivers
v00000207e7fdad90_0 .var "x_out", 63 0;
S_00000207e7fd88d0 .scope generate, "genblk1[7]" "genblk1[7]" 6 27, 6 27 0, S_00000207e7fd5b70;
 .timescale -8 -10;
P_00000207e7fad4e0 .param/l "i" 0 6 27, +C4<0111>;
S_00000207e7fd9a00 .scope module, "Regs" "RegNbits" 6 29, 5 1 0, S_00000207e7fd88d0;
 .timescale -8 -10;
    .port_info 0 /INPUT 64 "x";
    .port_info 1 /INPUT 1 "clk";
    .port_info 2 /INPUT 1 "load";
    .port_info 3 /OUTPUT 64 "x_out";
P_00000207e7fadde0 .param/l "N" 0 5 5, +C4<00000000000000000000000001000000>;
v00000207e7fdb470_0 .net "clk", 0 0, v00000207e80af540_0;  alias, 1 drivers
L_00000207e80b69c8 .functor BUFT 1, C4<x>, C4<0>, C4<0>, C4<0>;
v00000207e7fdacf0_0 .net "load", 0 0, L_00000207e80b69c8;  1 drivers
v00000207e7fdbe70_0 .net "x", 63 0, v00000207e7fd6af0_0;  alias, 1 drivers
v00000207e7fdabb0_0 .var "x_out", 63 0;
S_00000207e7fd9b90 .scope generate, "genblk1[8]" "genblk1[8]" 6 27, 6 27 0, S_00000207e7fd5b70;
 .timescale -8 -10;
P_00000207e7fadc60 .param/l "i" 0 6 27, +C4<01000>;
S_00000207e7fd9d20 .scope module, "Regs" "RegNbits" 6 29, 5 1 0, S_00000207e7fd9b90;
 .timescale -8 -10;
    .port_info 0 /INPUT 64 "x";
    .port_info 1 /INPUT 1 "clk";
    .port_info 2 /INPUT 1 "load";
    .port_info 3 /OUTPUT 64 "x_out";
P_00000207e7fade20 .param/l "N" 0 5 5, +C4<00000000000000000000000001000000>;
v00000207e7fdb150_0 .net "clk", 0 0, v00000207e80af540_0;  alias, 1 drivers
L_00000207e80b6a10 .functor BUFT 1, C4<x>, C4<0>, C4<0>, C4<0>;
v00000207e7fdc230_0 .net "load", 0 0, L_00000207e80b6a10;  1 drivers
v00000207e7fdb010_0 .net "x", 63 0, v00000207e7fd6af0_0;  alias, 1 drivers
v00000207e7fda430_0 .var "x_out", 63 0;
S_00000207e7fd9eb0 .scope generate, "genblk1[9]" "genblk1[9]" 6 27, 6 27 0, S_00000207e7fd5b70;
 .timescale -8 -10;
P_00000207e7fadca0 .param/l "i" 0 6 27, +C4<01001>;
S_00000207e7fda040 .scope module, "Regs" "RegNbits" 6 29, 5 1 0, S_00000207e7fd9eb0;
 .timescale -8 -10;
    .port_info 0 /INPUT 64 "x";
    .port_info 1 /INPUT 1 "clk";
    .port_info 2 /INPUT 1 "load";
    .port_info 3 /OUTPUT 64 "x_out";
P_00000207e7fad2a0 .param/l "N" 0 5 5, +C4<00000000000000000000000001000000>;
v00000207e7fdc050_0 .net "clk", 0 0, v00000207e80af540_0;  alias, 1 drivers
L_00000207e80b6a58 .functor BUFT 1, C4<x>, C4<0>, C4<0>, C4<0>;
v00000207e7fdb330_0 .net "load", 0 0, L_00000207e80b6a58;  1 drivers
v00000207e7fdbd30_0 .net "x", 63 0, v00000207e7fd6af0_0;  alias, 1 drivers
v00000207e7fda930_0 .var "x_out", 63 0;
S_00000207e7fd8420 .scope generate, "genblk1[10]" "genblk1[10]" 6 27, 6 27 0, S_00000207e7fd5b70;
 .timescale -8 -10;
P_00000207e7fad560 .param/l "i" 0 6 27, +C4<01010>;
S_00000207e7fdcf30 .scope module, "Regs" "RegNbits" 6 29, 5 1 0, S_00000207e7fd8420;
 .timescale -8 -10;
    .port_info 0 /INPUT 64 "x";
    .port_info 1 /INPUT 1 "clk";
    .port_info 2 /INPUT 1 "load";
    .port_info 3 /OUTPUT 64 "x_out";
P_00000207e7fade60 .param/l "N" 0 5 5, +C4<00000000000000000000000001000000>;
v00000207e7fda4d0_0 .net "clk", 0 0, v00000207e80af540_0;  alias, 1 drivers
L_00000207e80b6aa0 .functor BUFT 1, C4<x>, C4<0>, C4<0>, C4<0>;
v00000207e7fdb8d0_0 .net "load", 0 0, L_00000207e80b6aa0;  1 drivers
v00000207e7fda6b0_0 .net "x", 63 0, v00000207e7fd6af0_0;  alias, 1 drivers
v00000207e7fdbab0_0 .var "x_out", 63 0;
S_00000207e7fdc8f0 .scope generate, "genblk1[11]" "genblk1[11]" 6 27, 6 27 0, S_00000207e7fd5b70;
 .timescale -8 -10;
P_00000207e7fae120 .param/l "i" 0 6 27, +C4<01011>;
S_00000207e7fdc760 .scope module, "Regs" "RegNbits" 6 29, 5 1 0, S_00000207e7fdc8f0;
 .timescale -8 -10;
    .port_info 0 /INPUT 64 "x";
    .port_info 1 /INPUT 1 "clk";
    .port_info 2 /INPUT 1 "load";
    .port_info 3 /OUTPUT 64 "x_out";
P_00000207e7fad220 .param/l "N" 0 5 5, +C4<00000000000000000000000001000000>;
v00000207e7fdbb50_0 .net "clk", 0 0, v00000207e80af540_0;  alias, 1 drivers
L_00000207e80b6ae8 .functor BUFT 1, C4<x>, C4<0>, C4<0>, C4<0>;
v00000207e7fdb790_0 .net "load", 0 0, L_00000207e80b6ae8;  1 drivers
v00000207e7fda570_0 .net "x", 63 0, v00000207e7fd6af0_0;  alias, 1 drivers
v00000207e7fdac50_0 .var "x_out", 63 0;
S_00000207e7fdd570 .scope generate, "genblk1[12]" "genblk1[12]" 6 27, 6 27 0, S_00000207e7fd5b70;
 .timescale -8 -10;
P_00000207e7f834b0 .param/l "i" 0 6 27, +C4<01100>;
S_00000207e7fdca80 .scope module, "Regs" "RegNbits" 6 29, 5 1 0, S_00000207e7fdd570;
 .timescale -8 -10;
    .port_info 0 /INPUT 64 "x";
    .port_info 1 /INPUT 1 "clk";
    .port_info 2 /INPUT 1 "load";
    .port_info 3 /OUTPUT 64 "x_out";
P_00000207e7f82ef0 .param/l "N" 0 5 5, +C4<00000000000000000000000001000000>;
v00000207e7fdb1f0_0 .net "clk", 0 0, v00000207e80af540_0;  alias, 1 drivers
L_00000207e80b6b30 .functor BUFT 1, C4<x>, C4<0>, C4<0>, C4<0>;
v00000207e7fdbbf0_0 .net "load", 0 0, L_00000207e80b6b30;  1 drivers
v00000207e7fdb6f0_0 .net "x", 63 0, v00000207e7fd6af0_0;  alias, 1 drivers
v00000207e7fda750_0 .var "x_out", 63 0;
S_00000207e7fdda20 .scope generate, "genblk1[13]" "genblk1[13]" 6 27, 6 27 0, S_00000207e7fd5b70;
 .timescale -8 -10;
P_00000207e7f82d70 .param/l "i" 0 6 27, +C4<01101>;
S_00000207e7fdcc10 .scope module, "Regs" "RegNbits" 6 29, 5 1 0, S_00000207e7fdda20;
 .timescale -8 -10;
    .port_info 0 /INPUT 64 "x";
    .port_info 1 /INPUT 1 "clk";
    .port_info 2 /INPUT 1 "load";
    .port_info 3 /OUTPUT 64 "x_out";
P_00000207e7f834f0 .param/l "N" 0 5 5, +C4<00000000000000000000000001000000>;
v00000207e7fdaed0_0 .net "clk", 0 0, v00000207e80af540_0;  alias, 1 drivers
L_00000207e80b6b78 .functor BUFT 1, C4<x>, C4<0>, C4<0>, C4<0>;
v00000207e7fdae30_0 .net "load", 0 0, L_00000207e80b6b78;  1 drivers
v00000207e7fdb650_0 .net "x", 63 0, v00000207e7fd6af0_0;  alias, 1 drivers
v00000207e7fdbc90_0 .var "x_out", 63 0;
S_00000207e7fdcda0 .scope generate, "genblk1[14]" "genblk1[14]" 6 27, 6 27 0, S_00000207e7fd5b70;
 .timescale -8 -10;
P_00000207e7f82df0 .param/l "i" 0 6 27, +C4<01110>;
S_00000207e7fdd700 .scope module, "Regs" "RegNbits" 6 29, 5 1 0, S_00000207e7fdcda0;
 .timescale -8 -10;
    .port_info 0 /INPUT 64 "x";
    .port_info 1 /INPUT 1 "clk";
    .port_info 2 /INPUT 1 "load";
    .port_info 3 /OUTPUT 64 "x_out";
P_00000207e7f83470 .param/l "N" 0 5 5, +C4<00000000000000000000000001000000>;
v00000207e7fdbf10_0 .net "clk", 0 0, v00000207e80af540_0;  alias, 1 drivers
L_00000207e80b6bc0 .functor BUFT 1, C4<x>, C4<0>, C4<0>, C4<0>;
v00000207e7fdb3d0_0 .net "load", 0 0, L_00000207e80b6bc0;  1 drivers
v00000207e7fdbfb0_0 .net "x", 63 0, v00000207e7fd6af0_0;  alias, 1 drivers
v00000207e7fda9d0_0 .var "x_out", 63 0;
S_00000207e7fddd40 .scope generate, "genblk1[15]" "genblk1[15]" 6 27, 6 27 0, S_00000207e7fd5b70;
 .timescale -8 -10;
P_00000207e7f83970 .param/l "i" 0 6 27, +C4<01111>;
S_00000207e7fdd0c0 .scope module, "Regs" "RegNbits" 6 29, 5 1 0, S_00000207e7fddd40;
 .timescale -8 -10;
    .port_info 0 /INPUT 64 "x";
    .port_info 1 /INPUT 1 "clk";
    .port_info 2 /INPUT 1 "load";
    .port_info 3 /OUTPUT 64 "x_out";
P_00000207e7f833b0 .param/l "N" 0 5 5, +C4<00000000000000000000000001000000>;
v00000207e7fdb290_0 .net "clk", 0 0, v00000207e80af540_0;  alias, 1 drivers
L_00000207e80b6c08 .functor BUFT 1, C4<x>, C4<0>, C4<0>, C4<0>;
v00000207e7fdaa70_0 .net "load", 0 0, L_00000207e80b6c08;  1 drivers
v00000207e7fdb510_0 .net "x", 63 0, v00000207e7fd6af0_0;  alias, 1 drivers
v00000207e7fdc0f0_0 .var "x_out", 63 0;
S_00000207e7fdc5d0 .scope generate, "genblk1[16]" "genblk1[16]" 6 27, 6 27 0, S_00000207e7fd5b70;
 .timescale -8 -10;
P_00000207e7f832f0 .param/l "i" 0 6 27, +C4<010000>;
S_00000207e7fddbb0 .scope module, "Regs" "RegNbits" 6 29, 5 1 0, S_00000207e7fdc5d0;
 .timescale -8 -10;
    .port_info 0 /INPUT 64 "x";
    .port_info 1 /INPUT 1 "clk";
    .port_info 2 /INPUT 1 "load";
    .port_info 3 /OUTPUT 64 "x_out";
P_00000207e7f836b0 .param/l "N" 0 5 5, +C4<00000000000000000000000001000000>;
v00000207e7fdc190_0 .net "clk", 0 0, v00000207e80af540_0;  alias, 1 drivers
L_00000207e80b6c50 .functor BUFT 1, C4<x>, C4<0>, C4<0>, C4<0>;
v00000207e7fdc2d0_0 .net "load", 0 0, L_00000207e80b6c50;  1 drivers
v00000207e7fda7f0_0 .net "x", 63 0, v00000207e7fd6af0_0;  alias, 1 drivers
v00000207e7fdb5b0_0 .var "x_out", 63 0;
S_00000207e7fdd250 .scope generate, "genblk1[17]" "genblk1[17]" 6 27, 6 27 0, S_00000207e7fd5b70;
 .timescale -8 -10;
P_00000207e7f83870 .param/l "i" 0 6 27, +C4<010001>;
S_00000207e7fde1f0 .scope module, "Regs" "RegNbits" 6 29, 5 1 0, S_00000207e7fdd250;
 .timescale -8 -10;
    .port_info 0 /INPUT 64 "x";
    .port_info 1 /INPUT 1 "clk";
    .port_info 2 /INPUT 1 "load";
    .port_info 3 /OUTPUT 64 "x_out";
P_00000207e7f82e70 .param/l "N" 0 5 5, +C4<00000000000000000000000001000000>;
v00000207e7fda890_0 .net "clk", 0 0, v00000207e80af540_0;  alias, 1 drivers
L_00000207e80b6c98 .functor BUFT 1, C4<x>, C4<0>, C4<0>, C4<0>;
v00000207e7fdaf70_0 .net "load", 0 0, L_00000207e80b6c98;  1 drivers
v00000207e7fdb830_0 .net "x", 63 0, v00000207e7fd6af0_0;  alias, 1 drivers
v00000207e7fdb970_0 .var "x_out", 63 0;
S_00000207e7fdc440 .scope generate, "genblk1[18]" "genblk1[18]" 6 27, 6 27 0, S_00000207e7fd5b70;
 .timescale -8 -10;
P_00000207e7f83bb0 .param/l "i" 0 6 27, +C4<010010>;
S_00000207e7fdd3e0 .scope module, "Regs" "RegNbits" 6 29, 5 1 0, S_00000207e7fdc440;
 .timescale -8 -10;
    .port_info 0 /INPUT 64 "x";
    .port_info 1 /INPUT 1 "clk";
    .port_info 2 /INPUT 1 "load";
    .port_info 3 /OUTPUT 64 "x_out";
P_00000207e7f82cb0 .param/l "N" 0 5 5, +C4<00000000000000000000000001000000>;
v00000207e7fdab10_0 .net "clk", 0 0, v00000207e80af540_0;  alias, 1 drivers
L_00000207e80b6ce0 .functor BUFT 1, C4<x>, C4<0>, C4<0>, C4<0>;
v00000207e80a9150_0 .net "load", 0 0, L_00000207e80b6ce0;  1 drivers
v00000207e80a9b50_0 .net "x", 63 0, v00000207e7fd6af0_0;  alias, 1 drivers
v00000207e80a8ed0_0 .var "x_out", 63 0;
S_00000207e7fdd890 .scope generate, "genblk1[19]" "genblk1[19]" 6 27, 6 27 0, S_00000207e7fd5b70;
 .timescale -8 -10;
P_00000207e7f833f0 .param/l "i" 0 6 27, +C4<010011>;
S_00000207e7fdded0 .scope module, "Regs" "RegNbits" 6 29, 5 1 0, S_00000207e7fdd890;
 .timescale -8 -10;
    .port_info 0 /INPUT 64 "x";
    .port_info 1 /INPUT 1 "clk";
    .port_info 2 /INPUT 1 "load";
    .port_info 3 /OUTPUT 64 "x_out";
P_00000207e7f83af0 .param/l "N" 0 5 5, +C4<00000000000000000000000001000000>;
v00000207e80a90b0_0 .net "clk", 0 0, v00000207e80af540_0;  alias, 1 drivers
L_00000207e80b6d28 .functor BUFT 1, C4<x>, C4<0>, C4<0>, C4<0>;
v00000207e80a91f0_0 .net "load", 0 0, L_00000207e80b6d28;  1 drivers
v00000207e80a8c50_0 .net "x", 63 0, v00000207e7fd6af0_0;  alias, 1 drivers
v00000207e80a9bf0_0 .var "x_out", 63 0;
S_00000207e7fde060 .scope generate, "genblk1[20]" "genblk1[20]" 6 27, 6 27 0, S_00000207e7fd5b70;
 .timescale -8 -10;
P_00000207e7f82e30 .param/l "i" 0 6 27, +C4<010100>;
S_00000207e80abb60 .scope module, "Regs" "RegNbits" 6 29, 5 1 0, S_00000207e7fde060;
 .timescale -8 -10;
    .port_info 0 /INPUT 64 "x";
    .port_info 1 /INPUT 1 "clk";
    .port_info 2 /INPUT 1 "load";
    .port_info 3 /OUTPUT 64 "x_out";
P_00000207e7f82eb0 .param/l "N" 0 5 5, +C4<00000000000000000000000001000000>;
v00000207e80a9510_0 .net "clk", 0 0, v00000207e80af540_0;  alias, 1 drivers
L_00000207e80b6d70 .functor BUFT 1, C4<x>, C4<0>, C4<0>, C4<0>;
v00000207e80a8890_0 .net "load", 0 0, L_00000207e80b6d70;  1 drivers
v00000207e80a9970_0 .net "x", 63 0, v00000207e7fd6af0_0;  alias, 1 drivers
v00000207e80a8cf0_0 .var "x_out", 63 0;
S_00000207e80ab390 .scope generate, "genblk1[21]" "genblk1[21]" 6 27, 6 27 0, S_00000207e7fd5b70;
 .timescale -8 -10;
P_00000207e7f835f0 .param/l "i" 0 6 27, +C4<010101>;
S_00000207e80aad50 .scope module, "Regs" "RegNbits" 6 29, 5 1 0, S_00000207e80ab390;
 .timescale -8 -10;
    .port_info 0 /INPUT 64 "x";
    .port_info 1 /INPUT 1 "clk";
    .port_info 2 /INPUT 1 "load";
    .port_info 3 /OUTPUT 64 "x_out";
P_00000207e7f83630 .param/l "N" 0 5 5, +C4<00000000000000000000000001000000>;
v00000207e80a9dd0_0 .net "clk", 0 0, v00000207e80af540_0;  alias, 1 drivers
L_00000207e80b6db8 .functor BUFT 1, C4<x>, C4<0>, C4<0>, C4<0>;
v00000207e80a9d30_0 .net "load", 0 0, L_00000207e80b6db8;  1 drivers
v00000207e80a8d90_0 .net "x", 63 0, v00000207e7fd6af0_0;  alias, 1 drivers
v00000207e80a8e30_0 .var "x_out", 63 0;
S_00000207e80ab9d0 .scope generate, "genblk1[22]" "genblk1[22]" 6 27, 6 27 0, S_00000207e7fd5b70;
 .timescale -8 -10;
P_00000207e7f837b0 .param/l "i" 0 6 27, +C4<010110>;
S_00000207e80ab520 .scope module, "Regs" "RegNbits" 6 29, 5 1 0, S_00000207e80ab9d0;
 .timescale -8 -10;
    .port_info 0 /INPUT 64 "x";
    .port_info 1 /INPUT 1 "clk";
    .port_info 2 /INPUT 1 "load";
    .port_info 3 /OUTPUT 64 "x_out";
P_00000207e7f83430 .param/l "N" 0 5 5, +C4<00000000000000000000000001000000>;
v00000207e80aa410_0 .net "clk", 0 0, v00000207e80af540_0;  alias, 1 drivers
L_00000207e80b6e00 .functor BUFT 1, C4<x>, C4<0>, C4<0>, C4<0>;
v00000207e80a9e70_0 .net "load", 0 0, L_00000207e80b6e00;  1 drivers
v00000207e80aa190_0 .net "x", 63 0, v00000207e7fd6af0_0;  alias, 1 drivers
v00000207e80a96f0_0 .var "x_out", 63 0;
S_00000207e80ab6b0 .scope generate, "genblk1[23]" "genblk1[23]" 6 27, 6 27 0, S_00000207e7fd5b70;
 .timescale -8 -10;
P_00000207e7f83130 .param/l "i" 0 6 27, +C4<010111>;
S_00000207e80ab840 .scope module, "Regs" "RegNbits" 6 29, 5 1 0, S_00000207e80ab6b0;
 .timescale -8 -10;
    .port_info 0 /INPUT 64 "x";
    .port_info 1 /INPUT 1 "clk";
    .port_info 2 /INPUT 1 "load";
    .port_info 3 /OUTPUT 64 "x_out";
P_00000207e7f82d30 .param/l "N" 0 5 5, +C4<00000000000000000000000001000000>;
v00000207e80a9470_0 .net "clk", 0 0, v00000207e80af540_0;  alias, 1 drivers
L_00000207e80b6e48 .functor BUFT 1, C4<x>, C4<0>, C4<0>, C4<0>;
v00000207e80a9f10_0 .net "load", 0 0, L_00000207e80b6e48;  1 drivers
v00000207e80a9790_0 .net "x", 63 0, v00000207e7fd6af0_0;  alias, 1 drivers
v00000207e80a9010_0 .var "x_out", 63 0;
S_00000207e80abcf0 .scope generate, "genblk1[24]" "genblk1[24]" 6 27, 6 27 0, S_00000207e7fd5b70;
 .timescale -8 -10;
P_00000207e7f83070 .param/l "i" 0 6 27, +C4<011000>;
S_00000207e80abe80 .scope module, "Regs" "RegNbits" 6 29, 5 1 0, S_00000207e80abcf0;
 .timescale -8 -10;
    .port_info 0 /INPUT 64 "x";
    .port_info 1 /INPUT 1 "clk";
    .port_info 2 /INPUT 1 "load";
    .port_info 3 /OUTPUT 64 "x_out";
P_00000207e7f83270 .param/l "N" 0 5 5, +C4<00000000000000000000000001000000>;
v00000207e80a8bb0_0 .net "clk", 0 0, v00000207e80af540_0;  alias, 1 drivers
L_00000207e80b6e90 .functor BUFT 1, C4<x>, C4<0>, C4<0>, C4<0>;
v00000207e80a8930_0 .net "load", 0 0, L_00000207e80b6e90;  1 drivers
v00000207e80a8f70_0 .net "x", 63 0, v00000207e7fd6af0_0;  alias, 1 drivers
v00000207e80aa050_0 .var "x_out", 63 0;
S_00000207e80ac1a0 .scope generate, "genblk1[25]" "genblk1[25]" 6 27, 6 27 0, S_00000207e7fd5b70;
 .timescale -8 -10;
P_00000207e7f82cf0 .param/l "i" 0 6 27, +C4<011001>;
S_00000207e80aaee0 .scope module, "Regs" "RegNbits" 6 29, 5 1 0, S_00000207e80ac1a0;
 .timescale -8 -10;
    .port_info 0 /INPUT 64 "x";
    .port_info 1 /INPUT 1 "clk";
    .port_info 2 /INPUT 1 "load";
    .port_info 3 /OUTPUT 64 "x_out";
P_00000207e7f838b0 .param/l "N" 0 5 5, +C4<00000000000000000000000001000000>;
v00000207e80a9290_0 .net "clk", 0 0, v00000207e80af540_0;  alias, 1 drivers
L_00000207e80b6ed8 .functor BUFT 1, C4<x>, C4<0>, C4<0>, C4<0>;
v00000207e80a8a70_0 .net "load", 0 0, L_00000207e80b6ed8;  1 drivers
v00000207e80aa2d0_0 .net "x", 63 0, v00000207e7fd6af0_0;  alias, 1 drivers
v00000207e80a9c90_0 .var "x_out", 63 0;
S_00000207e80ac010 .scope generate, "genblk1[26]" "genblk1[26]" 6 27, 6 27 0, S_00000207e7fd5b70;
 .timescale -8 -10;
P_00000207e7f83930 .param/l "i" 0 6 27, +C4<011010>;
S_00000207e80ac650 .scope module, "Regs" "RegNbits" 6 29, 5 1 0, S_00000207e80ac010;
 .timescale -8 -10;
    .port_info 0 /INPUT 64 "x";
    .port_info 1 /INPUT 1 "clk";
    .port_info 2 /INPUT 1 "load";
    .port_info 3 /OUTPUT 64 "x_out";
P_00000207e7f82f70 .param/l "N" 0 5 5, +C4<00000000000000000000000001000000>;
v00000207e80a9fb0_0 .net "clk", 0 0, v00000207e80af540_0;  alias, 1 drivers
L_00000207e80b6f20 .functor BUFT 1, C4<x>, C4<0>, C4<0>, C4<0>;
v00000207e80a9330_0 .net "load", 0 0, L_00000207e80b6f20;  1 drivers
v00000207e80a9650_0 .net "x", 63 0, v00000207e7fd6af0_0;  alias, 1 drivers
v00000207e80a93d0_0 .var "x_out", 63 0;
S_00000207e80aa8a0 .scope generate, "genblk1[27]" "genblk1[27]" 6 27, 6 27 0, S_00000207e7fd5b70;
 .timescale -8 -10;
P_00000207e7f82db0 .param/l "i" 0 6 27, +C4<011011>;
S_00000207e80aaa30 .scope module, "Regs" "RegNbits" 6 29, 5 1 0, S_00000207e80aa8a0;
 .timescale -8 -10;
    .port_info 0 /INPUT 64 "x";
    .port_info 1 /INPUT 1 "clk";
    .port_info 2 /INPUT 1 "load";
    .port_info 3 /OUTPUT 64 "x_out";
P_00000207e7f82f30 .param/l "N" 0 5 5, +C4<00000000000000000000000001000000>;
v00000207e80a95b0_0 .net "clk", 0 0, v00000207e80af540_0;  alias, 1 drivers
L_00000207e80b6f68 .functor BUFT 1, C4<x>, C4<0>, C4<0>, C4<0>;
v00000207e80a9830_0 .net "load", 0 0, L_00000207e80b6f68;  1 drivers
v00000207e80a9a10_0 .net "x", 63 0, v00000207e7fd6af0_0;  alias, 1 drivers
v00000207e80a98d0_0 .var "x_out", 63 0;
S_00000207e80ac330 .scope generate, "genblk1[28]" "genblk1[28]" 6 27, 6 27 0, S_00000207e7fd5b70;
 .timescale -8 -10;
P_00000207e7f83530 .param/l "i" 0 6 27, +C4<011100>;
S_00000207e80ac4c0 .scope module, "Regs" "RegNbits" 6 29, 5 1 0, S_00000207e80ac330;
 .timescale -8 -10;
    .port_info 0 /INPUT 64 "x";
    .port_info 1 /INPUT 1 "clk";
    .port_info 2 /INPUT 1 "load";
    .port_info 3 /OUTPUT 64 "x_out";
P_00000207e7f831b0 .param/l "N" 0 5 5, +C4<00000000000000000000000001000000>;
v00000207e80a9ab0_0 .net "clk", 0 0, v00000207e80af540_0;  alias, 1 drivers
L_00000207e80b6fb0 .functor BUFT 1, C4<x>, C4<0>, C4<0>, C4<0>;
v00000207e80aa370_0 .net "load", 0 0, L_00000207e80b6fb0;  1 drivers
v00000207e80aa0f0_0 .net "x", 63 0, v00000207e7fd6af0_0;  alias, 1 drivers
v00000207e80aa230_0 .var "x_out", 63 0;
S_00000207e80ab070 .scope generate, "genblk1[29]" "genblk1[29]" 6 27, 6 27 0, S_00000207e7fd5b70;
 .timescale -8 -10;
P_00000207e7f82fb0 .param/l "i" 0 6 27, +C4<011101>;
S_00000207e80aabc0 .scope module, "Regs" "RegNbits" 6 29, 5 1 0, S_00000207e80ab070;
 .timescale -8 -10;
    .port_info 0 /INPUT 64 "x";
    .port_info 1 /INPUT 1 "clk";
    .port_info 2 /INPUT 1 "load";
    .port_info 3 /OUTPUT 64 "x_out";
P_00000207e7f82ff0 .param/l "N" 0 5 5, +C4<00000000000000000000000001000000>;
v00000207e80aa4b0_0 .net "clk", 0 0, v00000207e80af540_0;  alias, 1 drivers
L_00000207e80b6ff8 .functor BUFT 1, C4<x>, C4<0>, C4<0>, C4<0>;
v00000207e80aa550_0 .net "load", 0 0, L_00000207e80b6ff8;  1 drivers
v00000207e80aa5f0_0 .net "x", 63 0, v00000207e7fd6af0_0;  alias, 1 drivers
v00000207e80aa690_0 .var "x_out", 63 0;
S_00000207e80ab200 .scope generate, "genblk1[30]" "genblk1[30]" 6 27, 6 27 0, S_00000207e7fd5b70;
 .timescale -8 -10;
P_00000207e7f83030 .param/l "i" 0 6 27, +C4<011110>;
S_00000207e80ade90 .scope module, "Regs" "RegNbits" 6 29, 5 1 0, S_00000207e80ab200;
 .timescale -8 -10;
    .port_info 0 /INPUT 64 "x";
    .port_info 1 /INPUT 1 "clk";
    .port_info 2 /INPUT 1 "load";
    .port_info 3 /OUTPUT 64 "x_out";
P_00000207e7f830b0 .param/l "N" 0 5 5, +C4<00000000000000000000000001000000>;
v00000207e80aa730_0 .net "clk", 0 0, v00000207e80af540_0;  alias, 1 drivers
L_00000207e80b7040 .functor BUFT 1, C4<x>, C4<0>, C4<0>, C4<0>;
v00000207e80a89d0_0 .net "load", 0 0, L_00000207e80b7040;  1 drivers
v00000207e80a8b10_0 .net "x", 63 0, v00000207e7fd6af0_0;  alias, 1 drivers
v00000207e80af2c0_0 .var "x_out", 63 0;
S_00000207e80ae020 .scope generate, "genblk1[31]" "genblk1[31]" 6 27, 6 27 0, S_00000207e7fd5b70;
 .timescale -8 -10;
P_00000207e7f837f0 .param/l "i" 0 6 27, +C4<011111>;
S_00000207e80aca40 .scope module, "Regs" "RegNbits" 6 29, 5 1 0, S_00000207e80ae020;
 .timescale -8 -10;
    .port_info 0 /INPUT 64 "x";
    .port_info 1 /INPUT 1 "clk";
    .port_info 2 /INPUT 1 "load";
    .port_info 3 /OUTPUT 64 "x_out";
P_00000207e7f83570 .param/l "N" 0 5 5, +C4<00000000000000000000000001000000>;
v00000207e80af680_0 .net "clk", 0 0, v00000207e80af540_0;  alias, 1 drivers
L_00000207e80b7088 .functor BUFT 1, C4<x>, C4<0>, C4<0>, C4<0>;
v00000207e80af860_0 .net "load", 0 0, L_00000207e80b7088;  1 drivers
v00000207e80ae8c0_0 .net "x", 63 0, v00000207e7fd6af0_0;  alias, 1 drivers
v00000207e80afc20_0 .var "x_out", 63 0;
    .scope S_00000207e7ef2810;
T_0 ;
    %wait E_00000207e7fad020;
    %load/vec4 v00000207e7fa5950_0;
    %flag_set/vec4 8;
    %jmp/0xz  T_0.0, 8;
    %load/vec4 v00000207e7fa6170_0;
    %assign/vec4 v00000207e7fa5450_0, 0;
T_0.0 ;
    %jmp T_0;
    .thread T_0;
    .scope S_00000207e7ef2b30;
T_1 ;
    %wait E_00000207e7fad020;
    %load/vec4 v00000207e7fa5590_0;
    %flag_set/vec4 8;
    %jmp/0xz  T_1.0, 8;
    %load/vec4 v00000207e7fa67b0_0;
    %assign/vec4 v00000207e7fa6210_0, 0;
T_1.0 ;
    %jmp T_1;
    .thread T_1;
    .scope S_00000207e7f2ec60;
T_2 ;
    %wait E_00000207e7fad020;
    %load/vec4 v00000207e7fa5db0_0;
    %flag_set/vec4 8;
    %jmp/0xz  T_2.0, 8;
    %load/vec4 v00000207e7fa6990_0;
    %assign/vec4 v00000207e7fa6a30_0, 0;
T_2.0 ;
    %jmp T_2;
    .thread T_2;
    .scope S_00000207e7fc0770;
T_3 ;
    %wait E_00000207e7fad020;
    %load/vec4 v00000207e7fa5e50_0;
    %flag_set/vec4 8;
    %jmp/0xz  T_3.0, 8;
    %load/vec4 v00000207e7fa5270_0;
    %assign/vec4 v00000207e7fa6fd0_0, 0;
T_3.0 ;
    %jmp T_3;
    .thread T_3;
    .scope S_00000207e7fc0a90;
T_4 ;
    %wait E_00000207e7fad020;
    %load/vec4 v00000207e7fa6ad0_0;
    %flag_set/vec4 8;
    %jmp/0xz  T_4.0, 8;
    %load/vec4 v00000207e7fa6b70_0;
    %assign/vec4 v00000207e7fa6c10_0, 0;
T_4.0 ;
    %jmp T_4;
    .thread T_4;
    .scope S_00000207e7fc0db0;
T_5 ;
    %wait E_00000207e7fad020;
    %load/vec4 v00000207e7fa6df0_0;
    %flag_set/vec4 8;
    %jmp/0xz  T_5.0, 8;
    %load/vec4 v00000207e7fa51d0_0;
    %assign/vec4 v00000207e7fa5310_0, 0;
T_5.0 ;
    %jmp T_5;
    .thread T_5;
    .scope S_00000207e80a31f0;
T_6 ;
    %wait E_00000207e7fad020;
    %load/vec4 v00000207e7f945e0_0;
    %flag_set/vec4 8;
    %jmp/0xz  T_6.0, 8;
    %load/vec4 v00000207e7f93fa0_0;
    %assign/vec4 v00000207e7f94720_0, 0;
T_6.0 ;
    %jmp T_6;
    .thread T_6;
    .scope S_00000207e80a3060;
T_7 ;
    %wait E_00000207e7fad020;
    %load/vec4 v00000207e7f93be0_0;
    %flag_set/vec4 8;
    %jmp/0xz  T_7.0, 8;
    %load/vec4 v00000207e7f954e0_0;
    %assign/vec4 v00000207e7f951c0_0, 0;
T_7.0 ;
    %jmp T_7;
    .thread T_7;
    .scope S_00000207e80a3ce0;
T_8 ;
    %wait E_00000207e7fad020;
    %load/vec4 v00000207e7f93d20_0;
    %flag_set/vec4 8;
    %jmp/0xz  T_8.0, 8;
    %load/vec4 v00000207e7f947c0_0;
    %assign/vec4 v00000207e7f949a0_0, 0;
T_8.0 ;
    %jmp T_8;
    .thread T_8;
    .scope S_00000207e80a3e70;
T_9 ;
    %wait E_00000207e7fad020;
    %load/vec4 v00000207e7f94a40_0;
    %flag_set/vec4 8;
    %jmp/0xz  T_9.0, 8;
    %load/vec4 v00000207e7f93e60_0;
    %assign/vec4 v00000207e7f940e0_0, 0;
T_9.0 ;
    %jmp T_9;
    .thread T_9;
    .scope S_00000207e80a3830;
T_10 ;
    %wait E_00000207e7fad020;
    %load/vec4 v00000207e7f93f00_0;
    %flag_set/vec4 8;
    %jmp/0xz  T_10.0, 8;
    %load/vec4 v00000207e7f942c0_0;
    %assign/vec4 v00000207e7f94360_0, 0;
T_10.0 ;
    %jmp T_10;
    .thread T_10;
    .scope S_00000207e7fd19c0;
T_11 ;
    %wait E_00000207e7fad020;
    %load/vec4 v00000207e7f94cc0_0;
    %flag_set/vec4 8;
    %jmp/0xz  T_11.0, 8;
    %load/vec4 v00000207e7f94e00_0;
    %assign/vec4 v00000207e7f94f40_0, 0;
T_11.0 ;
    %jmp T_11;
    .thread T_11;
    .scope S_00000207e7fd0ed0;
T_12 ;
    %wait E_00000207e7fad020;
    %load/vec4 v00000207e7f8d810_0;
    %flag_set/vec4 8;
    %jmp/0xz  T_12.0, 8;
    %load/vec4 v00000207e7f8d310_0;
    %assign/vec4 v00000207e7f8d9f0_0, 0;
T_12.0 ;
    %jmp T_12;
    .thread T_12;
    .scope S_00000207e7fd11f0;
T_13 ;
    %wait E_00000207e7fad020;
    %load/vec4 v00000207e7f8ccd0_0;
    %flag_set/vec4 8;
    %jmp/0xz  T_13.0, 8;
    %load/vec4 v00000207e7f8d270_0;
    %assign/vec4 v00000207e7f8d3b0_0, 0;
T_13.0 ;
    %jmp T_13;
    .thread T_13;
    .scope S_00000207e7fd0570;
T_14 ;
    %wait E_00000207e7fad020;
    %load/vec4 v00000207e7f8cd70_0;
    %flag_set/vec4 8;
    %jmp/0xz  T_14.0, 8;
    %load/vec4 v00000207e7f8ceb0_0;
    %assign/vec4 v00000207e7f8cff0_0, 0;
T_14.0 ;
    %jmp T_14;
    .thread T_14;
    .scope S_00000207e7fd1b50;
T_15 ;
    %wait E_00000207e7fad020;
    %load/vec4 v00000207e7fd2850_0;
    %flag_set/vec4 8;
    %jmp/0xz  T_15.0, 8;
    %load/vec4 v00000207e7fd3cf0_0;
    %assign/vec4 v00000207e7fd39d0_0, 0;
T_15.0 ;
    %jmp T_15;
    .thread T_15;
    .scope S_00000207e7fd1830;
T_16 ;
    %wait E_00000207e7fad020;
    %load/vec4 v00000207e7fd2670_0;
    %flag_set/vec4 8;
    %jmp/0xz  T_16.0, 8;
    %load/vec4 v00000207e7fd2df0_0;
    %assign/vec4 v00000207e7fd28f0_0, 0;
T_16.0 ;
    %jmp T_16;
    .thread T_16;
    .scope S_00000207e7fd1ce0;
T_17 ;
    %wait E_00000207e7fad020;
    %load/vec4 v00000207e7fd3ed0_0;
    %flag_set/vec4 8;
    %jmp/0xz  T_17.0, 8;
    %load/vec4 v00000207e7fd2c10_0;
    %assign/vec4 v00000207e7fd2a30_0, 0;
T_17.0 ;
    %jmp T_17;
    .thread T_17;
    .scope S_00000207e7fd2190;
T_18 ;
    %wait E_00000207e7fad020;
    %load/vec4 v00000207e7fd37f0_0;
    %flag_set/vec4 8;
    %jmp/0xz  T_18.0, 8;
    %load/vec4 v00000207e7fd2990_0;
    %assign/vec4 v00000207e7fd3430_0, 0;
T_18.0 ;
    %jmp T_18;
    .thread T_18;
    .scope S_00000207e7fd03e0;
T_19 ;
    %wait E_00000207e7fad020;
    %load/vec4 v00000207e7fd41f0_0;
    %flag_set/vec4 8;
    %jmp/0xz  T_19.0, 8;
    %load/vec4 v00000207e7fd2ad0_0;
    %assign/vec4 v00000207e7fd40b0_0, 0;
T_19.0 ;
    %jmp T_19;
    .thread T_19;
    .scope S_00000207e7fd0bb0;
T_20 ;
    %wait E_00000207e7fad020;
    %load/vec4 v00000207e7fd3890_0;
    %flag_set/vec4 8;
    %jmp/0xz  T_20.0, 8;
    %load/vec4 v00000207e7fd2b70_0;
    %assign/vec4 v00000207e7fd3a70_0, 0;
T_20.0 ;
    %jmp T_20;
    .thread T_20;
    .scope S_00000207e7fd4590;
T_21 ;
    %wait E_00000207e7fad020;
    %load/vec4 v00000207e7fd3930_0;
    %flag_set/vec4 8;
    %jmp/0xz  T_21.0, 8;
    %load/vec4 v00000207e7fd2cb0_0;
    %assign/vec4 v00000207e7fd3750_0, 0;
T_21.0 ;
    %jmp T_21;
    .thread T_21;
    .scope S_00000207e7fd61b0;
T_22 ;
    %wait E_00000207e7fad020;
    %load/vec4 v00000207e7fd3250_0;
    %flag_set/vec4 8;
    %jmp/0xz  T_22.0, 8;
    %load/vec4 v00000207e7fd3f70_0;
    %assign/vec4 v00000207e7fd34d0_0, 0;
T_22.0 ;
    %jmp T_22;
    .thread T_22;
    .scope S_00000207e7fd5850;
T_23 ;
    %wait E_00000207e7fad020;
    %load/vec4 v00000207e7fd3610_0;
    %flag_set/vec4 8;
    %jmp/0xz  T_23.0, 8;
    %load/vec4 v00000207e7fd2fd0_0;
    %assign/vec4 v00000207e7fd3070_0, 0;
T_23.0 ;
    %jmp T_23;
    .thread T_23;
    .scope S_00000207e7fd5080;
T_24 ;
    %wait E_00000207e7fad020;
    %load/vec4 v00000207e7fd25d0_0;
    %flag_set/vec4 8;
    %jmp/0xz  T_24.0, 8;
    %load/vec4 v00000207e7fd3390_0;
    %assign/vec4 v00000207e7fd3570_0, 0;
T_24.0 ;
    %jmp T_24;
    .thread T_24;
    .scope S_00000207e7fd6020;
T_25 ;
    %wait E_00000207e7fad020;
    %load/vec4 v00000207e7fd4150_0;
    %flag_set/vec4 8;
    %jmp/0xz  T_25.0, 8;
    %load/vec4 v00000207e7fd3e30_0;
    %assign/vec4 v00000207e7fd3110_0, 0;
T_25.0 ;
    %jmp T_25;
    .thread T_25;
    .scope S_00000207e7fd59e0;
T_26 ;
    %wait E_00000207e7fad020;
    %load/vec4 v00000207e7fd32f0_0;
    %flag_set/vec4 8;
    %jmp/0xz  T_26.0, 8;
    %load/vec4 v00000207e7fd3bb0_0;
    %assign/vec4 v00000207e7fd3c50_0, 0;
T_26.0 ;
    %jmp T_26;
    .thread T_26;
    .scope S_00000207e7fd4400;
T_27 ;
    %wait E_00000207e7fad020;
    %load/vec4 v00000207e7fd4010_0;
    %flag_set/vec4 8;
    %jmp/0xz  T_27.0, 8;
    %load/vec4 v00000207e7fd7ef0_0;
    %assign/vec4 v00000207e7fd7590_0, 0;
T_27.0 ;
    %jmp T_27;
    .thread T_27;
    .scope S_00000207e7fd4ef0;
T_28 ;
    %wait E_00000207e7fad020;
    %load/vec4 v00000207e7fd7f90_0;
    %flag_set/vec4 8;
    %jmp/0xz  T_28.0, 8;
    %load/vec4 v00000207e7fd6ff0_0;
    %assign/vec4 v00000207e7fd7b30_0, 0;
T_28.0 ;
    %jmp T_28;
    .thread T_28;
    .scope S_00000207e7fd5d00;
T_29 ;
    %wait E_00000207e7fad020;
    %load/vec4 v00000207e7fd6550_0;
    %flag_set/vec4 8;
    %jmp/0xz  T_29.0, 8;
    %load/vec4 v00000207e7fd8170_0;
    %assign/vec4 v00000207e7fd7bd0_0, 0;
T_29.0 ;
    %jmp T_29;
    .thread T_29;
    .scope S_00000207e7fd56c0;
T_30 ;
    %wait E_00000207e7fad020;
    %load/vec4 v00000207e7fd64b0_0;
    %flag_set/vec4 8;
    %jmp/0xz  T_30.0, 8;
    %load/vec4 v00000207e7fd69b0_0;
    %assign/vec4 v00000207e7fd6870_0, 0;
T_30.0 ;
    %jmp T_30;
    .thread T_30;
    .scope S_00000207e7f36520;
T_31 ;
    %wait E_00000207e7fad020;
    %load/vec4 v00000207e7fa6710_0;
    %flag_set/vec4 8;
    %jmp/0xz  T_31.0, 8;
    %load/vec4 v00000207e7fa58b0_0;
    %assign/vec4 v00000207e7fa6490_0, 0;
T_31.0 ;
    %jmp T_31;
    .thread T_31;
    .scope S_00000207e7f3d5d0;
T_32 ;
    %pushi/vec4 0, 0, 32;
    %store/vec4 v00000207e7fd6eb0_0, 0, 32;
T_32.0 ;
    %load/vec4 v00000207e7fd6eb0_0;
    %cmpi/s 32, 0, 32;
    %jmp/0xz T_32.1, 5;
    %pushi/vec4 0, 0, 64;
    %ix/getv/s 3, v00000207e7fd6eb0_0;
    %ix/load 4, 0, 0; Constant delay
    %assign/vec4/a/d v00000207e7fd6a50, 0, 4;
    %load/vec4 v00000207e7fd6eb0_0;
    %addi 1, 0, 32;
    %store/vec4 v00000207e7fd6eb0_0, 0, 32;
    %jmp T_32.0;
T_32.1 ;
    %end;
    .thread T_32;
    .scope S_00000207e7f3d5d0;
T_33 ;
    %wait E_00000207e7facf20;
    %pushi/vec4 0, 0, 32;
    %store/vec4 v00000207e7fd8030_0, 0, 32;
T_33.0 ;
    %load/vec4 v00000207e7fd8030_0;
    %cmpi/s 32, 0, 32;
    %jmp/0xz T_33.1, 5;
    %ix/getv/s 4, v00000207e7fd8030_0;
    %load/vec4a v00000207e7fd7130, 4;
    %ix/getv/s 3, v00000207e7fd8030_0;
    %ix/load 4, 0, 0; Constant delay
    %assign/vec4/a/d v00000207e7fd6a50, 0, 4;
    %load/vec4 v00000207e7fd8030_0;
    %addi 1, 0, 32;
    %store/vec4 v00000207e7fd8030_0, 0, 32;
    %jmp T_33.0;
T_33.1 ;
    %jmp T_33;
    .thread T_33, $push;
    .scope S_00000207e7f3d5d0;
T_34 ;
    %wait E_00000207e7fad020;
    %load/vec4 v00000207e7fd6730_0;
    %pad/u 7;
    %ix/vec4 4;
    %load/vec4a v00000207e7fd7130, 4;
    %assign/vec4 v00000207e7fd6af0_0, 0;
    %load/vec4 v00000207e7fd6f50_0;
    %pad/u 7;
    %ix/vec4 4;
    %load/vec4a v00000207e7fd7130, 4;
    %assign/vec4 v00000207e7fd7090_0, 0;
    %load/vec4 v00000207e7fd73b0_0;
    %flag_set/vec4 8;
    %jmp/0xz  T_34.0, 8;
    %pushi/vec4 1, 0, 1;
    %ix/load 5, 0, 0;
    %ix/getv 4, v00000207e7fd6910_0;
    %assign/vec4/off/d v00000207e7fd6d70_0, 4, 5;
T_34.0 ;
    %jmp T_34;
    .thread T_34;
    .scope S_00000207e7fd96e0;
T_35 ;
    %wait E_00000207e7fad020;
    %load/vec4 v00000207e7fd6e10_0;
    %flag_set/vec4 8;
    %jmp/0xz  T_35.0, 8;
    %load/vec4 v00000207e7fd7c70_0;
    %assign/vec4 v00000207e7fd7270_0, 0;
T_35.0 ;
    %jmp T_35;
    .thread T_35;
    .scope S_00000207e7fd9870;
T_36 ;
    %wait E_00000207e7fad020;
    %load/vec4 v00000207e7fd7810_0;
    %flag_set/vec4 8;
    %jmp/0xz  T_36.0, 8;
    %load/vec4 v00000207e7fd74f0_0;
    %assign/vec4 v00000207e7fd7450_0, 0;
T_36.0 ;
    %jmp T_36;
    .thread T_36;
    .scope S_00000207e7fd90a0;
T_37 ;
    %wait E_00000207e7fad020;
    %load/vec4 v00000207e7fd7d10_0;
    %flag_set/vec4 8;
    %jmp/0xz  T_37.0, 8;
    %load/vec4 v00000207e7fd80d0_0;
    %assign/vec4 v00000207e7fd7950_0, 0;
T_37.0 ;
    %jmp T_37;
    .thread T_37;
    .scope S_00000207e7fd8bf0;
T_38 ;
    %wait E_00000207e7fad020;
    %load/vec4 v00000207e7fd7a90_0;
    %flag_set/vec4 8;
    %jmp/0xz  T_38.0, 8;
    %load/vec4 v00000207e7fd8210_0;
    %assign/vec4 v00000207e7fd7db0_0, 0;
T_38.0 ;
    %jmp T_38;
    .thread T_38;
    .scope S_00000207e7fd8a60;
T_39 ;
    %wait E_00000207e7fad020;
    %load/vec4 v00000207e7fd82b0_0;
    %flag_set/vec4 8;
    %jmp/0xz  T_39.0, 8;
    %load/vec4 v00000207e7fd65f0_0;
    %assign/vec4 v00000207e7fdba10_0, 0;
T_39.0 ;
    %jmp T_39;
    .thread T_39;
    .scope S_00000207e7fd9230;
T_40 ;
    %wait E_00000207e7fad020;
    %load/vec4 v00000207e7fdb0b0_0;
    %flag_set/vec4 8;
    %jmp/0xz  T_40.0, 8;
    %load/vec4 v00000207e7fda610_0;
    %assign/vec4 v00000207e7fdad90_0, 0;
T_40.0 ;
    %jmp T_40;
    .thread T_40;
    .scope S_00000207e7fd9a00;
T_41 ;
    %wait E_00000207e7fad020;
    %load/vec4 v00000207e7fdacf0_0;
    %flag_set/vec4 8;
    %jmp/0xz  T_41.0, 8;
    %load/vec4 v00000207e7fdbe70_0;
    %assign/vec4 v00000207e7fdabb0_0, 0;
T_41.0 ;
    %jmp T_41;
    .thread T_41;
    .scope S_00000207e7fd9d20;
T_42 ;
    %wait E_00000207e7fad020;
    %load/vec4 v00000207e7fdc230_0;
    %flag_set/vec4 8;
    %jmp/0xz  T_42.0, 8;
    %load/vec4 v00000207e7fdb010_0;
    %assign/vec4 v00000207e7fda430_0, 0;
T_42.0 ;
    %jmp T_42;
    .thread T_42;
    .scope S_00000207e7fda040;
T_43 ;
    %wait E_00000207e7fad020;
    %load/vec4 v00000207e7fdb330_0;
    %flag_set/vec4 8;
    %jmp/0xz  T_43.0, 8;
    %load/vec4 v00000207e7fdbd30_0;
    %assign/vec4 v00000207e7fda930_0, 0;
T_43.0 ;
    %jmp T_43;
    .thread T_43;
    .scope S_00000207e7fdcf30;
T_44 ;
    %wait E_00000207e7fad020;
    %load/vec4 v00000207e7fdb8d0_0;
    %flag_set/vec4 8;
    %jmp/0xz  T_44.0, 8;
    %load/vec4 v00000207e7fda6b0_0;
    %assign/vec4 v00000207e7fdbab0_0, 0;
T_44.0 ;
    %jmp T_44;
    .thread T_44;
    .scope S_00000207e7fdc760;
T_45 ;
    %wait E_00000207e7fad020;
    %load/vec4 v00000207e7fdb790_0;
    %flag_set/vec4 8;
    %jmp/0xz  T_45.0, 8;
    %load/vec4 v00000207e7fda570_0;
    %assign/vec4 v00000207e7fdac50_0, 0;
T_45.0 ;
    %jmp T_45;
    .thread T_45;
    .scope S_00000207e7fdca80;
T_46 ;
    %wait E_00000207e7fad020;
    %load/vec4 v00000207e7fdbbf0_0;
    %flag_set/vec4 8;
    %jmp/0xz  T_46.0, 8;
    %load/vec4 v00000207e7fdb6f0_0;
    %assign/vec4 v00000207e7fda750_0, 0;
T_46.0 ;
    %jmp T_46;
    .thread T_46;
    .scope S_00000207e7fdcc10;
T_47 ;
    %wait E_00000207e7fad020;
    %load/vec4 v00000207e7fdae30_0;
    %flag_set/vec4 8;
    %jmp/0xz  T_47.0, 8;
    %load/vec4 v00000207e7fdb650_0;
    %assign/vec4 v00000207e7fdbc90_0, 0;
T_47.0 ;
    %jmp T_47;
    .thread T_47;
    .scope S_00000207e7fdd700;
T_48 ;
    %wait E_00000207e7fad020;
    %load/vec4 v00000207e7fdb3d0_0;
    %flag_set/vec4 8;
    %jmp/0xz  T_48.0, 8;
    %load/vec4 v00000207e7fdbfb0_0;
    %assign/vec4 v00000207e7fda9d0_0, 0;
T_48.0 ;
    %jmp T_48;
    .thread T_48;
    .scope S_00000207e7fdd0c0;
T_49 ;
    %wait E_00000207e7fad020;
    %load/vec4 v00000207e7fdaa70_0;
    %flag_set/vec4 8;
    %jmp/0xz  T_49.0, 8;
    %load/vec4 v00000207e7fdb510_0;
    %assign/vec4 v00000207e7fdc0f0_0, 0;
T_49.0 ;
    %jmp T_49;
    .thread T_49;
    .scope S_00000207e7fddbb0;
T_50 ;
    %wait E_00000207e7fad020;
    %load/vec4 v00000207e7fdc2d0_0;
    %flag_set/vec4 8;
    %jmp/0xz  T_50.0, 8;
    %load/vec4 v00000207e7fda7f0_0;
    %assign/vec4 v00000207e7fdb5b0_0, 0;
T_50.0 ;
    %jmp T_50;
    .thread T_50;
    .scope S_00000207e7fde1f0;
T_51 ;
    %wait E_00000207e7fad020;
    %load/vec4 v00000207e7fdaf70_0;
    %flag_set/vec4 8;
    %jmp/0xz  T_51.0, 8;
    %load/vec4 v00000207e7fdb830_0;
    %assign/vec4 v00000207e7fdb970_0, 0;
T_51.0 ;
    %jmp T_51;
    .thread T_51;
    .scope S_00000207e7fdd3e0;
T_52 ;
    %wait E_00000207e7fad020;
    %load/vec4 v00000207e80a9150_0;
    %flag_set/vec4 8;
    %jmp/0xz  T_52.0, 8;
    %load/vec4 v00000207e80a9b50_0;
    %assign/vec4 v00000207e80a8ed0_0, 0;
T_52.0 ;
    %jmp T_52;
    .thread T_52;
    .scope S_00000207e7fdded0;
T_53 ;
    %wait E_00000207e7fad020;
    %load/vec4 v00000207e80a91f0_0;
    %flag_set/vec4 8;
    %jmp/0xz  T_53.0, 8;
    %load/vec4 v00000207e80a8c50_0;
    %assign/vec4 v00000207e80a9bf0_0, 0;
T_53.0 ;
    %jmp T_53;
    .thread T_53;
    .scope S_00000207e80abb60;
T_54 ;
    %wait E_00000207e7fad020;
    %load/vec4 v00000207e80a8890_0;
    %flag_set/vec4 8;
    %jmp/0xz  T_54.0, 8;
    %load/vec4 v00000207e80a9970_0;
    %assign/vec4 v00000207e80a8cf0_0, 0;
T_54.0 ;
    %jmp T_54;
    .thread T_54;
    .scope S_00000207e80aad50;
T_55 ;
    %wait E_00000207e7fad020;
    %load/vec4 v00000207e80a9d30_0;
    %flag_set/vec4 8;
    %jmp/0xz  T_55.0, 8;
    %load/vec4 v00000207e80a8d90_0;
    %assign/vec4 v00000207e80a8e30_0, 0;
T_55.0 ;
    %jmp T_55;
    .thread T_55;
    .scope S_00000207e80ab520;
T_56 ;
    %wait E_00000207e7fad020;
    %load/vec4 v00000207e80a9e70_0;
    %flag_set/vec4 8;
    %jmp/0xz  T_56.0, 8;
    %load/vec4 v00000207e80aa190_0;
    %assign/vec4 v00000207e80a96f0_0, 0;
T_56.0 ;
    %jmp T_56;
    .thread T_56;
    .scope S_00000207e80ab840;
T_57 ;
    %wait E_00000207e7fad020;
    %load/vec4 v00000207e80a9f10_0;
    %flag_set/vec4 8;
    %jmp/0xz  T_57.0, 8;
    %load/vec4 v00000207e80a9790_0;
    %assign/vec4 v00000207e80a9010_0, 0;
T_57.0 ;
    %jmp T_57;
    .thread T_57;
    .scope S_00000207e80abe80;
T_58 ;
    %wait E_00000207e7fad020;
    %load/vec4 v00000207e80a8930_0;
    %flag_set/vec4 8;
    %jmp/0xz  T_58.0, 8;
    %load/vec4 v00000207e80a8f70_0;
    %assign/vec4 v00000207e80aa050_0, 0;
T_58.0 ;
    %jmp T_58;
    .thread T_58;
    .scope S_00000207e80aaee0;
T_59 ;
    %wait E_00000207e7fad020;
    %load/vec4 v00000207e80a8a70_0;
    %flag_set/vec4 8;
    %jmp/0xz  T_59.0, 8;
    %load/vec4 v00000207e80aa2d0_0;
    %assign/vec4 v00000207e80a9c90_0, 0;
T_59.0 ;
    %jmp T_59;
    .thread T_59;
    .scope S_00000207e80ac650;
T_60 ;
    %wait E_00000207e7fad020;
    %load/vec4 v00000207e80a9330_0;
    %flag_set/vec4 8;
    %jmp/0xz  T_60.0, 8;
    %load/vec4 v00000207e80a9650_0;
    %assign/vec4 v00000207e80a93d0_0, 0;
T_60.0 ;
    %jmp T_60;
    .thread T_60;
    .scope S_00000207e80aaa30;
T_61 ;
    %wait E_00000207e7fad020;
    %load/vec4 v00000207e80a9830_0;
    %flag_set/vec4 8;
    %jmp/0xz  T_61.0, 8;
    %load/vec4 v00000207e80a9a10_0;
    %assign/vec4 v00000207e80a98d0_0, 0;
T_61.0 ;
    %jmp T_61;
    .thread T_61;
    .scope S_00000207e80ac4c0;
T_62 ;
    %wait E_00000207e7fad020;
    %load/vec4 v00000207e80aa370_0;
    %flag_set/vec4 8;
    %jmp/0xz  T_62.0, 8;
    %load/vec4 v00000207e80aa0f0_0;
    %assign/vec4 v00000207e80aa230_0, 0;
T_62.0 ;
    %jmp T_62;
    .thread T_62;
    .scope S_00000207e80aabc0;
T_63 ;
    %wait E_00000207e7fad020;
    %load/vec4 v00000207e80aa550_0;
    %flag_set/vec4 8;
    %jmp/0xz  T_63.0, 8;
    %load/vec4 v00000207e80aa5f0_0;
    %assign/vec4 v00000207e80aa690_0, 0;
T_63.0 ;
    %jmp T_63;
    .thread T_63;
    .scope S_00000207e80ade90;
T_64 ;
    %wait E_00000207e7fad020;
    %load/vec4 v00000207e80a89d0_0;
    %flag_set/vec4 8;
    %jmp/0xz  T_64.0, 8;
    %load/vec4 v00000207e80a8b10_0;
    %assign/vec4 v00000207e80af2c0_0, 0;
T_64.0 ;
    %jmp T_64;
    .thread T_64;
    .scope S_00000207e80aca40;
T_65 ;
    %wait E_00000207e7fad020;
    %load/vec4 v00000207e80af860_0;
    %flag_set/vec4 8;
    %jmp/0xz  T_65.0, 8;
    %load/vec4 v00000207e80ae8c0_0;
    %assign/vec4 v00000207e80afc20_0, 0;
T_65.0 ;
    %jmp T_65;
    .thread T_65;
    .scope S_00000207e7fd93c0;
T_66 ;
    %wait E_00000207e7fad020;
    %load/vec4 v00000207e7fd6b90_0;
    %flag_set/vec4 8;
    %jmp/0xz  T_66.0, 8;
    %load/vec4 v00000207e7fd7630_0;
    %assign/vec4 v00000207e7fd6c30_0, 0;
T_66.0 ;
    %jmp T_66;
    .thread T_66;
    .scope S_00000207e7fd5b70;
T_67 ;
    %wait E_00000207e7fadae0;
    %pushi/vec4 0, 0, 32;
    %store/vec4 v00000207e80afb80_0, 0, 32;
T_67.0 ;
    %load/vec4 v00000207e80afb80_0;
    %cmpi/s 32, 0, 32;
    %jmp/0xz T_67.1, 5;
    %ix/getv/s 4, v00000207e80afb80_0;
    %load/vec4a v00000207e80aebe0, 4;
    %ix/getv/s 3, v00000207e80afb80_0;
    %ix/load 4, 0, 0; Constant delay
    %assign/vec4/a/d v00000207e80aea00, 0, 4;
    %load/vec4 v00000207e80afb80_0;
    %addi 1, 0, 32;
    %store/vec4 v00000207e80afb80_0, 0, 32;
    %jmp T_67.0;
T_67.1 ;
    %jmp T_67;
    .thread T_67, $push;
    .scope S_00000207e7fd5b70;
T_68 ;
    %pushi/vec4 1, 0, 32;
    %store/vec4 v00000207e80af0e0_0, 0, 32;
T_68.0 ;
    %load/vec4 v00000207e80af0e0_0;
    %cmpi/s 32, 0, 32;
    %jmp/0xz T_68.1, 5;
    %pushi/vec4 0, 0, 64;
    %ix/getv/s 3, v00000207e80af0e0_0;
    %ix/load 4, 0, 0; Constant delay
    %assign/vec4/a/d v00000207e80aea00, 0, 4;
    %load/vec4 v00000207e80af0e0_0;
    %addi 1, 0, 32;
    %store/vec4 v00000207e80af0e0_0, 0, 32;
    %jmp T_68.0;
T_68.1 ;
    %end;
    .thread T_68;
    .scope S_00000207e7fd5b70;
T_69 ;
    %wait E_00000207e7fad020;
    %load/vec4 v00000207e80afd60_0;
    %pad/u 7;
    %ix/vec4 4;
    %load/vec4a v00000207e80aebe0, 4;
    %assign/vec4 v00000207e80b0300_0, 0;
    %load/vec4 v00000207e80aeb40_0;
    %flag_set/vec4 8;
    %jmp/0xz  T_69.0, 8;
    %pushi/vec4 1, 0, 1;
    %ix/load 5, 0, 0;
    %ix/getv 4, v00000207e80afd60_0;
    %assign/vec4/off/d v00000207e80af4a0_0, 4, 5;
T_69.0 ;
    %jmp T_69;
    .thread T_69;
    .scope S_00000207e7fd5b70;
T_70 ;
    %pushi/vec4 100, 0, 64;
    %ix/load 4, 15, 0;
    %flag_set/imm 4, 0;
    %store/vec4a v00000207e80aea00, 4, 0;
    %end;
    .thread T_70;
    .scope S_00000207e7fa0f30;
T_71 ;
    %vpi_call 2 43 "$monitor", "Ra = %d || OFFSET = %d || Rb = %d || Rw = %d || We_reg = %d || WE_mem = %d || doutA = %d || doutB= %d ||doutMem", v00000207e80af9a0_0, v00000207e80aec80_0, v00000207e80aed20_0, v00000207e80af220_0, v00000207e80aefa0_0, v00000207e80affe0_0, v00000207e80aedc0_0, v00000207e80aee60_0, v00000207e80b04e0_0 {0 0 0};
    %pushi/vec4 0, 0, 5;
    %store/vec4 v00000207e80aec80_0, 0, 5;
    %pushi/vec4 0, 0, 5;
    %store/vec4 v00000207e80af9a0_0, 0, 5;
    %pushi/vec4 0, 0, 5;
    %store/vec4 v00000207e80aed20_0, 0, 5;
    %pushi/vec4 0, 0, 5;
    %store/vec4 v00000207e80af220_0, 0, 5;
    %pushi/vec4 0, 0, 1;
    %store/vec4 v00000207e80affe0_0, 0, 1;
    %pushi/vec4 0, 0, 1;
    %store/vec4 v00000207e80aefa0_0, 0, 1;
    %pushi/vec4 0, 0, 1;
    %store/vec4 v00000207e80af540_0, 0, 1;
    %delay 5000, 0;
    %pushi/vec4 15, 0, 5;
    %store/vec4 v00000207e80aec80_0, 0, 5;
    %pushi/vec4 5, 0, 5;
    %store/vec4 v00000207e80af220_0, 0, 5;
    %pushi/vec4 1, 0, 1;
    %store/vec4 v00000207e80aefa0_0, 0, 1;
    %delay 5000, 0;
    %pushi/vec4 0, 0, 1;
    %store/vec4 v00000207e80aefa0_0, 0, 1;
    %pushi/vec4 0, 0, 5;
    %store/vec4 v00000207e80af220_0, 0, 5;
    %delay 5000, 0;
    %pushi/vec4 5, 0, 5;
    %store/vec4 v00000207e80af9a0_0, 0, 5;
    %pushi/vec4 20, 0, 5;
    %store/vec4 v00000207e80aec80_0, 0, 5;
    %delay 5000, 0;
    %pushi/vec4 1, 0, 1;
    %store/vec4 v00000207e80affe0_0, 0, 1;
    %delay 5000, 0;
    %pushi/vec4 0, 0, 1;
    %store/vec4 v00000207e80affe0_0, 0, 1;
    %end;
    .thread T_71;
    .scope S_00000207e7fa0f30;
T_72 ;
    %delay 1000, 0;
    %load/vec4 v00000207e80af540_0;
    %inv;
    %store/vec4 v00000207e80af540_0, 0, 1;
    %jmp T_72;
    .thread T_72;
# The file index is used to find the file name in the following table.
:file_names 7;
    "N/A";
    "<interactive>";
    ".\FD_loadstore_tb.v";
    ".\FD_loadstore.v";
    ".\Reg_Banco.v";
    ".\RegNbits.v";
    ".\Memoria.v";
