#! /c/Source/iverilog-install/bin/vvp
:ivl_version "12.0 (devel)" "(s20150603-1539-g2693dd32b)";
:ivl_delay_selection "TYPICAL";
:vpi_time_precision - 11;
:vpi_module "C:\iverilog\lib\ivl\system.vpi";
:vpi_module "C:\iverilog\lib\ivl\vhdl_sys.vpi";
:vpi_module "C:\iverilog\lib\ivl\vhdl_textio.vpi";
:vpi_module "C:\iverilog\lib\ivl\v2005_math.vpi";
:vpi_module "C:\iverilog\lib\ivl\va_math.vpi";
S_000002baff10bb80 .scope module, "shifter8bits_tb" "shifter8bits_tb" 2 11;
 .timescale -8 -11;
v000002bafef84230_0 .var "CLK_tb", 0 0;
v000002bafef842d0_0 .var "M1_tb", 7 0;
v000002bafefe75c0_0 .var "M2_tb", 7 0;
v000002bafefe6f80_0 .var "RESET_tb", 0 0;
v000002bafefe7480_0 .net "RES_tb", 15 0, L_000002bafefe6ee0;  1 drivers
v000002bafefe6e40_0 .net "ready_tb", 0 0, v000002bafef840f0_0;  1 drivers
S_000002baff10d340 .scope module, "uut" "shifter8bits" 2 21, 3 1 0, S_000002baff10bb80;
 .timescale -8 -11;
    .port_info 0 /INPUT 8 "M1";
    .port_info 1 /INPUT 8 "M2";
    .port_info 2 /INPUT 1 "CLK";
    .port_info 3 /INPUT 1 "RESET";
    .port_info 4 /OUTPUT 16 "RESULT";
    .port_info 5 /OUTPUT 1 "ready";
P_000002baff10d4d0 .param/l "IDLE" 0 3 17, C4<000>;
P_000002baff10d508 .param/l "SHIFT1" 0 3 17, C4<100>;
P_000002baff10d540 .param/l "SHIFT2" 0 3 17, C4<101>;
P_000002baff10d578 .param/l "START" 0 3 17, C4<001>;
P_000002baff10d5b0 .param/l "STOP" 0 3 17, C4<110>;
P_000002baff10d5e8 .param/l "SUM" 0 3 17, C4<010>;
v000002baff10d630_0 .var "A", 7 0;
v000002baff106860_0 .var "B", 7 0;
v000002baff10d6d0_0 .var "C", 0 0;
v000002bafef83c90_0 .net "CLK", 0 0, v000002bafef84230_0;  1 drivers
v000002bafef83d30_0 .var "COUNTER", 2 0;
v000002bafef83dd0_0 .net "M1", 7 0, v000002bafef842d0_0;  1 drivers
v000002bafef83e70_0 .net "M2", 7 0, v000002bafefe75c0_0;  1 drivers
v000002bafef83f10_0 .var "Q", 7 0;
v000002bafef83fb0_0 .net "RESET", 0 0, v000002bafefe6f80_0;  1 drivers
v000002bafef84050_0 .net "RESULT", 15 0, L_000002bafefe6ee0;  alias, 1 drivers
v000002bafef840f0_0 .var "ready", 0 0;
v000002bafef84190_0 .var "states", 2 0;
E_000002bafef7afc0 .event posedge, v000002bafef83c90_0;
E_000002bafef7b440 .event posedge, v000002bafef83fb0_0, v000002bafef83c90_0;
L_000002bafefe6ee0 .concat [ 8 8 0 0], v000002baff10d630_0, v000002bafef83f10_0;
    .scope S_000002baff10d340;
T_0 ;
    %wait E_000002bafef7b440;
    %load/vec4 v000002bafef83fb0_0;
    %pad/u 32;
    %cmpi/e 1, 0, 32;
    %jmp/0xz  T_0.0, 4;
    %pushi/vec4 0, 0, 3;
    %assign/vec4 v000002bafef84190_0, 0;
    %jmp T_0.1;
T_0.0 ;
    %load/vec4 v000002bafef84190_0;
    %dup/vec4;
    %pushi/vec4 0, 0, 3;
    %cmp/u;
    %jmp/1 T_0.2, 6;
    %dup/vec4;
    %pushi/vec4 1, 0, 3;
    %cmp/u;
    %jmp/1 T_0.3, 6;
    %dup/vec4;
    %pushi/vec4 2, 0, 3;
    %cmp/u;
    %jmp/1 T_0.4, 6;
    %dup/vec4;
    %pushi/vec4 4, 0, 3;
    %cmp/u;
    %jmp/1 T_0.5, 6;
    %dup/vec4;
    %pushi/vec4 5, 0, 3;
    %cmp/u;
    %jmp/1 T_0.6, 6;
    %dup/vec4;
    %pushi/vec4 6, 0, 3;
    %cmp/u;
    %jmp/1 T_0.7, 6;
    %jmp T_0.8;
T_0.2 ;
    %pushi/vec4 1, 0, 3;
    %assign/vec4 v000002bafef84190_0, 0;
    %jmp T_0.8;
T_0.3 ;
    %pushi/vec4 2, 0, 3;
    %assign/vec4 v000002bafef84190_0, 0;
    %jmp T_0.8;
T_0.4 ;
    %pushi/vec4 4, 0, 3;
    %assign/vec4 v000002bafef84190_0, 0;
    %jmp T_0.8;
T_0.5 ;
    %pushi/vec4 5, 0, 3;
    %assign/vec4 v000002bafef84190_0, 0;
    %jmp T_0.8;
T_0.6 ;
    %load/vec4 v000002bafef83d30_0;
    %pad/u 32;
    %cmpi/ne 0, 0, 32;
    %jmp/0xz  T_0.9, 4;
    %pushi/vec4 2, 0, 3;
    %assign/vec4 v000002bafef84190_0, 0;
    %jmp T_0.10;
T_0.9 ;
    %pushi/vec4 6, 0, 3;
    %assign/vec4 v000002bafef84190_0, 0;
T_0.10 ;
    %jmp T_0.8;
T_0.7 ;
    %load/vec4 v000002bafef83fb0_0;
    %pad/u 32;
    %cmpi/e 1, 0, 32;
    %jmp/0xz  T_0.11, 4;
    %pushi/vec4 0, 0, 3;
    %assign/vec4 v000002bafef84190_0, 0;
    %jmp T_0.12;
T_0.11 ;
    %pushi/vec4 6, 0, 3;
    %assign/vec4 v000002bafef84190_0, 0;
T_0.12 ;
    %jmp T_0.8;
T_0.8 ;
    %pop/vec4 1;
T_0.1 ;
    %jmp T_0;
    .thread T_0;
    .scope S_000002baff10d340;
T_1 ;
    %wait E_000002bafef7afc0;
    %load/vec4 v000002bafef84190_0;
    %dup/vec4;
    %pushi/vec4 0, 0, 3;
    %cmp/u;
    %jmp/1 T_1.0, 6;
    %dup/vec4;
    %pushi/vec4 1, 0, 3;
    %cmp/u;
    %jmp/1 T_1.1, 6;
    %dup/vec4;
    %pushi/vec4 2, 0, 3;
    %cmp/u;
    %jmp/1 T_1.2, 6;
    %dup/vec4;
    %pushi/vec4 4, 0, 3;
    %cmp/u;
    %jmp/1 T_1.3, 6;
    %dup/vec4;
    %pushi/vec4 5, 0, 3;
    %cmp/u;
    %jmp/1 T_1.4, 6;
    %dup/vec4;
    %pushi/vec4 6, 0, 3;
    %cmp/u;
    %jmp/1 T_1.5, 6;
    %jmp T_1.6;
T_1.0 ;
    %pushi/vec4 0, 0, 8;
    %assign/vec4 v000002baff10d630_0, 0;
    %pushi/vec4 0, 0, 8;
    %assign/vec4 v000002bafef83f10_0, 0;
    %pushi/vec4 0, 0, 1;
    %assign/vec4 v000002baff10d6d0_0, 0;
    %pushi/vec4 0, 0, 8;
    %assign/vec4 v000002baff106860_0, 0;
    %jmp T_1.6;
T_1.1 ;
    %load/vec4 v000002bafef83dd0_0;
    %assign/vec4 v000002baff106860_0, 0;
    %load/vec4 v000002bafef83e70_0;
    %assign/vec4 v000002baff10d630_0, 0;
    %pushi/vec4 0, 0, 8;
    %assign/vec4 v000002bafef83f10_0, 0;
    %pushi/vec4 0, 0, 3;
    %assign/vec4 v000002bafef83d30_0, 0;
    %jmp T_1.6;
T_1.2 ;
    %load/vec4 v000002baff10d630_0;
    %parti/s 1, 0, 2;
    %pad/u 32;
    %cmpi/e 1, 0, 32;
    %jmp/0xz  T_1.7, 4;
    %load/vec4 v000002bafef83f10_0;
    %load/vec4 v000002baff106860_0;
    %add;
    %assign/vec4 v000002bafef83f10_0, 0;
    %load/vec4 v000002bafef83f10_0;
    %pad/u 32;
    %load/vec4 v000002baff106860_0;
    %pad/u 32;
    %add;
    %cmpi/u 255, 0, 32;
    %flag_or 5, 4; GT is !LE
    %flag_inv 5;
    %jmp/0xz  T_1.9, 5;
    %pushi/vec4 1, 0, 1;
    %assign/vec4 v000002baff10d6d0_0, 0;
T_1.9 ;
    %jmp T_1.8;
T_1.7 ;
    %pushi/vec4 0, 0, 1;
    %assign/vec4 v000002baff10d6d0_0, 0;
T_1.8 ;
    %jmp T_1.6;
T_1.3 ;
    %load/vec4 v000002baff10d630_0;
    %ix/load 4, 1, 0;
    %flag_set/imm 4, 0;
    %shiftr 4;
    %assign/vec4 v000002baff10d630_0, 0;
    %load/vec4 v000002bafef83f10_0;
    %parti/s 1, 0, 2;
    %ix/load 4, 7, 0;
    %ix/load 5, 0, 0;
    %flag_set/imm 4, 0;
    %assign/vec4/off/d v000002baff10d630_0, 4, 5;
    %load/vec4 v000002bafef83d30_0;
    %pad/u 8;
    %subi 1, 0, 8;
    %pad/u 3;
    %assign/vec4 v000002bafef83d30_0, 0;
    %jmp T_1.6;
T_1.4 ;
    %load/vec4 v000002bafef83f10_0;
    %ix/load 4, 1, 0;
    %flag_set/imm 4, 0;
    %shiftr 4;
    %store/vec4 v000002bafef83f10_0, 0, 8;
    %load/vec4 v000002baff10d6d0_0;
    %ix/load 4, 7, 0;
    %ix/load 5, 0, 0;
    %flag_set/imm 4, 0;
    %assign/vec4/off/d v000002bafef83f10_0, 4, 5;
    %jmp T_1.6;
T_1.5 ;
    %pushi/vec4 1, 0, 1;
    %assign/vec4 v000002bafef840f0_0, 0;
    %jmp T_1.6;
T_1.6 ;
    %pop/vec4 1;
    %jmp T_1;
    .thread T_1;
    .scope S_000002baff10bb80;
T_2 ;
    %vpi_call 2 33 "$monitor", "M1 = %d || M2 = %d || RES = %d || RESET = %d || CLK = %d ready = %d", v000002bafef842d0_0, v000002bafefe75c0_0, v000002bafefe7480_0, v000002bafefe6f80_0, v000002bafef84230_0, v000002bafefe6e40_0 {0 0 0};
    %pushi/vec4 1, 0, 1;
    %store/vec4 v000002bafefe6f80_0, 0, 1;
    %pushi/vec4 0, 0, 1;
    %store/vec4 v000002bafef84230_0, 0, 1;
    %pushi/vec4 8, 0, 8;
    %store/vec4 v000002bafef842d0_0, 0, 8;
    %pushi/vec4 5, 0, 8;
    %store/vec4 v000002bafefe75c0_0, 0, 8;
    %delay 10000, 0;
    %pushi/vec4 0, 0, 1;
    %store/vec4 v000002bafefe6f80_0, 0, 1;
    %delay 5000000, 0;
    %pushi/vec4 1, 0, 1;
    %store/vec4 v000002bafefe6f80_0, 0, 1;
    %pushi/vec4 9, 0, 8;
    %store/vec4 v000002bafef842d0_0, 0, 8;
    %pushi/vec4 4, 0, 8;
    %store/vec4 v000002bafefe75c0_0, 0, 8;
    %delay 10000, 0;
    %pushi/vec4 0, 0, 1;
    %store/vec4 v000002bafefe6f80_0, 0, 1;
    %end;
    .thread T_2;
    .scope S_000002baff10bb80;
T_3 ;
    %delay 50000, 0;
    %load/vec4 v000002bafef84230_0;
    %inv;
    %store/vec4 v000002bafef84230_0, 0, 1;
    %jmp T_3;
    .thread T_3;
# The file index is used to find the file name in the following table.
:file_names 4;
    "N/A";
    "<interactive>";
    ".\shifter8bits_tb.v";
    ".\shifter8bits.v";
