#! /c/Source/iverilog-install/bin/vvp
:ivl_version "12.0 (devel)" "(s20150603-1110-g18392a46)";
:ivl_delay_selection "TYPICAL";
:vpi_time_precision + 0;
:vpi_module "C:\Users\Marcelo\iverilog\lib\ivl\system.vpi";
:vpi_module "C:\Users\Marcelo\iverilog\lib\ivl\vhdl_sys.vpi";
:vpi_module "C:\Users\Marcelo\iverilog\lib\ivl\vhdl_textio.vpi";
:vpi_module "C:\Users\Marcelo\iverilog\lib\ivl\v2005_math.vpi";
:vpi_module "C:\Users\Marcelo\iverilog\lib\ivl\va_math.vpi";
S_0000017affa52e30 .scope module, "UC" "UC" 2 1;
 .timescale 0 0;
    .port_info 0 /INPUT 7 "opcode";
    .port_info 1 /INPUT 1 "clk";
    .port_info 2 /INPUT 1 "reset";
    .port_info 3 /OUTPUT 1 "PC_load";
    .port_info 4 /OUTPUT 1 "WEMem";
    .port_info 5 /OUTPUT 1 "RF_load";
    .port_info 6 /OUTPUT 2 "ULAop";
    .port_info 7 /OUTPUT 1 "IR_load";
    .port_info 8 /OUTPUT 2 "OP_MEM_I";
    .port_info 9 /OUTPUT 1 "select_JAL";
    .port_info 10 /OUTPUT 1 "select_JALR";
P_0000017affa7f160 .param/l "Rtype" 0 2 24, C4<0110011>;
P_0000017affa7f198 .param/l "addi" 0 2 24, C4<0010011>;
P_0000017affa7f1d0 .param/l "auipc" 0 2 25, C4<0010111>;
P_0000017affa7f208 .param/l "branch" 0 2 24, C4<1100011>;
P_0000017affa7f240 .param/l "decode" 0 2 17, +C4<00000000000000000000000000000010>;
P_0000017affa7f278 .param/l "executeBtypeBRANCH" 0 2 18, +C4<00000000000000000000000000000111>;
P_0000017affa7f2b0 .param/l "executeItypeADDI" 0 2 17, +C4<00000000000000000000000000000101>;
P_0000017affa7f2e8 .param/l "executeItypeJALR" 0 2 18, +C4<00000000000000000000000000001000>;
P_0000017affa7f320 .param/l "executeItypeLOAD" 0 2 17, +C4<00000000000000000000000000000100>;
P_0000017affa7f358 .param/l "executeJtypeJAL" 0 2 18, +C4<00000000000000000000000000001001>;
P_0000017affa7f390 .param/l "executeRtype" 0 2 17, +C4<00000000000000000000000000000011>;
P_0000017affa7f3c8 .param/l "executeStypeSTORE" 0 2 17, +C4<00000000000000000000000000000110>;
P_0000017affa7f400 .param/l "executeUtypeAUIPC" 0 2 18, +C4<00000000000000000000000000001010>;
P_0000017affa7f438 .param/l "fetch" 0 2 17, +C4<00000000000000000000000000000001>;
P_0000017affa7f470 .param/l "init" 0 2 17, +C4<00000000000000000000000000000000>;
P_0000017affa7f4a8 .param/l "jal" 0 2 25, C4<1101111>;
P_0000017affa7f4e0 .param/l "jalr" 0 2 24, C4<1100111>;
P_0000017affa7f518 .param/l "load" 0 2 24, C4<0000011>;
P_0000017affa7f550 .param/l "store" 0 2 24, C4<0100011>;
P_0000017affa7f588 .param/l "write_backMEM" 0 2 18, +C4<00000000000000000000000000001100>;
P_0000017affa7f5c0 .param/l "write_backREG" 0 2 18, +C4<00000000000000000000000000001011>;
v0000017affa53540_0 .var "IR_load", 0 0;
v0000017affa53080_0 .var "OP_MEM_I", 1 0;
v0000017affa53120_0 .var "PC_load", 0 0;
v0000017affa83a50_0 .var "RF_load", 0 0;
v0000017affa83af0_0 .var "ULAop", 1 0;
v0000017affa83fa0_0 .var "WEMem", 0 0;
o0000017affa9c0b8 .functor BUFZ 1, C4<z>; HiZ drive
v0000017affa84040_0 .net "clk", 0 0, o0000017affa9c0b8;  0 drivers
o0000017affa9c0e8 .functor BUFZ 7, C4<zzzzzzz>; HiZ drive
v0000017affa840e0_0 .net "opcode", 6 0, o0000017affa9c0e8;  0 drivers
o0000017affa9c118 .functor BUFZ 1, C4<z>; HiZ drive
v0000017affa84180_0 .net "reset", 0 0, o0000017affa9c118;  0 drivers
v0000017affa84220_0 .var "select_JAL", 0 0;
v0000017affa842c0_0 .var "select_JALR", 0 0;
v0000017affa84360_0 .var "state", 4 0;
E_0000017affa7bbc0 .event anyedge, v0000017affa84360_0;
E_0000017affa7b2c0 .event posedge, v0000017affa84180_0, v0000017affa84040_0;
    .scope S_0000017affa52e30;
T_0 ;
    %wait E_0000017affa7b2c0;
    %load/vec4 v0000017affa84180_0;
    %pad/u 32;
    %cmpi/e 1, 0, 32;
    %jmp/0xz  T_0.0, 4;
    %pushi/vec4 0, 0, 5;
    %assign/vec4 v0000017affa84360_0, 0;
    %jmp T_0.1;
T_0.0 ;
    %load/vec4 v0000017affa84360_0;
    %dup/vec4;
    %pushi/vec4 0, 0, 5;
    %cmp/u;
    %jmp/1 T_0.2, 6;
    %dup/vec4;
    %pushi/vec4 1, 0, 5;
    %cmp/u;
    %jmp/1 T_0.3, 6;
    %dup/vec4;
    %pushi/vec4 2, 0, 5;
    %cmp/u;
    %jmp/1 T_0.4, 6;
    %dup/vec4;
    %pushi/vec4 3, 0, 5;
    %cmp/u;
    %jmp/1 T_0.5, 6;
    %dup/vec4;
    %pushi/vec4 4, 0, 5;
    %cmp/u;
    %jmp/1 T_0.6, 6;
    %dup/vec4;
    %pushi/vec4 5, 0, 5;
    %cmp/u;
    %jmp/1 T_0.7, 6;
    %dup/vec4;
    %pushi/vec4 6, 0, 5;
    %cmp/u;
    %jmp/1 T_0.8, 6;
    %dup/vec4;
    %pushi/vec4 7, 0, 5;
    %cmp/u;
    %jmp/1 T_0.9, 6;
    %dup/vec4;
    %pushi/vec4 8, 0, 5;
    %cmp/u;
    %jmp/1 T_0.10, 6;
    %dup/vec4;
    %pushi/vec4 9, 0, 5;
    %cmp/u;
    %jmp/1 T_0.11, 6;
    %dup/vec4;
    %pushi/vec4 10, 0, 5;
    %cmp/u;
    %jmp/1 T_0.12, 6;
    %dup/vec4;
    %pushi/vec4 12, 0, 5;
    %cmp/u;
    %jmp/1 T_0.13, 6;
    %dup/vec4;
    %pushi/vec4 11, 0, 5;
    %cmp/u;
    %jmp/1 T_0.14, 6;
    %jmp T_0.15;
T_0.2 ;
    %pushi/vec4 1, 0, 5;
    %assign/vec4 v0000017affa84360_0, 0;
    %jmp T_0.15;
T_0.3 ;
    %pushi/vec4 2, 0, 5;
    %assign/vec4 v0000017affa84360_0, 0;
    %jmp T_0.15;
T_0.4 ;
    %load/vec4 v0000017affa840e0_0;
    %dup/vec4;
    %pushi/vec4 51, 0, 7;
    %cmp/u;
    %jmp/1 T_0.16, 6;
    %dup/vec4;
    %pushi/vec4 3, 0, 7;
    %cmp/u;
    %jmp/1 T_0.17, 6;
    %dup/vec4;
    %pushi/vec4 19, 0, 7;
    %cmp/u;
    %jmp/1 T_0.18, 6;
    %dup/vec4;
    %pushi/vec4 35, 0, 7;
    %cmp/u;
    %jmp/1 T_0.19, 6;
    %dup/vec4;
    %pushi/vec4 99, 0, 7;
    %cmp/u;
    %jmp/1 T_0.20, 6;
    %dup/vec4;
    %pushi/vec4 103, 0, 7;
    %cmp/u;
    %jmp/1 T_0.21, 6;
    %dup/vec4;
    %pushi/vec4 111, 0, 7;
    %cmp/u;
    %jmp/1 T_0.22, 6;
    %dup/vec4;
    %pushi/vec4 23, 0, 7;
    %cmp/u;
    %jmp/1 T_0.23, 6;
    %jmp T_0.24;
T_0.16 ;
    %pushi/vec4 3, 0, 5;
    %assign/vec4 v0000017affa84360_0, 0;
    %jmp T_0.24;
T_0.17 ;
    %pushi/vec4 4, 0, 5;
    %assign/vec4 v0000017affa84360_0, 0;
    %jmp T_0.24;
T_0.18 ;
    %pushi/vec4 5, 0, 5;
    %assign/vec4 v0000017affa84360_0, 0;
    %jmp T_0.24;
T_0.19 ;
    %pushi/vec4 6, 0, 5;
    %assign/vec4 v0000017affa84360_0, 0;
    %jmp T_0.24;
T_0.20 ;
    %pushi/vec4 7, 0, 5;
    %assign/vec4 v0000017affa84360_0, 0;
    %jmp T_0.24;
T_0.21 ;
    %pushi/vec4 8, 0, 5;
    %assign/vec4 v0000017affa84360_0, 0;
    %jmp T_0.24;
T_0.22 ;
    %pushi/vec4 9, 0, 5;
    %assign/vec4 v0000017affa84360_0, 0;
    %jmp T_0.24;
T_0.23 ;
    %pushi/vec4 10, 0, 5;
    %assign/vec4 v0000017affa84360_0, 0;
    %jmp T_0.24;
T_0.24 ;
    %pop/vec4 1;
    %jmp T_0.15;
T_0.5 ;
    %pushi/vec4 11, 0, 5;
    %assign/vec4 v0000017affa84360_0, 0;
    %jmp T_0.15;
T_0.6 ;
    %pushi/vec4 11, 0, 5;
    %assign/vec4 v0000017affa84360_0, 0;
    %jmp T_0.15;
T_0.7 ;
    %pushi/vec4 11, 0, 5;
    %assign/vec4 v0000017affa84360_0, 0;
    %jmp T_0.15;
T_0.8 ;
    %pushi/vec4 12, 0, 5;
    %assign/vec4 v0000017affa84360_0, 0;
    %jmp T_0.15;
T_0.9 ;
    %pushi/vec4 1, 0, 5;
    %assign/vec4 v0000017affa84360_0, 0;
    %jmp T_0.15;
T_0.10 ;
    %pushi/vec4 11, 0, 5;
    %assign/vec4 v0000017affa84360_0, 0;
    %jmp T_0.15;
T_0.11 ;
    %pushi/vec4 11, 0, 5;
    %assign/vec4 v0000017affa84360_0, 0;
    %jmp T_0.15;
T_0.12 ;
    %pushi/vec4 11, 0, 5;
    %assign/vec4 v0000017affa84360_0, 0;
    %jmp T_0.15;
T_0.13 ;
    %pushi/vec4 1, 0, 5;
    %assign/vec4 v0000017affa84360_0, 0;
    %jmp T_0.15;
T_0.14 ;
    %pushi/vec4 1, 0, 5;
    %assign/vec4 v0000017affa84360_0, 0;
    %jmp T_0.15;
T_0.15 ;
    %pop/vec4 1;
T_0.1 ;
    %jmp T_0;
    .thread T_0;
    .scope S_0000017affa52e30;
T_1 ;
    %wait E_0000017affa7bbc0;
    %load/vec4 v0000017affa84360_0;
    %dup/vec4;
    %pushi/vec4 0, 0, 5;
    %cmp/u;
    %jmp/1 T_1.0, 6;
    %dup/vec4;
    %pushi/vec4 1, 0, 5;
    %cmp/u;
    %jmp/1 T_1.1, 6;
    %dup/vec4;
    %pushi/vec4 2, 0, 5;
    %cmp/u;
    %jmp/1 T_1.2, 6;
    %dup/vec4;
    %pushi/vec4 3, 0, 5;
    %cmp/u;
    %jmp/1 T_1.3, 6;
    %dup/vec4;
    %pushi/vec4 4, 0, 5;
    %cmp/u;
    %jmp/1 T_1.4, 6;
    %dup/vec4;
    %pushi/vec4 5, 0, 5;
    %cmp/u;
    %jmp/1 T_1.5, 6;
    %dup/vec4;
    %pushi/vec4 6, 0, 5;
    %cmp/u;
    %jmp/1 T_1.6, 6;
    %dup/vec4;
    %pushi/vec4 7, 0, 5;
    %cmp/u;
    %jmp/1 T_1.7, 6;
    %dup/vec4;
    %pushi/vec4 8, 0, 5;
    %cmp/u;
    %jmp/1 T_1.8, 6;
    %dup/vec4;
    %pushi/vec4 9, 0, 5;
    %cmp/u;
    %jmp/1 T_1.9, 6;
    %dup/vec4;
    %pushi/vec4 10, 0, 5;
    %cmp/u;
    %jmp/1 T_1.10, 6;
    %dup/vec4;
    %pushi/vec4 11, 0, 5;
    %cmp/u;
    %jmp/1 T_1.11, 6;
    %dup/vec4;
    %pushi/vec4 12, 0, 5;
    %cmp/u;
    %jmp/1 T_1.12, 6;
    %jmp T_1.13;
T_1.0 ;
    %pushi/vec4 0, 0, 2;
    %assign/vec4 v0000017affa53080_0, 0;
    %pushi/vec4 0, 0, 1;
    %assign/vec4 v0000017affa84220_0, 0;
    %pushi/vec4 0, 0, 1;
    %assign/vec4 v0000017affa842c0_0, 0;
    %pushi/vec4 0, 0, 1;
    %assign/vec4 v0000017affa83fa0_0, 0;
    %pushi/vec4 0, 0, 1;
    %assign/vec4 v0000017affa83a50_0, 0;
    %pushi/vec4 0, 0, 1;
    %assign/vec4 v0000017affa53540_0, 0;
    %pushi/vec4 0, 0, 2;
    %assign/vec4 v0000017affa83af0_0, 0;
    %pushi/vec4 0, 0, 1;
    %assign/vec4 v0000017affa53120_0, 0;
    %jmp T_1.13;
T_1.1 ;
    %pushi/vec4 1, 0, 1;
    %assign/vec4 v0000017affa53120_0, 0;
    %pushi/vec4 1, 0, 1;
    %assign/vec4 v0000017affa53540_0, 0;
    %jmp T_1.13;
T_1.2 ;
    %pushi/vec4 0, 0, 2;
    %assign/vec4 v0000017affa53080_0, 0;
    %pushi/vec4 0, 0, 1;
    %assign/vec4 v0000017affa84220_0, 0;
    %pushi/vec4 0, 0, 1;
    %assign/vec4 v0000017affa842c0_0, 0;
    %pushi/vec4 0, 0, 1;
    %assign/vec4 v0000017affa53120_0, 0;
    %pushi/vec4 0, 0, 1;
    %assign/vec4 v0000017affa53540_0, 0;
    %jmp T_1.13;
T_1.3 ;
    %pushi/vec4 0, 0, 2;
    %assign/vec4 v0000017affa53080_0, 0;
    %pushi/vec4 0, 0, 1;
    %assign/vec4 v0000017affa84220_0, 0;
    %pushi/vec4 0, 0, 1;
    %assign/vec4 v0000017affa842c0_0, 0;
    %pushi/vec4 2, 0, 2;
    %assign/vec4 v0000017affa83af0_0, 0;
    %jmp T_1.13;
T_1.4 ;
    %pushi/vec4 1, 0, 2;
    %assign/vec4 v0000017affa53080_0, 0;
    %pushi/vec4 0, 0, 1;
    %assign/vec4 v0000017affa84220_0, 0;
    %pushi/vec4 0, 0, 1;
    %assign/vec4 v0000017affa842c0_0, 0;
    %pushi/vec4 0, 0, 2;
    %assign/vec4 v0000017affa83af0_0, 0;
    %jmp T_1.13;
T_1.5 ;
    %pushi/vec4 2, 0, 2;
    %assign/vec4 v0000017affa53080_0, 0;
    %pushi/vec4 0, 0, 1;
    %assign/vec4 v0000017affa84220_0, 0;
    %pushi/vec4 0, 0, 1;
    %assign/vec4 v0000017affa842c0_0, 0;
    %jmp T_1.13;
T_1.6 ;
    %pushi/vec4 1, 0, 2;
    %assign/vec4 v0000017affa53080_0, 0;
    %pushi/vec4 0, 0, 1;
    %assign/vec4 v0000017affa84220_0, 0;
    %pushi/vec4 0, 0, 1;
    %assign/vec4 v0000017affa842c0_0, 0;
    %pushi/vec4 0, 0, 2;
    %assign/vec4 v0000017affa83af0_0, 0;
    %jmp T_1.13;
T_1.7 ;
    %pushi/vec4 0, 0, 2;
    %assign/vec4 v0000017affa53080_0, 0;
    %pushi/vec4 0, 0, 1;
    %assign/vec4 v0000017affa84220_0, 0;
    %pushi/vec4 0, 0, 1;
    %assign/vec4 v0000017affa842c0_0, 0;
    %pushi/vec4 1, 0, 1;
    %assign/vec4 v0000017affa53120_0, 0;
    %jmp T_1.13;
T_1.8 ;
    %pushi/vec4 3, 0, 2;
    %assign/vec4 v0000017affa53080_0, 0;
    %pushi/vec4 0, 0, 1;
    %assign/vec4 v0000017affa84220_0, 0;
    %pushi/vec4 1, 0, 1;
    %assign/vec4 v0000017affa842c0_0, 0;
    %pushi/vec4 1, 0, 1;
    %assign/vec4 v0000017affa53120_0, 0;
    %jmp T_1.13;
T_1.9 ;
    %pushi/vec4 3, 0, 2;
    %assign/vec4 v0000017affa53080_0, 0;
    %pushi/vec4 1, 0, 1;
    %assign/vec4 v0000017affa84220_0, 0;
    %pushi/vec4 0, 0, 1;
    %assign/vec4 v0000017affa842c0_0, 0;
    %pushi/vec4 1, 0, 1;
    %assign/vec4 v0000017affa53120_0, 0;
    %jmp T_1.13;
T_1.10 ;
    %pushi/vec4 3, 0, 2;
    %assign/vec4 v0000017affa53080_0, 0;
    %pushi/vec4 0, 0, 1;
    %assign/vec4 v0000017affa84220_0, 0;
    %pushi/vec4 0, 0, 1;
    %assign/vec4 v0000017affa842c0_0, 0;
    %pushi/vec4 0, 0, 1;
    %assign/vec4 v0000017affa53120_0, 0;
    %jmp T_1.13;
T_1.11 ;
    %pushi/vec4 0, 0, 2;
    %assign/vec4 v0000017affa53080_0, 0;
    %pushi/vec4 0, 0, 1;
    %assign/vec4 v0000017affa84220_0, 0;
    %pushi/vec4 0, 0, 1;
    %assign/vec4 v0000017affa842c0_0, 0;
    %pushi/vec4 1, 0, 1;
    %assign/vec4 v0000017affa83a50_0, 0;
    %jmp T_1.13;
T_1.12 ;
    %pushi/vec4 0, 0, 2;
    %assign/vec4 v0000017affa53080_0, 0;
    %pushi/vec4 0, 0, 1;
    %assign/vec4 v0000017affa84220_0, 0;
    %pushi/vec4 0, 0, 1;
    %assign/vec4 v0000017affa842c0_0, 0;
    %pushi/vec4 1, 0, 1;
    %assign/vec4 v0000017affa83fa0_0, 0;
    %jmp T_1.13;
T_1.13 ;
    %pop/vec4 1;
    %jmp T_1;
    .thread T_1, $push;
# The file index is used to find the file name in the following table.
:file_names 3;
    "N/A";
    "<interactive>";
    ".\UC.v";
