#! /c/Source/iverilog-install/bin/vvp
:ivl_version "12.0 (devel)" "(s20150603-1539-g2693dd32b)";
:ivl_delay_selection "TYPICAL";
:vpi_time_precision - 10;
:vpi_module "C:\iverilog\lib\ivl\system.vpi";
:vpi_module "C:\iverilog\lib\ivl\vhdl_sys.vpi";
:vpi_module "C:\iverilog\lib\ivl\vhdl_textio.vpi";
:vpi_module "C:\iverilog\lib\ivl\v2005_math.vpi";
:vpi_module "C:\iverilog\lib\ivl\va_math.vpi";
S_0000017d1bbd4720 .scope module, "FD_tb" "FD_tb" 2 3;
 .timescale -8 -10;
v0000017d1bc50690_0 .var "ADD_SUB_tb", 0 0;
v0000017d1bc51770_0 .var "OFFSET_tb", 63 0;
v0000017d1bc4fdd0_0 .var "OP_MEM_tb", 0 0;
v0000017d1bc51090_0 .var "Ra_tb", 4 0;
v0000017d1bc50730_0 .var "Rb_tb", 4 0;
v0000017d1bc51270_0 .var "Rw_tb", 4 0;
v0000017d1bc502d0_0 .var "WE_mem_tb", 0 0;
v0000017d1bc518b0_0 .var "WE_reg_tb", 0 0;
v0000017d1bc50190_0 .var "clk_tb", 0 0;
v0000017d1bc51310_0 .net "doutA_tb", 63 0, v0000017d1bc28780_0;  1 drivers
v0000017d1bc50f50_0 .net "doutB_tb", 63 0, v0000017d1bc28b40_0;  1 drivers
v0000017d1bc51450_0 .net "doutMem_tb", 63 0, L_0000017d1bbbd940;  1 drivers
S_0000017d1bbdbd90 .scope module, "uut" "FD" 2 17, 3 1 0, S_0000017d1bbd4720;
 .timescale -8 -10;
    .port_info 0 /INPUT 5 "Ra";
    .port_info 1 /INPUT 5 "Rb";
    .port_info 2 /INPUT 5 "Rw";
    .port_info 3 /INPUT 1 "WE_reg";
    .port_info 4 /INPUT 1 "WE_mem";
    .port_info 5 /OUTPUT 64 "doutA";
    .port_info 6 /OUTPUT 64 "doutB";
    .port_info 7 /OUTPUT 64 "doutMem";
    .port_info 8 /INPUT 1 "clk";
    .port_info 9 /INPUT 64 "OFFSET";
    .port_info 10 /INPUT 1 "OP_MEM";
    .port_info 11 /INPUT 1 "ADD_SUB";
L_0000017d1bbbd940 .functor BUFZ 64, L_0000017d1bbbd470, C4<0000000000000000000000000000000000000000000000000000000000000000>, C4<0000000000000000000000000000000000000000000000000000000000000000>, C4<0000000000000000000000000000000000000000000000000000000000000000>;
v0000017d1bc50910_0 .net "ADD_SUB", 0 0, v0000017d1bc50690_0;  1 drivers
v0000017d1bc4fd30_0 .net "Dw", 63 0, L_0000017d1bc2ce80;  1 drivers
v0000017d1bc505f0_0 .net "OFFSET", 63 0, v0000017d1bc51770_0;  1 drivers
v0000017d1bc511d0_0 .net "OP_MEM", 0 0, v0000017d1bc4fdd0_0;  1 drivers
v0000017d1bc50b90_0 .net "Ra", 4 0, v0000017d1bc51090_0;  1 drivers
v0000017d1bc4fab0_0 .net "Rb", 4 0, v0000017d1bc50730_0;  1 drivers
v0000017d1bc4fb50_0 .net "Rw", 4 0, v0000017d1bc51270_0;  1 drivers
v0000017d1bc50870_0 .net "ULA_OUT", 63 0, L_0000017d1bbbdc50;  1 drivers
v0000017d1bc50a50_0 .net "WE_mem", 0 0, v0000017d1bc502d0_0;  1 drivers
v0000017d1bc50af0_0 .net "WE_reg", 0 0, v0000017d1bc518b0_0;  1 drivers
v0000017d1bc500f0_0 .net "clk", 0 0, v0000017d1bc50190_0;  1 drivers
v0000017d1bc513b0_0 .net "doutA", 63 0, v0000017d1bc28780_0;  alias, 1 drivers
v0000017d1bc50ff0_0 .net "doutB", 63 0, v0000017d1bc28b40_0;  alias, 1 drivers
v0000017d1bc509b0_0 .net "doutMem", 63 0, L_0000017d1bbbd940;  alias, 1 drivers
o0000017d1bbe2cf8 .functor BUFZ 64, C4<zzzzzzzzzzzzzzzzzzzzzzzzzzzzzzzzzzzzzzzzzzzzzzzzzzzzzzzzzzzzzzzz>; HiZ drive
v0000017d1bc50c30_0 .net "final_address", 63 0, o0000017d1bbe2cf8;  0 drivers
v0000017d1bc4fbf0_0 .net "regIN_memOUT", 63 0, L_0000017d1bbbd470;  1 drivers
L_0000017d1bc2d420 .part o0000017d1bbe2cf8, 0, 5;
S_0000017d1bb80ea0 .scope module, "u1" "Reg_Banco" 3 26, 4 1 0, S_0000017d1bbdbd90;
 .timescale -8 -10;
    .port_info 0 /INPUT 5 "Ra";
    .port_info 1 /INPUT 5 "Rb";
    .port_info 2 /INPUT 5 "Rw";
    .port_info 3 /INPUT 1 "WE_Reg";
    .port_info 4 /INPUT 64 "dIN";
    .port_info 5 /OUTPUT 64 "doutA";
    .port_info 6 /OUTPUT 64 "doutB";
    .port_info 7 /INPUT 1 "clk";
v0000017d1bc25660_0 .net "Ra", 4 0, v0000017d1bc51090_0;  alias, 1 drivers
v0000017d1bc25700_0 .net "Rb", 4 0, v0000017d1bc50730_0;  alias, 1 drivers
v0000017d1bc246c0_0 .net "Rw", 4 0, v0000017d1bc51270_0;  alias, 1 drivers
v0000017d1bc24760_0 .net "WE_Reg", 0 0, v0000017d1bc518b0_0;  alias, 1 drivers
v0000017d1bc248a0 .array "banco_registradores", 0 31, 63 0;
v0000017d1bc28500 .array "banco_registradores_wire", 0 31;
v0000017d1bc28500_0 .net v0000017d1bc28500 0, 63 0, v0000017d1bbc7790_0; 1 drivers
v0000017d1bc28500_1 .net v0000017d1bc28500 1, 63 0, v0000017d1bbc7f10_0; 1 drivers
v0000017d1bc28500_2 .net v0000017d1bc28500 2, 63 0, v0000017d1bbc8730_0; 1 drivers
v0000017d1bc28500_3 .net v0000017d1bc28500 3, 63 0, v0000017d1bbc80f0_0; 1 drivers
v0000017d1bc28500_4 .net v0000017d1bc28500 4, 63 0, v0000017d1bbc8b90_0; 1 drivers
v0000017d1bc28500_5 .net v0000017d1bc28500 5, 63 0, v0000017d1bbbec10_0; 1 drivers
v0000017d1bc28500_6 .net v0000017d1bc28500 6, 63 0, v0000017d1bbbef30_0; 1 drivers
v0000017d1bc28500_7 .net v0000017d1bc28500 7, 63 0, v0000017d1bbbe7b0_0; 1 drivers
v0000017d1bc28500_8 .net v0000017d1bc28500 8, 63 0, v0000017d1bc1fef0_0; 1 drivers
v0000017d1bc28500_9 .net v0000017d1bc28500 9, 63 0, v0000017d1bc1eaf0_0; 1 drivers
v0000017d1bc28500_10 .net v0000017d1bc28500 10, 63 0, v0000017d1bc1fe50_0; 1 drivers
v0000017d1bc28500_11 .net v0000017d1bc28500 11, 63 0, v0000017d1bc1f270_0; 1 drivers
v0000017d1bc28500_12 .net v0000017d1bc28500 12, 63 0, v0000017d1bc1f450_0; 1 drivers
v0000017d1bc28500_13 .net v0000017d1bc28500 13, 63 0, v0000017d1bc1f130_0; 1 drivers
v0000017d1bc28500_14 .net v0000017d1bc28500 14, 63 0, v0000017d1bc1fd10_0; 1 drivers
v0000017d1bc28500_15 .net v0000017d1bc28500 15, 63 0, v0000017d1bc1f090_0; 1 drivers
v0000017d1bc28500_16 .net v0000017d1bc28500 16, 63 0, v0000017d1bc1eeb0_0; 1 drivers
v0000017d1bc28500_17 .net v0000017d1bc28500 17, 63 0, v0000017d1bc1f3b0_0; 1 drivers
v0000017d1bc28500_18 .net v0000017d1bc28500 18, 63 0, v0000017d1bc1e190_0; 1 drivers
v0000017d1bc28500_19 .net v0000017d1bc28500 19, 63 0, v0000017d1bc1e690_0; 1 drivers
v0000017d1bc28500_20 .net v0000017d1bc28500 20, 63 0, v0000017d1bc25840_0; 1 drivers
v0000017d1bc28500_21 .net v0000017d1bc28500 21, 63 0, v0000017d1bc25020_0; 1 drivers
v0000017d1bc28500_22 .net v0000017d1bc28500 22, 63 0, v0000017d1bc25480_0; 1 drivers
v0000017d1bc28500_23 .net v0000017d1bc28500 23, 63 0, v0000017d1bc25b60_0; 1 drivers
v0000017d1bc28500_24 .net v0000017d1bc28500 24, 63 0, v0000017d1bc24bc0_0; 1 drivers
v0000017d1bc28500_25 .net v0000017d1bc28500 25, 63 0, v0000017d1bc25ac0_0; 1 drivers
v0000017d1bc28500_26 .net v0000017d1bc28500 26, 63 0, v0000017d1bc25ca0_0; 1 drivers
v0000017d1bc28500_27 .net v0000017d1bc28500 27, 63 0, v0000017d1bc24da0_0; 1 drivers
v0000017d1bc28500_28 .net v0000017d1bc28500 28, 63 0, v0000017d1bc25980_0; 1 drivers
v0000017d1bc28500_29 .net v0000017d1bc28500 29, 63 0, v0000017d1bc24440_0; 1 drivers
v0000017d1bc28500_30 .net v0000017d1bc28500 30, 63 0, v0000017d1bc257a0_0; 1 drivers
v0000017d1bc28500_31 .net v0000017d1bc28500 31, 63 0, v0000017d1bc255c0_0; 1 drivers
v0000017d1bc28aa0_0 .net "clk", 0 0, v0000017d1bc50190_0;  alias, 1 drivers
v0000017d1bc28280_0 .net "dIN", 63 0, L_0000017d1bc2ce80;  alias, 1 drivers
v0000017d1bc28780_0 .var "doutA", 63 0;
v0000017d1bc28b40_0 .var "doutB", 63 0;
v0000017d1bc29040_0 .var/i "j", 31 0;
v0000017d1bc29ae0_0 .var/i "k", 31 0;
v0000017d1bc28be0_0 .var "loads", 31 0;
E_0000017d1bbdaac0/0 .event anyedge, v0000017d1bbc7790_0, v0000017d1bbc7f10_0, v0000017d1bbc8730_0, v0000017d1bbc80f0_0;
E_0000017d1bbdaac0/1 .event anyedge, v0000017d1bbc8b90_0, v0000017d1bbbec10_0, v0000017d1bbbef30_0, v0000017d1bbbe7b0_0;
E_0000017d1bbdaac0/2 .event anyedge, v0000017d1bc1fef0_0, v0000017d1bc1eaf0_0, v0000017d1bc1fe50_0, v0000017d1bc1f270_0;
E_0000017d1bbdaac0/3 .event anyedge, v0000017d1bc1f450_0, v0000017d1bc1f130_0, v0000017d1bc1fd10_0, v0000017d1bc1f090_0;
E_0000017d1bbdaac0/4 .event anyedge, v0000017d1bc1eeb0_0, v0000017d1bc1f3b0_0, v0000017d1bc1e190_0, v0000017d1bc1e690_0;
E_0000017d1bbdaac0/5 .event anyedge, v0000017d1bc25840_0, v0000017d1bc25020_0, v0000017d1bc25480_0, v0000017d1bc25b60_0;
E_0000017d1bbdaac0/6 .event anyedge, v0000017d1bc24bc0_0, v0000017d1bc25ac0_0, v0000017d1bc25ca0_0, v0000017d1bc24da0_0;
E_0000017d1bbdaac0/7 .event anyedge, v0000017d1bc25980_0, v0000017d1bc24440_0, v0000017d1bc257a0_0, v0000017d1bc255c0_0;
E_0000017d1bbdaac0 .event/or E_0000017d1bbdaac0/0, E_0000017d1bbdaac0/1, E_0000017d1bbdaac0/2, E_0000017d1bbdaac0/3, E_0000017d1bbdaac0/4, E_0000017d1bbdaac0/5, E_0000017d1bbdaac0/6, E_0000017d1bbdaac0/7;
L_0000017d1bc50cd0 .part v0000017d1bc28be0_0, 1, 1;
L_0000017d1bc51130 .part v0000017d1bc28be0_0, 2, 1;
L_0000017d1bc514f0 .part v0000017d1bc28be0_0, 3, 1;
L_0000017d1bc50d70 .part v0000017d1bc28be0_0, 4, 1;
L_0000017d1bc4ffb0 .part v0000017d1bc28be0_0, 5, 1;
L_0000017d1bc50050 .part v0000017d1bc28be0_0, 6, 1;
L_0000017d1bc504b0 .part v0000017d1bc28be0_0, 7, 1;
L_0000017d1bc50e10 .part v0000017d1bc28be0_0, 8, 1;
L_0000017d1bc51590 .part v0000017d1bc28be0_0, 9, 1;
L_0000017d1bc50eb0 .part v0000017d1bc28be0_0, 10, 1;
L_0000017d1bc51810 .part v0000017d1bc28be0_0, 11, 1;
L_0000017d1bc4fc90 .part v0000017d1bc28be0_0, 12, 1;
L_0000017d1bc51950 .part v0000017d1bc28be0_0, 13, 1;
L_0000017d1bc51630 .part v0000017d1bc28be0_0, 14, 1;
L_0000017d1bc516d0 .part v0000017d1bc28be0_0, 15, 1;
L_0000017d1bc4fe70 .part v0000017d1bc28be0_0, 16, 1;
L_0000017d1bc50370 .part v0000017d1bc28be0_0, 17, 1;
L_0000017d1bc4ff10 .part v0000017d1bc28be0_0, 18, 1;
L_0000017d1bc2c340 .part v0000017d1bc28be0_0, 19, 1;
L_0000017d1bc2dec0 .part v0000017d1bc28be0_0, 20, 1;
L_0000017d1bc2c660 .part v0000017d1bc28be0_0, 21, 1;
L_0000017d1bc2dce0 .part v0000017d1bc28be0_0, 22, 1;
L_0000017d1bc2c520 .part v0000017d1bc28be0_0, 23, 1;
L_0000017d1bc2d740 .part v0000017d1bc28be0_0, 24, 1;
L_0000017d1bc2d380 .part v0000017d1bc28be0_0, 25, 1;
L_0000017d1bc2d600 .part v0000017d1bc28be0_0, 26, 1;
L_0000017d1bc2d9c0 .part v0000017d1bc28be0_0, 27, 1;
L_0000017d1bc2c980 .part v0000017d1bc28be0_0, 28, 1;
L_0000017d1bc2c160 .part v0000017d1bc28be0_0, 29, 1;
L_0000017d1bc2d2e0 .part v0000017d1bc28be0_0, 30, 1;
L_0000017d1bc2d060 .part v0000017d1bc28be0_0, 31, 1;
S_0000017d1bb81030 .scope module, "Regs" "RegNbits" 4 19, 5 1 0, S_0000017d1bb80ea0;
 .timescale -8 -10;
    .port_info 0 /INPUT 64 "x";
    .port_info 1 /INPUT 1 "clk";
    .port_info 2 /INPUT 1 "load";
    .port_info 3 /OUTPUT 64 "x_out";
P_0000017d1bbda780 .param/l "N" 0 5 5, +C4<00000000000000000000000001000000>;
v0000017d1bbc8cd0_0 .net "clk", 0 0, v0000017d1bc50190_0;  alias, 1 drivers
L_0000017d1bc51ed0 .functor BUFT 1, C4<1>, C4<0>, C4<0>, C4<0>;
v0000017d1bbc8410_0 .net "load", 0 0, L_0000017d1bc51ed0;  1 drivers
L_0000017d1bc51e88 .functor BUFT 1, C4<0000000000000000000000000000000000000000000000000000000000000000>, C4<0>, C4<0>, C4<0>;
v0000017d1bbc7650_0 .net "x", 63 0, L_0000017d1bc51e88;  1 drivers
v0000017d1bbc7790_0 .var "x_out", 63 0;
E_0000017d1bbda200 .event posedge, v0000017d1bbc8cd0_0;
S_0000017d1bb92d50 .scope generate, "genblk1[1]" "genblk1[1]" 4 29, 4 29 0, S_0000017d1bb80ea0;
 .timescale -8 -10;
P_0000017d1bbda040 .param/l "i" 0 4 29, +C4<01>;
S_0000017d1bb92ee0 .scope module, "Regs" "RegNbits" 4 31, 5 1 0, S_0000017d1bb92d50;
 .timescale -8 -10;
    .port_info 0 /INPUT 64 "x";
    .port_info 1 /INPUT 1 "clk";
    .port_info 2 /INPUT 1 "load";
    .port_info 3 /OUTPUT 64 "x_out";
P_0000017d1bbdac80 .param/l "N" 0 5 5, +C4<00000000000000000000000001000000>;
v0000017d1bbc7dd0_0 .net "clk", 0 0, v0000017d1bc50190_0;  alias, 1 drivers
v0000017d1bbc73d0_0 .net "load", 0 0, L_0000017d1bc50cd0;  1 drivers
v0000017d1bbc78d0_0 .net "x", 63 0, L_0000017d1bc2ce80;  alias, 1 drivers
v0000017d1bbc7f10_0 .var "x_out", 63 0;
S_0000017d1bb87850 .scope generate, "genblk1[2]" "genblk1[2]" 4 29, 4 29 0, S_0000017d1bb80ea0;
 .timescale -8 -10;
P_0000017d1bbdab00 .param/l "i" 0 4 29, +C4<010>;
S_0000017d1bb879e0 .scope module, "Regs" "RegNbits" 4 31, 5 1 0, S_0000017d1bb87850;
 .timescale -8 -10;
    .port_info 0 /INPUT 64 "x";
    .port_info 1 /INPUT 1 "clk";
    .port_info 2 /INPUT 1 "load";
    .port_info 3 /OUTPUT 64 "x_out";
P_0000017d1bbda400 .param/l "N" 0 5 5, +C4<00000000000000000000000001000000>;
v0000017d1bbc8c30_0 .net "clk", 0 0, v0000017d1bc50190_0;  alias, 1 drivers
v0000017d1bbc82d0_0 .net "load", 0 0, L_0000017d1bc51130;  1 drivers
v0000017d1bbc71f0_0 .net "x", 63 0, L_0000017d1bc2ce80;  alias, 1 drivers
v0000017d1bbc8730_0 .var "x_out", 63 0;
S_0000017d1bb93a90 .scope generate, "genblk1[3]" "genblk1[3]" 4 29, 4 29 0, S_0000017d1bb80ea0;
 .timescale -8 -10;
P_0000017d1bbdad00 .param/l "i" 0 4 29, +C4<011>;
S_0000017d1bb93c20 .scope module, "Regs" "RegNbits" 4 31, 5 1 0, S_0000017d1bb93a90;
 .timescale -8 -10;
    .port_info 0 /INPUT 64 "x";
    .port_info 1 /INPUT 1 "clk";
    .port_info 2 /INPUT 1 "load";
    .port_info 3 /OUTPUT 64 "x_out";
P_0000017d1bbd9e00 .param/l "N" 0 5 5, +C4<00000000000000000000000001000000>;
v0000017d1bbc7970_0 .net "clk", 0 0, v0000017d1bc50190_0;  alias, 1 drivers
v0000017d1bbc84b0_0 .net "load", 0 0, L_0000017d1bc514f0;  1 drivers
v0000017d1bbc7a10_0 .net "x", 63 0, L_0000017d1bc2ce80;  alias, 1 drivers
v0000017d1bbc80f0_0 .var "x_out", 63 0;
S_0000017d1bb8e9e0 .scope generate, "genblk1[4]" "genblk1[4]" 4 29, 4 29 0, S_0000017d1bb80ea0;
 .timescale -8 -10;
P_0000017d1bbda080 .param/l "i" 0 4 29, +C4<0100>;
S_0000017d1bb8eb70 .scope module, "Regs" "RegNbits" 4 31, 5 1 0, S_0000017d1bb8e9e0;
 .timescale -8 -10;
    .port_info 0 /INPUT 64 "x";
    .port_info 1 /INPUT 1 "clk";
    .port_info 2 /INPUT 1 "load";
    .port_info 3 /OUTPUT 64 "x_out";
P_0000017d1bbdac40 .param/l "N" 0 5 5, +C4<00000000000000000000000001000000>;
v0000017d1bbc8370_0 .net "clk", 0 0, v0000017d1bc50190_0;  alias, 1 drivers
v0000017d1bbc8870_0 .net "load", 0 0, L_0000017d1bc50d70;  1 drivers
v0000017d1bbc8af0_0 .net "x", 63 0, L_0000017d1bc2ce80;  alias, 1 drivers
v0000017d1bbc8b90_0 .var "x_out", 63 0;
S_0000017d1bb91810 .scope generate, "genblk1[5]" "genblk1[5]" 4 29, 4 29 0, S_0000017d1bb80ea0;
 .timescale -8 -10;
P_0000017d1bbda500 .param/l "i" 0 4 29, +C4<0101>;
S_0000017d1bb919a0 .scope module, "Regs" "RegNbits" 4 31, 5 1 0, S_0000017d1bb91810;
 .timescale -8 -10;
    .port_info 0 /INPUT 64 "x";
    .port_info 1 /INPUT 1 "clk";
    .port_info 2 /INPUT 1 "load";
    .port_info 3 /OUTPUT 64 "x_out";
P_0000017d1bbda280 .param/l "N" 0 5 5, +C4<00000000000000000000000001000000>;
v0000017d1bbbe8f0_0 .net "clk", 0 0, v0000017d1bc50190_0;  alias, 1 drivers
v0000017d1bbbe490_0 .net "load", 0 0, L_0000017d1bc4ffb0;  1 drivers
v0000017d1bbbe530_0 .net "x", 63 0, L_0000017d1bc2ce80;  alias, 1 drivers
v0000017d1bbbec10_0 .var "x_out", 63 0;
S_0000017d1bb7b080 .scope generate, "genblk1[6]" "genblk1[6]" 4 29, 4 29 0, S_0000017d1bb80ea0;
 .timescale -8 -10;
P_0000017d1bbda440 .param/l "i" 0 4 29, +C4<0110>;
S_0000017d1bb7b210 .scope module, "Regs" "RegNbits" 4 31, 5 1 0, S_0000017d1bb7b080;
 .timescale -8 -10;
    .port_info 0 /INPUT 64 "x";
    .port_info 1 /INPUT 1 "clk";
    .port_info 2 /INPUT 1 "load";
    .port_info 3 /OUTPUT 64 "x_out";
P_0000017d1bbdab40 .param/l "N" 0 5 5, +C4<00000000000000000000000001000000>;
v0000017d1bbbe850_0 .net "clk", 0 0, v0000017d1bc50190_0;  alias, 1 drivers
v0000017d1bbbed50_0 .net "load", 0 0, L_0000017d1bc50050;  1 drivers
v0000017d1bbbee90_0 .net "x", 63 0, L_0000017d1bc2ce80;  alias, 1 drivers
v0000017d1bbbef30_0 .var "x_out", 63 0;
S_0000017d1bb42810 .scope generate, "genblk1[7]" "genblk1[7]" 4 29, 4 29 0, S_0000017d1bb80ea0;
 .timescale -8 -10;
P_0000017d1bbda680 .param/l "i" 0 4 29, +C4<0111>;
S_0000017d1bc42e70 .scope module, "Regs" "RegNbits" 4 31, 5 1 0, S_0000017d1bb42810;
 .timescale -8 -10;
    .port_info 0 /INPUT 64 "x";
    .port_info 1 /INPUT 1 "clk";
    .port_info 2 /INPUT 1 "load";
    .port_info 3 /OUTPUT 64 "x_out";
P_0000017d1bbda800 .param/l "N" 0 5 5, +C4<00000000000000000000000001000000>;
v0000017d1bbbefd0_0 .net "clk", 0 0, v0000017d1bc50190_0;  alias, 1 drivers
v0000017d1bbbf070_0 .net "load", 0 0, L_0000017d1bc504b0;  1 drivers
v0000017d1bbbe710_0 .net "x", 63 0, L_0000017d1bc2ce80;  alias, 1 drivers
v0000017d1bbbe7b0_0 .var "x_out", 63 0;
S_0000017d1bc42b50 .scope generate, "genblk1[8]" "genblk1[8]" 4 29, 4 29 0, S_0000017d1bb80ea0;
 .timescale -8 -10;
P_0000017d1bbda580 .param/l "i" 0 4 29, +C4<01000>;
S_0000017d1bc426a0 .scope module, "Regs" "RegNbits" 4 31, 5 1 0, S_0000017d1bc42b50;
 .timescale -8 -10;
    .port_info 0 /INPUT 64 "x";
    .port_info 1 /INPUT 1 "clk";
    .port_info 2 /INPUT 1 "load";
    .port_info 3 /OUTPUT 64 "x_out";
P_0000017d1bbda700 .param/l "N" 0 5 5, +C4<00000000000000000000000001000000>;
v0000017d1bbbead0_0 .net "clk", 0 0, v0000017d1bc50190_0;  alias, 1 drivers
v0000017d1bc1f950_0 .net "load", 0 0, L_0000017d1bc50e10;  1 drivers
v0000017d1bc1e230_0 .net "x", 63 0, L_0000017d1bc2ce80;  alias, 1 drivers
v0000017d1bc1fef0_0 .var "x_out", 63 0;
S_0000017d1bc42060 .scope generate, "genblk1[9]" "genblk1[9]" 4 29, 4 29 0, S_0000017d1bb80ea0;
 .timescale -8 -10;
P_0000017d1bbd9dc0 .param/l "i" 0 4 29, +C4<01001>;
S_0000017d1bc429c0 .scope module, "Regs" "RegNbits" 4 31, 5 1 0, S_0000017d1bc42060;
 .timescale -8 -10;
    .port_info 0 /INPUT 64 "x";
    .port_info 1 /INPUT 1 "clk";
    .port_info 2 /INPUT 1 "load";
    .port_info 3 /OUTPUT 64 "x_out";
P_0000017d1bbd9f40 .param/l "N" 0 5 5, +C4<00000000000000000000000001000000>;
v0000017d1bc1ea50_0 .net "clk", 0 0, v0000017d1bc50190_0;  alias, 1 drivers
v0000017d1bc1fb30_0 .net "load", 0 0, L_0000017d1bc51590;  1 drivers
v0000017d1bc1e0f0_0 .net "x", 63 0, L_0000017d1bc2ce80;  alias, 1 drivers
v0000017d1bc1eaf0_0 .var "x_out", 63 0;
S_0000017d1bc42830 .scope generate, "genblk1[10]" "genblk1[10]" 4 29, 4 29 0, S_0000017d1bb80ea0;
 .timescale -8 -10;
P_0000017d1bbd9e40 .param/l "i" 0 4 29, +C4<01010>;
S_0000017d1bc42510 .scope module, "Regs" "RegNbits" 4 31, 5 1 0, S_0000017d1bc42830;
 .timescale -8 -10;
    .port_info 0 /INPUT 64 "x";
    .port_info 1 /INPUT 1 "clk";
    .port_info 2 /INPUT 1 "load";
    .port_info 3 /OUTPUT 64 "x_out";
P_0000017d1bbda840 .param/l "N" 0 5 5, +C4<00000000000000000000000001000000>;
v0000017d1bc1e410_0 .net "clk", 0 0, v0000017d1bc50190_0;  alias, 1 drivers
v0000017d1bc1f630_0 .net "load", 0 0, L_0000017d1bc50eb0;  1 drivers
v0000017d1bc1f810_0 .net "x", 63 0, L_0000017d1bc2ce80;  alias, 1 drivers
v0000017d1bc1fe50_0 .var "x_out", 63 0;
S_0000017d1bc42380 .scope generate, "genblk1[11]" "genblk1[11]" 4 29, 4 29 0, S_0000017d1bb80ea0;
 .timescale -8 -10;
P_0000017d1bbda100 .param/l "i" 0 4 29, +C4<01011>;
S_0000017d1bc42ce0 .scope module, "Regs" "RegNbits" 4 31, 5 1 0, S_0000017d1bc42380;
 .timescale -8 -10;
    .port_info 0 /INPUT 64 "x";
    .port_info 1 /INPUT 1 "clk";
    .port_info 2 /INPUT 1 "load";
    .port_info 3 /OUTPUT 64 "x_out";
P_0000017d1bbd9ec0 .param/l "N" 0 5 5, +C4<00000000000000000000000001000000>;
v0000017d1bc1e910_0 .net "clk", 0 0, v0000017d1bc50190_0;  alias, 1 drivers
v0000017d1bc1e870_0 .net "load", 0 0, L_0000017d1bc51810;  1 drivers
v0000017d1bc1eb90_0 .net "x", 63 0, L_0000017d1bc2ce80;  alias, 1 drivers
v0000017d1bc1f270_0 .var "x_out", 63 0;
S_0000017d1bc421f0 .scope generate, "genblk1[12]" "genblk1[12]" 4 29, 4 29 0, S_0000017d1bb80ea0;
 .timescale -8 -10;
P_0000017d1bbda140 .param/l "i" 0 4 29, +C4<01100>;
S_0000017d1bc20b50 .scope module, "Regs" "RegNbits" 4 31, 5 1 0, S_0000017d1bc421f0;
 .timescale -8 -10;
    .port_info 0 /INPUT 64 "x";
    .port_info 1 /INPUT 1 "clk";
    .port_info 2 /INPUT 1 "load";
    .port_info 3 /OUTPUT 64 "x_out";
P_0000017d1bbd9f00 .param/l "N" 0 5 5, +C4<00000000000000000000000001000000>;
v0000017d1bc1ecd0_0 .net "clk", 0 0, v0000017d1bc50190_0;  alias, 1 drivers
v0000017d1bc1e9b0_0 .net "load", 0 0, L_0000017d1bc4fc90;  1 drivers
v0000017d1bc1fbd0_0 .net "x", 63 0, L_0000017d1bc2ce80;  alias, 1 drivers
v0000017d1bc1f450_0 .var "x_out", 63 0;
S_0000017d1bc20060 .scope generate, "genblk1[13]" "genblk1[13]" 4 29, 4 29 0, S_0000017d1bb80ea0;
 .timescale -8 -10;
P_0000017d1bbd9f80 .param/l "i" 0 4 29, +C4<01101>;
S_0000017d1bc21000 .scope module, "Regs" "RegNbits" 4 31, 5 1 0, S_0000017d1bc20060;
 .timescale -8 -10;
    .port_info 0 /INPUT 64 "x";
    .port_info 1 /INPUT 1 "clk";
    .port_info 2 /INPUT 1 "load";
    .port_info 3 /OUTPUT 64 "x_out";
P_0000017d1bbda240 .param/l "N" 0 5 5, +C4<00000000000000000000000001000000>;
v0000017d1bc1fc70_0 .net "clk", 0 0, v0000017d1bc50190_0;  alias, 1 drivers
v0000017d1bc1fa90_0 .net "load", 0 0, L_0000017d1bc51950;  1 drivers
v0000017d1bc1eff0_0 .net "x", 63 0, L_0000017d1bc2ce80;  alias, 1 drivers
v0000017d1bc1f130_0 .var "x_out", 63 0;
S_0000017d1bc217d0 .scope generate, "genblk1[14]" "genblk1[14]" 4 29, 4 29 0, S_0000017d1bb80ea0;
 .timescale -8 -10;
P_0000017d1bbd9fc0 .param/l "i" 0 4 29, +C4<01110>;
S_0000017d1bc21c80 .scope module, "Regs" "RegNbits" 4 31, 5 1 0, S_0000017d1bc217d0;
 .timescale -8 -10;
    .port_info 0 /INPUT 64 "x";
    .port_info 1 /INPUT 1 "clk";
    .port_info 2 /INPUT 1 "load";
    .port_info 3 /OUTPUT 64 "x_out";
P_0000017d1bbda540 .param/l "N" 0 5 5, +C4<00000000000000000000000001000000>;
v0000017d1bc1e4b0_0 .net "clk", 0 0, v0000017d1bc50190_0;  alias, 1 drivers
v0000017d1bc1ef50_0 .net "load", 0 0, L_0000017d1bc51630;  1 drivers
v0000017d1bc1e050_0 .net "x", 63 0, L_0000017d1bc2ce80;  alias, 1 drivers
v0000017d1bc1fd10_0 .var "x_out", 63 0;
S_0000017d1bc21320 .scope generate, "genblk1[15]" "genblk1[15]" 4 29, 4 29 0, S_0000017d1bb80ea0;
 .timescale -8 -10;
P_0000017d1bbda2c0 .param/l "i" 0 4 29, +C4<01111>;
S_0000017d1bc21e10 .scope module, "Regs" "RegNbits" 4 31, 5 1 0, S_0000017d1bc21320;
 .timescale -8 -10;
    .port_info 0 /INPUT 64 "x";
    .port_info 1 /INPUT 1 "clk";
    .port_info 2 /INPUT 1 "load";
    .port_info 3 /OUTPUT 64 "x_out";
P_0000017d1bbda980 .param/l "N" 0 5 5, +C4<00000000000000000000000001000000>;
v0000017d1bc1f590_0 .net "clk", 0 0, v0000017d1bc50190_0;  alias, 1 drivers
v0000017d1bc1ed70_0 .net "load", 0 0, L_0000017d1bc516d0;  1 drivers
v0000017d1bc1f9f0_0 .net "x", 63 0, L_0000017d1bc2ce80;  alias, 1 drivers
v0000017d1bc1f090_0 .var "x_out", 63 0;
S_0000017d1bc21960 .scope generate, "genblk1[16]" "genblk1[16]" 4 29, 4 29 0, S_0000017d1bb80ea0;
 .timescale -8 -10;
P_0000017d1bbda000 .param/l "i" 0 4 29, +C4<010000>;
S_0000017d1bc20510 .scope module, "Regs" "RegNbits" 4 31, 5 1 0, S_0000017d1bc21960;
 .timescale -8 -10;
    .port_info 0 /INPUT 64 "x";
    .port_info 1 /INPUT 1 "clk";
    .port_info 2 /INPUT 1 "load";
    .port_info 3 /OUTPUT 64 "x_out";
P_0000017d1bbda300 .param/l "N" 0 5 5, +C4<00000000000000000000000001000000>;
v0000017d1bc1f6d0_0 .net "clk", 0 0, v0000017d1bc50190_0;  alias, 1 drivers
v0000017d1bc1ee10_0 .net "load", 0 0, L_0000017d1bc4fe70;  1 drivers
v0000017d1bc1fdb0_0 .net "x", 63 0, L_0000017d1bc2ce80;  alias, 1 drivers
v0000017d1bc1eeb0_0 .var "x_out", 63 0;
S_0000017d1bc201f0 .scope generate, "genblk1[17]" "genblk1[17]" 4 29, 4 29 0, S_0000017d1bb80ea0;
 .timescale -8 -10;
P_0000017d1bbda880 .param/l "i" 0 4 29, +C4<010001>;
S_0000017d1bc21640 .scope module, "Regs" "RegNbits" 4 31, 5 1 0, S_0000017d1bc201f0;
 .timescale -8 -10;
    .port_info 0 /INPUT 64 "x";
    .port_info 1 /INPUT 1 "clk";
    .port_info 2 /INPUT 1 "load";
    .port_info 3 /OUTPUT 64 "x_out";
P_0000017d1bbda340 .param/l "N" 0 5 5, +C4<00000000000000000000000001000000>;
v0000017d1bc1e550_0 .net "clk", 0 0, v0000017d1bc50190_0;  alias, 1 drivers
v0000017d1bc1f1d0_0 .net "load", 0 0, L_0000017d1bc50370;  1 drivers
v0000017d1bc1f310_0 .net "x", 63 0, L_0000017d1bc2ce80;  alias, 1 drivers
v0000017d1bc1f3b0_0 .var "x_out", 63 0;
S_0000017d1bc21af0 .scope generate, "genblk1[18]" "genblk1[18]" 4 29, 4 29 0, S_0000017d1bb80ea0;
 .timescale -8 -10;
P_0000017d1bbda380 .param/l "i" 0 4 29, +C4<010010>;
S_0000017d1bc20e70 .scope module, "Regs" "RegNbits" 4 31, 5 1 0, S_0000017d1bc21af0;
 .timescale -8 -10;
    .port_info 0 /INPUT 64 "x";
    .port_info 1 /INPUT 1 "clk";
    .port_info 2 /INPUT 1 "load";
    .port_info 3 /OUTPUT 64 "x_out";
P_0000017d1bbda480 .param/l "N" 0 5 5, +C4<00000000000000000000000001000000>;
v0000017d1bc1f4f0_0 .net "clk", 0 0, v0000017d1bc50190_0;  alias, 1 drivers
v0000017d1bc1f770_0 .net "load", 0 0, L_0000017d1bc4ff10;  1 drivers
v0000017d1bc1f8b0_0 .net "x", 63 0, L_0000017d1bc2ce80;  alias, 1 drivers
v0000017d1bc1e190_0 .var "x_out", 63 0;
S_0000017d1bc20380 .scope generate, "genblk1[19]" "genblk1[19]" 4 29, 4 29 0, S_0000017d1bb80ea0;
 .timescale -8 -10;
P_0000017d1bbda4c0 .param/l "i" 0 4 29, +C4<010011>;
S_0000017d1bc206a0 .scope module, "Regs" "RegNbits" 4 31, 5 1 0, S_0000017d1bc20380;
 .timescale -8 -10;
    .port_info 0 /INPUT 64 "x";
    .port_info 1 /INPUT 1 "clk";
    .port_info 2 /INPUT 1 "load";
    .port_info 3 /OUTPUT 64 "x_out";
P_0000017d1bbda5c0 .param/l "N" 0 5 5, +C4<00000000000000000000000001000000>;
v0000017d1bc1e2d0_0 .net "clk", 0 0, v0000017d1bc50190_0;  alias, 1 drivers
v0000017d1bc1e370_0 .net "load", 0 0, L_0000017d1bc2c340;  1 drivers
v0000017d1bc1e5f0_0 .net "x", 63 0, L_0000017d1bc2ce80;  alias, 1 drivers
v0000017d1bc1e690_0 .var "x_out", 63 0;
S_0000017d1bc214b0 .scope generate, "genblk1[20]" "genblk1[20]" 4 29, 4 29 0, S_0000017d1bb80ea0;
 .timescale -8 -10;
P_0000017d1bbda640 .param/l "i" 0 4 29, +C4<010100>;
S_0000017d1bc209c0 .scope module, "Regs" "RegNbits" 4 31, 5 1 0, S_0000017d1bc214b0;
 .timescale -8 -10;
    .port_info 0 /INPUT 64 "x";
    .port_info 1 /INPUT 1 "clk";
    .port_info 2 /INPUT 1 "load";
    .port_info 3 /OUTPUT 64 "x_out";
P_0000017d1bbda6c0 .param/l "N" 0 5 5, +C4<00000000000000000000000001000000>;
v0000017d1bc1e730_0 .net "clk", 0 0, v0000017d1bc50190_0;  alias, 1 drivers
v0000017d1bc1e7d0_0 .net "load", 0 0, L_0000017d1bc2dec0;  1 drivers
v0000017d1bc1ec30_0 .net "x", 63 0, L_0000017d1bc2ce80;  alias, 1 drivers
v0000017d1bc25840_0 .var "x_out", 63 0;
S_0000017d1bc20830 .scope generate, "genblk1[21]" "genblk1[21]" 4 29, 4 29 0, S_0000017d1bb80ea0;
 .timescale -8 -10;
P_0000017d1bbdaa40 .param/l "i" 0 4 29, +C4<010101>;
S_0000017d1bc20ce0 .scope module, "Regs" "RegNbits" 4 31, 5 1 0, S_0000017d1bc20830;
 .timescale -8 -10;
    .port_info 0 /INPUT 64 "x";
    .port_info 1 /INPUT 1 "clk";
    .port_info 2 /INPUT 1 "load";
    .port_info 3 /OUTPUT 64 "x_out";
P_0000017d1bbda8c0 .param/l "N" 0 5 5, +C4<00000000000000000000000001000000>;
v0000017d1bc241c0_0 .net "clk", 0 0, v0000017d1bc50190_0;  alias, 1 drivers
v0000017d1bc24260_0 .net "load", 0 0, L_0000017d1bc2c660;  1 drivers
v0000017d1bc24a80_0 .net "x", 63 0, L_0000017d1bc2ce80;  alias, 1 drivers
v0000017d1bc25020_0 .var "x_out", 63 0;
S_0000017d1bc21190 .scope generate, "genblk1[22]" "genblk1[22]" 4 29, 4 29 0, S_0000017d1bb80ea0;
 .timescale -8 -10;
P_0000017d1bbda900 .param/l "i" 0 4 29, +C4<010110>;
S_0000017d1bc27cb0 .scope module, "Regs" "RegNbits" 4 31, 5 1 0, S_0000017d1bc21190;
 .timescale -8 -10;
    .port_info 0 /INPUT 64 "x";
    .port_info 1 /INPUT 1 "clk";
    .port_info 2 /INPUT 1 "load";
    .port_info 3 /OUTPUT 64 "x_out";
P_0000017d1bbda940 .param/l "N" 0 5 5, +C4<00000000000000000000000001000000>;
v0000017d1bc24800_0 .net "clk", 0 0, v0000017d1bc50190_0;  alias, 1 drivers
v0000017d1bc24940_0 .net "load", 0 0, L_0000017d1bc2dce0;  1 drivers
v0000017d1bc24120_0 .net "x", 63 0, L_0000017d1bc2ce80;  alias, 1 drivers
v0000017d1bc25480_0 .var "x_out", 63 0;
S_0000017d1bc27670 .scope generate, "genblk1[23]" "genblk1[23]" 4 29, 4 29 0, S_0000017d1bb80ea0;
 .timescale -8 -10;
P_0000017d1bbdac00 .param/l "i" 0 4 29, +C4<010111>;
S_0000017d1bc27800 .scope module, "Regs" "RegNbits" 4 31, 5 1 0, S_0000017d1bc27670;
 .timescale -8 -10;
    .port_info 0 /INPUT 64 "x";
    .port_info 1 /INPUT 1 "clk";
    .port_info 2 /INPUT 1 "load";
    .port_info 3 /OUTPUT 64 "x_out";
P_0000017d1bbdaa80 .param/l "N" 0 5 5, +C4<00000000000000000000000001000000>;
v0000017d1bc24f80_0 .net "clk", 0 0, v0000017d1bc50190_0;  alias, 1 drivers
v0000017d1bc25520_0 .net "load", 0 0, L_0000017d1bc2c520;  1 drivers
v0000017d1bc249e0_0 .net "x", 63 0, L_0000017d1bc2ce80;  alias, 1 drivers
v0000017d1bc25b60_0 .var "x_out", 63 0;
S_0000017d1bc263b0 .scope generate, "genblk1[24]" "genblk1[24]" 4 29, 4 29 0, S_0000017d1bb80ea0;
 .timescale -8 -10;
P_0000017d1bbb9d10 .param/l "i" 0 4 29, +C4<011000>;
S_0000017d1bc26b80 .scope module, "Regs" "RegNbits" 4 31, 5 1 0, S_0000017d1bc263b0;
 .timescale -8 -10;
    .port_info 0 /INPUT 64 "x";
    .port_info 1 /INPUT 1 "clk";
    .port_info 2 /INPUT 1 "load";
    .port_info 3 /OUTPUT 64 "x_out";
P_0000017d1bbb9f50 .param/l "N" 0 5 5, +C4<00000000000000000000000001000000>;
v0000017d1bc25d40_0 .net "clk", 0 0, v0000017d1bc50190_0;  alias, 1 drivers
v0000017d1bc24b20_0 .net "load", 0 0, L_0000017d1bc2d740;  1 drivers
v0000017d1bc25c00_0 .net "x", 63 0, L_0000017d1bc2ce80;  alias, 1 drivers
v0000017d1bc24bc0_0 .var "x_out", 63 0;
S_0000017d1bc26540 .scope generate, "genblk1[25]" "genblk1[25]" 4 29, 4 29 0, S_0000017d1bb80ea0;
 .timescale -8 -10;
P_0000017d1bbb9fd0 .param/l "i" 0 4 29, +C4<011001>;
S_0000017d1bc26d10 .scope module, "Regs" "RegNbits" 4 31, 5 1 0, S_0000017d1bc26540;
 .timescale -8 -10;
    .port_info 0 /INPUT 64 "x";
    .port_info 1 /INPUT 1 "clk";
    .port_info 2 /INPUT 1 "load";
    .port_info 3 /OUTPUT 64 "x_out";
P_0000017d1bbba190 .param/l "N" 0 5 5, +C4<00000000000000000000000001000000>;
v0000017d1bc243a0_0 .net "clk", 0 0, v0000017d1bc50190_0;  alias, 1 drivers
v0000017d1bc24c60_0 .net "load", 0 0, L_0000017d1bc2d380;  1 drivers
v0000017d1bc258e0_0 .net "x", 63 0, L_0000017d1bc2ce80;  alias, 1 drivers
v0000017d1bc25ac0_0 .var "x_out", 63 0;
S_0000017d1bc26ea0 .scope generate, "genblk1[26]" "genblk1[26]" 4 29, 4 29 0, S_0000017d1bb80ea0;
 .timescale -8 -10;
P_0000017d1bbba890 .param/l "i" 0 4 29, +C4<011010>;
S_0000017d1bc27350 .scope module, "Regs" "RegNbits" 4 31, 5 1 0, S_0000017d1bc26ea0;
 .timescale -8 -10;
    .port_info 0 /INPUT 64 "x";
    .port_info 1 /INPUT 1 "clk";
    .port_info 2 /INPUT 1 "load";
    .port_info 3 /OUTPUT 64 "x_out";
P_0000017d1bbba710 .param/l "N" 0 5 5, +C4<00000000000000000000000001000000>;
v0000017d1bc25340_0 .net "clk", 0 0, v0000017d1bc50190_0;  alias, 1 drivers
v0000017d1bc24300_0 .net "load", 0 0, L_0000017d1bc2d600;  1 drivers
v0000017d1bc25f20_0 .net "x", 63 0, L_0000017d1bc2ce80;  alias, 1 drivers
v0000017d1bc25ca0_0 .var "x_out", 63 0;
S_0000017d1bc26220 .scope generate, "genblk1[27]" "genblk1[27]" 4 29, 4 29 0, S_0000017d1bb80ea0;
 .timescale -8 -10;
P_0000017d1bbba490 .param/l "i" 0 4 29, +C4<011011>;
S_0000017d1bc27990 .scope module, "Regs" "RegNbits" 4 31, 5 1 0, S_0000017d1bc26220;
 .timescale -8 -10;
    .port_info 0 /INPUT 64 "x";
    .port_info 1 /INPUT 1 "clk";
    .port_info 2 /INPUT 1 "load";
    .port_info 3 /OUTPUT 64 "x_out";
P_0000017d1bbbb550 .param/l "N" 0 5 5, +C4<00000000000000000000000001000000>;
v0000017d1bc24ee0_0 .net "clk", 0 0, v0000017d1bc50190_0;  alias, 1 drivers
v0000017d1bc25de0_0 .net "load", 0 0, L_0000017d1bc2d9c0;  1 drivers
v0000017d1bc24d00_0 .net "x", 63 0, L_0000017d1bc2ce80;  alias, 1 drivers
v0000017d1bc24da0_0 .var "x_out", 63 0;
S_0000017d1bc27b20 .scope generate, "genblk1[28]" "genblk1[28]" 4 29, 4 29 0, S_0000017d1bb80ea0;
 .timescale -8 -10;
P_0000017d1bbbb6d0 .param/l "i" 0 4 29, +C4<011100>;
S_0000017d1bc266d0 .scope module, "Regs" "RegNbits" 4 31, 5 1 0, S_0000017d1bc27b20;
 .timescale -8 -10;
    .port_info 0 /INPUT 64 "x";
    .port_info 1 /INPUT 1 "clk";
    .port_info 2 /INPUT 1 "load";
    .port_info 3 /OUTPUT 64 "x_out";
P_0000017d1bbbb110 .param/l "N" 0 5 5, +C4<00000000000000000000000001000000>;
v0000017d1bc24e40_0 .net "clk", 0 0, v0000017d1bc50190_0;  alias, 1 drivers
v0000017d1bc250c0_0 .net "load", 0 0, L_0000017d1bc2c980;  1 drivers
v0000017d1bc25160_0 .net "x", 63 0, L_0000017d1bc2ce80;  alias, 1 drivers
v0000017d1bc25980_0 .var "x_out", 63 0;
S_0000017d1bc27030 .scope generate, "genblk1[29]" "genblk1[29]" 4 29, 4 29 0, S_0000017d1bb80ea0;
 .timescale -8 -10;
P_0000017d1bbbab10 .param/l "i" 0 4 29, +C4<011101>;
S_0000017d1bc26860 .scope module, "Regs" "RegNbits" 4 31, 5 1 0, S_0000017d1bc27030;
 .timescale -8 -10;
    .port_info 0 /INPUT 64 "x";
    .port_info 1 /INPUT 1 "clk";
    .port_info 2 /INPUT 1 "load";
    .port_info 3 /OUTPUT 64 "x_out";
P_0000017d1bbbb390 .param/l "N" 0 5 5, +C4<00000000000000000000000001000000>;
v0000017d1bc25200_0 .net "clk", 0 0, v0000017d1bc50190_0;  alias, 1 drivers
v0000017d1bc252a0_0 .net "load", 0 0, L_0000017d1bc2c160;  1 drivers
v0000017d1bc253e0_0 .net "x", 63 0, L_0000017d1bc2ce80;  alias, 1 drivers
v0000017d1bc24440_0 .var "x_out", 63 0;
S_0000017d1bc27e40 .scope generate, "genblk1[30]" "genblk1[30]" 4 29, 4 29 0, S_0000017d1bb80ea0;
 .timescale -8 -10;
P_0000017d1bbbb310 .param/l "i" 0 4 29, +C4<011110>;
S_0000017d1bc26090 .scope module, "Regs" "RegNbits" 4 31, 5 1 0, S_0000017d1bc27e40;
 .timescale -8 -10;
    .port_info 0 /INPUT 64 "x";
    .port_info 1 /INPUT 1 "clk";
    .port_info 2 /INPUT 1 "load";
    .port_info 3 /OUTPUT 64 "x_out";
P_0000017d1bbbb1d0 .param/l "N" 0 5 5, +C4<00000000000000000000000001000000>;
v0000017d1bc24080_0 .net "clk", 0 0, v0000017d1bc50190_0;  alias, 1 drivers
v0000017d1bc25a20_0 .net "load", 0 0, L_0000017d1bc2d2e0;  1 drivers
v0000017d1bc25e80_0 .net "x", 63 0, L_0000017d1bc2ce80;  alias, 1 drivers
v0000017d1bc257a0_0 .var "x_out", 63 0;
S_0000017d1bc269f0 .scope generate, "genblk1[31]" "genblk1[31]" 4 29, 4 29 0, S_0000017d1bb80ea0;
 .timescale -8 -10;
P_0000017d1bbbb890 .param/l "i" 0 4 29, +C4<011111>;
S_0000017d1bc271c0 .scope module, "Regs" "RegNbits" 4 31, 5 1 0, S_0000017d1bc269f0;
 .timescale -8 -10;
    .port_info 0 /INPUT 64 "x";
    .port_info 1 /INPUT 1 "clk";
    .port_info 2 /INPUT 1 "load";
    .port_info 3 /OUTPUT 64 "x_out";
P_0000017d1bbbb710 .param/l "N" 0 5 5, +C4<00000000000000000000000001000000>;
v0000017d1bc244e0_0 .net "clk", 0 0, v0000017d1bc50190_0;  alias, 1 drivers
v0000017d1bc24580_0 .net "load", 0 0, L_0000017d1bc2d060;  1 drivers
v0000017d1bc24620_0 .net "x", 63 0, L_0000017d1bc2ce80;  alias, 1 drivers
v0000017d1bc255c0_0 .var "x_out", 63 0;
S_0000017d1bc274e0 .scope module, "u2" "operacao_memoria" 3 37, 6 1 0, S_0000017d1bbdbd90;
 .timescale -8 -10;
    .port_info 0 /INPUT 64 "dinA";
    .port_info 1 /INPUT 64 "dinB";
    .port_info 2 /INPUT 64 "OFFSET";
    .port_info 3 /INPUT 1 "OP_MEM";
    .port_info 4 /INPUT 1 "clk";
    .port_info 5 /INPUT 1 "ADD_SUB";
    .port_info 6 /OUTPUT 64 "dout";
L_0000017d1bbbdc50 .functor BUFZ 64, L_0000017d1bc2c700, C4<0000000000000000000000000000000000000000000000000000000000000000>, C4<0000000000000000000000000000000000000000000000000000000000000000>, C4<0000000000000000000000000000000000000000000000000000000000000000>;
v0000017d1bc29ea0_0 .net "ADD_SUB", 0 0, v0000017d1bc50690_0;  alias, 1 drivers
v0000017d1bc28140_0 .net "OFFSET", 63 0, v0000017d1bc51770_0;  alias, 1 drivers
v0000017d1bc28f00_0 .net "OP_MEM", 0 0, v0000017d1bc4fdd0_0;  alias, 1 drivers
v0000017d1bc283c0_0 .net "ULA_IN0", 63 0, L_0000017d1bc2c8e0;  1 drivers
v0000017d1bc28960_0 .net "ULA_IN1", 63 0, L_0000017d1bc2ca20;  1 drivers
v0000017d1bc29180_0 .net "ULA_OUT", 63 0, L_0000017d1bc2c700;  1 drivers
v0000017d1bc28320_0 .net "clk", 0 0, v0000017d1bc50190_0;  alias, 1 drivers
v0000017d1bc286e0_0 .net "dinA", 63 0, v0000017d1bc28780_0;  alias, 1 drivers
v0000017d1bc29680_0 .net "dinB", 63 0, v0000017d1bc28b40_0;  alias, 1 drivers
v0000017d1bc28460_0 .net "dout", 63 0, L_0000017d1bbbdc50;  alias, 1 drivers
S_0000017d1bc2b500 .scope module, "addsub" "ULA" 6 19, 7 1 0, S_0000017d1bc274e0;
 .timescale -8 -10;
    .port_info 0 /INPUT 64 "a";
    .port_info 1 /INPUT 64 "b";
    .port_info 2 /INPUT 1 "soma_sub";
    .port_info 3 /OUTPUT 64 "result";
L_0000017d1bc51fa8 .functor BUFT 1, C4<1>, C4<0>, C4<0>, C4<0>;
L_0000017d1bbbd390 .functor XNOR 1, v0000017d1bc50690_0, L_0000017d1bc51fa8, C4<0>, C4<0>;
v0000017d1bc28c80_0 .net/2u *"_ivl_0", 0 0, L_0000017d1bc51fa8;  1 drivers
v0000017d1bc294a0_0 .net *"_ivl_2", 0 0, L_0000017d1bbbd390;  1 drivers
v0000017d1bc29d60_0 .net *"_ivl_4", 63 0, L_0000017d1bc2d1a0;  1 drivers
v0000017d1bc280a0_0 .net *"_ivl_6", 63 0, L_0000017d1bc2c3e0;  1 drivers
v0000017d1bc29f40_0 .net "a", 63 0, L_0000017d1bc2c8e0;  alias, 1 drivers
v0000017d1bc28d20_0 .net "b", 63 0, L_0000017d1bc2ca20;  alias, 1 drivers
v0000017d1bc29900_0 .net "result", 63 0, L_0000017d1bc2c700;  alias, 1 drivers
v0000017d1bc290e0_0 .net "soma_sub", 0 0, v0000017d1bc50690_0;  alias, 1 drivers
L_0000017d1bc2d1a0 .arith/sum 64, L_0000017d1bc2c8e0, L_0000017d1bc2ca20;
L_0000017d1bc2c3e0 .arith/sub 64, L_0000017d1bc2c8e0, L_0000017d1bc2ca20;
L_0000017d1bc2c700 .functor MUXZ 64, L_0000017d1bc2c3e0, L_0000017d1bc2d1a0, L_0000017d1bbbd390, C4<>;
S_0000017d1bc2ad30 .scope module, "mux0" "MUX" 6 16, 8 1 0, S_0000017d1bc274e0;
 .timescale -8 -10;
    .port_info 0 /INPUT 64 "a";
    .port_info 1 /INPUT 64 "b";
    .port_info 2 /INPUT 1 "select";
    .port_info 3 /OUTPUT 64 "result";
L_0000017d1bc51f18 .functor BUFT 1, C4<1>, C4<0>, C4<0>, C4<0>;
L_0000017d1bbbd710 .functor XNOR 1, v0000017d1bc4fdd0_0, L_0000017d1bc51f18, C4<0>, C4<0>;
v0000017d1bc29c20_0 .net/2u *"_ivl_0", 0 0, L_0000017d1bc51f18;  1 drivers
v0000017d1bc285a0_0 .net *"_ivl_2", 0 0, L_0000017d1bbbd710;  1 drivers
v0000017d1bc29cc0_0 .net "a", 63 0, v0000017d1bc28780_0;  alias, 1 drivers
v0000017d1bc29b80_0 .net "b", 63 0, v0000017d1bc28b40_0;  alias, 1 drivers
v0000017d1bc28640_0 .net "result", 63 0, L_0000017d1bc2c8e0;  alias, 1 drivers
v0000017d1bc29e00_0 .net "select", 0 0, v0000017d1bc4fdd0_0;  alias, 1 drivers
L_0000017d1bc2c8e0 .functor MUXZ 64, v0000017d1bc28b40_0, v0000017d1bc28780_0, L_0000017d1bbbd710, C4<>;
S_0000017d1bc2a6f0 .scope module, "mux1" "MUX" 6 17, 8 1 0, S_0000017d1bc274e0;
 .timescale -8 -10;
    .port_info 0 /INPUT 64 "a";
    .port_info 1 /INPUT 64 "b";
    .port_info 2 /INPUT 1 "select";
    .port_info 3 /OUTPUT 64 "result";
L_0000017d1bc51f60 .functor BUFT 1, C4<1>, C4<0>, C4<0>, C4<0>;
L_0000017d1bbbd9b0 .functor XNOR 1, v0000017d1bc4fdd0_0, L_0000017d1bc51f60, C4<0>, C4<0>;
v0000017d1bc28dc0_0 .net/2u *"_ivl_0", 0 0, L_0000017d1bc51f60;  1 drivers
v0000017d1bc281e0_0 .net *"_ivl_2", 0 0, L_0000017d1bbbd9b0;  1 drivers
v0000017d1bc28820_0 .net "a", 63 0, v0000017d1bc28b40_0;  alias, 1 drivers
v0000017d1bc28e60_0 .net "b", 63 0, v0000017d1bc51770_0;  alias, 1 drivers
v0000017d1bc29a40_0 .net "result", 63 0, L_0000017d1bc2ca20;  alias, 1 drivers
v0000017d1bc29360_0 .net "select", 0 0, v0000017d1bc4fdd0_0;  alias, 1 drivers
L_0000017d1bc2ca20 .functor MUXZ 64, v0000017d1bc51770_0, v0000017d1bc28b40_0, L_0000017d1bbbd9b0, C4<>;
S_0000017d1bc2bcd0 .scope module, "u3" "Memoria" 3 47, 9 1 0, S_0000017d1bbdbd90;
 .timescale -8 -10;
    .port_info 0 /INPUT 5 "final_address";
    .port_info 1 /INPUT 1 "WE_mem";
    .port_info 2 /INPUT 1 "clk";
    .port_info 3 /INPUT 64 "dIN";
    .port_info 4 /OUTPUT 64 "dout";
L_0000017d1bbbd470 .functor BUFZ 64, L_0000017d1bc2cac0, C4<0000000000000000000000000000000000000000000000000000000000000000>, C4<0000000000000000000000000000000000000000000000000000000000000000>, C4<0000000000000000000000000000000000000000000000000000000000000000>;
v0000017d1bc29860_0 .net "WE_mem", 0 0, v0000017d1bc502d0_0;  alias, 1 drivers
v0000017d1bc288c0_0 .net *"_ivl_0", 63 0, L_0000017d1bc2cac0;  1 drivers
v0000017d1bc29720_0 .net *"_ivl_2", 6 0, L_0000017d1bc2cd40;  1 drivers
L_0000017d1bc51ff0 .functor BUFT 1, C4<00>, C4<0>, C4<0>, C4<0>;
v0000017d1bc28a00_0 .net *"_ivl_5", 1 0, L_0000017d1bc51ff0;  1 drivers
v0000017d1bc292c0_0 .net "clk", 0 0, v0000017d1bc50190_0;  alias, 1 drivers
v0000017d1bc28fa0_0 .net "dIN", 63 0, v0000017d1bc28780_0;  alias, 1 drivers
v0000017d1bc29220_0 .net "dout", 63 0, L_0000017d1bbbd470;  alias, 1 drivers
v0000017d1bc29400_0 .net "final_address", 4 0, L_0000017d1bc2d420;  1 drivers
v0000017d1bc29540 .array "mem", 0 31, 63 0;
L_0000017d1bc2cac0 .array/port v0000017d1bc29540, L_0000017d1bc2cd40;
L_0000017d1bc2cd40 .concat [ 5 2 0 0], L_0000017d1bc2d420, L_0000017d1bc51ff0;
S_0000017d1bc2b820 .scope module, "u4" "MUX" 3 56, 8 1 0, S_0000017d1bbdbd90;
 .timescale -8 -10;
    .port_info 0 /INPUT 64 "a";
    .port_info 1 /INPUT 64 "b";
    .port_info 2 /INPUT 1 "select";
    .port_info 3 /OUTPUT 64 "result";
L_0000017d1bc52038 .functor BUFT 1, C4<1>, C4<0>, C4<0>, C4<0>;
L_0000017d1bbbd780 .functor XNOR 1, v0000017d1bc4fdd0_0, L_0000017d1bc52038, C4<0>, C4<0>;
v0000017d1bc295e0_0 .net/2u *"_ivl_0", 0 0, L_0000017d1bc52038;  1 drivers
v0000017d1bc297c0_0 .net *"_ivl_2", 0 0, L_0000017d1bbbd780;  1 drivers
v0000017d1bc299a0_0 .net "a", 63 0, L_0000017d1bbbdc50;  alias, 1 drivers
v0000017d1bc507d0_0 .net "b", 63 0, L_0000017d1bbbd470;  alias, 1 drivers
v0000017d1bc50230_0 .net "result", 63 0, L_0000017d1bc2ce80;  alias, 1 drivers
v0000017d1bc50550_0 .net "select", 0 0, v0000017d1bc4fdd0_0;  alias, 1 drivers
L_0000017d1bc2ce80 .functor MUXZ 64, L_0000017d1bbbd470, L_0000017d1bbbdc50, L_0000017d1bbbd780, C4<>;
    .scope S_0000017d1bb92ee0;
T_0 ;
    %wait E_0000017d1bbda200;
    %load/vec4 v0000017d1bbc73d0_0;
    %flag_set/vec4 8;
    %jmp/0xz  T_0.0, 8;
    %load/vec4 v0000017d1bbc78d0_0;
    %assign/vec4 v0000017d1bbc7f10_0, 0;
T_0.0 ;
    %jmp T_0;
    .thread T_0;
    .scope S_0000017d1bb879e0;
T_1 ;
    %wait E_0000017d1bbda200;
    %load/vec4 v0000017d1bbc82d0_0;
    %flag_set/vec4 8;
    %jmp/0xz  T_1.0, 8;
    %load/vec4 v0000017d1bbc71f0_0;
    %assign/vec4 v0000017d1bbc8730_0, 0;
T_1.0 ;
    %jmp T_1;
    .thread T_1;
    .scope S_0000017d1bb93c20;
T_2 ;
    %wait E_0000017d1bbda200;
    %load/vec4 v0000017d1bbc84b0_0;
    %flag_set/vec4 8;
    %jmp/0xz  T_2.0, 8;
    %load/vec4 v0000017d1bbc7a10_0;
    %assign/vec4 v0000017d1bbc80f0_0, 0;
T_2.0 ;
    %jmp T_2;
    .thread T_2;
    .scope S_0000017d1bb8eb70;
T_3 ;
    %wait E_0000017d1bbda200;
    %load/vec4 v0000017d1bbc8870_0;
    %flag_set/vec4 8;
    %jmp/0xz  T_3.0, 8;
    %load/vec4 v0000017d1bbc8af0_0;
    %assign/vec4 v0000017d1bbc8b90_0, 0;
T_3.0 ;
    %jmp T_3;
    .thread T_3;
    .scope S_0000017d1bb919a0;
T_4 ;
    %wait E_0000017d1bbda200;
    %load/vec4 v0000017d1bbbe490_0;
    %flag_set/vec4 8;
    %jmp/0xz  T_4.0, 8;
    %load/vec4 v0000017d1bbbe530_0;
    %assign/vec4 v0000017d1bbbec10_0, 0;
T_4.0 ;
    %jmp T_4;
    .thread T_4;
    .scope S_0000017d1bb7b210;
T_5 ;
    %wait E_0000017d1bbda200;
    %load/vec4 v0000017d1bbbed50_0;
    %flag_set/vec4 8;
    %jmp/0xz  T_5.0, 8;
    %load/vec4 v0000017d1bbbee90_0;
    %assign/vec4 v0000017d1bbbef30_0, 0;
T_5.0 ;
    %jmp T_5;
    .thread T_5;
    .scope S_0000017d1bc42e70;
T_6 ;
    %wait E_0000017d1bbda200;
    %load/vec4 v0000017d1bbbf070_0;
    %flag_set/vec4 8;
    %jmp/0xz  T_6.0, 8;
    %load/vec4 v0000017d1bbbe710_0;
    %assign/vec4 v0000017d1bbbe7b0_0, 0;
T_6.0 ;
    %jmp T_6;
    .thread T_6;
    .scope S_0000017d1bc426a0;
T_7 ;
    %wait E_0000017d1bbda200;
    %load/vec4 v0000017d1bc1f950_0;
    %flag_set/vec4 8;
    %jmp/0xz  T_7.0, 8;
    %load/vec4 v0000017d1bc1e230_0;
    %assign/vec4 v0000017d1bc1fef0_0, 0;
T_7.0 ;
    %jmp T_7;
    .thread T_7;
    .scope S_0000017d1bc429c0;
T_8 ;
    %wait E_0000017d1bbda200;
    %load/vec4 v0000017d1bc1fb30_0;
    %flag_set/vec4 8;
    %jmp/0xz  T_8.0, 8;
    %load/vec4 v0000017d1bc1e0f0_0;
    %assign/vec4 v0000017d1bc1eaf0_0, 0;
T_8.0 ;
    %jmp T_8;
    .thread T_8;
    .scope S_0000017d1bc42510;
T_9 ;
    %wait E_0000017d1bbda200;
    %load/vec4 v0000017d1bc1f630_0;
    %flag_set/vec4 8;
    %jmp/0xz  T_9.0, 8;
    %load/vec4 v0000017d1bc1f810_0;
    %assign/vec4 v0000017d1bc1fe50_0, 0;
T_9.0 ;
    %jmp T_9;
    .thread T_9;
    .scope S_0000017d1bc42ce0;
T_10 ;
    %wait E_0000017d1bbda200;
    %load/vec4 v0000017d1bc1e870_0;
    %flag_set/vec4 8;
    %jmp/0xz  T_10.0, 8;
    %load/vec4 v0000017d1bc1eb90_0;
    %assign/vec4 v0000017d1bc1f270_0, 0;
T_10.0 ;
    %jmp T_10;
    .thread T_10;
    .scope S_0000017d1bc20b50;
T_11 ;
    %wait E_0000017d1bbda200;
    %load/vec4 v0000017d1bc1e9b0_0;
    %flag_set/vec4 8;
    %jmp/0xz  T_11.0, 8;
    %load/vec4 v0000017d1bc1fbd0_0;
    %assign/vec4 v0000017d1bc1f450_0, 0;
T_11.0 ;
    %jmp T_11;
    .thread T_11;
    .scope S_0000017d1bc21000;
T_12 ;
    %wait E_0000017d1bbda200;
    %load/vec4 v0000017d1bc1fa90_0;
    %flag_set/vec4 8;
    %jmp/0xz  T_12.0, 8;
    %load/vec4 v0000017d1bc1eff0_0;
    %assign/vec4 v0000017d1bc1f130_0, 0;
T_12.0 ;
    %jmp T_12;
    .thread T_12;
    .scope S_0000017d1bc21c80;
T_13 ;
    %wait E_0000017d1bbda200;
    %load/vec4 v0000017d1bc1ef50_0;
    %flag_set/vec4 8;
    %jmp/0xz  T_13.0, 8;
    %load/vec4 v0000017d1bc1e050_0;
    %assign/vec4 v0000017d1bc1fd10_0, 0;
T_13.0 ;
    %jmp T_13;
    .thread T_13;
    .scope S_0000017d1bc21e10;
T_14 ;
    %wait E_0000017d1bbda200;
    %load/vec4 v0000017d1bc1ed70_0;
    %flag_set/vec4 8;
    %jmp/0xz  T_14.0, 8;
    %load/vec4 v0000017d1bc1f9f0_0;
    %assign/vec4 v0000017d1bc1f090_0, 0;
T_14.0 ;
    %jmp T_14;
    .thread T_14;
    .scope S_0000017d1bc20510;
T_15 ;
    %wait E_0000017d1bbda200;
    %load/vec4 v0000017d1bc1ee10_0;
    %flag_set/vec4 8;
    %jmp/0xz  T_15.0, 8;
    %load/vec4 v0000017d1bc1fdb0_0;
    %assign/vec4 v0000017d1bc1eeb0_0, 0;
T_15.0 ;
    %jmp T_15;
    .thread T_15;
    .scope S_0000017d1bc21640;
T_16 ;
    %wait E_0000017d1bbda200;
    %load/vec4 v0000017d1bc1f1d0_0;
    %flag_set/vec4 8;
    %jmp/0xz  T_16.0, 8;
    %load/vec4 v0000017d1bc1f310_0;
    %assign/vec4 v0000017d1bc1f3b0_0, 0;
T_16.0 ;
    %jmp T_16;
    .thread T_16;
    .scope S_0000017d1bc20e70;
T_17 ;
    %wait E_0000017d1bbda200;
    %load/vec4 v0000017d1bc1f770_0;
    %flag_set/vec4 8;
    %jmp/0xz  T_17.0, 8;
    %load/vec4 v0000017d1bc1f8b0_0;
    %assign/vec4 v0000017d1bc1e190_0, 0;
T_17.0 ;
    %jmp T_17;
    .thread T_17;
    .scope S_0000017d1bc206a0;
T_18 ;
    %wait E_0000017d1bbda200;
    %load/vec4 v0000017d1bc1e370_0;
    %flag_set/vec4 8;
    %jmp/0xz  T_18.0, 8;
    %load/vec4 v0000017d1bc1e5f0_0;
    %assign/vec4 v0000017d1bc1e690_0, 0;
T_18.0 ;
    %jmp T_18;
    .thread T_18;
    .scope S_0000017d1bc209c0;
T_19 ;
    %wait E_0000017d1bbda200;
    %load/vec4 v0000017d1bc1e7d0_0;
    %flag_set/vec4 8;
    %jmp/0xz  T_19.0, 8;
    %load/vec4 v0000017d1bc1ec30_0;
    %assign/vec4 v0000017d1bc25840_0, 0;
T_19.0 ;
    %jmp T_19;
    .thread T_19;
    .scope S_0000017d1bc20ce0;
T_20 ;
    %wait E_0000017d1bbda200;
    %load/vec4 v0000017d1bc24260_0;
    %flag_set/vec4 8;
    %jmp/0xz  T_20.0, 8;
    %load/vec4 v0000017d1bc24a80_0;
    %assign/vec4 v0000017d1bc25020_0, 0;
T_20.0 ;
    %jmp T_20;
    .thread T_20;
    .scope S_0000017d1bc27cb0;
T_21 ;
    %wait E_0000017d1bbda200;
    %load/vec4 v0000017d1bc24940_0;
    %flag_set/vec4 8;
    %jmp/0xz  T_21.0, 8;
    %load/vec4 v0000017d1bc24120_0;
    %assign/vec4 v0000017d1bc25480_0, 0;
T_21.0 ;
    %jmp T_21;
    .thread T_21;
    .scope S_0000017d1bc27800;
T_22 ;
    %wait E_0000017d1bbda200;
    %load/vec4 v0000017d1bc25520_0;
    %flag_set/vec4 8;
    %jmp/0xz  T_22.0, 8;
    %load/vec4 v0000017d1bc249e0_0;
    %assign/vec4 v0000017d1bc25b60_0, 0;
T_22.0 ;
    %jmp T_22;
    .thread T_22;
    .scope S_0000017d1bc26b80;
T_23 ;
    %wait E_0000017d1bbda200;
    %load/vec4 v0000017d1bc24b20_0;
    %flag_set/vec4 8;
    %jmp/0xz  T_23.0, 8;
    %load/vec4 v0000017d1bc25c00_0;
    %assign/vec4 v0000017d1bc24bc0_0, 0;
T_23.0 ;
    %jmp T_23;
    .thread T_23;
    .scope S_0000017d1bc26d10;
T_24 ;
    %wait E_0000017d1bbda200;
    %load/vec4 v0000017d1bc24c60_0;
    %flag_set/vec4 8;
    %jmp/0xz  T_24.0, 8;
    %load/vec4 v0000017d1bc258e0_0;
    %assign/vec4 v0000017d1bc25ac0_0, 0;
T_24.0 ;
    %jmp T_24;
    .thread T_24;
    .scope S_0000017d1bc27350;
T_25 ;
    %wait E_0000017d1bbda200;
    %load/vec4 v0000017d1bc24300_0;
    %flag_set/vec4 8;
    %jmp/0xz  T_25.0, 8;
    %load/vec4 v0000017d1bc25f20_0;
    %assign/vec4 v0000017d1bc25ca0_0, 0;
T_25.0 ;
    %jmp T_25;
    .thread T_25;
    .scope S_0000017d1bc27990;
T_26 ;
    %wait E_0000017d1bbda200;
    %load/vec4 v0000017d1bc25de0_0;
    %flag_set/vec4 8;
    %jmp/0xz  T_26.0, 8;
    %load/vec4 v0000017d1bc24d00_0;
    %assign/vec4 v0000017d1bc24da0_0, 0;
T_26.0 ;
    %jmp T_26;
    .thread T_26;
    .scope S_0000017d1bc266d0;
T_27 ;
    %wait E_0000017d1bbda200;
    %load/vec4 v0000017d1bc250c0_0;
    %flag_set/vec4 8;
    %jmp/0xz  T_27.0, 8;
    %load/vec4 v0000017d1bc25160_0;
    %assign/vec4 v0000017d1bc25980_0, 0;
T_27.0 ;
    %jmp T_27;
    .thread T_27;
    .scope S_0000017d1bc26860;
T_28 ;
    %wait E_0000017d1bbda200;
    %load/vec4 v0000017d1bc252a0_0;
    %flag_set/vec4 8;
    %jmp/0xz  T_28.0, 8;
    %load/vec4 v0000017d1bc253e0_0;
    %assign/vec4 v0000017d1bc24440_0, 0;
T_28.0 ;
    %jmp T_28;
    .thread T_28;
    .scope S_0000017d1bc26090;
T_29 ;
    %wait E_0000017d1bbda200;
    %load/vec4 v0000017d1bc25a20_0;
    %flag_set/vec4 8;
    %jmp/0xz  T_29.0, 8;
    %load/vec4 v0000017d1bc25e80_0;
    %assign/vec4 v0000017d1bc257a0_0, 0;
T_29.0 ;
    %jmp T_29;
    .thread T_29;
    .scope S_0000017d1bc271c0;
T_30 ;
    %wait E_0000017d1bbda200;
    %load/vec4 v0000017d1bc24580_0;
    %flag_set/vec4 8;
    %jmp/0xz  T_30.0, 8;
    %load/vec4 v0000017d1bc24620_0;
    %assign/vec4 v0000017d1bc255c0_0, 0;
T_30.0 ;
    %jmp T_30;
    .thread T_30;
    .scope S_0000017d1bb81030;
T_31 ;
    %wait E_0000017d1bbda200;
    %load/vec4 v0000017d1bbc8410_0;
    %flag_set/vec4 8;
    %jmp/0xz  T_31.0, 8;
    %load/vec4 v0000017d1bbc7650_0;
    %assign/vec4 v0000017d1bbc7790_0, 0;
T_31.0 ;
    %jmp T_31;
    .thread T_31;
    .scope S_0000017d1bb80ea0;
T_32 ;
    %pushi/vec4 0, 0, 32;
    %store/vec4 v0000017d1bc29040_0, 0, 32;
T_32.0 ;
    %load/vec4 v0000017d1bc29040_0;
    %cmpi/s 32, 0, 32;
    %jmp/0xz T_32.1, 5;
    %pushi/vec4 0, 0, 64;
    %ix/getv/s 3, v0000017d1bc29040_0;
    %ix/load 4, 0, 0; Constant delay
    %assign/vec4/a/d v0000017d1bc248a0, 0, 4;
    %load/vec4 v0000017d1bc29040_0;
    %addi 1, 0, 32;
    %store/vec4 v0000017d1bc29040_0, 0, 32;
    %jmp T_32.0;
T_32.1 ;
    %end;
    .thread T_32;
    .scope S_0000017d1bb80ea0;
T_33 ;
    %wait E_0000017d1bbdaac0;
    %pushi/vec4 0, 0, 32;
    %store/vec4 v0000017d1bc29ae0_0, 0, 32;
T_33.0 ;
    %load/vec4 v0000017d1bc29ae0_0;
    %cmpi/s 32, 0, 32;
    %jmp/0xz T_33.1, 5;
    %ix/getv/s 4, v0000017d1bc29ae0_0;
    %load/vec4a v0000017d1bc28500, 4;
    %ix/getv/s 3, v0000017d1bc29ae0_0;
    %ix/load 4, 0, 0; Constant delay
    %assign/vec4/a/d v0000017d1bc248a0, 0, 4;
    %load/vec4 v0000017d1bc29ae0_0;
    %addi 1, 0, 32;
    %store/vec4 v0000017d1bc29ae0_0, 0, 32;
    %jmp T_33.0;
T_33.1 ;
    %jmp T_33;
    .thread T_33, $push;
    .scope S_0000017d1bb80ea0;
T_34 ;
    %wait E_0000017d1bbda200;
    %load/vec4 v0000017d1bc25660_0;
    %pad/u 7;
    %ix/vec4 4;
    %load/vec4a v0000017d1bc28500, 4;
    %assign/vec4 v0000017d1bc28780_0, 0;
    %load/vec4 v0000017d1bc25700_0;
    %pad/u 7;
    %ix/vec4 4;
    %load/vec4a v0000017d1bc28500, 4;
    %assign/vec4 v0000017d1bc28b40_0, 0;
    %load/vec4 v0000017d1bc24760_0;
    %flag_set/vec4 8;
    %jmp/0xz  T_34.0, 8;
    %pushi/vec4 1, 0, 1;
    %ix/load 5, 0, 0;
    %ix/getv 4, v0000017d1bc246c0_0;
    %assign/vec4/off/d v0000017d1bc28be0_0, 4, 5;
T_34.0 ;
    %jmp T_34;
    .thread T_34;
    .scope S_0000017d1bc2bcd0;
T_35 ;
    %wait E_0000017d1bbda200;
    %load/vec4 v0000017d1bc29860_0;
    %flag_set/vec4 8;
    %jmp/0xz  T_35.0, 8;
    %load/vec4 v0000017d1bc28fa0_0;
    %load/vec4 v0000017d1bc29400_0;
    %pad/u 7;
    %ix/vec4 3;
    %ix/load 4, 0, 0; Constant delay
    %assign/vec4/a/d v0000017d1bc29540, 0, 4;
T_35.0 ;
    %jmp T_35;
    .thread T_35;
    .scope S_0000017d1bc2bcd0;
T_36 ;
    %pushi/vec4 100, 0, 64;
    %ix/load 4, 15, 0;
    %flag_set/imm 4, 0;
    %store/vec4a v0000017d1bc29540, 4, 0;
    %end;
    .thread T_36;
    .scope S_0000017d1bbd4720;
T_37 ;
    %vpi_call 2 44 "$monitor", "Ra = %d | OFFSET = %d | Rb = %d | Rw = %d | OP_MEM = %d | ADD_SUB = %d | We_reg = %d | WE_mem = %d | doutA[%d] = %d | doutB= %d | doutMem[%d] = %d", v0000017d1bc51090_0, v0000017d1bc51770_0, v0000017d1bc50730_0, v0000017d1bc51270_0, v0000017d1bc4fdd0_0, v0000017d1bc50690_0, v0000017d1bc518b0_0, v0000017d1bc502d0_0, v0000017d1bc51090_0, v0000017d1bc51310_0, v0000017d1bc50f50_0, v0000017d1bc51770_0, v0000017d1bc51450_0 {0 0 0};
    %pushi/vec4 0, 0, 64;
    %store/vec4 v0000017d1bc51770_0, 0, 64;
    %pushi/vec4 0, 0, 5;
    %store/vec4 v0000017d1bc51090_0, 0, 5;
    %pushi/vec4 0, 0, 5;
    %store/vec4 v0000017d1bc50730_0, 0, 5;
    %pushi/vec4 0, 0, 5;
    %store/vec4 v0000017d1bc51270_0, 0, 5;
    %pushi/vec4 0, 0, 1;
    %store/vec4 v0000017d1bc502d0_0, 0, 1;
    %pushi/vec4 0, 0, 1;
    %store/vec4 v0000017d1bc518b0_0, 0, 1;
    %pushi/vec4 0, 0, 1;
    %store/vec4 v0000017d1bc50690_0, 0, 1;
    %pushi/vec4 1, 0, 1;
    %store/vec4 v0000017d1bc4fdd0_0, 0, 1;
    %pushi/vec4 0, 0, 1;
    %store/vec4 v0000017d1bc50190_0, 0, 1;
    %delay 5000, 0;
    %pushi/vec4 0, 0, 64;
    %store/vec4 v0000017d1bc51770_0, 0, 64;
    %pushi/vec4 1, 0, 5;
    %store/vec4 v0000017d1bc51270_0, 0, 5;
    %pushi/vec4 1, 0, 1;
    %store/vec4 v0000017d1bc518b0_0, 0, 1;
    %delay 5000, 0;
    %pushi/vec4 1, 0, 64;
    %store/vec4 v0000017d1bc51770_0, 0, 64;
    %pushi/vec4 2, 0, 5;
    %store/vec4 v0000017d1bc51270_0, 0, 5;
    %delay 5000, 0;
    %pushi/vec4 0, 0, 1;
    %store/vec4 v0000017d1bc518b0_0, 0, 1;
    %pushi/vec4 0, 0, 5;
    %store/vec4 v0000017d1bc51270_0, 0, 5;
    %delay 5000, 0;
    %pushi/vec4 2, 0, 5;
    %store/vec4 v0000017d1bc51090_0, 0, 5;
    %pushi/vec4 1, 0, 5;
    %store/vec4 v0000017d1bc50730_0, 0, 5;
    %pushi/vec4 3, 0, 5;
    %store/vec4 v0000017d1bc51270_0, 0, 5;
    %pushi/vec4 0, 0, 1;
    %store/vec4 v0000017d1bc4fdd0_0, 0, 1;
    %pushi/vec4 0, 0, 1;
    %store/vec4 v0000017d1bc50690_0, 0, 1;
    %delay 5000, 0;
    %pushi/vec4 3, 0, 5;
    %store/vec4 v0000017d1bc51090_0, 0, 5;
    %pushi/vec4 1, 0, 5;
    %store/vec4 v0000017d1bc50730_0, 0, 5;
    %pushi/vec4 4, 0, 5;
    %store/vec4 v0000017d1bc51270_0, 0, 5;
    %delay 5000, 0;
    %pushi/vec4 1, 0, 1;
    %store/vec4 v0000017d1bc4fdd0_0, 0, 1;
    %delay 5000, 0;
    %pushi/vec4 3, 0, 5;
    %store/vec4 v0000017d1bc51090_0, 0, 5;
    %pushi/vec4 2, 0, 64;
    %store/vec4 v0000017d1bc51770_0, 0, 64;
    %pushi/vec4 1, 0, 1;
    %store/vec4 v0000017d1bc502d0_0, 0, 1;
    %delay 5000, 0;
    %pushi/vec4 4, 0, 5;
    %store/vec4 v0000017d1bc51090_0, 0, 5;
    %pushi/vec4 3, 0, 64;
    %store/vec4 v0000017d1bc51770_0, 0, 64;
    %delay 5000, 0;
    %pushi/vec4 0, 0, 1;
    %store/vec4 v0000017d1bc502d0_0, 0, 1;
    %end;
    .thread T_37;
    .scope S_0000017d1bbd4720;
T_38 ;
    %delay 1000, 0;
    %load/vec4 v0000017d1bc50190_0;
    %inv;
    %store/vec4 v0000017d1bc50190_0, 0, 1;
    %jmp T_38;
    .thread T_38;
# The file index is used to find the file name in the following table.
:file_names 10;
    "N/A";
    "<interactive>";
    ".\FD_tb.v";
    ".\FD.v";
    ".\Reg_Banco.v";
    ".\RegNbits.v";
    ".\operacao_memoria.v";
    ".\ULA.v";
    ".\MUX.v";
    ".\Memoria.v";
