#! /c/Source/iverilog-install/bin/vvp
:ivl_version "12.0 (devel)" "(s20150603-1110-g18392a46)";
:ivl_delay_selection "TYPICAL";
:vpi_time_precision + 0;
:vpi_module "C:\Users\Marcelo\iverilog\lib\ivl\system.vpi";
:vpi_module "C:\Users\Marcelo\iverilog\lib\ivl\vhdl_sys.vpi";
:vpi_module "C:\Users\Marcelo\iverilog\lib\ivl\vhdl_textio.vpi";
:vpi_module "C:\Users\Marcelo\iverilog\lib\ivl\v2005_math.vpi";
:vpi_module "C:\Users\Marcelo\iverilog\lib\ivl\va_math.vpi";
S_000001ef93979f70 .scope module, "Memoria" "Memoria" 2 1;
 .timescale 0 0;
    .port_info 0 /INPUT 64 "dIn";
    .port_info 1 /INPUT 32 "PC";
    .port_info 2 /INPUT 5 "address";
    .port_info 3 /INPUT 1 "WE";
    .port_info 4 /INPUT 1 "clk";
    .port_info 5 /OUTPUT 32 "instruction";
    .port_info 6 /OUTPUT 64 "data_out";
L_000001ef9397c0e0 .functor BUFZ 32, L_000001ef93a1c6c0, C4<00000000000000000000000000000000>, C4<00000000000000000000000000000000>, C4<00000000000000000000000000000000>;
o000001ef93982228 .functor BUFZ 32, C4<zzzzzzzzzzzzzzzzzzzzzzzzzzzzzzzz>; HiZ drive
v000001ef939738f0_0 .net "PC", 31 0, o000001ef93982228;  0 drivers
o000001ef93981fb8 .functor BUFZ 1, C4<z>; HiZ drive
v000001ef93973530_0 .net "WE", 0 0, o000001ef93981fb8;  0 drivers
o000001ef93982078 .functor BUFZ 5, C4<zzzzz>; HiZ drive
v000001ef939732b0_0 .net "address", 4 0, o000001ef93982078;  0 drivers
o000001ef939820a8 .functor BUFZ 1, C4<z>; HiZ drive
v000001ef939735d0_0 .net "clk", 0 0, o000001ef939820a8;  0 drivers
o000001ef939820d8 .functor BUFZ 64, C4<zzzzzzzzzzzzzzzzzzzzzzzzzzzzzzzzzzzzzzzzzzzzzzzzzzzzzzzzzzzzzzzz>; HiZ drive
v000001ef93973df0_0 .net "dIn", 63 0, o000001ef939820d8;  0 drivers
v000001ef93973e90_0 .net "data_out", 63 0, L_000001ef9397c3f0;  1 drivers
v000001ef93973990_0 .net "instruction", 31 0, L_000001ef9397c0e0;  1 drivers
v000001ef93974070_0 .net "instruction_interno", 31 0, L_000001ef93a1c6c0;  1 drivers
S_000001ef9397a100 .scope module, "data_memory" "data_memory" 2 15, 3 1 0, S_000001ef93979f70;
 .timescale 0 0;
    .port_info 0 /INPUT 5 "address";
    .port_info 1 /INPUT 1 "WE_mem";
    .port_info 2 /INPUT 1 "clk";
    .port_info 3 /INPUT 64 "dIN";
    .port_info 4 /OUTPUT 64 "dout";
L_000001ef9397c3f0 .functor BUFZ 64, L_000001ef93973f30, C4<0000000000000000000000000000000000000000000000000000000000000000>, C4<0000000000000000000000000000000000000000000000000000000000000000>, C4<0000000000000000000000000000000000000000000000000000000000000000>;
v000001ef939438b0_0 .net "WE_mem", 0 0, o000001ef93981fb8;  alias, 0 drivers
v000001ef93967650_0 .net *"_ivl_0", 63 0, L_000001ef93973f30;  1 drivers
v000001ef9397a290_0 .net *"_ivl_2", 6 0, L_000001ef939737b0;  1 drivers
L_000001ef939d4048 .functor BUFT 1, C4<00>, C4<0>, C4<0>, C4<0>;
v000001ef9397a330_0 .net *"_ivl_5", 1 0, L_000001ef939d4048;  1 drivers
v000001ef9382d020_0 .net "address", 4 0, o000001ef93982078;  alias, 0 drivers
v000001ef9382d0c0_0 .net "clk", 0 0, o000001ef939820a8;  alias, 0 drivers
v000001ef9382d160_0 .net "dIN", 63 0, o000001ef939820d8;  alias, 0 drivers
v000001ef9382d200_0 .net "dout", 63 0, L_000001ef9397c3f0;  alias, 1 drivers
v000001ef93973170 .array "mem", 0 31, 63 0;
E_000001ef9396a0d0 .event posedge, v000001ef9382d0c0_0;
L_000001ef93973f30 .array/port v000001ef93973170, L_000001ef939737b0;
L_000001ef939737b0 .concat [ 5 2 0 0], o000001ef93982078, L_000001ef939d4048;
S_000001ef9382d2a0 .scope module, "instruction_memory" "instruction_memory" 2 23, 4 1 0, S_000001ef93979f70;
 .timescale 0 0;
    .port_info 0 /INPUT 32 "PC";
    .port_info 1 /OUTPUT 32 "instruction";
L_000001ef93a1c6c0 .functor BUFZ 32, L_000001ef93973670, C4<00000000000000000000000000000000>, C4<00000000000000000000000000000000>, C4<00000000000000000000000000000000>;
v000001ef93973850_0 .net "PC", 31 0, o000001ef93982228;  alias, 0 drivers
v000001ef93973210_0 .net *"_ivl_0", 31 0, L_000001ef93973670;  1 drivers
v000001ef939733f0_0 .net "instruction", 31 0, L_000001ef93a1c6c0;  alias, 1 drivers
v000001ef93973490 .array "mem", 0 127, 31 0;
L_000001ef93973670 .array/port v000001ef93973490, o000001ef93982228;
    .scope S_000001ef9397a100;
T_0 ;
    %wait E_000001ef9396a0d0;
    %load/vec4 v000001ef939438b0_0;
    %flag_set/vec4 8;
    %jmp/0xz  T_0.0, 8;
    %load/vec4 v000001ef9382d160_0;
    %load/vec4 v000001ef9382d020_0;
    %pad/u 7;
    %ix/vec4 3;
    %ix/load 4, 0, 0; Constant delay
    %assign/vec4/a/d v000001ef93973170, 0, 4;
T_0.0 ;
    %jmp T_0;
    .thread T_0;
    .scope S_000001ef9397a100;
T_1 ;
    %pushi/vec4 0, 0, 64;
    %ix/load 4, 0, 0;
    %flag_set/imm 4, 0;
    %store/vec4a v000001ef93973170, 4, 0;
    %pushi/vec4 10, 0, 64;
    %ix/load 4, 1, 0;
    %flag_set/imm 4, 0;
    %store/vec4a v000001ef93973170, 4, 0;
    %pushi/vec4 20, 0, 64;
    %ix/load 4, 2, 0;
    %flag_set/imm 4, 0;
    %store/vec4a v000001ef93973170, 4, 0;
    %pushi/vec4 30, 0, 64;
    %ix/load 4, 3, 0;
    %flag_set/imm 4, 0;
    %store/vec4a v000001ef93973170, 4, 0;
    %pushi/vec4 40, 0, 64;
    %ix/load 4, 4, 0;
    %flag_set/imm 4, 0;
    %store/vec4a v000001ef93973170, 4, 0;
    %pushi/vec4 4294967295, 0, 32;
    %concati/vec4 4294967286, 0, 32;
    %ix/load 4, 5, 0;
    %flag_set/imm 4, 0;
    %store/vec4a v000001ef93973170, 4, 0;
    %end;
    .thread T_1;
    .scope S_000001ef9382d2a0;
T_2 ;
    %pushi/vec4 0, 0, 32;
    %ix/load 4, 0, 0;
    %flag_set/imm 4, 0;
    %store/vec4a v000001ef93973490, 4, 0;
    %pushi/vec4 1052803, 0, 32;
    %ix/load 4, 4, 0;
    %flag_set/imm 4, 0;
    %store/vec4a v000001ef93973490, 4, 0;
    %pushi/vec4 2101507, 0, 32;
    %ix/load 4, 8, 0;
    %flag_set/imm 4, 0;
    %store/vec4a v000001ef93973490, 4, 0;
    %pushi/vec4 2130355, 0, 32;
    %ix/load 4, 12, 0;
    %flag_set/imm 4, 0;
    %store/vec4a v000001ef93973490, 4, 0;
    %pushi/vec4 1147443, 0, 32;
    %ix/load 4, 16, 0;
    %flag_set/imm 4, 0;
    %store/vec4a v000001ef93973490, 4, 0;
    %pushi/vec4 106915, 0, 32;
    %ix/load 4, 20, 0;
    %flag_set/imm 4, 0;
    %store/vec4a v000001ef93973490, 4, 0;
    %pushi/vec4 139811, 0, 32;
    %ix/load 4, 24, 0;
    %flag_set/imm 4, 0;
    %store/vec4a v000001ef93973490, 4, 0;
    %pushi/vec4 10626195, 0, 32;
    %ix/load 4, 28, 0;
    %flag_set/imm 4, 0;
    %store/vec4a v000001ef93973490, 4, 0;
    %pushi/vec4 304291, 0, 32;
    %ix/load 4, 32, 0;
    %flag_set/imm 4, 0;
    %store/vec4a v000001ef93973490, 4, 0;
    %pushi/vec4 3245155, 0, 32;
    %ix/load 4, 36, 0;
    %flag_set/imm 4, 0;
    %store/vec4a v000001ef93973490, 4, 0;
    %pushi/vec4 0, 0, 32;
    %ix/load 4, 40, 0;
    %flag_set/imm 4, 0;
    %store/vec4a v000001ef93973490, 4, 0;
    %pushi/vec4 2130611, 0, 32;
    %ix/load 4, 44, 0;
    %flag_set/imm 4, 0;
    %store/vec4a v000001ef93973490, 4, 0;
    %pushi/vec4 8390127, 0, 32;
    %ix/load 4, 48, 0;
    %flag_set/imm 4, 0;
    %store/vec4a v000001ef93973490, 4, 0;
    %pushi/vec4 8750951, 0, 32;
    %ix/load 4, 56, 0;
    %flag_set/imm 4, 0;
    %store/vec4a v000001ef93973490, 4, 0;
    %pushi/vec4 5247747, 0, 32;
    %ix/load 4, 60, 0;
    %flag_set/imm 4, 0;
    %store/vec4a v000001ef93973490, 4, 0;
    %pushi/vec4 6325171, 0, 32;
    %ix/load 4, 64, 0;
    %flag_set/imm 4, 0;
    %store/vec4a v000001ef93973490, 4, 0;
    %pushi/vec4 1115187, 0, 32;
    %ix/load 4, 68, 0;
    %flag_set/imm 4, 0;
    %store/vec4a v000001ef93973490, 4, 0;
    %pushi/vec4 5399, 0, 32;
    %ix/load 4, 72, 0;
    %flag_set/imm 4, 0;
    %store/vec4a v000001ef93973490, 4, 0;
    %end;
    .thread T_2;
# The file index is used to find the file name in the following table.
:file_names 5;
    "N/A";
    "<interactive>";
    ".\Memoria.v";
    ".\data_memory.v";
    ".\instruction_memory.v";
