#! /c/Source/iverilog-install/bin/vvp
:ivl_version "12.0 (devel)" "(s20150603-1539-g2693dd32b)";
:ivl_delay_selection "TYPICAL";
:vpi_time_precision - 10;
:vpi_module "C:\iverilog\lib\ivl\system.vpi";
:vpi_module "C:\iverilog\lib\ivl\vhdl_sys.vpi";
:vpi_module "C:\iverilog\lib\ivl\vhdl_textio.vpi";
:vpi_module "C:\iverilog\lib\ivl\v2005_math.vpi";
:vpi_module "C:\iverilog\lib\ivl\va_math.vpi";
S_000001e1b033b4a0 .scope module, "Multiplicador8bits_tb" "Multiplicador8bits_tb" 2 3;
 .timescale -8 -10;
v000001e1b04e2f60_0 .var "CLK_tb", 0 0;
v000001e1b04e3000_0 .var "M1_tb", 7 0;
v000001e1b04e3870_0 .var "M2_tb", 7 0;
v000001e1b04e35f0_0 .var "RESET_tb", 0 0;
v000001e1b04e37d0_0 .net "RES_tb", 15 0, L_000001e1b04ecbf0;  1 drivers
v000001e1b04e34b0_0 .var "lAR_tb", 0 0;
v000001e1b04e3550_0 .var "lBR_tb", 0 0;
v000001e1b04e3690_0 .var "lPR_tb", 0 0;
S_000001e1b033b630 .scope module, "uut" "Multiplicador8bits" 2 11, 3 9 0, S_000001e1b033b4a0;
 .timescale -8 -10;
    .port_info 0 /INPUT 1 "load_AR";
    .port_info 1 /INPUT 1 "load_BR";
    .port_info 2 /INPUT 1 "load_PR";
    .port_info 3 /INPUT 8 "mult1";
    .port_info 4 /INPUT 8 "mult2";
    .port_info 5 /INPUT 1 "CLK";
    .port_info 6 /INPUT 1 "RESET";
    .port_info 7 /OUTPUT 16 "result";
P_000001e1b0336fe0 .param/l "COMECA" 0 3 22, C4<01>;
P_000001e1b0337018 .param/l "IDLE" 0 3 22, C4<00>;
P_000001e1b0337050 .param/l "MULT" 0 3 22, C4<10>;
P_000001e1b0337088 .param/l "VALOR" 0 3 22, C4<11>;
L_000001e1b04ecbf0 .functor BUFZ 16, v000001e1b03365b0_0, C4<0000000000000000>, C4<0000000000000000>, C4<0000000000000000>;
v000001e1b033b7c0_0 .var "AR", 7 0;
v000001e1b0336470_0 .var "BR", 7 0;
v000001e1b0336510_0 .net "CLK", 0 0, v000001e1b04e2f60_0;  1 drivers
v000001e1b03365b0_0 .var "PR", 15 0;
v000001e1b0336650_0 .net "RESET", 0 0, v000001e1b04e35f0_0;  1 drivers
v000001e1b03366f0_0 .var "estado", 1 0;
v000001e1b0336790_0 .net "load_AR", 0 0, v000001e1b04e34b0_0;  1 drivers
v000001e1b0336830_0 .net "load_BR", 0 0, v000001e1b04e3550_0;  1 drivers
v000001e1b0535030_0 .net "load_PR", 0 0, v000001e1b04e3690_0;  1 drivers
v000001e1b05350d0_0 .net "mult1", 7 0, v000001e1b04e3000_0;  1 drivers
v000001e1b0535170_0 .net "mult2", 7 0, v000001e1b04e3870_0;  1 drivers
v000001e1b0535210_0 .net "result", 15 0, L_000001e1b04ecbf0;  alias, 1 drivers
E_000001e1b04d6eb0 .event posedge, v000001e1b0336510_0;
E_000001e1b04d6d30 .event posedge, v000001e1b0336650_0, v000001e1b0336510_0;
    .scope S_000001e1b033b630;
T_0 ;
    %wait E_000001e1b04d6d30;
    %load/vec4 v000001e1b0336650_0;
    %pad/u 32;
    %cmpi/e 1, 0, 32;
    %jmp/0xz  T_0.0, 4;
    %pushi/vec4 0, 0, 2;
    %assign/vec4 v000001e1b03366f0_0, 0;
    %jmp T_0.1;
T_0.0 ;
    %load/vec4 v000001e1b03366f0_0;
    %dup/vec4;
    %pushi/vec4 0, 0, 2;
    %cmp/u;
    %jmp/1 T_0.2, 6;
    %dup/vec4;
    %pushi/vec4 1, 0, 2;
    %cmp/u;
    %jmp/1 T_0.3, 6;
    %dup/vec4;
    %pushi/vec4 2, 0, 2;
    %cmp/u;
    %jmp/1 T_0.4, 6;
    %dup/vec4;
    %pushi/vec4 3, 0, 2;
    %cmp/u;
    %jmp/1 T_0.5, 6;
    %jmp T_0.6;
T_0.2 ;
    %load/vec4 v000001e1b03365b0_0;
    %pad/u 32;
    %cmpi/e 0, 0, 32;
    %jmp/0xz  T_0.7, 4;
    %pushi/vec4 1, 0, 2;
    %assign/vec4 v000001e1b03366f0_0, 0;
T_0.7 ;
    %jmp T_0.6;
T_0.3 ;
    %load/vec4 v000001e1b033b7c0_0;
    %pad/u 32;
    %cmpi/e 0, 0, 32;
    %jmp/0xz  T_0.9, 4;
    %pushi/vec4 3, 0, 2;
    %assign/vec4 v000001e1b03366f0_0, 0;
    %jmp T_0.10;
T_0.9 ;
    %pushi/vec4 2, 0, 2;
    %assign/vec4 v000001e1b03366f0_0, 0;
T_0.10 ;
    %jmp T_0.6;
T_0.4 ;
    %load/vec4 v000001e1b033b7c0_0;
    %pad/u 32;
    %cmpi/e 1, 0, 32;
    %jmp/0xz  T_0.11, 4;
    %pushi/vec4 3, 0, 2;
    %assign/vec4 v000001e1b03366f0_0, 0;
    %jmp T_0.12;
T_0.11 ;
    %pushi/vec4 2, 0, 2;
    %assign/vec4 v000001e1b03366f0_0, 0;
T_0.12 ;
    %jmp T_0.6;
T_0.5 ;
    %pushi/vec4 0, 0, 2;
    %assign/vec4 v000001e1b03366f0_0, 0;
    %jmp T_0.6;
T_0.6 ;
    %pop/vec4 1;
T_0.1 ;
    %jmp T_0;
    .thread T_0;
    .scope S_000001e1b033b630;
T_1 ;
    %wait E_000001e1b04d6eb0;
    %load/vec4 v000001e1b03366f0_0;
    %dup/vec4;
    %pushi/vec4 0, 0, 2;
    %cmp/u;
    %jmp/1 T_1.0, 6;
    %dup/vec4;
    %pushi/vec4 1, 0, 2;
    %cmp/u;
    %jmp/1 T_1.1, 6;
    %dup/vec4;
    %pushi/vec4 2, 0, 2;
    %cmp/u;
    %jmp/1 T_1.2, 6;
    %jmp T_1.3;
T_1.0 ;
    %load/vec4 v000001e1b0535030_0;
    %pad/u 32;
    %cmpi/e 1, 0, 32;
    %jmp/0xz  T_1.4, 4;
    %pushi/vec4 0, 0, 16;
    %assign/vec4 v000001e1b03365b0_0, 0;
T_1.4 ;
    %jmp T_1.3;
T_1.1 ;
    %load/vec4 v000001e1b0336790_0;
    %pad/u 32;
    %cmpi/e 1, 0, 32;
    %jmp/0xz  T_1.6, 4;
    %load/vec4 v000001e1b05350d0_0;
    %assign/vec4 v000001e1b033b7c0_0, 0;
T_1.6 ;
    %load/vec4 v000001e1b0336830_0;
    %pad/u 32;
    %cmpi/e 1, 0, 32;
    %jmp/0xz  T_1.8, 4;
    %load/vec4 v000001e1b0535170_0;
    %assign/vec4 v000001e1b0336470_0, 0;
T_1.8 ;
    %jmp T_1.3;
T_1.2 ;
    %load/vec4 v000001e1b033b7c0_0;
    %subi 1, 0, 8;
    %assign/vec4 v000001e1b033b7c0_0, 0;
    %load/vec4 v000001e1b03365b0_0;
    %load/vec4 v000001e1b0336470_0;
    %pad/u 16;
    %add;
    %assign/vec4 v000001e1b03365b0_0, 0;
    %jmp T_1.3;
T_1.3 ;
    %pop/vec4 1;
    %jmp T_1;
    .thread T_1;
    .scope S_000001e1b033b4a0;
T_2 ;
    %vpi_call 2 23 "$monitor", "M1 = %d || M2 = %d || RES = %d", v000001e1b04e3000_0, v000001e1b04e3870_0, v000001e1b04e37d0_0 {0 0 0};
    %pushi/vec4 1, 0, 1;
    %store/vec4 v000001e1b04e2f60_0, 0, 1;
    %pushi/vec4 1, 0, 1;
    %store/vec4 v000001e1b04e34b0_0, 0, 1;
    %pushi/vec4 1, 0, 1;
    %store/vec4 v000001e1b04e3550_0, 0, 1;
    %pushi/vec4 1, 0, 1;
    %store/vec4 v000001e1b04e3690_0, 0, 1;
    %pushi/vec4 1, 0, 1;
    %store/vec4 v000001e1b04e35f0_0, 0, 1;
    %delay 1000, 0;
    %pushi/vec4 0, 0, 1;
    %store/vec4 v000001e1b04e35f0_0, 0, 1;
    %delay 1000, 0;
    %pushi/vec4 19, 0, 8;
    %store/vec4 v000001e1b04e3000_0, 0, 8;
    %pushi/vec4 32, 0, 8;
    %store/vec4 v000001e1b04e3870_0, 0, 8;
    %end;
    .thread T_2;
    .scope S_000001e1b033b4a0;
T_3 ;
    %delay 1000, 0;
    %load/vec4 v000001e1b04e2f60_0;
    %inv;
    %store/vec4 v000001e1b04e2f60_0, 0, 1;
    %jmp T_3;
    .thread T_3;
# The file index is used to find the file name in the following table.
:file_names 4;
    "N/A";
    "<interactive>";
    ".\Multiplicador8bits_tb.v";
    ".\Multiplicador8bits.v";
