#! /c/Source/iverilog-install/bin/vvp
:ivl_version "12.0 (devel)" "(s20150603-1539-g2693dd32b)";
:ivl_delay_selection "TYPICAL";
:vpi_time_precision - 10;
:vpi_module "C:\iverilog\lib\ivl\system.vpi";
:vpi_module "C:\iverilog\lib\ivl\vhdl_sys.vpi";
:vpi_module "C:\iverilog\lib\ivl\vhdl_textio.vpi";
:vpi_module "C:\iverilog\lib\ivl\v2005_math.vpi";
:vpi_module "C:\iverilog\lib\ivl\va_math.vpi";
S_0000023dd66978b0 .scope module, "FD_loadstore_tb" "FD_loadstore_tb" 2 3;
 .timescale -8 -10;
v0000023dd682f340_0 .var "OFFSET_tb", 4 0;
v0000023dd6830ba0_0 .var "Ra_tb", 4 0;
v0000023dd682f3e0_0 .var "Rb_tb", 4 0;
v0000023dd682fca0_0 .var "Rw_tb", 4 0;
v0000023dd682f480_0 .var "WE_mem_tb", 0 0;
v0000023dd682fe80_0 .var "WE_reg_tb", 0 0;
v0000023dd6830560_0 .var "clk_tb", 0 0;
v0000023dd682f7a0_0 .var "dIN_tb", 63 0;
v0000023dd6830600_0 .net "doutA_tb", 63 0, v0000023dd6739ec0_0;  1 drivers
v0000023dd682ff20_0 .net "doutB_tb", 63 0, v0000023dd67388e0_0;  1 drivers
S_0000023dd6697a40 .scope module, "uut" "FD_loadstore" 2 16, 3 1 0, S_0000023dd66978b0;
 .timescale -8 -10;
    .port_info 0 /INPUT 5 "Ra";
    .port_info 1 /INPUT 5 "Rb";
    .port_info 2 /INPUT 5 "Rw";
    .port_info 3 /INPUT 1 "WE_reg";
    .port_info 4 /INPUT 1 "WE_mem";
    .port_info 5 /INPUT 64 "dIN";
    .port_info 6 /OUTPUT 64 "doutA";
    .port_info 7 /OUTPUT 64 "doutB";
    .port_info 8 /INPUT 1 "clk";
    .port_info 9 /INPUT 5 "OFFSET";
v0000023dd682f980_0 .net "OFFSET", 4 0, v0000023dd682f340_0;  1 drivers
v0000023dd6830240_0 .net "Ra", 4 0, v0000023dd6830ba0_0;  1 drivers
v0000023dd682f0c0_0 .net "Rb", 4 0, v0000023dd682f3e0_0;  1 drivers
v0000023dd682f200_0 .net "Rw", 4 0, v0000023dd682fca0_0;  1 drivers
v0000023dd682f660_0 .net "WE_mem", 0 0, v0000023dd682f480_0;  1 drivers
v0000023dd68306a0_0 .net "WE_reg", 0 0, v0000023dd682fe80_0;  1 drivers
v0000023dd682fb60_0 .net *"_ivl_1", 4 0, L_0000023dd682ffc0;  1 drivers
v0000023dd6830c40_0 .net "clk", 0 0, v0000023dd6830560_0;  1 drivers
v0000023dd682f700_0 .net "dIN", 63 0, v0000023dd682f7a0_0;  1 drivers
v0000023dd682f2a0_0 .net "doutA", 63 0, v0000023dd6739ec0_0;  alias, 1 drivers
v0000023dd682fac0_0 .net "doutB", 63 0, v0000023dd67388e0_0;  alias, 1 drivers
v0000023dd68309c0_0 .net "final_address", 4 0, L_0000023dd6830060;  1 drivers
v0000023dd682fc00_0 .net "regIN_memOUT", 63 0, v0000023dd682ef80_0;  1 drivers
L_0000023dd682ffc0 .part v0000023dd6739ec0_0, 0, 5;
L_0000023dd6830060 .arith/sum 5, L_0000023dd682ffc0, v0000023dd682f340_0;
S_0000023dd66a0430 .scope module, "u1" "Reg_Banco" 3 19, 4 1 0, S_0000023dd6697a40;
 .timescale -8 -10;
    .port_info 0 /INPUT 5 "Ra";
    .port_info 1 /INPUT 5 "Rb";
    .port_info 2 /INPUT 5 "Rw";
    .port_info 3 /INPUT 1 "WE_Reg";
    .port_info 4 /INPUT 64 "dIN";
    .port_info 5 /OUTPUT 64 "doutA";
    .port_info 6 /OUTPUT 64 "doutB";
    .port_info 7 /INPUT 1 "clk";
v0000023dd6738de0_0 .net "Ra", 4 0, v0000023dd6830ba0_0;  alias, 1 drivers
v0000023dd6739b00_0 .net "Rb", 4 0, v0000023dd682f3e0_0;  alias, 1 drivers
v0000023dd6739d80_0 .net "Rw", 4 0, v0000023dd682fca0_0;  alias, 1 drivers
v0000023dd673a140_0 .net "WE_Reg", 0 0, v0000023dd682fe80_0;  alias, 1 drivers
v0000023dd673a280 .array "banco_registradores", 0 31, 63 0;
v0000023dd6739ba0 .array "banco_registradores_wire", 0 31;
v0000023dd6739ba0_0 .net v0000023dd6739ba0 0, 63 0, v0000023dd670a6e0_0; 1 drivers
v0000023dd6739ba0_1 .net v0000023dd6739ba0 1, 63 0, v0000023dd670b400_0; 1 drivers
v0000023dd6739ba0_2 .net v0000023dd6739ba0 2, 63 0, v0000023dd670a820_0; 1 drivers
v0000023dd6739ba0_3 .net v0000023dd6739ba0 3, 63 0, v0000023dd670b4a0_0; 1 drivers
v0000023dd6739ba0_4 .net v0000023dd6739ba0 4, 63 0, v0000023dd670b720_0; 1 drivers
v0000023dd6739ba0_5 .net v0000023dd6739ba0 5, 63 0, v0000023dd670a3c0_0; 1 drivers
v0000023dd6739ba0_6 .net v0000023dd6739ba0 6, 63 0, v0000023dd66f8b10_0; 1 drivers
v0000023dd6739ba0_7 .net v0000023dd6739ba0 7, 63 0, v0000023dd66f9c90_0; 1 drivers
v0000023dd6739ba0_8 .net v0000023dd6739ba0 8, 63 0, v0000023dd66f8d90_0; 1 drivers
v0000023dd6739ba0_9 .net v0000023dd6739ba0 9, 63 0, v0000023dd66f9290_0; 1 drivers
v0000023dd6739ba0_10 .net v0000023dd6739ba0 10, 63 0, v0000023dd66fa0f0_0; 1 drivers
v0000023dd6739ba0_11 .net v0000023dd6739ba0 11, 63 0, v0000023dd66f8570_0; 1 drivers
v0000023dd6739ba0_12 .net v0000023dd6739ba0 12, 63 0, v0000023dd66f0330_0; 1 drivers
v0000023dd6739ba0_13 .net v0000023dd6739ba0 13, 63 0, v0000023dd66f0ab0_0; 1 drivers
v0000023dd6739ba0_14 .net v0000023dd6739ba0 14, 63 0, v0000023dd66f0f10_0; 1 drivers
v0000023dd6739ba0_15 .net v0000023dd6739ba0 15, 63 0, v0000023dd6734fa0_0; 1 drivers
v0000023dd6739ba0_16 .net v0000023dd6739ba0 16, 63 0, v0000023dd6735fe0_0; 1 drivers
v0000023dd6739ba0_17 .net v0000023dd6739ba0 17, 63 0, v0000023dd6734aa0_0; 1 drivers
v0000023dd6739ba0_18 .net v0000023dd6739ba0 18, 63 0, v0000023dd67355e0_0; 1 drivers
v0000023dd6739ba0_19 .net v0000023dd6739ba0 19, 63 0, v0000023dd6735cc0_0; 1 drivers
v0000023dd6739ba0_20 .net v0000023dd6739ba0 20, 63 0, v0000023dd6734780_0; 1 drivers
v0000023dd6739ba0_21 .net v0000023dd6739ba0 21, 63 0, v0000023dd6734d20_0; 1 drivers
v0000023dd6739ba0_22 .net v0000023dd6739ba0 22, 63 0, v0000023dd67352c0_0; 1 drivers
v0000023dd6739ba0_23 .net v0000023dd6739ba0 23, 63 0, v0000023dd67350e0_0; 1 drivers
v0000023dd6739ba0_24 .net v0000023dd6739ba0 24, 63 0, v0000023dd6735720_0; 1 drivers
v0000023dd6739ba0_25 .net v0000023dd6739ba0 25, 63 0, v0000023dd6735220_0; 1 drivers
v0000023dd6739ba0_26 .net v0000023dd6739ba0 26, 63 0, v0000023dd67359a0_0; 1 drivers
v0000023dd6739ba0_27 .net v0000023dd6739ba0 27, 63 0, v0000023dd6738a20_0; 1 drivers
v0000023dd6739ba0_28 .net v0000023dd6739ba0 28, 63 0, v0000023dd6739c40_0; 1 drivers
v0000023dd6739ba0_29 .net v0000023dd6739ba0 29, 63 0, v0000023dd6738660_0; 1 drivers
v0000023dd6739ba0_30 .net v0000023dd6739ba0 30, 63 0, v0000023dd673a3c0_0; 1 drivers
v0000023dd6739ba0_31 .net v0000023dd6739ba0 31, 63 0, v0000023dd6739a60_0; 1 drivers
v0000023dd6739e20_0 .net "clk", 0 0, v0000023dd6830560_0;  alias, 1 drivers
v0000023dd6738ac0_0 .net "dIN", 63 0, v0000023dd682ef80_0;  alias, 1 drivers
v0000023dd6739ec0_0 .var "doutA", 63 0;
v0000023dd67388e0_0 .var "doutB", 63 0;
v0000023dd6739f60_0 .var/i "j", 31 0;
v0000023dd673a000_0 .var/i "k", 31 0;
v0000023dd6739240_0 .var "loads", 4 0;
o0000023dd67e2698 .functor BUFZ 5, C4<zzzzz>; HiZ drive
v0000023dd6738700_0 .net "loads_wire", 4 0, o0000023dd67e2698;  0 drivers
E_0000023dd6705570 .event anyedge, v0000023dd6739b00_0, v0000023dd6738de0_0;
E_0000023dd6705230 .event anyedge, v0000023dd6738700_0;
E_0000023dd6705270/0 .event anyedge, v0000023dd670a6e0_0, v0000023dd670b400_0, v0000023dd670a820_0, v0000023dd670b4a0_0;
E_0000023dd6705270/1 .event anyedge, v0000023dd670b720_0, v0000023dd670a3c0_0, v0000023dd66f8b10_0, v0000023dd66f9c90_0;
E_0000023dd6705270/2 .event anyedge, v0000023dd66f8d90_0, v0000023dd66f9290_0, v0000023dd66fa0f0_0, v0000023dd66f8570_0;
E_0000023dd6705270/3 .event anyedge, v0000023dd66f0330_0, v0000023dd66f0ab0_0, v0000023dd66f0f10_0, v0000023dd6734fa0_0;
E_0000023dd6705270/4 .event anyedge, v0000023dd6735fe0_0, v0000023dd6734aa0_0, v0000023dd67355e0_0, v0000023dd6735cc0_0;
E_0000023dd6705270/5 .event anyedge, v0000023dd6734780_0, v0000023dd6734d20_0, v0000023dd67352c0_0, v0000023dd67350e0_0;
E_0000023dd6705270/6 .event anyedge, v0000023dd6735720_0, v0000023dd6735220_0, v0000023dd67359a0_0, v0000023dd6738a20_0;
E_0000023dd6705270/7 .event anyedge, v0000023dd6739c40_0, v0000023dd6738660_0, v0000023dd673a3c0_0, v0000023dd6739a60_0;
E_0000023dd6705270 .event/or E_0000023dd6705270/0, E_0000023dd6705270/1, E_0000023dd6705270/2, E_0000023dd6705270/3, E_0000023dd6705270/4, E_0000023dd6705270/5, E_0000023dd6705270/6, E_0000023dd6705270/7;
L_0000023dd6830100 .part o0000023dd67e2698, 0, 1;
L_0000023dd6830380 .part o0000023dd67e2698, 1, 1;
L_0000023dd68301a0 .part o0000023dd67e2698, 2, 1;
L_0000023dd6830420 .part o0000023dd67e2698, 3, 1;
L_0000023dd68302e0 .part o0000023dd67e2698, 4, 1;
S_0000023dd66a05c0 .scope generate, "genblk1[0]" "genblk1[0]" 4 21, 4 21 0, S_0000023dd66a0430;
 .timescale -8 -10;
P_0000023dd67052b0 .param/l "i" 0 4 21, +C4<00>;
S_0000023dd668e9e0 .scope module, "Regs" "RegNbits" 4 23, 5 1 0, S_0000023dd66a05c0;
 .timescale -8 -10;
    .port_info 0 /INPUT 64 "x";
    .port_info 1 /INPUT 1 "clk";
    .port_info 2 /INPUT 1 "load";
    .port_info 3 /OUTPUT 64 "x_out";
P_0000023dd6705af0 .param/l "N" 0 5 5, +C4<00000000000000000000000001000000>;
v0000023dd670a5a0_0 .net "clk", 0 0, v0000023dd6830560_0;  alias, 1 drivers
v0000023dd670b9a0_0 .net "load", 0 0, L_0000023dd6830100;  1 drivers
v0000023dd670ae60_0 .net "x", 63 0, v0000023dd682ef80_0;  alias, 1 drivers
v0000023dd670a6e0_0 .var "x_out", 63 0;
E_0000023dd6705330 .event posedge, v0000023dd670a5a0_0;
S_0000023dd668eb70 .scope generate, "genblk1[1]" "genblk1[1]" 4 21, 4 21 0, S_0000023dd66a0430;
 .timescale -8 -10;
P_0000023dd6705370 .param/l "i" 0 4 21, +C4<01>;
S_0000023dd6687370 .scope module, "Regs" "RegNbits" 4 23, 5 1 0, S_0000023dd668eb70;
 .timescale -8 -10;
    .port_info 0 /INPUT 64 "x";
    .port_info 1 /INPUT 1 "clk";
    .port_info 2 /INPUT 1 "load";
    .port_info 3 /OUTPUT 64 "x_out";
P_0000023dd6705430 .param/l "N" 0 5 5, +C4<00000000000000000000000001000000>;
v0000023dd670a320_0 .net "clk", 0 0, v0000023dd6830560_0;  alias, 1 drivers
v0000023dd670af00_0 .net "load", 0 0, L_0000023dd6830380;  1 drivers
v0000023dd670b0e0_0 .net "x", 63 0, v0000023dd682ef80_0;  alias, 1 drivers
v0000023dd670b400_0 .var "x_out", 63 0;
S_0000023dd6687500 .scope generate, "genblk1[2]" "genblk1[2]" 4 21, 4 21 0, S_0000023dd66a0430;
 .timescale -8 -10;
P_0000023dd6705930 .param/l "i" 0 4 21, +C4<010>;
S_0000023dd6652810 .scope module, "Regs" "RegNbits" 4 23, 5 1 0, S_0000023dd6687500;
 .timescale -8 -10;
    .port_info 0 /INPUT 64 "x";
    .port_info 1 /INPUT 1 "clk";
    .port_info 2 /INPUT 1 "load";
    .port_info 3 /OUTPUT 64 "x_out";
P_0000023dd67054b0 .param/l "N" 0 5 5, +C4<00000000000000000000000001000000>;
v0000023dd670a140_0 .net "clk", 0 0, v0000023dd6830560_0;  alias, 1 drivers
v0000023dd670bb80_0 .net "load", 0 0, L_0000023dd68301a0;  1 drivers
v0000023dd670bc20_0 .net "x", 63 0, v0000023dd682ef80_0;  alias, 1 drivers
v0000023dd670a820_0 .var "x_out", 63 0;
S_0000023dd66529a0 .scope generate, "genblk1[3]" "genblk1[3]" 4 21, 4 21 0, S_0000023dd66a0430;
 .timescale -8 -10;
P_0000023dd6705530 .param/l "i" 0 4 21, +C4<011>;
S_0000023dd6652b30 .scope module, "Regs" "RegNbits" 4 23, 5 1 0, S_0000023dd66529a0;
 .timescale -8 -10;
    .port_info 0 /INPUT 64 "x";
    .port_info 1 /INPUT 1 "clk";
    .port_info 2 /INPUT 1 "load";
    .port_info 3 /OUTPUT 64 "x_out";
P_0000023dd6705e30 .param/l "N" 0 5 5, +C4<00000000000000000000000001000000>;
v0000023dd670b7c0_0 .net "clk", 0 0, v0000023dd6830560_0;  alias, 1 drivers
v0000023dd670a960_0 .net "load", 0 0, L_0000023dd6830420;  1 drivers
v0000023dd670aa00_0 .net "x", 63 0, v0000023dd682ef80_0;  alias, 1 drivers
v0000023dd670b4a0_0 .var "x_out", 63 0;
S_0000023dd6721bf0 .scope generate, "genblk1[4]" "genblk1[4]" 4 21, 4 21 0, S_0000023dd66a0430;
 .timescale -8 -10;
P_0000023dd6705b70 .param/l "i" 0 4 21, +C4<0100>;
S_0000023dd6721d80 .scope module, "Regs" "RegNbits" 4 23, 5 1 0, S_0000023dd6721bf0;
 .timescale -8 -10;
    .port_info 0 /INPUT 64 "x";
    .port_info 1 /INPUT 1 "clk";
    .port_info 2 /INPUT 1 "load";
    .port_info 3 /OUTPUT 64 "x_out";
P_0000023dd6705830 .param/l "N" 0 5 5, +C4<00000000000000000000000001000000>;
v0000023dd670b5e0_0 .net "clk", 0 0, v0000023dd6830560_0;  alias, 1 drivers
v0000023dd670be00_0 .net "load", 0 0, L_0000023dd68302e0;  1 drivers
v0000023dd670b680_0 .net "x", 63 0, v0000023dd682ef80_0;  alias, 1 drivers
v0000023dd670b720_0 .var "x_out", 63 0;
S_0000023dd6721f10 .scope generate, "genblk1[5]" "genblk1[5]" 4 21, 4 21 0, S_0000023dd66a0430;
 .timescale -8 -10;
P_0000023dd6705cb0 .param/l "i" 0 4 21, +C4<0101>;
S_0000023dd67220a0 .scope module, "Regs" "RegNbits" 4 23, 5 1 0, S_0000023dd6721f10;
 .timescale -8 -10;
    .port_info 0 /INPUT 64 "x";
    .port_info 1 /INPUT 1 "clk";
    .port_info 2 /INPUT 1 "load";
    .port_info 3 /OUTPUT 64 "x_out";
P_0000023dd6705630 .param/l "N" 0 5 5, +C4<00000000000000000000000001000000>;
v0000023dd6709f60_0 .net "clk", 0 0, v0000023dd6830560_0;  alias, 1 drivers
L_0000023dd6832eb8 .functor BUFT 1, C4<x>, C4<0>, C4<0>, C4<0>;
v0000023dd670a1e0_0 .net "load", 0 0, L_0000023dd6832eb8;  1 drivers
v0000023dd670a280_0 .net "x", 63 0, v0000023dd682ef80_0;  alias, 1 drivers
v0000023dd670a3c0_0 .var "x_out", 63 0;
S_0000023dd6722230 .scope generate, "genblk1[6]" "genblk1[6]" 4 21, 4 21 0, S_0000023dd66a0430;
 .timescale -8 -10;
P_0000023dd6705670 .param/l "i" 0 4 21, +C4<0110>;
S_0000023dd67223c0 .scope module, "Regs" "RegNbits" 4 23, 5 1 0, S_0000023dd6722230;
 .timescale -8 -10;
    .port_info 0 /INPUT 64 "x";
    .port_info 1 /INPUT 1 "clk";
    .port_info 2 /INPUT 1 "load";
    .port_info 3 /OUTPUT 64 "x_out";
P_0000023dd6705d70 .param/l "N" 0 5 5, +C4<00000000000000000000000001000000>;
v0000023dd670a500_0 .net "clk", 0 0, v0000023dd6830560_0;  alias, 1 drivers
L_0000023dd6832f00 .functor BUFT 1, C4<x>, C4<0>, C4<0>, C4<0>;
v0000023dd66f8930_0 .net "load", 0 0, L_0000023dd6832f00;  1 drivers
v0000023dd66fa050_0 .net "x", 63 0, v0000023dd682ef80_0;  alias, 1 drivers
v0000023dd66f8b10_0 .var "x_out", 63 0;
S_0000023dd68231f0 .scope generate, "genblk1[7]" "genblk1[7]" 4 21, 4 21 0, S_0000023dd66a0430;
 .timescale -8 -10;
P_0000023dd67056b0 .param/l "i" 0 4 21, +C4<0111>;
S_0000023dd6823380 .scope module, "Regs" "RegNbits" 4 23, 5 1 0, S_0000023dd68231f0;
 .timescale -8 -10;
    .port_info 0 /INPUT 64 "x";
    .port_info 1 /INPUT 1 "clk";
    .port_info 2 /INPUT 1 "load";
    .port_info 3 /OUTPUT 64 "x_out";
P_0000023dd6705870 .param/l "N" 0 5 5, +C4<00000000000000000000000001000000>;
v0000023dd66f9470_0 .net "clk", 0 0, v0000023dd6830560_0;  alias, 1 drivers
L_0000023dd6832f48 .functor BUFT 1, C4<x>, C4<0>, C4<0>, C4<0>;
v0000023dd66f9790_0 .net "load", 0 0, L_0000023dd6832f48;  1 drivers
v0000023dd66f9bf0_0 .net "x", 63 0, v0000023dd682ef80_0;  alias, 1 drivers
v0000023dd66f9c90_0 .var "x_out", 63 0;
S_0000023dd68236a0 .scope generate, "genblk1[8]" "genblk1[8]" 4 21, 4 21 0, S_0000023dd66a0430;
 .timescale -8 -10;
P_0000023dd67058f0 .param/l "i" 0 4 21, +C4<01000>;
S_0000023dd6823b50 .scope module, "Regs" "RegNbits" 4 23, 5 1 0, S_0000023dd68236a0;
 .timescale -8 -10;
    .port_info 0 /INPUT 64 "x";
    .port_info 1 /INPUT 1 "clk";
    .port_info 2 /INPUT 1 "load";
    .port_info 3 /OUTPUT 64 "x_out";
P_0000023dd6705a30 .param/l "N" 0 5 5, +C4<00000000000000000000000001000000>;
v0000023dd66f91f0_0 .net "clk", 0 0, v0000023dd6830560_0;  alias, 1 drivers
L_0000023dd6832f90 .functor BUFT 1, C4<x>, C4<0>, C4<0>, C4<0>;
v0000023dd66f9dd0_0 .net "load", 0 0, L_0000023dd6832f90;  1 drivers
v0000023dd66f90b0_0 .net "x", 63 0, v0000023dd682ef80_0;  alias, 1 drivers
v0000023dd66f8d90_0 .var "x_out", 63 0;
S_0000023dd6823830 .scope generate, "genblk1[9]" "genblk1[9]" 4 21, 4 21 0, S_0000023dd66a0430;
 .timescale -8 -10;
P_0000023dd6705db0 .param/l "i" 0 4 21, +C4<01001>;
S_0000023dd6823e70 .scope module, "Regs" "RegNbits" 4 23, 5 1 0, S_0000023dd6823830;
 .timescale -8 -10;
    .port_info 0 /INPUT 64 "x";
    .port_info 1 /INPUT 1 "clk";
    .port_info 2 /INPUT 1 "load";
    .port_info 3 /OUTPUT 64 "x_out";
P_0000023dd6704f30 .param/l "N" 0 5 5, +C4<00000000000000000000000001000000>;
v0000023dd66f9e70_0 .net "clk", 0 0, v0000023dd6830560_0;  alias, 1 drivers
L_0000023dd6832fd8 .functor BUFT 1, C4<x>, C4<0>, C4<0>, C4<0>;
v0000023dd66f9010_0 .net "load", 0 0, L_0000023dd6832fd8;  1 drivers
v0000023dd66f9970_0 .net "x", 63 0, v0000023dd682ef80_0;  alias, 1 drivers
v0000023dd66f9290_0 .var "x_out", 63 0;
S_0000023dd68239c0 .scope generate, "genblk1[10]" "genblk1[10]" 4 21, 4 21 0, S_0000023dd66a0430;
 .timescale -8 -10;
P_0000023dd6705eb0 .param/l "i" 0 4 21, +C4<01010>;
S_0000023dd6823ce0 .scope module, "Regs" "RegNbits" 4 23, 5 1 0, S_0000023dd68239c0;
 .timescale -8 -10;
    .port_info 0 /INPUT 64 "x";
    .port_info 1 /INPUT 1 "clk";
    .port_info 2 /INPUT 1 "load";
    .port_info 3 /OUTPUT 64 "x_out";
P_0000023dd6705ef0 .param/l "N" 0 5 5, +C4<00000000000000000000000001000000>;
v0000023dd66f9510_0 .net "clk", 0 0, v0000023dd6830560_0;  alias, 1 drivers
L_0000023dd6833020 .functor BUFT 1, C4<x>, C4<0>, C4<0>, C4<0>;
v0000023dd66f9f10_0 .net "load", 0 0, L_0000023dd6833020;  1 drivers
v0000023dd66f86b0_0 .net "x", 63 0, v0000023dd682ef80_0;  alias, 1 drivers
v0000023dd66fa0f0_0 .var "x_out", 63 0;
S_0000023dd6823060 .scope generate, "genblk1[11]" "genblk1[11]" 4 21, 4 21 0, S_0000023dd66a0430;
 .timescale -8 -10;
P_0000023dd6706530 .param/l "i" 0 4 21, +C4<01011>;
S_0000023dd6823510 .scope module, "Regs" "RegNbits" 4 23, 5 1 0, S_0000023dd6823060;
 .timescale -8 -10;
    .port_info 0 /INPUT 64 "x";
    .port_info 1 /INPUT 1 "clk";
    .port_info 2 /INPUT 1 "load";
    .port_info 3 /OUTPUT 64 "x_out";
P_0000023dd6706a70 .param/l "N" 0 5 5, +C4<00000000000000000000000001000000>;
v0000023dd66f9650_0 .net "clk", 0 0, v0000023dd6830560_0;  alias, 1 drivers
L_0000023dd6833068 .functor BUFT 1, C4<x>, C4<0>, C4<0>, C4<0>;
v0000023dd66f9830_0 .net "load", 0 0, L_0000023dd6833068;  1 drivers
v0000023dd66f8430_0 .net "x", 63 0, v0000023dd682ef80_0;  alias, 1 drivers
v0000023dd66f8570_0 .var "x_out", 63 0;
S_0000023dd6733490 .scope generate, "genblk1[12]" "genblk1[12]" 4 21, 4 21 0, S_0000023dd66a0430;
 .timescale -8 -10;
P_0000023dd6706230 .param/l "i" 0 4 21, +C4<01100>;
S_0000023dd6733c60 .scope module, "Regs" "RegNbits" 4 23, 5 1 0, S_0000023dd6733490;
 .timescale -8 -10;
    .port_info 0 /INPUT 64 "x";
    .port_info 1 /INPUT 1 "clk";
    .port_info 2 /INPUT 1 "load";
    .port_info 3 /OUTPUT 64 "x_out";
P_0000023dd67066b0 .param/l "N" 0 5 5, +C4<00000000000000000000000001000000>;
v0000023dd66f0830_0 .net "clk", 0 0, v0000023dd6830560_0;  alias, 1 drivers
L_0000023dd68330b0 .functor BUFT 1, C4<x>, C4<0>, C4<0>, C4<0>;
v0000023dd66f0970_0 .net "load", 0 0, L_0000023dd68330b0;  1 drivers
v0000023dd66f0470_0 .net "x", 63 0, v0000023dd682ef80_0;  alias, 1 drivers
v0000023dd66f0330_0 .var "x_out", 63 0;
S_0000023dd6733620 .scope generate, "genblk1[13]" "genblk1[13]" 4 21, 4 21 0, S_0000023dd66a0430;
 .timescale -8 -10;
P_0000023dd6705ff0 .param/l "i" 0 4 21, +C4<01101>;
S_0000023dd6733ad0 .scope module, "Regs" "RegNbits" 4 23, 5 1 0, S_0000023dd6733620;
 .timescale -8 -10;
    .port_info 0 /INPUT 64 "x";
    .port_info 1 /INPUT 1 "clk";
    .port_info 2 /INPUT 1 "load";
    .port_info 3 /OUTPUT 64 "x_out";
P_0000023dd67069f0 .param/l "N" 0 5 5, +C4<00000000000000000000000001000000>;
v0000023dd66f05b0_0 .net "clk", 0 0, v0000023dd6830560_0;  alias, 1 drivers
L_0000023dd68330f8 .functor BUFT 1, C4<x>, C4<0>, C4<0>, C4<0>;
v0000023dd66f1190_0 .net "load", 0 0, L_0000023dd68330f8;  1 drivers
v0000023dd66f0a10_0 .net "x", 63 0, v0000023dd682ef80_0;  alias, 1 drivers
v0000023dd66f0ab0_0 .var "x_out", 63 0;
S_0000023dd6733300 .scope generate, "genblk1[14]" "genblk1[14]" 4 21, 4 21 0, S_0000023dd66a0430;
 .timescale -8 -10;
P_0000023dd6706670 .param/l "i" 0 4 21, +C4<01110>;
S_0000023dd6732cc0 .scope module, "Regs" "RegNbits" 4 23, 5 1 0, S_0000023dd6733300;
 .timescale -8 -10;
    .port_info 0 /INPUT 64 "x";
    .port_info 1 /INPUT 1 "clk";
    .port_info 2 /INPUT 1 "load";
    .port_info 3 /OUTPUT 64 "x_out";
P_0000023dd6706330 .param/l "N" 0 5 5, +C4<00000000000000000000000001000000>;
v0000023dd66f0bf0_0 .net "clk", 0 0, v0000023dd6830560_0;  alias, 1 drivers
L_0000023dd6833140 .functor BUFT 1, C4<x>, C4<0>, C4<0>, C4<0>;
v0000023dd66f0c90_0 .net "load", 0 0, L_0000023dd6833140;  1 drivers
v0000023dd66f0d30_0 .net "x", 63 0, v0000023dd682ef80_0;  alias, 1 drivers
v0000023dd66f0f10_0 .var "x_out", 63 0;
S_0000023dd67337b0 .scope generate, "genblk1[15]" "genblk1[15]" 4 21, 4 21 0, S_0000023dd66a0430;
 .timescale -8 -10;
P_0000023dd6706e70 .param/l "i" 0 4 21, +C4<01111>;
S_0000023dd6733df0 .scope module, "Regs" "RegNbits" 4 23, 5 1 0, S_0000023dd67337b0;
 .timescale -8 -10;
    .port_info 0 /INPUT 64 "x";
    .port_info 1 /INPUT 1 "clk";
    .port_info 2 /INPUT 1 "load";
    .port_info 3 /OUTPUT 64 "x_out";
P_0000023dd6706270 .param/l "N" 0 5 5, +C4<00000000000000000000000001000000>;
v0000023dd66f1050_0 .net "clk", 0 0, v0000023dd6830560_0;  alias, 1 drivers
L_0000023dd6833188 .functor BUFT 1, C4<x>, C4<0>, C4<0>, C4<0>;
v0000023dd6734be0_0 .net "load", 0 0, L_0000023dd6833188;  1 drivers
v0000023dd6734b40_0 .net "x", 63 0, v0000023dd682ef80_0;  alias, 1 drivers
v0000023dd6734fa0_0 .var "x_out", 63 0;
S_0000023dd6732fe0 .scope generate, "genblk1[16]" "genblk1[16]" 4 21, 4 21 0, S_0000023dd66a0430;
 .timescale -8 -10;
P_0000023dd67068f0 .param/l "i" 0 4 21, +C4<010000>;
S_0000023dd6733940 .scope module, "Regs" "RegNbits" 4 23, 5 1 0, S_0000023dd6732fe0;
 .timescale -8 -10;
    .port_info 0 /INPUT 64 "x";
    .port_info 1 /INPUT 1 "clk";
    .port_info 2 /INPUT 1 "load";
    .port_info 3 /OUTPUT 64 "x_out";
P_0000023dd6706130 .param/l "N" 0 5 5, +C4<00000000000000000000000001000000>;
v0000023dd67354a0_0 .net "clk", 0 0, v0000023dd6830560_0;  alias, 1 drivers
L_0000023dd68331d0 .functor BUFT 1, C4<x>, C4<0>, C4<0>, C4<0>;
v0000023dd6736080_0 .net "load", 0 0, L_0000023dd68331d0;  1 drivers
v0000023dd6736120_0 .net "x", 63 0, v0000023dd682ef80_0;  alias, 1 drivers
v0000023dd6735fe0_0 .var "x_out", 63 0;
S_0000023dd6733f80 .scope generate, "genblk1[17]" "genblk1[17]" 4 21, 4 21 0, S_0000023dd66a0430;
 .timescale -8 -10;
P_0000023dd67064b0 .param/l "i" 0 4 21, +C4<010001>;
S_0000023dd6734110 .scope module, "Regs" "RegNbits" 4 23, 5 1 0, S_0000023dd6733f80;
 .timescale -8 -10;
    .port_info 0 /INPUT 64 "x";
    .port_info 1 /INPUT 1 "clk";
    .port_info 2 /INPUT 1 "load";
    .port_info 3 /OUTPUT 64 "x_out";
P_0000023dd6706570 .param/l "N" 0 5 5, +C4<00000000000000000000000001000000>;
v0000023dd6734960_0 .net "clk", 0 0, v0000023dd6830560_0;  alias, 1 drivers
L_0000023dd6833218 .functor BUFT 1, C4<x>, C4<0>, C4<0>, C4<0>;
v0000023dd6735540_0 .net "load", 0 0, L_0000023dd6833218;  1 drivers
v0000023dd6734500_0 .net "x", 63 0, v0000023dd682ef80_0;  alias, 1 drivers
v0000023dd6734aa0_0 .var "x_out", 63 0;
S_0000023dd67342a0 .scope generate, "genblk1[18]" "genblk1[18]" 4 21, 4 21 0, S_0000023dd66a0430;
 .timescale -8 -10;
P_0000023dd6706db0 .param/l "i" 0 4 21, +C4<010010>;
S_0000023dd67324f0 .scope module, "Regs" "RegNbits" 4 23, 5 1 0, S_0000023dd67342a0;
 .timescale -8 -10;
    .port_info 0 /INPUT 64 "x";
    .port_info 1 /INPUT 1 "clk";
    .port_info 2 /INPUT 1 "load";
    .port_info 3 /OUTPUT 64 "x_out";
P_0000023dd6706cb0 .param/l "N" 0 5 5, +C4<00000000000000000000000001000000>;
v0000023dd67346e0_0 .net "clk", 0 0, v0000023dd6830560_0;  alias, 1 drivers
L_0000023dd6833260 .functor BUFT 1, C4<x>, C4<0>, C4<0>, C4<0>;
v0000023dd6735ea0_0 .net "load", 0 0, L_0000023dd6833260;  1 drivers
v0000023dd6734640_0 .net "x", 63 0, v0000023dd682ef80_0;  alias, 1 drivers
v0000023dd67355e0_0 .var "x_out", 63 0;
S_0000023dd6732680 .scope generate, "genblk1[19]" "genblk1[19]" 4 21, 4 21 0, S_0000023dd66a0430;
 .timescale -8 -10;
P_0000023dd67060b0 .param/l "i" 0 4 21, +C4<010011>;
S_0000023dd6732810 .scope module, "Regs" "RegNbits" 4 23, 5 1 0, S_0000023dd6732680;
 .timescale -8 -10;
    .port_info 0 /INPUT 64 "x";
    .port_info 1 /INPUT 1 "clk";
    .port_info 2 /INPUT 1 "load";
    .port_info 3 /OUTPUT 64 "x_out";
P_0000023dd6706370 .param/l "N" 0 5 5, +C4<00000000000000000000000001000000>;
v0000023dd6735a40_0 .net "clk", 0 0, v0000023dd6830560_0;  alias, 1 drivers
L_0000023dd68332a8 .functor BUFT 1, C4<x>, C4<0>, C4<0>, C4<0>;
v0000023dd6734f00_0 .net "load", 0 0, L_0000023dd68332a8;  1 drivers
v0000023dd67357c0_0 .net "x", 63 0, v0000023dd682ef80_0;  alias, 1 drivers
v0000023dd6735cc0_0 .var "x_out", 63 0;
S_0000023dd67329a0 .scope generate, "genblk1[20]" "genblk1[20]" 4 21, 4 21 0, S_0000023dd66a0430;
 .timescale -8 -10;
P_0000023dd6706630 .param/l "i" 0 4 21, +C4<010100>;
S_0000023dd6732b30 .scope module, "Regs" "RegNbits" 4 23, 5 1 0, S_0000023dd67329a0;
 .timescale -8 -10;
    .port_info 0 /INPUT 64 "x";
    .port_info 1 /INPUT 1 "clk";
    .port_info 2 /INPUT 1 "load";
    .port_info 3 /OUTPUT 64 "x_out";
P_0000023dd67060f0 .param/l "N" 0 5 5, +C4<00000000000000000000000001000000>;
v0000023dd67348c0_0 .net "clk", 0 0, v0000023dd6830560_0;  alias, 1 drivers
L_0000023dd68332f0 .functor BUFT 1, C4<x>, C4<0>, C4<0>, C4<0>;
v0000023dd67363a0_0 .net "load", 0 0, L_0000023dd68332f0;  1 drivers
v0000023dd6735d60_0 .net "x", 63 0, v0000023dd682ef80_0;  alias, 1 drivers
v0000023dd6734780_0 .var "x_out", 63 0;
S_0000023dd6733170 .scope generate, "genblk1[21]" "genblk1[21]" 4 21, 4 21 0, S_0000023dd66a0430;
 .timescale -8 -10;
P_0000023dd67063f0 .param/l "i" 0 4 21, +C4<010101>;
S_0000023dd6732e50 .scope module, "Regs" "RegNbits" 4 23, 5 1 0, S_0000023dd6733170;
 .timescale -8 -10;
    .port_info 0 /INPUT 64 "x";
    .port_info 1 /INPUT 1 "clk";
    .port_info 2 /INPUT 1 "load";
    .port_info 3 /OUTPUT 64 "x_out";
P_0000023dd6705f70 .param/l "N" 0 5 5, +C4<00000000000000000000000001000000>;
v0000023dd6734e60_0 .net "clk", 0 0, v0000023dd6830560_0;  alias, 1 drivers
L_0000023dd6833338 .functor BUFT 1, C4<x>, C4<0>, C4<0>, C4<0>;
v0000023dd6736260_0 .net "load", 0 0, L_0000023dd6833338;  1 drivers
v0000023dd6734a00_0 .net "x", 63 0, v0000023dd682ef80_0;  alias, 1 drivers
v0000023dd6734d20_0 .var "x_out", 63 0;
S_0000023dd6737000 .scope generate, "genblk1[22]" "genblk1[22]" 4 21, 4 21 0, S_0000023dd66a0430;
 .timescale -8 -10;
P_0000023dd6706030 .param/l "i" 0 4 21, +C4<010110>;
S_0000023dd6737190 .scope module, "Regs" "RegNbits" 4 23, 5 1 0, S_0000023dd6737000;
 .timescale -8 -10;
    .port_info 0 /INPUT 64 "x";
    .port_info 1 /INPUT 1 "clk";
    .port_info 2 /INPUT 1 "load";
    .port_info 3 /OUTPUT 64 "x_out";
P_0000023dd6706870 .param/l "N" 0 5 5, +C4<00000000000000000000000001000000>;
v0000023dd6735e00_0 .net "clk", 0 0, v0000023dd6830560_0;  alias, 1 drivers
L_0000023dd6833380 .functor BUFT 1, C4<x>, C4<0>, C4<0>, C4<0>;
v0000023dd6735680_0 .net "load", 0 0, L_0000023dd6833380;  1 drivers
v0000023dd6735f40_0 .net "x", 63 0, v0000023dd682ef80_0;  alias, 1 drivers
v0000023dd67352c0_0 .var "x_out", 63 0;
S_0000023dd6736510 .scope generate, "genblk1[23]" "genblk1[23]" 4 21, 4 21 0, S_0000023dd66a0430;
 .timescale -8 -10;
P_0000023dd67068b0 .param/l "i" 0 4 21, +C4<010111>;
S_0000023dd67374b0 .scope module, "Regs" "RegNbits" 4 23, 5 1 0, S_0000023dd6736510;
 .timescale -8 -10;
    .port_info 0 /INPUT 64 "x";
    .port_info 1 /INPUT 1 "clk";
    .port_info 2 /INPUT 1 "load";
    .port_info 3 /OUTPUT 64 "x_out";
P_0000023dd6705fb0 .param/l "N" 0 5 5, +C4<00000000000000000000000001000000>;
v0000023dd67345a0_0 .net "clk", 0 0, v0000023dd6830560_0;  alias, 1 drivers
L_0000023dd68333c8 .functor BUFT 1, C4<x>, C4<0>, C4<0>, C4<0>;
v0000023dd6735040_0 .net "load", 0 0, L_0000023dd68333c8;  1 drivers
v0000023dd67361c0_0 .net "x", 63 0, v0000023dd682ef80_0;  alias, 1 drivers
v0000023dd67350e0_0 .var "x_out", 63 0;
S_0000023dd6737640 .scope generate, "genblk1[24]" "genblk1[24]" 4 21, 4 21 0, S_0000023dd66a0430;
 .timescale -8 -10;
P_0000023dd6706170 .param/l "i" 0 4 21, +C4<011000>;
S_0000023dd67377d0 .scope module, "Regs" "RegNbits" 4 23, 5 1 0, S_0000023dd6737640;
 .timescale -8 -10;
    .port_info 0 /INPUT 64 "x";
    .port_info 1 /INPUT 1 "clk";
    .port_info 2 /INPUT 1 "load";
    .port_info 3 /OUTPUT 64 "x_out";
P_0000023dd67061b0 .param/l "N" 0 5 5, +C4<00000000000000000000000001000000>;
v0000023dd6734820_0 .net "clk", 0 0, v0000023dd6830560_0;  alias, 1 drivers
L_0000023dd6833410 .functor BUFT 1, C4<x>, C4<0>, C4<0>, C4<0>;
v0000023dd6735360_0 .net "load", 0 0, L_0000023dd6833410;  1 drivers
v0000023dd6735400_0 .net "x", 63 0, v0000023dd682ef80_0;  alias, 1 drivers
v0000023dd6735720_0 .var "x_out", 63 0;
S_0000023dd6737320 .scope generate, "genblk1[25]" "genblk1[25]" 4 21, 4 21 0, S_0000023dd66a0430;
 .timescale -8 -10;
P_0000023dd67061f0 .param/l "i" 0 4 21, +C4<011001>;
S_0000023dd6737af0 .scope module, "Regs" "RegNbits" 4 23, 5 1 0, S_0000023dd6737320;
 .timescale -8 -10;
    .port_info 0 /INPUT 64 "x";
    .port_info 1 /INPUT 1 "clk";
    .port_info 2 /INPUT 1 "load";
    .port_info 3 /OUTPUT 64 "x_out";
P_0000023dd6706430 .param/l "N" 0 5 5, +C4<00000000000000000000000001000000>;
v0000023dd6735180_0 .net "clk", 0 0, v0000023dd6830560_0;  alias, 1 drivers
L_0000023dd6833458 .functor BUFT 1, C4<x>, C4<0>, C4<0>, C4<0>;
v0000023dd6734c80_0 .net "load", 0 0, L_0000023dd6833458;  1 drivers
v0000023dd6734dc0_0 .net "x", 63 0, v0000023dd682ef80_0;  alias, 1 drivers
v0000023dd6735220_0 .var "x_out", 63 0;
S_0000023dd6737960 .scope generate, "genblk1[26]" "genblk1[26]" 4 21, 4 21 0, S_0000023dd66a0430;
 .timescale -8 -10;
P_0000023dd6706970 .param/l "i" 0 4 21, +C4<011010>;
S_0000023dd6737e10 .scope module, "Regs" "RegNbits" 4 23, 5 1 0, S_0000023dd6737960;
 .timescale -8 -10;
    .port_info 0 /INPUT 64 "x";
    .port_info 1 /INPUT 1 "clk";
    .port_info 2 /INPUT 1 "load";
    .port_info 3 /OUTPUT 64 "x_out";
P_0000023dd6706df0 .param/l "N" 0 5 5, +C4<00000000000000000000000001000000>;
v0000023dd6735860_0 .net "clk", 0 0, v0000023dd6830560_0;  alias, 1 drivers
L_0000023dd68334a0 .functor BUFT 1, C4<x>, C4<0>, C4<0>, C4<0>;
v0000023dd6736300_0 .net "load", 0 0, L_0000023dd68334a0;  1 drivers
v0000023dd6735900_0 .net "x", 63 0, v0000023dd682ef80_0;  alias, 1 drivers
v0000023dd67359a0_0 .var "x_out", 63 0;
S_0000023dd6738130 .scope generate, "genblk1[27]" "genblk1[27]" 4 21, 4 21 0, S_0000023dd66a0430;
 .timescale -8 -10;
P_0000023dd6706af0 .param/l "i" 0 4 21, +C4<011011>;
S_0000023dd6737c80 .scope module, "Regs" "RegNbits" 4 23, 5 1 0, S_0000023dd6738130;
 .timescale -8 -10;
    .port_info 0 /INPUT 64 "x";
    .port_info 1 /INPUT 1 "clk";
    .port_info 2 /INPUT 1 "load";
    .port_info 3 /OUTPUT 64 "x_out";
P_0000023dd6706730 .param/l "N" 0 5 5, +C4<00000000000000000000000001000000>;
v0000023dd6735ae0_0 .net "clk", 0 0, v0000023dd6830560_0;  alias, 1 drivers
L_0000023dd68334e8 .functor BUFT 1, C4<x>, C4<0>, C4<0>, C4<0>;
v0000023dd6735b80_0 .net "load", 0 0, L_0000023dd68334e8;  1 drivers
v0000023dd6735c20_0 .net "x", 63 0, v0000023dd682ef80_0;  alias, 1 drivers
v0000023dd6738a20_0 .var "x_out", 63 0;
S_0000023dd6737fa0 .scope generate, "genblk1[28]" "genblk1[28]" 4 21, 4 21 0, S_0000023dd66a0430;
 .timescale -8 -10;
P_0000023dd67062b0 .param/l "i" 0 4 21, +C4<011100>;
S_0000023dd67366a0 .scope module, "Regs" "RegNbits" 4 23, 5 1 0, S_0000023dd6737fa0;
 .timescale -8 -10;
    .port_info 0 /INPUT 64 "x";
    .port_info 1 /INPUT 1 "clk";
    .port_info 2 /INPUT 1 "load";
    .port_info 3 /OUTPUT 64 "x_out";
P_0000023dd6706470 .param/l "N" 0 5 5, +C4<00000000000000000000000001000000>;
v0000023dd67399c0_0 .net "clk", 0 0, v0000023dd6830560_0;  alias, 1 drivers
L_0000023dd6833530 .functor BUFT 1, C4<x>, C4<0>, C4<0>, C4<0>;
v0000023dd6738e80_0 .net "load", 0 0, L_0000023dd6833530;  1 drivers
v0000023dd6739740_0 .net "x", 63 0, v0000023dd682ef80_0;  alias, 1 drivers
v0000023dd6739c40_0 .var "x_out", 63 0;
S_0000023dd67382c0 .scope generate, "genblk1[29]" "genblk1[29]" 4 21, 4 21 0, S_0000023dd66a0430;
 .timescale -8 -10;
P_0000023dd67066f0 .param/l "i" 0 4 21, +C4<011101>;
S_0000023dd6736830 .scope module, "Regs" "RegNbits" 4 23, 5 1 0, S_0000023dd67382c0;
 .timescale -8 -10;
    .port_info 0 /INPUT 64 "x";
    .port_info 1 /INPUT 1 "clk";
    .port_info 2 /INPUT 1 "load";
    .port_info 3 /OUTPUT 64 "x_out";
P_0000023dd67062f0 .param/l "N" 0 5 5, +C4<00000000000000000000000001000000>;
v0000023dd6738840_0 .net "clk", 0 0, v0000023dd6830560_0;  alias, 1 drivers
L_0000023dd6833578 .functor BUFT 1, C4<x>, C4<0>, C4<0>, C4<0>;
v0000023dd673a320_0 .net "load", 0 0, L_0000023dd6833578;  1 drivers
v0000023dd6739ce0_0 .net "x", 63 0, v0000023dd682ef80_0;  alias, 1 drivers
v0000023dd6738660_0 .var "x_out", 63 0;
S_0000023dd6736b50 .scope generate, "genblk1[30]" "genblk1[30]" 4 21, 4 21 0, S_0000023dd66a0430;
 .timescale -8 -10;
P_0000023dd67064f0 .param/l "i" 0 4 21, +C4<011110>;
S_0000023dd67369c0 .scope module, "Regs" "RegNbits" 4 23, 5 1 0, S_0000023dd6736b50;
 .timescale -8 -10;
    .port_info 0 /INPUT 64 "x";
    .port_info 1 /INPUT 1 "clk";
    .port_info 2 /INPUT 1 "load";
    .port_info 3 /OUTPUT 64 "x_out";
P_0000023dd6706e30 .param/l "N" 0 5 5, +C4<00000000000000000000000001000000>;
v0000023dd67396a0_0 .net "clk", 0 0, v0000023dd6830560_0;  alias, 1 drivers
L_0000023dd68335c0 .functor BUFT 1, C4<x>, C4<0>, C4<0>, C4<0>;
v0000023dd67394c0_0 .net "load", 0 0, L_0000023dd68335c0;  1 drivers
v0000023dd6739560_0 .net "x", 63 0, v0000023dd682ef80_0;  alias, 1 drivers
v0000023dd673a3c0_0 .var "x_out", 63 0;
S_0000023dd6736ce0 .scope generate, "genblk1[31]" "genblk1[31]" 4 21, 4 21 0, S_0000023dd66a0430;
 .timescale -8 -10;
P_0000023dd67065b0 .param/l "i" 0 4 21, +C4<011111>;
S_0000023dd6736e70 .scope module, "Regs" "RegNbits" 4 23, 5 1 0, S_0000023dd6736ce0;
 .timescale -8 -10;
    .port_info 0 /INPUT 64 "x";
    .port_info 1 /INPUT 1 "clk";
    .port_info 2 /INPUT 1 "load";
    .port_info 3 /OUTPUT 64 "x_out";
P_0000023dd6706cf0 .param/l "N" 0 5 5, +C4<00000000000000000000000001000000>;
v0000023dd6739380_0 .net "clk", 0 0, v0000023dd6830560_0;  alias, 1 drivers
L_0000023dd6833608 .functor BUFT 1, C4<x>, C4<0>, C4<0>, C4<0>;
v0000023dd673a0a0_0 .net "load", 0 0, L_0000023dd6833608;  1 drivers
v0000023dd6739920_0 .net "x", 63 0, v0000023dd682ef80_0;  alias, 1 drivers
v0000023dd6739a60_0 .var "x_out", 63 0;
S_0000023dd673c150 .scope module, "u2" "Memoria" 3 30, 6 1 0, S_0000023dd6697a40;
 .timescale -8 -10;
    .port_info 0 /INPUT 5 "final_address";
    .port_info 1 /INPUT 1 "WE_mem";
    .port_info 2 /INPUT 1 "clk";
    .port_info 3 /INPUT 64 "dIN";
    .port_info 4 /OUTPUT 64 "dout";
v0000023dd682f520_0 .net "WE_mem", 0 0, v0000023dd682f480_0;  alias, 1 drivers
v0000023dd6830920_0 .net "clk", 0 0, v0000023dd6830560_0;  alias, 1 drivers
v0000023dd682eee0_0 .net "dIN", 63 0, v0000023dd67388e0_0;  alias, 1 drivers
v0000023dd682ef80_0 .var "dout", 63 0;
v0000023dd68304c0_0 .net "final_address", 4 0, L_0000023dd6830060;  alias, 1 drivers
v0000023dd6830880_0 .var/i "j", 31 0;
v0000023dd682f020_0 .var/i "k", 31 0;
v0000023dd682f5c0_0 .var "loads", 4 0;
o0000023dd67e4d68 .functor BUFZ 5, C4<zzzzz>; HiZ drive
v0000023dd682f840_0 .net "loads_wire", 4 0, o0000023dd67e4d68;  0 drivers
v0000023dd6830b00 .array "mem", 0 31, 63 0;
v0000023dd68307e0 .array "mem_wire", 0 31;
v0000023dd68307e0_0 .net v0000023dd68307e0 0, 63 0, v0000023dd67385c0_0; 1 drivers
v0000023dd68307e0_1 .net v0000023dd68307e0 1, 63 0, v0000023dd6738c00_0; 1 drivers
v0000023dd68307e0_2 .net v0000023dd68307e0 2, 63 0, v0000023dd6738fc0_0; 1 drivers
v0000023dd68307e0_3 .net v0000023dd68307e0 3, 63 0, v0000023dd67391a0_0; 1 drivers
v0000023dd68307e0_4 .net v0000023dd68307e0 4, 63 0, v0000023dd673cae0_0; 1 drivers
v0000023dd68307e0_5 .net v0000023dd68307e0 5, 63 0, v0000023dd673d580_0; 1 drivers
v0000023dd68307e0_6 .net v0000023dd68307e0 6, 63 0, v0000023dd673c860_0; 1 drivers
v0000023dd68307e0_7 .net v0000023dd68307e0 7, 63 0, v0000023dd673cfe0_0; 1 drivers
v0000023dd68307e0_8 .net v0000023dd68307e0 8, 63 0, v0000023dd673d3a0_0; 1 drivers
v0000023dd68307e0_9 .net v0000023dd68307e0 9, 63 0, v0000023dd673ce00_0; 1 drivers
v0000023dd68307e0_10 .net v0000023dd68307e0 10, 63 0, v0000023dd673c7c0_0; 1 drivers
v0000023dd68307e0_11 .net v0000023dd68307e0 11, 63 0, v0000023dd673dda0_0; 1 drivers
v0000023dd68307e0_12 .net v0000023dd68307e0 12, 63 0, v0000023dd673df80_0; 1 drivers
v0000023dd68307e0_13 .net v0000023dd68307e0 13, 63 0, v0000023dd673e020_0; 1 drivers
v0000023dd68307e0_14 .net v0000023dd68307e0 14, 63 0, v0000023dd673d1c0_0; 1 drivers
v0000023dd68307e0_15 .net v0000023dd68307e0 15, 63 0, v0000023dd673dbc0_0; 1 drivers
v0000023dd68307e0_16 .net v0000023dd68307e0 16, 63 0, v0000023dd673e340_0; 1 drivers
v0000023dd68307e0_17 .net v0000023dd68307e0 17, 63 0, v0000023dd682c680_0; 1 drivers
v0000023dd68307e0_18 .net v0000023dd68307e0 18, 63 0, v0000023dd682c900_0; 1 drivers
v0000023dd68307e0_19 .net v0000023dd68307e0 19, 63 0, v0000023dd682b320_0; 1 drivers
v0000023dd68307e0_20 .net v0000023dd68307e0 20, 63 0, v0000023dd682ccc0_0; 1 drivers
v0000023dd68307e0_21 .net v0000023dd68307e0 21, 63 0, v0000023dd682be60_0; 1 drivers
v0000023dd68307e0_22 .net v0000023dd68307e0 22, 63 0, v0000023dd682c860_0; 1 drivers
v0000023dd68307e0_23 .net v0000023dd68307e0 23, 63 0, v0000023dd682c180_0; 1 drivers
v0000023dd68307e0_24 .net v0000023dd68307e0 24, 63 0, v0000023dd682b820_0; 1 drivers
v0000023dd68307e0_25 .net v0000023dd68307e0 25, 63 0, v0000023dd682b8c0_0; 1 drivers
v0000023dd68307e0_26 .net v0000023dd68307e0 26, 63 0, v0000023dd682ca40_0; 1 drivers
v0000023dd68307e0_27 .net v0000023dd68307e0 27, 63 0, v0000023dd682b0a0_0; 1 drivers
v0000023dd68307e0_28 .net v0000023dd68307e0 28, 63 0, v0000023dd682c540_0; 1 drivers
v0000023dd68307e0_29 .net v0000023dd68307e0 29, 63 0, v0000023dd682f8e0_0; 1 drivers
v0000023dd68307e0_30 .net v0000023dd68307e0 30, 63 0, v0000023dd682f160_0; 1 drivers
v0000023dd68307e0_31 .net v0000023dd68307e0 31, 63 0, v0000023dd682fa20_0; 1 drivers
E_0000023dd6706a30 .event posedge, v0000023dd68304c0_0;
E_0000023dd6706ab0 .event anyedge, v0000023dd682f840_0;
E_0000023dd67065f0/0 .event anyedge, v0000023dd67385c0_0, v0000023dd6738c00_0, v0000023dd6738fc0_0, v0000023dd67391a0_0;
E_0000023dd67065f0/1 .event anyedge, v0000023dd673cae0_0, v0000023dd673d580_0, v0000023dd673c860_0, v0000023dd673cfe0_0;
E_0000023dd67065f0/2 .event anyedge, v0000023dd673d3a0_0, v0000023dd673ce00_0, v0000023dd673c7c0_0, v0000023dd673dda0_0;
E_0000023dd67065f0/3 .event anyedge, v0000023dd673df80_0, v0000023dd673e020_0, v0000023dd673d1c0_0, v0000023dd673dbc0_0;
E_0000023dd67065f0/4 .event anyedge, v0000023dd673e340_0, v0000023dd682c680_0, v0000023dd682c900_0, v0000023dd682b320_0;
E_0000023dd67065f0/5 .event anyedge, v0000023dd682ccc0_0, v0000023dd682be60_0, v0000023dd682c860_0, v0000023dd682c180_0;
E_0000023dd67065f0/6 .event anyedge, v0000023dd682b820_0, v0000023dd682b8c0_0, v0000023dd682ca40_0, v0000023dd682b0a0_0;
E_0000023dd67065f0/7 .event anyedge, v0000023dd682c540_0, v0000023dd682f8e0_0, v0000023dd682f160_0, v0000023dd682fa20_0;
E_0000023dd67065f0 .event/or E_0000023dd67065f0/0, E_0000023dd67065f0/1, E_0000023dd67065f0/2, E_0000023dd67065f0/3, E_0000023dd67065f0/4, E_0000023dd67065f0/5, E_0000023dd67065f0/6, E_0000023dd67065f0/7;
L_0000023dd687c090 .part o0000023dd67e4d68, 1, 1;
L_0000023dd687b370 .part o0000023dd67e4d68, 2, 1;
L_0000023dd687c310 .part o0000023dd67e4d68, 3, 1;
L_0000023dd687c9f0 .part o0000023dd67e4d68, 4, 1;
L_0000023dd687af10 .part o0000023dd67e4d68, 0, 1;
S_0000023dd673a530 .scope module, "Reg" "RegNbits" 6 18, 5 1 0, S_0000023dd673c150;
 .timescale -8 -10;
    .port_info 0 /INPUT 64 "x";
    .port_info 1 /INPUT 1 "clk";
    .port_info 2 /INPUT 1 "load";
    .port_info 3 /OUTPUT 64 "x_out";
P_0000023dd6706770 .param/l "N" 0 5 5, +C4<00000000000000000000000001000000>;
v0000023dd6738520_0 .net "clk", 0 0, v0000023dd6830560_0;  alias, 1 drivers
v0000023dd673a1e0_0 .net "load", 0 0, L_0000023dd687af10;  1 drivers
L_0000023dd6833de8 .functor BUFT 1, C4<0000000000000000000000000000000000000000000000000000000000000000>, C4<0>, C4<0>, C4<0>;
v0000023dd6738980_0 .net "x", 63 0, L_0000023dd6833de8;  1 drivers
v0000023dd67385c0_0 .var "x_out", 63 0;
S_0000023dd673ae90 .scope generate, "genblk1[1]" "genblk1[1]" 6 28, 6 28 0, S_0000023dd673c150;
 .timescale -8 -10;
P_0000023dd6706d30 .param/l "i" 0 6 28, +C4<01>;
S_0000023dd673bb10 .scope module, "Regs" "RegNbits" 6 30, 5 1 0, S_0000023dd673ae90;
 .timescale -8 -10;
    .port_info 0 /INPUT 64 "x";
    .port_info 1 /INPUT 1 "clk";
    .port_info 2 /INPUT 1 "load";
    .port_info 3 /OUTPUT 64 "x_out";
P_0000023dd67067b0 .param/l "N" 0 5 5, +C4<00000000000000000000000001000000>;
v0000023dd67387a0_0 .net "clk", 0 0, v0000023dd6830560_0;  alias, 1 drivers
v0000023dd6738ca0_0 .net "load", 0 0, L_0000023dd687c090;  1 drivers
v0000023dd6738b60_0 .net "x", 63 0, v0000023dd67388e0_0;  alias, 1 drivers
v0000023dd6738c00_0 .var "x_out", 63 0;
S_0000023dd673b4d0 .scope generate, "genblk1[2]" "genblk1[2]" 6 28, 6 28 0, S_0000023dd673c150;
 .timescale -8 -10;
P_0000023dd6706930 .param/l "i" 0 6 28, +C4<010>;
S_0000023dd673be30 .scope module, "Regs" "RegNbits" 6 30, 5 1 0, S_0000023dd673b4d0;
 .timescale -8 -10;
    .port_info 0 /INPUT 64 "x";
    .port_info 1 /INPUT 1 "clk";
    .port_info 2 /INPUT 1 "load";
    .port_info 3 /OUTPUT 64 "x_out";
P_0000023dd6705f30 .param/l "N" 0 5 5, +C4<00000000000000000000000001000000>;
v0000023dd6739600_0 .net "clk", 0 0, v0000023dd6830560_0;  alias, 1 drivers
v0000023dd6738d40_0 .net "load", 0 0, L_0000023dd687b370;  1 drivers
v0000023dd6738f20_0 .net "x", 63 0, v0000023dd67388e0_0;  alias, 1 drivers
v0000023dd6738fc0_0 .var "x_out", 63 0;
S_0000023dd673a6c0 .scope generate, "genblk1[3]" "genblk1[3]" 6 28, 6 28 0, S_0000023dd673c150;
 .timescale -8 -10;
P_0000023dd6706070 .param/l "i" 0 6 28, +C4<011>;
S_0000023dd673b1b0 .scope module, "Regs" "RegNbits" 6 30, 5 1 0, S_0000023dd673a6c0;
 .timescale -8 -10;
    .port_info 0 /INPUT 64 "x";
    .port_info 1 /INPUT 1 "clk";
    .port_info 2 /INPUT 1 "load";
    .port_info 3 /OUTPUT 64 "x_out";
P_0000023dd6706b70 .param/l "N" 0 5 5, +C4<00000000000000000000000001000000>;
v0000023dd67397e0_0 .net "clk", 0 0, v0000023dd6830560_0;  alias, 1 drivers
v0000023dd6739060_0 .net "load", 0 0, L_0000023dd687c310;  1 drivers
v0000023dd6739100_0 .net "x", 63 0, v0000023dd67388e0_0;  alias, 1 drivers
v0000023dd67391a0_0 .var "x_out", 63 0;
S_0000023dd673a850 .scope generate, "genblk1[4]" "genblk1[4]" 6 28, 6 28 0, S_0000023dd673c150;
 .timescale -8 -10;
P_0000023dd67067f0 .param/l "i" 0 6 28, +C4<0100>;
S_0000023dd673b020 .scope module, "Regs" "RegNbits" 6 30, 5 1 0, S_0000023dd673a850;
 .timescale -8 -10;
    .port_info 0 /INPUT 64 "x";
    .port_info 1 /INPUT 1 "clk";
    .port_info 2 /INPUT 1 "load";
    .port_info 3 /OUTPUT 64 "x_out";
P_0000023dd6706bb0 .param/l "N" 0 5 5, +C4<00000000000000000000000001000000>;
v0000023dd67392e0_0 .net "clk", 0 0, v0000023dd6830560_0;  alias, 1 drivers
v0000023dd6739420_0 .net "load", 0 0, L_0000023dd687c9f0;  1 drivers
v0000023dd6739880_0 .net "x", 63 0, v0000023dd67388e0_0;  alias, 1 drivers
v0000023dd673cae0_0 .var "x_out", 63 0;
S_0000023dd673bca0 .scope generate, "genblk1[5]" "genblk1[5]" 6 28, 6 28 0, S_0000023dd673c150;
 .timescale -8 -10;
P_0000023dd6706830 .param/l "i" 0 6 28, +C4<0101>;
S_0000023dd673b660 .scope module, "Regs" "RegNbits" 6 30, 5 1 0, S_0000023dd673bca0;
 .timescale -8 -10;
    .port_info 0 /INPUT 64 "x";
    .port_info 1 /INPUT 1 "clk";
    .port_info 2 /INPUT 1 "load";
    .port_info 3 /OUTPUT 64 "x_out";
P_0000023dd67069b0 .param/l "N" 0 5 5, +C4<00000000000000000000000001000000>;
v0000023dd673db20_0 .net "clk", 0 0, v0000023dd6830560_0;  alias, 1 drivers
L_0000023dd6833650 .functor BUFT 1, C4<x>, C4<0>, C4<0>, C4<0>;
v0000023dd673c5e0_0 .net "load", 0 0, L_0000023dd6833650;  1 drivers
v0000023dd673cb80_0 .net "x", 63 0, v0000023dd67388e0_0;  alias, 1 drivers
v0000023dd673d580_0 .var "x_out", 63 0;
S_0000023dd673bfc0 .scope generate, "genblk1[6]" "genblk1[6]" 6 28, 6 28 0, S_0000023dd673c150;
 .timescale -8 -10;
P_0000023dd6706bf0 .param/l "i" 0 6 28, +C4<0110>;
S_0000023dd673c2e0 .scope module, "Regs" "RegNbits" 6 30, 5 1 0, S_0000023dd673bfc0;
 .timescale -8 -10;
    .port_info 0 /INPUT 64 "x";
    .port_info 1 /INPUT 1 "clk";
    .port_info 2 /INPUT 1 "load";
    .port_info 3 /OUTPUT 64 "x_out";
P_0000023dd6706c30 .param/l "N" 0 5 5, +C4<00000000000000000000000001000000>;
v0000023dd673cd60_0 .net "clk", 0 0, v0000023dd6830560_0;  alias, 1 drivers
L_0000023dd6833698 .functor BUFT 1, C4<x>, C4<0>, C4<0>, C4<0>;
v0000023dd673e160_0 .net "load", 0 0, L_0000023dd6833698;  1 drivers
v0000023dd673c680_0 .net "x", 63 0, v0000023dd67388e0_0;  alias, 1 drivers
v0000023dd673c860_0 .var "x_out", 63 0;
S_0000023dd673ad00 .scope generate, "genblk1[7]" "genblk1[7]" 6 28, 6 28 0, S_0000023dd673c150;
 .timescale -8 -10;
P_0000023dd6706c70 .param/l "i" 0 6 28, +C4<0111>;
S_0000023dd673b340 .scope module, "Regs" "RegNbits" 6 30, 5 1 0, S_0000023dd673ad00;
 .timescale -8 -10;
    .port_info 0 /INPUT 64 "x";
    .port_info 1 /INPUT 1 "clk";
    .port_info 2 /INPUT 1 "load";
    .port_info 3 /OUTPUT 64 "x_out";
P_0000023dd66e5130 .param/l "N" 0 5 5, +C4<00000000000000000000000001000000>;
v0000023dd673cc20_0 .net "clk", 0 0, v0000023dd6830560_0;  alias, 1 drivers
L_0000023dd68336e0 .functor BUFT 1, C4<x>, C4<0>, C4<0>, C4<0>;
v0000023dd673ca40_0 .net "load", 0 0, L_0000023dd68336e0;  1 drivers
v0000023dd673ccc0_0 .net "x", 63 0, v0000023dd67388e0_0;  alias, 1 drivers
v0000023dd673cfe0_0 .var "x_out", 63 0;
S_0000023dd673b7f0 .scope generate, "genblk1[8]" "genblk1[8]" 6 28, 6 28 0, S_0000023dd673c150;
 .timescale -8 -10;
P_0000023dd66e4a30 .param/l "i" 0 6 28, +C4<01000>;
S_0000023dd673b980 .scope module, "Regs" "RegNbits" 6 30, 5 1 0, S_0000023dd673b7f0;
 .timescale -8 -10;
    .port_info 0 /INPUT 64 "x";
    .port_info 1 /INPUT 1 "clk";
    .port_info 2 /INPUT 1 "load";
    .port_info 3 /OUTPUT 64 "x_out";
P_0000023dd66e4770 .param/l "N" 0 5 5, +C4<00000000000000000000000001000000>;
v0000023dd673d760_0 .net "clk", 0 0, v0000023dd6830560_0;  alias, 1 drivers
L_0000023dd6833728 .functor BUFT 1, C4<x>, C4<0>, C4<0>, C4<0>;
v0000023dd673d8a0_0 .net "load", 0 0, L_0000023dd6833728;  1 drivers
v0000023dd673cf40_0 .net "x", 63 0, v0000023dd67388e0_0;  alias, 1 drivers
v0000023dd673d3a0_0 .var "x_out", 63 0;
S_0000023dd673ab70 .scope generate, "genblk1[9]" "genblk1[9]" 6 28, 6 28 0, S_0000023dd673c150;
 .timescale -8 -10;
P_0000023dd66e52f0 .param/l "i" 0 6 28, +C4<01001>;
S_0000023dd673a9e0 .scope module, "Regs" "RegNbits" 6 30, 5 1 0, S_0000023dd673ab70;
 .timescale -8 -10;
    .port_info 0 /INPUT 64 "x";
    .port_info 1 /INPUT 1 "clk";
    .port_info 2 /INPUT 1 "load";
    .port_info 3 /OUTPUT 64 "x_out";
P_0000023dd66e4670 .param/l "N" 0 5 5, +C4<00000000000000000000000001000000>;
v0000023dd673e3e0_0 .net "clk", 0 0, v0000023dd6830560_0;  alias, 1 drivers
L_0000023dd6833770 .functor BUFT 1, C4<x>, C4<0>, C4<0>, C4<0>;
v0000023dd673c720_0 .net "load", 0 0, L_0000023dd6833770;  1 drivers
v0000023dd673e0c0_0 .net "x", 63 0, v0000023dd67388e0_0;  alias, 1 drivers
v0000023dd673ce00_0 .var "x_out", 63 0;
S_0000023dd6825990 .scope generate, "genblk1[10]" "genblk1[10]" 6 28, 6 28 0, S_0000023dd673c150;
 .timescale -8 -10;
P_0000023dd66e5170 .param/l "i" 0 6 28, +C4<01010>;
S_0000023dd6824ea0 .scope module, "Regs" "RegNbits" 6 30, 5 1 0, S_0000023dd6825990;
 .timescale -8 -10;
    .port_info 0 /INPUT 64 "x";
    .port_info 1 /INPUT 1 "clk";
    .port_info 2 /INPUT 1 "load";
    .port_info 3 /OUTPUT 64 "x_out";
P_0000023dd66e51f0 .param/l "N" 0 5 5, +C4<00000000000000000000000001000000>;
v0000023dd673d260_0 .net "clk", 0 0, v0000023dd6830560_0;  alias, 1 drivers
L_0000023dd68337b8 .functor BUFT 1, C4<x>, C4<0>, C4<0>, C4<0>;
v0000023dd673c900_0 .net "load", 0 0, L_0000023dd68337b8;  1 drivers
v0000023dd673dee0_0 .net "x", 63 0, v0000023dd67388e0_0;  alias, 1 drivers
v0000023dd673c7c0_0 .var "x_out", 63 0;
S_0000023dd6825670 .scope generate, "genblk1[11]" "genblk1[11]" 6 28, 6 28 0, S_0000023dd673c150;
 .timescale -8 -10;
P_0000023dd66e4a70 .param/l "i" 0 6 28, +C4<01011>;
S_0000023dd6825fd0 .scope module, "Regs" "RegNbits" 6 30, 5 1 0, S_0000023dd6825670;
 .timescale -8 -10;
    .port_info 0 /INPUT 64 "x";
    .port_info 1 /INPUT 1 "clk";
    .port_info 2 /INPUT 1 "load";
    .port_info 3 /OUTPUT 64 "x_out";
P_0000023dd66e4830 .param/l "N" 0 5 5, +C4<00000000000000000000000001000000>;
v0000023dd673d800_0 .net "clk", 0 0, v0000023dd6830560_0;  alias, 1 drivers
L_0000023dd6833800 .functor BUFT 1, C4<x>, C4<0>, C4<0>, C4<0>;
v0000023dd673d940_0 .net "load", 0 0, L_0000023dd6833800;  1 drivers
v0000023dd673d080_0 .net "x", 63 0, v0000023dd67388e0_0;  alias, 1 drivers
v0000023dd673dda0_0 .var "x_out", 63 0;
S_0000023dd6825800 .scope generate, "genblk1[12]" "genblk1[12]" 6 28, 6 28 0, S_0000023dd673c150;
 .timescale -8 -10;
P_0000023dd66e4870 .param/l "i" 0 6 28, +C4<01100>;
S_0000023dd6826480 .scope module, "Regs" "RegNbits" 6 30, 5 1 0, S_0000023dd6825800;
 .timescale -8 -10;
    .port_info 0 /INPUT 64 "x";
    .port_info 1 /INPUT 1 "clk";
    .port_info 2 /INPUT 1 "load";
    .port_info 3 /OUTPUT 64 "x_out";
P_0000023dd66e49f0 .param/l "N" 0 5 5, +C4<00000000000000000000000001000000>;
v0000023dd673dc60_0 .net "clk", 0 0, v0000023dd6830560_0;  alias, 1 drivers
L_0000023dd6833848 .functor BUFT 1, C4<x>, C4<0>, C4<0>, C4<0>;
v0000023dd673c9a0_0 .net "load", 0 0, L_0000023dd6833848;  1 drivers
v0000023dd673d300_0 .net "x", 63 0, v0000023dd67388e0_0;  alias, 1 drivers
v0000023dd673df80_0 .var "x_out", 63 0;
S_0000023dd6825b20 .scope generate, "genblk1[13]" "genblk1[13]" 6 28, 6 28 0, S_0000023dd673c150;
 .timescale -8 -10;
P_0000023dd66e4af0 .param/l "i" 0 6 28, +C4<01101>;
S_0000023dd6826c50 .scope module, "Regs" "RegNbits" 6 30, 5 1 0, S_0000023dd6825b20;
 .timescale -8 -10;
    .port_info 0 /INPUT 64 "x";
    .port_info 1 /INPUT 1 "clk";
    .port_info 2 /INPUT 1 "load";
    .port_info 3 /OUTPUT 64 "x_out";
P_0000023dd66e5370 .param/l "N" 0 5 5, +C4<00000000000000000000000001000000>;
v0000023dd673cea0_0 .net "clk", 0 0, v0000023dd6830560_0;  alias, 1 drivers
L_0000023dd6833890 .functor BUFT 1, C4<x>, C4<0>, C4<0>, C4<0>;
v0000023dd673d440_0 .net "load", 0 0, L_0000023dd6833890;  1 drivers
v0000023dd673de40_0 .net "x", 63 0, v0000023dd67388e0_0;  alias, 1 drivers
v0000023dd673e020_0 .var "x_out", 63 0;
S_0000023dd6826160 .scope generate, "genblk1[14]" "genblk1[14]" 6 28, 6 28 0, S_0000023dd673c150;
 .timescale -8 -10;
P_0000023dd66e4bb0 .param/l "i" 0 6 28, +C4<01110>;
S_0000023dd68267a0 .scope module, "Regs" "RegNbits" 6 30, 5 1 0, S_0000023dd6826160;
 .timescale -8 -10;
    .port_info 0 /INPUT 64 "x";
    .port_info 1 /INPUT 1 "clk";
    .port_info 2 /INPUT 1 "load";
    .port_info 3 /OUTPUT 64 "x_out";
P_0000023dd66e44b0 .param/l "N" 0 5 5, +C4<00000000000000000000000001000000>;
v0000023dd673d4e0_0 .net "clk", 0 0, v0000023dd6830560_0;  alias, 1 drivers
L_0000023dd68338d8 .functor BUFT 1, C4<x>, C4<0>, C4<0>, C4<0>;
v0000023dd673d120_0 .net "load", 0 0, L_0000023dd68338d8;  1 drivers
v0000023dd673d620_0 .net "x", 63 0, v0000023dd67388e0_0;  alias, 1 drivers
v0000023dd673d1c0_0 .var "x_out", 63 0;
S_0000023dd6826930 .scope generate, "genblk1[15]" "genblk1[15]" 6 28, 6 28 0, S_0000023dd673c150;
 .timescale -8 -10;
P_0000023dd66e4b30 .param/l "i" 0 6 28, +C4<01111>;
S_0000023dd6825350 .scope module, "Regs" "RegNbits" 6 30, 5 1 0, S_0000023dd6826930;
 .timescale -8 -10;
    .port_info 0 /INPUT 64 "x";
    .port_info 1 /INPUT 1 "clk";
    .port_info 2 /INPUT 1 "load";
    .port_info 3 /OUTPUT 64 "x_out";
P_0000023dd66e4bf0 .param/l "N" 0 5 5, +C4<00000000000000000000000001000000>;
v0000023dd673d6c0_0 .net "clk", 0 0, v0000023dd6830560_0;  alias, 1 drivers
L_0000023dd6833920 .functor BUFT 1, C4<x>, C4<0>, C4<0>, C4<0>;
v0000023dd673d9e0_0 .net "load", 0 0, L_0000023dd6833920;  1 drivers
v0000023dd673da80_0 .net "x", 63 0, v0000023dd67388e0_0;  alias, 1 drivers
v0000023dd673dbc0_0 .var "x_out", 63 0;
S_0000023dd6826610 .scope generate, "genblk1[16]" "genblk1[16]" 6 28, 6 28 0, S_0000023dd673c150;
 .timescale -8 -10;
P_0000023dd66e44f0 .param/l "i" 0 6 28, +C4<010000>;
S_0000023dd68262f0 .scope module, "Regs" "RegNbits" 6 30, 5 1 0, S_0000023dd6826610;
 .timescale -8 -10;
    .port_info 0 /INPUT 64 "x";
    .port_info 1 /INPUT 1 "clk";
    .port_info 2 /INPUT 1 "load";
    .port_info 3 /OUTPUT 64 "x_out";
P_0000023dd66e40b0 .param/l "N" 0 5 5, +C4<00000000000000000000000001000000>;
v0000023dd673e2a0_0 .net "clk", 0 0, v0000023dd6830560_0;  alias, 1 drivers
L_0000023dd6833968 .functor BUFT 1, C4<x>, C4<0>, C4<0>, C4<0>;
v0000023dd673dd00_0 .net "load", 0 0, L_0000023dd6833968;  1 drivers
v0000023dd673e200_0 .net "x", 63 0, v0000023dd67388e0_0;  alias, 1 drivers
v0000023dd673e340_0 .var "x_out", 63 0;
S_0000023dd6826ac0 .scope generate, "genblk1[17]" "genblk1[17]" 6 28, 6 28 0, S_0000023dd673c150;
 .timescale -8 -10;
P_0000023dd66e3ab0 .param/l "i" 0 6 28, +C4<010001>;
S_0000023dd6825030 .scope module, "Regs" "RegNbits" 6 30, 5 1 0, S_0000023dd6826ac0;
 .timescale -8 -10;
    .port_info 0 /INPUT 64 "x";
    .port_info 1 /INPUT 1 "clk";
    .port_info 2 /INPUT 1 "load";
    .port_info 3 /OUTPUT 64 "x_out";
P_0000023dd66e38f0 .param/l "N" 0 5 5, +C4<00000000000000000000000001000000>;
v0000023dd673c540_0 .net "clk", 0 0, v0000023dd6830560_0;  alias, 1 drivers
L_0000023dd68339b0 .functor BUFT 1, C4<x>, C4<0>, C4<0>, C4<0>;
v0000023dd682c9a0_0 .net "load", 0 0, L_0000023dd68339b0;  1 drivers
v0000023dd682b780_0 .net "x", 63 0, v0000023dd67388e0_0;  alias, 1 drivers
v0000023dd682c680_0 .var "x_out", 63 0;
S_0000023dd68251c0 .scope generate, "genblk1[18]" "genblk1[18]" 6 28, 6 28 0, S_0000023dd673c150;
 .timescale -8 -10;
P_0000023dd66e3870 .param/l "i" 0 6 28, +C4<010010>;
S_0000023dd68254e0 .scope module, "Regs" "RegNbits" 6 30, 5 1 0, S_0000023dd68251c0;
 .timescale -8 -10;
    .port_info 0 /INPUT 64 "x";
    .port_info 1 /INPUT 1 "clk";
    .port_info 2 /INPUT 1 "load";
    .port_info 3 /OUTPUT 64 "x_out";
P_0000023dd66e4130 .param/l "N" 0 5 5, +C4<00000000000000000000000001000000>;
v0000023dd682c0e0_0 .net "clk", 0 0, v0000023dd6830560_0;  alias, 1 drivers
L_0000023dd68339f8 .functor BUFT 1, C4<x>, C4<0>, C4<0>, C4<0>;
v0000023dd682b1e0_0 .net "load", 0 0, L_0000023dd68339f8;  1 drivers
v0000023dd682cb80_0 .net "x", 63 0, v0000023dd67388e0_0;  alias, 1 drivers
v0000023dd682c900_0 .var "x_out", 63 0;
S_0000023dd6825cb0 .scope generate, "genblk1[19]" "genblk1[19]" 6 28, 6 28 0, S_0000023dd673c150;
 .timescale -8 -10;
P_0000023dd66e4170 .param/l "i" 0 6 28, +C4<010011>;
S_0000023dd6825e40 .scope module, "Regs" "RegNbits" 6 30, 5 1 0, S_0000023dd6825cb0;
 .timescale -8 -10;
    .port_info 0 /INPUT 64 "x";
    .port_info 1 /INPUT 1 "clk";
    .port_info 2 /INPUT 1 "load";
    .port_info 3 /OUTPUT 64 "x_out";
P_0000023dd66e3ef0 .param/l "N" 0 5 5, +C4<00000000000000000000000001000000>;
v0000023dd682bc80_0 .net "clk", 0 0, v0000023dd6830560_0;  alias, 1 drivers
L_0000023dd6833a40 .functor BUFT 1, C4<x>, C4<0>, C4<0>, C4<0>;
v0000023dd682bb40_0 .net "load", 0 0, L_0000023dd6833a40;  1 drivers
v0000023dd682c7c0_0 .net "x", 63 0, v0000023dd67388e0_0;  alias, 1 drivers
v0000023dd682b320_0 .var "x_out", 63 0;
S_0000023dd682d1f0 .scope generate, "genblk1[20]" "genblk1[20]" 6 28, 6 28 0, S_0000023dd673c150;
 .timescale -8 -10;
P_0000023dd66e42f0 .param/l "i" 0 6 28, +C4<010100>;
S_0000023dd682e640 .scope module, "Regs" "RegNbits" 6 30, 5 1 0, S_0000023dd682d1f0;
 .timescale -8 -10;
    .port_info 0 /INPUT 64 "x";
    .port_info 1 /INPUT 1 "clk";
    .port_info 2 /INPUT 1 "load";
    .port_info 3 /OUTPUT 64 "x_out";
P_0000023dd66e4330 .param/l "N" 0 5 5, +C4<00000000000000000000000001000000>;
v0000023dd682bf00_0 .net "clk", 0 0, v0000023dd6830560_0;  alias, 1 drivers
L_0000023dd6833a88 .functor BUFT 1, C4<x>, C4<0>, C4<0>, C4<0>;
v0000023dd682b6e0_0 .net "load", 0 0, L_0000023dd6833a88;  1 drivers
v0000023dd682c040_0 .net "x", 63 0, v0000023dd67388e0_0;  alias, 1 drivers
v0000023dd682ccc0_0 .var "x_out", 63 0;
S_0000023dd682d510 .scope generate, "genblk1[21]" "genblk1[21]" 6 28, 6 28 0, S_0000023dd673c150;
 .timescale -8 -10;
P_0000023dd66e39f0 .param/l "i" 0 6 28, +C4<010101>;
S_0000023dd682e7d0 .scope module, "Regs" "RegNbits" 6 30, 5 1 0, S_0000023dd682d510;
 .timescale -8 -10;
    .port_info 0 /INPUT 64 "x";
    .port_info 1 /INPUT 1 "clk";
    .port_info 2 /INPUT 1 "load";
    .port_info 3 /OUTPUT 64 "x_out";
P_0000023dd66e35f0 .param/l "N" 0 5 5, +C4<00000000000000000000000001000000>;
v0000023dd682bbe0_0 .net "clk", 0 0, v0000023dd6830560_0;  alias, 1 drivers
L_0000023dd6833ad0 .functor BUFT 1, C4<x>, C4<0>, C4<0>, C4<0>;
v0000023dd682aec0_0 .net "load", 0 0, L_0000023dd6833ad0;  1 drivers
v0000023dd682bdc0_0 .net "x", 63 0, v0000023dd67388e0_0;  alias, 1 drivers
v0000023dd682be60_0 .var "x_out", 63 0;
S_0000023dd682d060 .scope generate, "genblk1[22]" "genblk1[22]" 6 28, 6 28 0, S_0000023dd673c150;
 .timescale -8 -10;
P_0000023dd66e3670 .param/l "i" 0 6 28, +C4<010110>;
S_0000023dd682dce0 .scope module, "Regs" "RegNbits" 6 30, 5 1 0, S_0000023dd682d060;
 .timescale -8 -10;
    .port_info 0 /INPUT 64 "x";
    .port_info 1 /INPUT 1 "clk";
    .port_info 2 /INPUT 1 "load";
    .port_info 3 /OUTPUT 64 "x_out";
P_0000023dd66e3b70 .param/l "N" 0 5 5, +C4<00000000000000000000000001000000>;
v0000023dd682cc20_0 .net "clk", 0 0, v0000023dd6830560_0;  alias, 1 drivers
L_0000023dd6833b18 .functor BUFT 1, C4<x>, C4<0>, C4<0>, C4<0>;
v0000023dd682cae0_0 .net "load", 0 0, L_0000023dd6833b18;  1 drivers
v0000023dd682b280_0 .net "x", 63 0, v0000023dd67388e0_0;  alias, 1 drivers
v0000023dd682c860_0 .var "x_out", 63 0;
S_0000023dd682d9c0 .scope generate, "genblk1[23]" "genblk1[23]" 6 28, 6 28 0, S_0000023dd673c150;
 .timescale -8 -10;
P_0000023dd66e3f30 .param/l "i" 0 6 28, +C4<010111>;
S_0000023dd682d380 .scope module, "Regs" "RegNbits" 6 30, 5 1 0, S_0000023dd682d9c0;
 .timescale -8 -10;
    .port_info 0 /INPUT 64 "x";
    .port_info 1 /INPUT 1 "clk";
    .port_info 2 /INPUT 1 "load";
    .port_info 3 /OUTPUT 64 "x_out";
P_0000023dd66e3b30 .param/l "N" 0 5 5, +C4<00000000000000000000000001000000>;
v0000023dd682af60_0 .net "clk", 0 0, v0000023dd6830560_0;  alias, 1 drivers
L_0000023dd6833b60 .functor BUFT 1, C4<x>, C4<0>, C4<0>, C4<0>;
v0000023dd682c4a0_0 .net "load", 0 0, L_0000023dd6833b60;  1 drivers
v0000023dd682b000_0 .net "x", 63 0, v0000023dd67388e0_0;  alias, 1 drivers
v0000023dd682c180_0 .var "x_out", 63 0;
S_0000023dd682d6a0 .scope generate, "genblk1[24]" "genblk1[24]" 6 28, 6 28 0, S_0000023dd673c150;
 .timescale -8 -10;
P_0000023dd66e41b0 .param/l "i" 0 6 28, +C4<011000>;
S_0000023dd682e190 .scope module, "Regs" "RegNbits" 6 30, 5 1 0, S_0000023dd682d6a0;
 .timescale -8 -10;
    .port_info 0 /INPUT 64 "x";
    .port_info 1 /INPUT 1 "clk";
    .port_info 2 /INPUT 1 "load";
    .port_info 3 /OUTPUT 64 "x_out";
P_0000023dd66e3bf0 .param/l "N" 0 5 5, +C4<00000000000000000000000001000000>;
v0000023dd682b3c0_0 .net "clk", 0 0, v0000023dd6830560_0;  alias, 1 drivers
L_0000023dd6833ba8 .functor BUFT 1, C4<x>, C4<0>, C4<0>, C4<0>;
v0000023dd682b460_0 .net "load", 0 0, L_0000023dd6833ba8;  1 drivers
v0000023dd682bd20_0 .net "x", 63 0, v0000023dd67388e0_0;  alias, 1 drivers
v0000023dd682b820_0 .var "x_out", 63 0;
S_0000023dd682e000 .scope generate, "genblk1[25]" "genblk1[25]" 6 28, 6 28 0, S_0000023dd673c150;
 .timescale -8 -10;
P_0000023dd66e4070 .param/l "i" 0 6 28, +C4<011001>;
S_0000023dd682d830 .scope module, "Regs" "RegNbits" 6 30, 5 1 0, S_0000023dd682e000;
 .timescale -8 -10;
    .port_info 0 /INPUT 64 "x";
    .port_info 1 /INPUT 1 "clk";
    .port_info 2 /INPUT 1 "load";
    .port_info 3 /OUTPUT 64 "x_out";
P_0000023dd66e3db0 .param/l "N" 0 5 5, +C4<00000000000000000000000001000000>;
v0000023dd682b140_0 .net "clk", 0 0, v0000023dd6830560_0;  alias, 1 drivers
L_0000023dd6833bf0 .functor BUFT 1, C4<x>, C4<0>, C4<0>, C4<0>;
v0000023dd682c220_0 .net "load", 0 0, L_0000023dd6833bf0;  1 drivers
v0000023dd682b5a0_0 .net "x", 63 0, v0000023dd67388e0_0;  alias, 1 drivers
v0000023dd682b8c0_0 .var "x_out", 63 0;
S_0000023dd682e320 .scope generate, "genblk1[26]" "genblk1[26]" 6 28, 6 28 0, S_0000023dd673c150;
 .timescale -8 -10;
P_0000023dd66e3730 .param/l "i" 0 6 28, +C4<011010>;
S_0000023dd682e960 .scope module, "Regs" "RegNbits" 6 30, 5 1 0, S_0000023dd682e320;
 .timescale -8 -10;
    .port_info 0 /INPUT 64 "x";
    .port_info 1 /INPUT 1 "clk";
    .port_info 2 /INPUT 1 "load";
    .port_info 3 /OUTPUT 64 "x_out";
P_0000023dd66e3e30 .param/l "N" 0 5 5, +C4<00000000000000000000000001000000>;
v0000023dd682b960_0 .net "clk", 0 0, v0000023dd6830560_0;  alias, 1 drivers
L_0000023dd6833c38 .functor BUFT 1, C4<x>, C4<0>, C4<0>, C4<0>;
v0000023dd682bfa0_0 .net "load", 0 0, L_0000023dd6833c38;  1 drivers
v0000023dd682c2c0_0 .net "x", 63 0, v0000023dd67388e0_0;  alias, 1 drivers
v0000023dd682ca40_0 .var "x_out", 63 0;
S_0000023dd682db50 .scope generate, "genblk1[27]" "genblk1[27]" 6 28, 6 28 0, S_0000023dd673c150;
 .timescale -8 -10;
P_0000023dd66e3770 .param/l "i" 0 6 28, +C4<011011>;
S_0000023dd682e4b0 .scope module, "Regs" "RegNbits" 6 30, 5 1 0, S_0000023dd682db50;
 .timescale -8 -10;
    .port_info 0 /INPUT 64 "x";
    .port_info 1 /INPUT 1 "clk";
    .port_info 2 /INPUT 1 "load";
    .port_info 3 /OUTPUT 64 "x_out";
P_0000023dd66e3c30 .param/l "N" 0 5 5, +C4<00000000000000000000000001000000>;
v0000023dd682b500_0 .net "clk", 0 0, v0000023dd6830560_0;  alias, 1 drivers
L_0000023dd6833c80 .functor BUFT 1, C4<x>, C4<0>, C4<0>, C4<0>;
v0000023dd682cd60_0 .net "load", 0 0, L_0000023dd6833c80;  1 drivers
v0000023dd682c720_0 .net "x", 63 0, v0000023dd67388e0_0;  alias, 1 drivers
v0000023dd682b0a0_0 .var "x_out", 63 0;
S_0000023dd682eaf0 .scope generate, "genblk1[28]" "genblk1[28]" 6 28, 6 28 0, S_0000023dd673c150;
 .timescale -8 -10;
P_0000023dd66e3f70 .param/l "i" 0 6 28, +C4<011100>;
S_0000023dd682ec80 .scope module, "Regs" "RegNbits" 6 30, 5 1 0, S_0000023dd682eaf0;
 .timescale -8 -10;
    .port_info 0 /INPUT 64 "x";
    .port_info 1 /INPUT 1 "clk";
    .port_info 2 /INPUT 1 "load";
    .port_info 3 /OUTPUT 64 "x_out";
P_0000023dd66e4370 .param/l "N" 0 5 5, +C4<00000000000000000000000001000000>;
v0000023dd682b640_0 .net "clk", 0 0, v0000023dd6830560_0;  alias, 1 drivers
L_0000023dd6833cc8 .functor BUFT 1, C4<x>, C4<0>, C4<0>, C4<0>;
v0000023dd682c360_0 .net "load", 0 0, L_0000023dd6833cc8;  1 drivers
v0000023dd682c400_0 .net "x", 63 0, v0000023dd67388e0_0;  alias, 1 drivers
v0000023dd682c540_0 .var "x_out", 63 0;
S_0000023dd682ced0 .scope generate, "genblk1[29]" "genblk1[29]" 6 28, 6 28 0, S_0000023dd673c150;
 .timescale -8 -10;
P_0000023dd66e40f0 .param/l "i" 0 6 28, +C4<011101>;
S_0000023dd682de70 .scope module, "Regs" "RegNbits" 6 30, 5 1 0, S_0000023dd682ced0;
 .timescale -8 -10;
    .port_info 0 /INPUT 64 "x";
    .port_info 1 /INPUT 1 "clk";
    .port_info 2 /INPUT 1 "load";
    .port_info 3 /OUTPUT 64 "x_out";
P_0000023dd66e3c70 .param/l "N" 0 5 5, +C4<00000000000000000000000001000000>;
v0000023dd682ba00_0 .net "clk", 0 0, v0000023dd6830560_0;  alias, 1 drivers
L_0000023dd6833d10 .functor BUFT 1, C4<x>, C4<0>, C4<0>, C4<0>;
v0000023dd682baa0_0 .net "load", 0 0, L_0000023dd6833d10;  1 drivers
v0000023dd682c5e0_0 .net "x", 63 0, v0000023dd67388e0_0;  alias, 1 drivers
v0000023dd682f8e0_0 .var "x_out", 63 0;
S_0000023dd6830ef0 .scope generate, "genblk1[30]" "genblk1[30]" 6 28, 6 28 0, S_0000023dd673c150;
 .timescale -8 -10;
P_0000023dd66e3cb0 .param/l "i" 0 6 28, +C4<011110>;
S_0000023dd6831b70 .scope module, "Regs" "RegNbits" 6 30, 5 1 0, S_0000023dd6830ef0;
 .timescale -8 -10;
    .port_info 0 /INPUT 64 "x";
    .port_info 1 /INPUT 1 "clk";
    .port_info 2 /INPUT 1 "load";
    .port_info 3 /OUTPUT 64 "x_out";
P_0000023dd66e34f0 .param/l "N" 0 5 5, +C4<00000000000000000000000001000000>;
v0000023dd682fd40_0 .net "clk", 0 0, v0000023dd6830560_0;  alias, 1 drivers
L_0000023dd6833d58 .functor BUFT 1, C4<x>, C4<0>, C4<0>, C4<0>;
v0000023dd682fde0_0 .net "load", 0 0, L_0000023dd6833d58;  1 drivers
v0000023dd6830a60_0 .net "x", 63 0, v0000023dd67388e0_0;  alias, 1 drivers
v0000023dd682f160_0 .var "x_out", 63 0;
S_0000023dd6831850 .scope generate, "genblk1[31]" "genblk1[31]" 6 28, 6 28 0, S_0000023dd673c150;
 .timescale -8 -10;
P_0000023dd66e3e70 .param/l "i" 0 6 28, +C4<011111>;
S_0000023dd68313a0 .scope module, "Regs" "RegNbits" 6 30, 5 1 0, S_0000023dd6831850;
 .timescale -8 -10;
    .port_info 0 /INPUT 64 "x";
    .port_info 1 /INPUT 1 "clk";
    .port_info 2 /INPUT 1 "load";
    .port_info 3 /OUTPUT 64 "x_out";
P_0000023dd66e4270 .param/l "N" 0 5 5, +C4<00000000000000000000000001000000>;
v0000023dd6830740_0 .net "clk", 0 0, v0000023dd6830560_0;  alias, 1 drivers
L_0000023dd6833da0 .functor BUFT 1, C4<x>, C4<0>, C4<0>, C4<0>;
v0000023dd6830ce0_0 .net "load", 0 0, L_0000023dd6833da0;  1 drivers
v0000023dd6830d80_0 .net "x", 63 0, v0000023dd67388e0_0;  alias, 1 drivers
v0000023dd682fa20_0 .var "x_out", 63 0;
    .scope S_0000023dd668e9e0;
T_0 ;
    %wait E_0000023dd6705330;
    %load/vec4 v0000023dd670b9a0_0;
    %flag_set/vec4 8;
    %jmp/0xz  T_0.0, 8;
    %load/vec4 v0000023dd670ae60_0;
    %assign/vec4 v0000023dd670a6e0_0, 0;
T_0.0 ;
    %jmp T_0;
    .thread T_0;
    .scope S_0000023dd6687370;
T_1 ;
    %wait E_0000023dd6705330;
    %load/vec4 v0000023dd670af00_0;
    %flag_set/vec4 8;
    %jmp/0xz  T_1.0, 8;
    %load/vec4 v0000023dd670b0e0_0;
    %assign/vec4 v0000023dd670b400_0, 0;
T_1.0 ;
    %jmp T_1;
    .thread T_1;
    .scope S_0000023dd6652810;
T_2 ;
    %wait E_0000023dd6705330;
    %load/vec4 v0000023dd670bb80_0;
    %flag_set/vec4 8;
    %jmp/0xz  T_2.0, 8;
    %load/vec4 v0000023dd670bc20_0;
    %assign/vec4 v0000023dd670a820_0, 0;
T_2.0 ;
    %jmp T_2;
    .thread T_2;
    .scope S_0000023dd6652b30;
T_3 ;
    %wait E_0000023dd6705330;
    %load/vec4 v0000023dd670a960_0;
    %flag_set/vec4 8;
    %jmp/0xz  T_3.0, 8;
    %load/vec4 v0000023dd670aa00_0;
    %assign/vec4 v0000023dd670b4a0_0, 0;
T_3.0 ;
    %jmp T_3;
    .thread T_3;
    .scope S_0000023dd6721d80;
T_4 ;
    %wait E_0000023dd6705330;
    %load/vec4 v0000023dd670be00_0;
    %flag_set/vec4 8;
    %jmp/0xz  T_4.0, 8;
    %load/vec4 v0000023dd670b680_0;
    %assign/vec4 v0000023dd670b720_0, 0;
T_4.0 ;
    %jmp T_4;
    .thread T_4;
    .scope S_0000023dd67220a0;
T_5 ;
    %wait E_0000023dd6705330;
    %load/vec4 v0000023dd670a1e0_0;
    %flag_set/vec4 8;
    %jmp/0xz  T_5.0, 8;
    %load/vec4 v0000023dd670a280_0;
    %assign/vec4 v0000023dd670a3c0_0, 0;
T_5.0 ;
    %jmp T_5;
    .thread T_5;
    .scope S_0000023dd67223c0;
T_6 ;
    %wait E_0000023dd6705330;
    %load/vec4 v0000023dd66f8930_0;
    %flag_set/vec4 8;
    %jmp/0xz  T_6.0, 8;
    %load/vec4 v0000023dd66fa050_0;
    %assign/vec4 v0000023dd66f8b10_0, 0;
T_6.0 ;
    %jmp T_6;
    .thread T_6;
    .scope S_0000023dd6823380;
T_7 ;
    %wait E_0000023dd6705330;
    %load/vec4 v0000023dd66f9790_0;
    %flag_set/vec4 8;
    %jmp/0xz  T_7.0, 8;
    %load/vec4 v0000023dd66f9bf0_0;
    %assign/vec4 v0000023dd66f9c90_0, 0;
T_7.0 ;
    %jmp T_7;
    .thread T_7;
    .scope S_0000023dd6823b50;
T_8 ;
    %wait E_0000023dd6705330;
    %load/vec4 v0000023dd66f9dd0_0;
    %flag_set/vec4 8;
    %jmp/0xz  T_8.0, 8;
    %load/vec4 v0000023dd66f90b0_0;
    %assign/vec4 v0000023dd66f8d90_0, 0;
T_8.0 ;
    %jmp T_8;
    .thread T_8;
    .scope S_0000023dd6823e70;
T_9 ;
    %wait E_0000023dd6705330;
    %load/vec4 v0000023dd66f9010_0;
    %flag_set/vec4 8;
    %jmp/0xz  T_9.0, 8;
    %load/vec4 v0000023dd66f9970_0;
    %assign/vec4 v0000023dd66f9290_0, 0;
T_9.0 ;
    %jmp T_9;
    .thread T_9;
    .scope S_0000023dd6823ce0;
T_10 ;
    %wait E_0000023dd6705330;
    %load/vec4 v0000023dd66f9f10_0;
    %flag_set/vec4 8;
    %jmp/0xz  T_10.0, 8;
    %load/vec4 v0000023dd66f86b0_0;
    %assign/vec4 v0000023dd66fa0f0_0, 0;
T_10.0 ;
    %jmp T_10;
    .thread T_10;
    .scope S_0000023dd6823510;
T_11 ;
    %wait E_0000023dd6705330;
    %load/vec4 v0000023dd66f9830_0;
    %flag_set/vec4 8;
    %jmp/0xz  T_11.0, 8;
    %load/vec4 v0000023dd66f8430_0;
    %assign/vec4 v0000023dd66f8570_0, 0;
T_11.0 ;
    %jmp T_11;
    .thread T_11;
    .scope S_0000023dd6733c60;
T_12 ;
    %wait E_0000023dd6705330;
    %load/vec4 v0000023dd66f0970_0;
    %flag_set/vec4 8;
    %jmp/0xz  T_12.0, 8;
    %load/vec4 v0000023dd66f0470_0;
    %assign/vec4 v0000023dd66f0330_0, 0;
T_12.0 ;
    %jmp T_12;
    .thread T_12;
    .scope S_0000023dd6733ad0;
T_13 ;
    %wait E_0000023dd6705330;
    %load/vec4 v0000023dd66f1190_0;
    %flag_set/vec4 8;
    %jmp/0xz  T_13.0, 8;
    %load/vec4 v0000023dd66f0a10_0;
    %assign/vec4 v0000023dd66f0ab0_0, 0;
T_13.0 ;
    %jmp T_13;
    .thread T_13;
    .scope S_0000023dd6732cc0;
T_14 ;
    %wait E_0000023dd6705330;
    %load/vec4 v0000023dd66f0c90_0;
    %flag_set/vec4 8;
    %jmp/0xz  T_14.0, 8;
    %load/vec4 v0000023dd66f0d30_0;
    %assign/vec4 v0000023dd66f0f10_0, 0;
T_14.0 ;
    %jmp T_14;
    .thread T_14;
    .scope S_0000023dd6733df0;
T_15 ;
    %wait E_0000023dd6705330;
    %load/vec4 v0000023dd6734be0_0;
    %flag_set/vec4 8;
    %jmp/0xz  T_15.0, 8;
    %load/vec4 v0000023dd6734b40_0;
    %assign/vec4 v0000023dd6734fa0_0, 0;
T_15.0 ;
    %jmp T_15;
    .thread T_15;
    .scope S_0000023dd6733940;
T_16 ;
    %wait E_0000023dd6705330;
    %load/vec4 v0000023dd6736080_0;
    %flag_set/vec4 8;
    %jmp/0xz  T_16.0, 8;
    %load/vec4 v0000023dd6736120_0;
    %assign/vec4 v0000023dd6735fe0_0, 0;
T_16.0 ;
    %jmp T_16;
    .thread T_16;
    .scope S_0000023dd6734110;
T_17 ;
    %wait E_0000023dd6705330;
    %load/vec4 v0000023dd6735540_0;
    %flag_set/vec4 8;
    %jmp/0xz  T_17.0, 8;
    %load/vec4 v0000023dd6734500_0;
    %assign/vec4 v0000023dd6734aa0_0, 0;
T_17.0 ;
    %jmp T_17;
    .thread T_17;
    .scope S_0000023dd67324f0;
T_18 ;
    %wait E_0000023dd6705330;
    %load/vec4 v0000023dd6735ea0_0;
    %flag_set/vec4 8;
    %jmp/0xz  T_18.0, 8;
    %load/vec4 v0000023dd6734640_0;
    %assign/vec4 v0000023dd67355e0_0, 0;
T_18.0 ;
    %jmp T_18;
    .thread T_18;
    .scope S_0000023dd6732810;
T_19 ;
    %wait E_0000023dd6705330;
    %load/vec4 v0000023dd6734f00_0;
    %flag_set/vec4 8;
    %jmp/0xz  T_19.0, 8;
    %load/vec4 v0000023dd67357c0_0;
    %assign/vec4 v0000023dd6735cc0_0, 0;
T_19.0 ;
    %jmp T_19;
    .thread T_19;
    .scope S_0000023dd6732b30;
T_20 ;
    %wait E_0000023dd6705330;
    %load/vec4 v0000023dd67363a0_0;
    %flag_set/vec4 8;
    %jmp/0xz  T_20.0, 8;
    %load/vec4 v0000023dd6735d60_0;
    %assign/vec4 v0000023dd6734780_0, 0;
T_20.0 ;
    %jmp T_20;
    .thread T_20;
    .scope S_0000023dd6732e50;
T_21 ;
    %wait E_0000023dd6705330;
    %load/vec4 v0000023dd6736260_0;
    %flag_set/vec4 8;
    %jmp/0xz  T_21.0, 8;
    %load/vec4 v0000023dd6734a00_0;
    %assign/vec4 v0000023dd6734d20_0, 0;
T_21.0 ;
    %jmp T_21;
    .thread T_21;
    .scope S_0000023dd6737190;
T_22 ;
    %wait E_0000023dd6705330;
    %load/vec4 v0000023dd6735680_0;
    %flag_set/vec4 8;
    %jmp/0xz  T_22.0, 8;
    %load/vec4 v0000023dd6735f40_0;
    %assign/vec4 v0000023dd67352c0_0, 0;
T_22.0 ;
    %jmp T_22;
    .thread T_22;
    .scope S_0000023dd67374b0;
T_23 ;
    %wait E_0000023dd6705330;
    %load/vec4 v0000023dd6735040_0;
    %flag_set/vec4 8;
    %jmp/0xz  T_23.0, 8;
    %load/vec4 v0000023dd67361c0_0;
    %assign/vec4 v0000023dd67350e0_0, 0;
T_23.0 ;
    %jmp T_23;
    .thread T_23;
    .scope S_0000023dd67377d0;
T_24 ;
    %wait E_0000023dd6705330;
    %load/vec4 v0000023dd6735360_0;
    %flag_set/vec4 8;
    %jmp/0xz  T_24.0, 8;
    %load/vec4 v0000023dd6735400_0;
    %assign/vec4 v0000023dd6735720_0, 0;
T_24.0 ;
    %jmp T_24;
    .thread T_24;
    .scope S_0000023dd6737af0;
T_25 ;
    %wait E_0000023dd6705330;
    %load/vec4 v0000023dd6734c80_0;
    %flag_set/vec4 8;
    %jmp/0xz  T_25.0, 8;
    %load/vec4 v0000023dd6734dc0_0;
    %assign/vec4 v0000023dd6735220_0, 0;
T_25.0 ;
    %jmp T_25;
    .thread T_25;
    .scope S_0000023dd6737e10;
T_26 ;
    %wait E_0000023dd6705330;
    %load/vec4 v0000023dd6736300_0;
    %flag_set/vec4 8;
    %jmp/0xz  T_26.0, 8;
    %load/vec4 v0000023dd6735900_0;
    %assign/vec4 v0000023dd67359a0_0, 0;
T_26.0 ;
    %jmp T_26;
    .thread T_26;
    .scope S_0000023dd6737c80;
T_27 ;
    %wait E_0000023dd6705330;
    %load/vec4 v0000023dd6735b80_0;
    %flag_set/vec4 8;
    %jmp/0xz  T_27.0, 8;
    %load/vec4 v0000023dd6735c20_0;
    %assign/vec4 v0000023dd6738a20_0, 0;
T_27.0 ;
    %jmp T_27;
    .thread T_27;
    .scope S_0000023dd67366a0;
T_28 ;
    %wait E_0000023dd6705330;
    %load/vec4 v0000023dd6738e80_0;
    %flag_set/vec4 8;
    %jmp/0xz  T_28.0, 8;
    %load/vec4 v0000023dd6739740_0;
    %assign/vec4 v0000023dd6739c40_0, 0;
T_28.0 ;
    %jmp T_28;
    .thread T_28;
    .scope S_0000023dd6736830;
T_29 ;
    %wait E_0000023dd6705330;
    %load/vec4 v0000023dd673a320_0;
    %flag_set/vec4 8;
    %jmp/0xz  T_29.0, 8;
    %load/vec4 v0000023dd6739ce0_0;
    %assign/vec4 v0000023dd6738660_0, 0;
T_29.0 ;
    %jmp T_29;
    .thread T_29;
    .scope S_0000023dd67369c0;
T_30 ;
    %wait E_0000023dd6705330;
    %load/vec4 v0000023dd67394c0_0;
    %flag_set/vec4 8;
    %jmp/0xz  T_30.0, 8;
    %load/vec4 v0000023dd6739560_0;
    %assign/vec4 v0000023dd673a3c0_0, 0;
T_30.0 ;
    %jmp T_30;
    .thread T_30;
    .scope S_0000023dd6736e70;
T_31 ;
    %wait E_0000023dd6705330;
    %load/vec4 v0000023dd673a0a0_0;
    %flag_set/vec4 8;
    %jmp/0xz  T_31.0, 8;
    %load/vec4 v0000023dd6739920_0;
    %assign/vec4 v0000023dd6739a60_0, 0;
T_31.0 ;
    %jmp T_31;
    .thread T_31;
    .scope S_0000023dd66a0430;
T_32 ;
    %wait E_0000023dd6705270;
    %pushi/vec4 0, 0, 32;
    %store/vec4 v0000023dd673a000_0, 0, 32;
T_32.0 ;
    %load/vec4 v0000023dd673a000_0;
    %cmpi/s 32, 0, 32;
    %jmp/0xz T_32.1, 5;
    %ix/getv/s 4, v0000023dd673a000_0;
    %load/vec4a v0000023dd6739ba0, 4;
    %ix/getv/s 3, v0000023dd673a000_0;
    %ix/load 4, 0, 0; Constant delay
    %assign/vec4/a/d v0000023dd673a280, 0, 4;
    %load/vec4 v0000023dd673a000_0;
    %addi 1, 0, 32;
    %store/vec4 v0000023dd673a000_0, 0, 32;
    %jmp T_32.0;
T_32.1 ;
    %jmp T_32;
    .thread T_32, $push;
    .scope S_0000023dd66a0430;
T_33 ;
    %wait E_0000023dd6705230;
    %pushi/vec4 0, 0, 32;
    %store/vec4 v0000023dd673a000_0, 0, 32;
T_33.0 ;
    %load/vec4 v0000023dd673a000_0;
    %cmpi/s 32, 0, 32;
    %jmp/0xz T_33.1, 5;
    %load/vec4 v0000023dd6738700_0;
    %load/vec4 v0000023dd673a000_0;
    %part/s 1;
    %ix/load 5, 0, 0;
    %ix/getv/s 4, v0000023dd673a000_0;
    %assign/vec4/off/d v0000023dd6739240_0, 4, 5;
    %load/vec4 v0000023dd673a000_0;
    %addi 1, 0, 32;
    %store/vec4 v0000023dd673a000_0, 0, 32;
    %jmp T_33.0;
T_33.1 ;
    %jmp T_33;
    .thread T_33, $push;
    .scope S_0000023dd66a0430;
T_34 ;
    %pushi/vec4 0, 0, 32;
    %store/vec4 v0000023dd6739f60_0, 0, 32;
T_34.0 ;
    %load/vec4 v0000023dd6739f60_0;
    %cmpi/s 32, 0, 32;
    %jmp/0xz T_34.1, 5;
    %pushi/vec4 0, 0, 64;
    %ix/getv/s 3, v0000023dd6739f60_0;
    %ix/load 4, 0, 0; Constant delay
    %assign/vec4/a/d v0000023dd673a280, 0, 4;
    %load/vec4 v0000023dd6739f60_0;
    %addi 1, 0, 32;
    %store/vec4 v0000023dd6739f60_0, 0, 32;
    %jmp T_34.0;
T_34.1 ;
    %pushi/vec4 0, 0, 1;
    %ix/load 5, 0, 0;
    %ix/getv/s 4, v0000023dd6739f60_0;
    %assign/vec4/off/d v0000023dd6739240_0, 4, 5;
    %end;
    .thread T_34;
    .scope S_0000023dd66a0430;
T_35 ;
    %wait E_0000023dd6705570;
    %load/vec4 v0000023dd6738de0_0;
    %pad/u 7;
    %ix/vec4 4;
    %load/vec4a v0000023dd673a280, 4;
    %assign/vec4 v0000023dd6739ec0_0, 0;
    %load/vec4 v0000023dd6739b00_0;
    %pad/u 7;
    %ix/vec4 4;
    %load/vec4a v0000023dd673a280, 4;
    %assign/vec4 v0000023dd67388e0_0, 0;
    %jmp T_35;
    .thread T_35, $push;
    .scope S_0000023dd66a0430;
T_36 ;
    %wait E_0000023dd6705330;
    %load/vec4 v0000023dd673a140_0;
    %flag_set/vec4 8;
    %jmp/0xz  T_36.0, 8;
    %pushi/vec4 1, 0, 1;
    %ix/load 5, 0, 0;
    %ix/getv 4, v0000023dd6739d80_0;
    %assign/vec4/off/d v0000023dd6739240_0, 4, 5;
T_36.0 ;
    %jmp T_36;
    .thread T_36;
    .scope S_0000023dd673bb10;
T_37 ;
    %wait E_0000023dd6705330;
    %load/vec4 v0000023dd6738ca0_0;
    %flag_set/vec4 8;
    %jmp/0xz  T_37.0, 8;
    %load/vec4 v0000023dd6738b60_0;
    %assign/vec4 v0000023dd6738c00_0, 0;
T_37.0 ;
    %jmp T_37;
    .thread T_37;
    .scope S_0000023dd673be30;
T_38 ;
    %wait E_0000023dd6705330;
    %load/vec4 v0000023dd6738d40_0;
    %flag_set/vec4 8;
    %jmp/0xz  T_38.0, 8;
    %load/vec4 v0000023dd6738f20_0;
    %assign/vec4 v0000023dd6738fc0_0, 0;
T_38.0 ;
    %jmp T_38;
    .thread T_38;
    .scope S_0000023dd673b1b0;
T_39 ;
    %wait E_0000023dd6705330;
    %load/vec4 v0000023dd6739060_0;
    %flag_set/vec4 8;
    %jmp/0xz  T_39.0, 8;
    %load/vec4 v0000023dd6739100_0;
    %assign/vec4 v0000023dd67391a0_0, 0;
T_39.0 ;
    %jmp T_39;
    .thread T_39;
    .scope S_0000023dd673b020;
T_40 ;
    %wait E_0000023dd6705330;
    %load/vec4 v0000023dd6739420_0;
    %flag_set/vec4 8;
    %jmp/0xz  T_40.0, 8;
    %load/vec4 v0000023dd6739880_0;
    %assign/vec4 v0000023dd673cae0_0, 0;
T_40.0 ;
    %jmp T_40;
    .thread T_40;
    .scope S_0000023dd673b660;
T_41 ;
    %wait E_0000023dd6705330;
    %load/vec4 v0000023dd673c5e0_0;
    %flag_set/vec4 8;
    %jmp/0xz  T_41.0, 8;
    %load/vec4 v0000023dd673cb80_0;
    %assign/vec4 v0000023dd673d580_0, 0;
T_41.0 ;
    %jmp T_41;
    .thread T_41;
    .scope S_0000023dd673c2e0;
T_42 ;
    %wait E_0000023dd6705330;
    %load/vec4 v0000023dd673e160_0;
    %flag_set/vec4 8;
    %jmp/0xz  T_42.0, 8;
    %load/vec4 v0000023dd673c680_0;
    %assign/vec4 v0000023dd673c860_0, 0;
T_42.0 ;
    %jmp T_42;
    .thread T_42;
    .scope S_0000023dd673b340;
T_43 ;
    %wait E_0000023dd6705330;
    %load/vec4 v0000023dd673ca40_0;
    %flag_set/vec4 8;
    %jmp/0xz  T_43.0, 8;
    %load/vec4 v0000023dd673ccc0_0;
    %assign/vec4 v0000023dd673cfe0_0, 0;
T_43.0 ;
    %jmp T_43;
    .thread T_43;
    .scope S_0000023dd673b980;
T_44 ;
    %wait E_0000023dd6705330;
    %load/vec4 v0000023dd673d8a0_0;
    %flag_set/vec4 8;
    %jmp/0xz  T_44.0, 8;
    %load/vec4 v0000023dd673cf40_0;
    %assign/vec4 v0000023dd673d3a0_0, 0;
T_44.0 ;
    %jmp T_44;
    .thread T_44;
    .scope S_0000023dd673a9e0;
T_45 ;
    %wait E_0000023dd6705330;
    %load/vec4 v0000023dd673c720_0;
    %flag_set/vec4 8;
    %jmp/0xz  T_45.0, 8;
    %load/vec4 v0000023dd673e0c0_0;
    %assign/vec4 v0000023dd673ce00_0, 0;
T_45.0 ;
    %jmp T_45;
    .thread T_45;
    .scope S_0000023dd6824ea0;
T_46 ;
    %wait E_0000023dd6705330;
    %load/vec4 v0000023dd673c900_0;
    %flag_set/vec4 8;
    %jmp/0xz  T_46.0, 8;
    %load/vec4 v0000023dd673dee0_0;
    %assign/vec4 v0000023dd673c7c0_0, 0;
T_46.0 ;
    %jmp T_46;
    .thread T_46;
    .scope S_0000023dd6825fd0;
T_47 ;
    %wait E_0000023dd6705330;
    %load/vec4 v0000023dd673d940_0;
    %flag_set/vec4 8;
    %jmp/0xz  T_47.0, 8;
    %load/vec4 v0000023dd673d080_0;
    %assign/vec4 v0000023dd673dda0_0, 0;
T_47.0 ;
    %jmp T_47;
    .thread T_47;
    .scope S_0000023dd6826480;
T_48 ;
    %wait E_0000023dd6705330;
    %load/vec4 v0000023dd673c9a0_0;
    %flag_set/vec4 8;
    %jmp/0xz  T_48.0, 8;
    %load/vec4 v0000023dd673d300_0;
    %assign/vec4 v0000023dd673df80_0, 0;
T_48.0 ;
    %jmp T_48;
    .thread T_48;
    .scope S_0000023dd6826c50;
T_49 ;
    %wait E_0000023dd6705330;
    %load/vec4 v0000023dd673d440_0;
    %flag_set/vec4 8;
    %jmp/0xz  T_49.0, 8;
    %load/vec4 v0000023dd673de40_0;
    %assign/vec4 v0000023dd673e020_0, 0;
T_49.0 ;
    %jmp T_49;
    .thread T_49;
    .scope S_0000023dd68267a0;
T_50 ;
    %wait E_0000023dd6705330;
    %load/vec4 v0000023dd673d120_0;
    %flag_set/vec4 8;
    %jmp/0xz  T_50.0, 8;
    %load/vec4 v0000023dd673d620_0;
    %assign/vec4 v0000023dd673d1c0_0, 0;
T_50.0 ;
    %jmp T_50;
    .thread T_50;
    .scope S_0000023dd6825350;
T_51 ;
    %wait E_0000023dd6705330;
    %load/vec4 v0000023dd673d9e0_0;
    %flag_set/vec4 8;
    %jmp/0xz  T_51.0, 8;
    %load/vec4 v0000023dd673da80_0;
    %assign/vec4 v0000023dd673dbc0_0, 0;
T_51.0 ;
    %jmp T_51;
    .thread T_51;
    .scope S_0000023dd68262f0;
T_52 ;
    %wait E_0000023dd6705330;
    %load/vec4 v0000023dd673dd00_0;
    %flag_set/vec4 8;
    %jmp/0xz  T_52.0, 8;
    %load/vec4 v0000023dd673e200_0;
    %assign/vec4 v0000023dd673e340_0, 0;
T_52.0 ;
    %jmp T_52;
    .thread T_52;
    .scope S_0000023dd6825030;
T_53 ;
    %wait E_0000023dd6705330;
    %load/vec4 v0000023dd682c9a0_0;
    %flag_set/vec4 8;
    %jmp/0xz  T_53.0, 8;
    %load/vec4 v0000023dd682b780_0;
    %assign/vec4 v0000023dd682c680_0, 0;
T_53.0 ;
    %jmp T_53;
    .thread T_53;
    .scope S_0000023dd68254e0;
T_54 ;
    %wait E_0000023dd6705330;
    %load/vec4 v0000023dd682b1e0_0;
    %flag_set/vec4 8;
    %jmp/0xz  T_54.0, 8;
    %load/vec4 v0000023dd682cb80_0;
    %assign/vec4 v0000023dd682c900_0, 0;
T_54.0 ;
    %jmp T_54;
    .thread T_54;
    .scope S_0000023dd6825e40;
T_55 ;
    %wait E_0000023dd6705330;
    %load/vec4 v0000023dd682bb40_0;
    %flag_set/vec4 8;
    %jmp/0xz  T_55.0, 8;
    %load/vec4 v0000023dd682c7c0_0;
    %assign/vec4 v0000023dd682b320_0, 0;
T_55.0 ;
    %jmp T_55;
    .thread T_55;
    .scope S_0000023dd682e640;
T_56 ;
    %wait E_0000023dd6705330;
    %load/vec4 v0000023dd682b6e0_0;
    %flag_set/vec4 8;
    %jmp/0xz  T_56.0, 8;
    %load/vec4 v0000023dd682c040_0;
    %assign/vec4 v0000023dd682ccc0_0, 0;
T_56.0 ;
    %jmp T_56;
    .thread T_56;
    .scope S_0000023dd682e7d0;
T_57 ;
    %wait E_0000023dd6705330;
    %load/vec4 v0000023dd682aec0_0;
    %flag_set/vec4 8;
    %jmp/0xz  T_57.0, 8;
    %load/vec4 v0000023dd682bdc0_0;
    %assign/vec4 v0000023dd682be60_0, 0;
T_57.0 ;
    %jmp T_57;
    .thread T_57;
    .scope S_0000023dd682dce0;
T_58 ;
    %wait E_0000023dd6705330;
    %load/vec4 v0000023dd682cae0_0;
    %flag_set/vec4 8;
    %jmp/0xz  T_58.0, 8;
    %load/vec4 v0000023dd682b280_0;
    %assign/vec4 v0000023dd682c860_0, 0;
T_58.0 ;
    %jmp T_58;
    .thread T_58;
    .scope S_0000023dd682d380;
T_59 ;
    %wait E_0000023dd6705330;
    %load/vec4 v0000023dd682c4a0_0;
    %flag_set/vec4 8;
    %jmp/0xz  T_59.0, 8;
    %load/vec4 v0000023dd682b000_0;
    %assign/vec4 v0000023dd682c180_0, 0;
T_59.0 ;
    %jmp T_59;
    .thread T_59;
    .scope S_0000023dd682e190;
T_60 ;
    %wait E_0000023dd6705330;
    %load/vec4 v0000023dd682b460_0;
    %flag_set/vec4 8;
    %jmp/0xz  T_60.0, 8;
    %load/vec4 v0000023dd682bd20_0;
    %assign/vec4 v0000023dd682b820_0, 0;
T_60.0 ;
    %jmp T_60;
    .thread T_60;
    .scope S_0000023dd682d830;
T_61 ;
    %wait E_0000023dd6705330;
    %load/vec4 v0000023dd682c220_0;
    %flag_set/vec4 8;
    %jmp/0xz  T_61.0, 8;
    %load/vec4 v0000023dd682b5a0_0;
    %assign/vec4 v0000023dd682b8c0_0, 0;
T_61.0 ;
    %jmp T_61;
    .thread T_61;
    .scope S_0000023dd682e960;
T_62 ;
    %wait E_0000023dd6705330;
    %load/vec4 v0000023dd682bfa0_0;
    %flag_set/vec4 8;
    %jmp/0xz  T_62.0, 8;
    %load/vec4 v0000023dd682c2c0_0;
    %assign/vec4 v0000023dd682ca40_0, 0;
T_62.0 ;
    %jmp T_62;
    .thread T_62;
    .scope S_0000023dd682e4b0;
T_63 ;
    %wait E_0000023dd6705330;
    %load/vec4 v0000023dd682cd60_0;
    %flag_set/vec4 8;
    %jmp/0xz  T_63.0, 8;
    %load/vec4 v0000023dd682c720_0;
    %assign/vec4 v0000023dd682b0a0_0, 0;
T_63.0 ;
    %jmp T_63;
    .thread T_63;
    .scope S_0000023dd682ec80;
T_64 ;
    %wait E_0000023dd6705330;
    %load/vec4 v0000023dd682c360_0;
    %flag_set/vec4 8;
    %jmp/0xz  T_64.0, 8;
    %load/vec4 v0000023dd682c400_0;
    %assign/vec4 v0000023dd682c540_0, 0;
T_64.0 ;
    %jmp T_64;
    .thread T_64;
    .scope S_0000023dd682de70;
T_65 ;
    %wait E_0000023dd6705330;
    %load/vec4 v0000023dd682baa0_0;
    %flag_set/vec4 8;
    %jmp/0xz  T_65.0, 8;
    %load/vec4 v0000023dd682c5e0_0;
    %assign/vec4 v0000023dd682f8e0_0, 0;
T_65.0 ;
    %jmp T_65;
    .thread T_65;
    .scope S_0000023dd6831b70;
T_66 ;
    %wait E_0000023dd6705330;
    %load/vec4 v0000023dd682fde0_0;
    %flag_set/vec4 8;
    %jmp/0xz  T_66.0, 8;
    %load/vec4 v0000023dd6830a60_0;
    %assign/vec4 v0000023dd682f160_0, 0;
T_66.0 ;
    %jmp T_66;
    .thread T_66;
    .scope S_0000023dd68313a0;
T_67 ;
    %wait E_0000023dd6705330;
    %load/vec4 v0000023dd6830ce0_0;
    %flag_set/vec4 8;
    %jmp/0xz  T_67.0, 8;
    %load/vec4 v0000023dd6830d80_0;
    %assign/vec4 v0000023dd682fa20_0, 0;
T_67.0 ;
    %jmp T_67;
    .thread T_67;
    .scope S_0000023dd673a530;
T_68 ;
    %wait E_0000023dd6705330;
    %load/vec4 v0000023dd673a1e0_0;
    %flag_set/vec4 8;
    %jmp/0xz  T_68.0, 8;
    %load/vec4 v0000023dd6738980_0;
    %assign/vec4 v0000023dd67385c0_0, 0;
T_68.0 ;
    %jmp T_68;
    .thread T_68;
    .scope S_0000023dd673c150;
T_69 ;
    %wait E_0000023dd67065f0;
    %pushi/vec4 0, 0, 32;
    %store/vec4 v0000023dd682f020_0, 0, 32;
T_69.0 ;
    %load/vec4 v0000023dd682f020_0;
    %cmpi/s 32, 0, 32;
    %jmp/0xz T_69.1, 5;
    %ix/getv/s 4, v0000023dd682f020_0;
    %load/vec4a v0000023dd68307e0, 4;
    %ix/getv/s 3, v0000023dd682f020_0;
    %ix/load 4, 0, 0; Constant delay
    %assign/vec4/a/d v0000023dd6830b00, 0, 4;
    %load/vec4 v0000023dd682f020_0;
    %addi 1, 0, 32;
    %store/vec4 v0000023dd682f020_0, 0, 32;
    %jmp T_69.0;
T_69.1 ;
    %jmp T_69;
    .thread T_69, $push;
    .scope S_0000023dd673c150;
T_70 ;
    %wait E_0000023dd6706ab0;
    %pushi/vec4 0, 0, 32;
    %store/vec4 v0000023dd682f020_0, 0, 32;
T_70.0 ;
    %load/vec4 v0000023dd682f020_0;
    %cmpi/s 32, 0, 32;
    %jmp/0xz T_70.1, 5;
    %load/vec4 v0000023dd682f840_0;
    %load/vec4 v0000023dd682f020_0;
    %part/s 1;
    %ix/load 5, 0, 0;
    %ix/getv/s 4, v0000023dd682f020_0;
    %assign/vec4/off/d v0000023dd682f5c0_0, 4, 5;
    %load/vec4 v0000023dd682f020_0;
    %addi 1, 0, 32;
    %store/vec4 v0000023dd682f020_0, 0, 32;
    %jmp T_70.0;
T_70.1 ;
    %jmp T_70;
    .thread T_70, $push;
    .scope S_0000023dd673c150;
T_71 ;
    %pushi/vec4 1, 0, 32;
    %store/vec4 v0000023dd6830880_0, 0, 32;
T_71.0 ;
    %load/vec4 v0000023dd6830880_0;
    %cmpi/s 32, 0, 32;
    %jmp/0xz T_71.1, 5;
    %pushi/vec4 0, 0, 64;
    %ix/getv/s 3, v0000023dd6830880_0;
    %ix/load 4, 0, 0; Constant delay
    %assign/vec4/a/d v0000023dd6830b00, 0, 4;
    %load/vec4 v0000023dd6830880_0;
    %addi 1, 0, 32;
    %store/vec4 v0000023dd6830880_0, 0, 32;
    %jmp T_71.0;
T_71.1 ;
    %end;
    .thread T_71;
    .scope S_0000023dd673c150;
T_72 ;
    %wait E_0000023dd6706a30;
    %load/vec4 v0000023dd68304c0_0;
    %pad/u 7;
    %ix/vec4 4;
    %load/vec4a v0000023dd6830b00, 4;
    %assign/vec4 v0000023dd682ef80_0, 0;
    %jmp T_72;
    .thread T_72;
    .scope S_0000023dd673c150;
T_73 ;
    %wait E_0000023dd6705330;
    %load/vec4 v0000023dd682f520_0;
    %flag_set/vec4 8;
    %jmp/0xz  T_73.0, 8;
    %pushi/vec4 1, 0, 1;
    %ix/load 5, 0, 0;
    %ix/getv 4, v0000023dd68304c0_0;
    %assign/vec4/off/d v0000023dd682f5c0_0, 4, 5;
T_73.0 ;
    %jmp T_73;
    .thread T_73;
    .scope S_0000023dd66978b0;
T_74 ;
    %vpi_call 2 32 "$monitor", "Ra = %d || Rb = %d || Rw = %d || We_reg = %d || WE_mem = %d || dIN = %d || doutA = %d || doutB= %d ||", v0000023dd6830ba0_0, v0000023dd682f3e0_0, v0000023dd682fca0_0, v0000023dd682fe80_0, v0000023dd682f480_0, v0000023dd682f7a0_0, v0000023dd6830600_0, v0000023dd682ff20_0 {0 0 0};
    %pushi/vec4 0, 0, 5;
    %store/vec4 v0000023dd682f340_0, 0, 5;
    %pushi/vec4 0, 0, 5;
    %store/vec4 v0000023dd6830ba0_0, 0, 5;
    %pushi/vec4 1, 0, 5;
    %store/vec4 v0000023dd682f3e0_0, 0, 5;
    %pushi/vec4 1, 0, 5;
    %store/vec4 v0000023dd682fca0_0, 0, 5;
    %pushi/vec4 0, 0, 1;
    %store/vec4 v0000023dd682f480_0, 0, 1;
    %pushi/vec4 12, 0, 64;
    %store/vec4 v0000023dd682f7a0_0, 0, 64;
    %pushi/vec4 0, 0, 1;
    %store/vec4 v0000023dd682fe80_0, 0, 1;
    %delay 3000, 0;
    %pushi/vec4 1, 0, 1;
    %store/vec4 v0000023dd682fe80_0, 0, 1;
    %delay 3000, 0;
    %pushi/vec4 0, 0, 1;
    %store/vec4 v0000023dd682fe80_0, 0, 1;
    %pushi/vec4 1, 0, 5;
    %store/vec4 v0000023dd6830ba0_0, 0, 5;
    %delay 3000, 0;
    %pushi/vec4 1, 0, 1;
    %store/vec4 v0000023dd682f480_0, 0, 1;
    %delay 3000, 0;
    %pushi/vec4 0, 0, 1;
    %store/vec4 v0000023dd682f480_0, 0, 1;
    %pushi/vec4 1, 0, 1;
    %store/vec4 v0000023dd682fe80_0, 0, 1;
    %delay 3000, 0;
    %pushi/vec4 0, 0, 1;
    %store/vec4 v0000023dd682fe80_0, 0, 1;
    %end;
    .thread T_74;
    .scope S_0000023dd66978b0;
T_75 ;
    %delay 1000, 0;
    %load/vec4 v0000023dd6830560_0;
    %inv;
    %store/vec4 v0000023dd6830560_0, 0, 1;
    %jmp T_75;
    .thread T_75;
# The file index is used to find the file name in the following table.
:file_names 7;
    "N/A";
    "<interactive>";
    ".\FD_loadstore_tb.v";
    ".\FD_loadstore.v";
    ".\Reg_Banco.v";
    ".\RegNbits.v";
    ".\Memoria.v";
