#! /c/Source/iverilog-install/bin/vvp
:ivl_version "12.0 (devel)" "(s20150603-1539-g2693dd32b)";
:ivl_delay_selection "TYPICAL";
:vpi_time_precision - 10;
:vpi_module "C:\iverilog\lib\ivl\system.vpi";
:vpi_module "C:\iverilog\lib\ivl\vhdl_sys.vpi";
:vpi_module "C:\iverilog\lib\ivl\vhdl_textio.vpi";
:vpi_module "C:\iverilog\lib\ivl\v2005_math.vpi";
:vpi_module "C:\iverilog\lib\ivl\va_math.vpi";
S_0000025c1010fb80 .scope module, "floating_point_tb" "floating_point_tb" 2 3;
 .timescale -8 -10;
v0000025c101776d0_0 .var "A_tb", 31 0;
v0000025c101780d0_0 .var "B_tb", 31 0;
v0000025c10177db0_0 .var "clk_tb", 0 0;
v0000025c10177e50_0 .net "done_tb", 0 0, v0000025c10178f30_0;  1 drivers
v0000025c10177f90_0 .var "op_tb", 1 0;
v0000025c10178030_0 .var "reset_tb", 0 0;
v0000025c10178530_0 .net "result_tb", 31 0, L_0000025c101d81a0;  1 drivers
v0000025c1017ba50_0 .var "start_tb", 0 0;
S_0000025c1010fd10 .scope module, "floating_point_tb" "fpu" 2 13, 3 1 0, S_0000025c1010fb80;
 .timescale -8 -10;
    .port_info 0 /INPUT 1 "clk";
    .port_info 1 /INPUT 1 "reset";
    .port_info 2 /INPUT 1 "start";
    .port_info 3 /INPUT 2 "op";
    .port_info 4 /INPUT 32 "A";
    .port_info 5 /INPUT 32 "B";
    .port_info 6 /OUTPUT 32 "R";
    .port_info 7 /OUTPUT 1 "done";
v0000025c10178b70_0 .net "A", 31 0, v0000025c101776d0_0;  1 drivers
v0000025c101782b0_0 .net "B", 31 0, v0000025c101780d0_0;  1 drivers
v0000025c10178490_0 .net "R", 31 0, L_0000025c101d81a0;  alias, 1 drivers
v0000025c101771d0_0 .net "ULA_START", 0 0, v0000025c10178e90_0;  1 drivers
v0000025c101783f0_0 .net "big_ULA_out", 28 0, L_0000025c1010aeb0;  1 drivers
v0000025c10178710_0 .net "clk", 0 0, v0000025c10177db0_0;  1 drivers
v0000025c10177270_0 .net "continue_selector", 0 0, v0000025c101787b0_0;  1 drivers
v0000025c10178a30_0 .net "done", 0 0, v0000025c10178f30_0;  alias, 1 drivers
v0000025c10178990_0 .net "done_ULA", 0 0, v0000025c1012b080_0;  1 drivers
v0000025c10177ef0_0 .net "exp_difference", 7 0, L_0000025c1010b850;  1 drivers
v0000025c101779f0_0 .net "exp_fract_selector", 0 0, v0000025c10177950_0;  1 drivers
v0000025c10178ad0_0 .net "fract_UC", 28 0, L_0000025c1010b000;  1 drivers
v0000025c10177810_0 .net "inicializa", 0 0, v0000025c10178850_0;  1 drivers
v0000025c10177310_0 .net "normalize_selector", 1 0, v0000025c101778b0_0;  1 drivers
v0000025c10178350_0 .net "normalized", 0 0, v0000025c10178670_0;  1 drivers
v0000025c101773b0_0 .net "op", 1 0, v0000025c10177f90_0;  1 drivers
v0000025c10177d10_0 .net "reset", 0 0, v0000025c10178030_0;  1 drivers
v0000025c10177450_0 .net "shift_A", 7 0, v0000025c10177b30_0;  1 drivers
v0000025c101774f0_0 .net "start", 0 0, v0000025c1017ba50_0;  1 drivers
v0000025c10177630_0 .net "sum_mult_selector", 0 0, v0000025c10177130_0;  1 drivers
S_0000025c100b7fd0 .scope module, "FD" "FD" 3 46, 3 74 0, S_0000025c1010fd10;
 .timescale -8 -10;
    .port_info 0 /INPUT 1 "clk";
    .port_info 1 /INPUT 1 "reset";
    .port_info 2 /INPUT 1 "op";
    .port_info 3 /INPUT 1 "exp_fract_selector";
    .port_info 4 /INPUT 2 "normalize_selector";
    .port_info 5 /INPUT 1 "ULA_START";
    .port_info 6 /INPUT 8 "shift_A";
    .port_info 7 /INPUT 32 "A_in";
    .port_info 8 /INPUT 32 "B_in";
    .port_info 9 /INPUT 1 "inicializa";
    .port_info 10 /INPUT 1 "normalized";
    .port_info 11 /INPUT 1 "continue_selector";
    .port_info 12 /OUTPUT 8 "exp_difference";
    .port_info 13 /OUTPUT 29 "ula_out";
    .port_info 14 /OUTPUT 32 "result";
    .port_info 15 /OUTPUT 1 "done_ULA";
    .port_info 16 /OUTPUT 29 "fract_UC";
L_0000025c1010b850 .functor BUFZ 8, L_0000025c1017bc30, C4<00000000>, C4<00000000>, C4<00000000>;
L_0000025c1010af20 .functor NOT 1, v0000025c10177950_0, C4<0>, C4<0>, C4<0>;
L_0000025c1010af90 .functor NOT 8, v0000025c10177b30_0, C4<00000000>, C4<00000000>, C4<00000000>;
L_0000025c1010aeb0 .functor BUFZ 29, L_0000025c1017baf0, C4<00000000000000000000000000000>, C4<00000000000000000000000000000>, C4<00000000000000000000000000000>;
L_0000025c1010ae40 .functor NOT 1, v0000025c10177950_0, C4<0>, C4<0>, C4<0>;
L_0000025c1010b8c0 .functor BUFZ 1, v0000025c1012bee0_0, C4<0>, C4<0>, C4<0>;
L_0000025c1010b000 .functor BUFZ 29, v0000025c10173b40_0, C4<00000000000000000000000000000>, C4<00000000000000000000000000000>, C4<00000000000000000000000000000>;
v0000025c1012d1d0_0 .net "A", 31 0, v0000025c1012cb90_0;  1 drivers
v0000025c1012d270_0 .net "A_in", 31 0, v0000025c101776d0_0;  alias, 1 drivers
v0000025c1012d3b0_0 .net "B", 31 0, v0000025c1012cc30_0;  1 drivers
v0000025c10175260_0 .net "B_in", 31 0, v0000025c101780d0_0;  alias, 1 drivers
v0000025c10175080_0 .net "ULA_START", 0 0, v0000025c10178e90_0;  alias, 1 drivers
v0000025c10175bc0_0 .net "ULA_fract_OUT", 28 0, L_0000025c1017baf0;  1 drivers
v0000025c10176480_0 .net *"_ivl_13", 7 0, L_0000025c1017be10;  1 drivers
L_0000025c1017c0c0 .functor BUFT 1, C4<01111111>, C4<0>, C4<0>, C4<0>;
v0000025c10175b20_0 .net/2u *"_ivl_14", 7 0, L_0000025c1017c0c0;  1 drivers
v0000025c101760c0_0 .net *"_ivl_25", 0 0, L_0000025c1017b550;  1 drivers
v0000025c101759e0_0 .net *"_ivl_26", 7 0, L_0000025c1010af90;  1 drivers
L_0000025c1017c2b8 .functor BUFT 1, C4<00000001>, C4<0>, C4<0>, C4<0>;
v0000025c101758a0_0 .net/2u *"_ivl_28", 7 0, L_0000025c1017c2b8;  1 drivers
v0000025c10175940_0 .net *"_ivl_3", 7 0, L_0000025c1017b0f0;  1 drivers
v0000025c10176700_0 .net *"_ivl_30", 7 0, L_0000025c1017b7d0;  1 drivers
L_0000025c1017c390 .functor BUFT 1, C4<001>, C4<0>, C4<0>, C4<0>;
v0000025c10176200_0 .net/2u *"_ivl_34", 2 0, L_0000025c1017c390;  1 drivers
L_0000025c1017c3d8 .functor BUFT 1, C4<000>, C4<0>, C4<0>, C4<0>;
v0000025c10176520_0 .net/2u *"_ivl_36", 2 0, L_0000025c1017c3d8;  1 drivers
L_0000025c1017c078 .functor BUFT 1, C4<01111111>, C4<0>, C4<0>, C4<0>;
v0000025c101756c0_0 .net/2u *"_ivl_4", 7 0, L_0000025c1017c078;  1 drivers
L_0000025c1017c420 .functor BUFT 1, C4<001>, C4<0>, C4<0>, C4<0>;
v0000025c101767a0_0 .net/2u *"_ivl_40", 2 0, L_0000025c1017c420;  1 drivers
L_0000025c1017c468 .functor BUFT 1, C4<000>, C4<0>, C4<0>, C4<0>;
v0000025c10176b60_0 .net/2u *"_ivl_42", 2 0, L_0000025c1017c468;  1 drivers
v0000025c10175e40_0 .net *"_ivl_55", 0 0, L_0000025c1010b8c0;  1 drivers
v0000025c10176ca0_0 .net *"_ivl_59", 22 0, L_0000025c101d9960;  1 drivers
L_0000025c1017cae0 .functor BUFT 1, C4<01111111>, C4<0>, C4<0>, C4<0>;
v0000025c10175a80_0 .net/2u *"_ivl_63", 7 0, L_0000025c1017cae0;  1 drivers
v0000025c10175c60_0 .net *"_ivl_65", 7 0, L_0000025c101d9fa0;  1 drivers
v0000025c101765c0_0 .net "clk", 0 0, v0000025c10177db0_0;  alias, 1 drivers
v0000025c10175d00_0 .net "continue_selector", 0 0, v0000025c101787b0_0;  alias, 1 drivers
v0000025c10175120_0 .net "done_ULA", 0 0, v0000025c1012b080_0;  alias, 1 drivers
v0000025c10176840_0 .net "exp", 7 0, L_0000025c101d9280;  1 drivers
v0000025c101768e0_0 .net "expA", 7 0, L_0000025c1017b730;  1 drivers
v0000025c10176d40_0 .net "expB", 7 0, L_0000025c1017b230;  1 drivers
v0000025c10175da0_0 .net "exp_adjusted", 7 0, L_0000025c101d8600;  1 drivers
v0000025c10176660_0 .net "exp_difference", 7 0, L_0000025c1010b850;  alias, 1 drivers
v0000025c10176980_0 .net "exp_fract_selector", 0 0, v0000025c10177950_0;  alias, 1 drivers
v0000025c10175ee0_0 .net "exp_higher", 7 0, L_0000025c1017bf50;  1 drivers
v0000025c10176e80_0 .net "exp_in_mux_increment_decrement", 7 0, L_0000025c1017a0b0;  1 drivers
v0000025c101762a0_0 .net "exp_result", 7 0, v0000025c10172ec0_0;  1 drivers
v0000025c10176c00_0 .net "fractA", 22 0, L_0000025c1017b2d0;  1 drivers
v0000025c10175f80_0 .net "fractB", 22 0, L_0000025c1017b190;  1 drivers
v0000025c10176340_0 .net "fract_UC", 28 0, L_0000025c1010b000;  alias, 1 drivers
v0000025c101763e0_0 .net "fract_result", 28 0, v0000025c10173b40_0;  1 drivers
v0000025c10175580_0 .net "fract_shifted", 28 0, L_0000025c101d87e0;  1 drivers
v0000025c10175800_0 .net "higher_ULAIN", 28 0, L_0000025c1017b870;  1 drivers
v0000025c10176020_0 .net "higher_fract", 22 0, L_0000025c1017a8d0;  1 drivers
v0000025c10176a20_0 .net "inicializa", 0 0, v0000025c10178850_0;  alias, 1 drivers
v0000025c10176de0_0 .net "left_right_in", 28 0, L_0000025c101d90a0;  1 drivers
v0000025c10176160_0 .net "lower_ULAIN", 28 0, L_0000025c1017a3d0;  1 drivers
v0000025c101754e0_0 .net "lower_fract", 22 0, L_0000025c1017bd70;  1 drivers
v0000025c10175760_0 .net "normalize_selector", 1 0, v0000025c101778b0_0;  alias, 1 drivers
v0000025c10176ac0_0 .net "normalized", 0 0, v0000025c10178670_0;  alias, 1 drivers
v0000025c10176f20_0 .net "op", 0 0, v0000025c10177130_0;  alias, 1 drivers
v0000025c101751c0_0 .net "reset", 0 0, v0000025c10178030_0;  alias, 1 drivers
v0000025c10175300_0 .net "result", 31 0, L_0000025c101d81a0;  alias, 1 drivers
v0000025c101753a0_0 .net "sA", 0 0, L_0000025c1017aa10;  1 drivers
v0000025c10175440_0 .net "sB", 0 0, L_0000025c1017aab0;  1 drivers
v0000025c10175620_0 .net "shift_A", 7 0, v0000025c10177b30_0;  alias, 1 drivers
v0000025c10177770_0 .net "shift_A_modulo", 7 0, L_0000025c1017b5f0;  1 drivers
v0000025c10177590_0 .net "sign_c", 0 0, v0000025c1012bee0_0;  1 drivers
v0000025c10178df0_0 .net "small_ula_out", 7 0, L_0000025c1017bc30;  1 drivers
v0000025c101785d0_0 .net "sum_mult_selector", 0 0, v0000025c1012e2b0_0;  1 drivers
v0000025c10178210_0 .net "ula_out", 28 0, L_0000025c1010aeb0;  alias, 1 drivers
L_0000025c1017aa10 .part v0000025c1012cb90_0, 31, 1;
L_0000025c1017b0f0 .part v0000025c1012cb90_0, 23, 8;
L_0000025c1017b730 .arith/sub 8, L_0000025c1017b0f0, L_0000025c1017c078;
L_0000025c1017b2d0 .part v0000025c1012cb90_0, 0, 23;
L_0000025c1017aab0 .part v0000025c1012cc30_0, 31, 1;
L_0000025c1017be10 .part v0000025c1012cc30_0, 23, 8;
L_0000025c1017b230 .arith/sub 8, L_0000025c1017be10, L_0000025c1017c0c0;
L_0000025c1017b190 .part v0000025c1012cc30_0, 0, 23;
L_0000025c1017b550 .part v0000025c10177b30_0, 7, 1;
L_0000025c1017b7d0 .arith/sum 8, L_0000025c1010af90, L_0000025c1017c2b8;
L_0000025c1017b5f0 .functor MUXZ 8, v0000025c10177b30_0, L_0000025c1017b7d0, L_0000025c1017b550, C4<>;
L_0000025c1017b690 .concat [ 3 23 3 0], L_0000025c1017c3d8, L_0000025c1017bd70, L_0000025c1017c390;
L_0000025c1017b870 .concat [ 3 23 3 0], L_0000025c1017c468, L_0000025c1017a8d0, L_0000025c1017c420;
L_0000025c1017a0b0 .functor MUXZ 8, L_0000025c1017bf50, L_0000025c1017bc30, v0000025c1012e2b0_0, C4<>;
L_0000025c101d9960 .part v0000025c10173b40_0, 3, 23;
L_0000025c101d81a0 .concat8 [ 23 8 1 0], L_0000025c101d9960, L_0000025c101d9fa0, L_0000025c1010b8c0;
L_0000025c101d9fa0 .arith/sum 8, v0000025c10172ec0_0, L_0000025c1017cae0;
S_0000025c100b8160 .scope module, "MUX_EXP_HIGHER" "MUX2_8bits" 3 192, 3 483 0, S_0000025c100b7fd0;
 .timescale -8 -10;
    .port_info 0 /INPUT 8 "a";
    .port_info 1 /INPUT 8 "b";
    .port_info 2 /INPUT 1 "select";
    .port_info 3 /OUTPUT 8 "result";
v0000025c100f58c0_0 .net *"_ivl_0", 31 0, L_0000025c1017bcd0;  1 drivers
L_0000025c1017c5d0 .functor BUFT 1, C4<0000000000000000000000000000000>, C4<0>, C4<0>, C4<0>;
v0000025c100f4560_0 .net *"_ivl_3", 30 0, L_0000025c1017c5d0;  1 drivers
L_0000025c1017c618 .functor BUFT 1, C4<00000000000000000000000000000001>, C4<0>, C4<0>, C4<0>;
v0000025c100f4600_0 .net/2u *"_ivl_4", 31 0, L_0000025c1017c618;  1 drivers
v0000025c100f4ec0_0 .net *"_ivl_6", 0 0, L_0000025c1017beb0;  1 drivers
v0000025c100f4880_0 .net "a", 7 0, L_0000025c1017b730;  alias, 1 drivers
v0000025c100f49c0_0 .net "b", 7 0, L_0000025c1017b230;  alias, 1 drivers
v0000025c100f4a60_0 .net "result", 7 0, L_0000025c1017bf50;  alias, 1 drivers
v0000025c10172740_0 .net "select", 0 0, L_0000025c1010ae40;  1 drivers
L_0000025c1017bcd0 .concat [ 1 31 0 0], L_0000025c1010ae40, L_0000025c1017c5d0;
L_0000025c1017beb0 .cmp/eq 32, L_0000025c1017bcd0, L_0000025c1017c618;
L_0000025c1017bf50 .functor MUXZ 8, L_0000025c1017b730, L_0000025c1017b230, L_0000025c1017beb0, C4<>;
S_0000025c100c1220 .scope module, "MUX_INCREMENT_DECREMENT" "MUX2_8bits" 3 202, 3 483 0, S_0000025c100b7fd0;
 .timescale -8 -10;
    .port_info 0 /INPUT 8 "a";
    .port_info 1 /INPUT 8 "b";
    .port_info 2 /INPUT 1 "select";
    .port_info 3 /OUTPUT 8 "result";
v0000025c10172d80_0 .net *"_ivl_0", 31 0, L_0000025c1017a1f0;  1 drivers
L_0000025c1017c660 .functor BUFT 1, C4<0000000000000000000000000000000>, C4<0>, C4<0>, C4<0>;
v0000025c10173320_0 .net *"_ivl_3", 30 0, L_0000025c1017c660;  1 drivers
L_0000025c1017c6a8 .functor BUFT 1, C4<00000000000000000000000000000001>, C4<0>, C4<0>, C4<0>;
v0000025c10172c40_0 .net/2u *"_ivl_4", 31 0, L_0000025c1017c6a8;  1 drivers
v0000025c101733c0_0 .net *"_ivl_6", 0 0, L_0000025c101d8880;  1 drivers
v0000025c10172880_0 .net "a", 7 0, L_0000025c1017a0b0;  alias, 1 drivers
v0000025c10173820_0 .net "b", 7 0, v0000025c10172ec0_0;  alias, 1 drivers
v0000025c101738c0_0 .net "result", 7 0, L_0000025c101d9280;  alias, 1 drivers
v0000025c10173d20_0 .net "select", 0 0, v0000025c101787b0_0;  alias, 1 drivers
L_0000025c1017a1f0 .concat [ 1 31 0 0], v0000025c101787b0_0, L_0000025c1017c660;
L_0000025c101d8880 .cmp/eq 32, L_0000025c1017a1f0, L_0000025c1017c6a8;
L_0000025c101d9280 .functor MUXZ 8, L_0000025c1017a0b0, v0000025c10172ec0_0, L_0000025c101d8880, C4<>;
S_0000025c100c13b0 .scope module, "MUX_LEFT_RIGHT" "MUX2_29bits" 3 220, 3 504 0, S_0000025c100b7fd0;
 .timescale -8 -10;
    .port_info 0 /INPUT 29 "a";
    .port_info 1 /INPUT 29 "b";
    .port_info 2 /INPUT 1 "select";
    .port_info 3 /OUTPUT 29 "result";
v0000025c10173640_0 .net *"_ivl_0", 31 0, L_0000025c101d9140;  1 drivers
L_0000025c1017c8a0 .functor BUFT 1, C4<0000000000000000000000000000000>, C4<0>, C4<0>, C4<0>;
v0000025c101731e0_0 .net *"_ivl_3", 30 0, L_0000025c1017c8a0;  1 drivers
L_0000025c1017c8e8 .functor BUFT 1, C4<00000000000000000000000000000001>, C4<0>, C4<0>, C4<0>;
v0000025c10173460_0 .net/2u *"_ivl_4", 31 0, L_0000025c1017c8e8;  1 drivers
v0000025c10173500_0 .net *"_ivl_6", 0 0, L_0000025c101d9640;  1 drivers
v0000025c10173be0_0 .net "a", 28 0, L_0000025c1017baf0;  alias, 1 drivers
v0000025c101735a0_0 .net "b", 28 0, v0000025c10173b40_0;  alias, 1 drivers
v0000025c10172ce0_0 .net "result", 28 0, L_0000025c101d90a0;  alias, 1 drivers
v0000025c101736e0_0 .net "select", 0 0, v0000025c101787b0_0;  alias, 1 drivers
L_0000025c101d9140 .concat [ 1 31 0 0], v0000025c101787b0_0, L_0000025c1017c8a0;
L_0000025c101d9640 .cmp/eq 32, L_0000025c101d9140, L_0000025c1017c8e8;
L_0000025c101d90a0 .functor MUXZ 29, L_0000025c1017baf0, v0000025c10173b40_0, L_0000025c101d9640, C4<>;
S_0000025c10093440 .scope module, "MUX_ULAIN_HIGHER" "MUX2_23bits" 3 148, 3 493 0, S_0000025c100b7fd0;
 .timescale -8 -10;
    .port_info 0 /INPUT 23 "a";
    .port_info 1 /INPUT 23 "b";
    .port_info 2 /INPUT 1 "select";
    .port_info 3 /OUTPUT 23 "result";
v0000025c10172920_0 .net *"_ivl_0", 31 0, L_0000025c1017a790;  1 drivers
L_0000025c1017c228 .functor BUFT 1, C4<0000000000000000000000000000000>, C4<0>, C4<0>, C4<0>;
v0000025c10173dc0_0 .net *"_ivl_3", 30 0, L_0000025c1017c228;  1 drivers
L_0000025c1017c270 .functor BUFT 1, C4<00000000000000000000000000000001>, C4<0>, C4<0>, C4<0>;
v0000025c10173140_0 .net/2u *"_ivl_4", 31 0, L_0000025c1017c270;  1 drivers
v0000025c10173780_0 .net *"_ivl_6", 0 0, L_0000025c1017bb90;  1 drivers
v0000025c10173c80_0 .net "a", 22 0, L_0000025c1017b2d0;  alias, 1 drivers
v0000025c10172240_0 .net "b", 22 0, L_0000025c1017b190;  alias, 1 drivers
v0000025c101726a0_0 .net "result", 22 0, L_0000025c1017a8d0;  alias, 1 drivers
v0000025c10172b00_0 .net "select", 0 0, v0000025c10177950_0;  alias, 1 drivers
L_0000025c1017a790 .concat [ 1 31 0 0], v0000025c10177950_0, L_0000025c1017c228;
L_0000025c1017bb90 .cmp/eq 32, L_0000025c1017a790, L_0000025c1017c270;
L_0000025c1017a8d0 .functor MUXZ 23, L_0000025c1017b2d0, L_0000025c1017b190, L_0000025c1017bb90, C4<>;
S_0000025c100935d0 .scope module, "MUX_ULAIN_LOWER" "MUX2_23bits" 3 141, 3 493 0, S_0000025c100b7fd0;
 .timescale -8 -10;
    .port_info 0 /INPUT 23 "a";
    .port_info 1 /INPUT 23 "b";
    .port_info 2 /INPUT 1 "select";
    .port_info 3 /OUTPUT 23 "result";
v0000025c10173e60_0 .net *"_ivl_0", 31 0, L_0000025c1017a650;  1 drivers
L_0000025c1017c198 .functor BUFT 1, C4<0000000000000000000000000000000>, C4<0>, C4<0>, C4<0>;
v0000025c10172420_0 .net *"_ivl_3", 30 0, L_0000025c1017c198;  1 drivers
L_0000025c1017c1e0 .functor BUFT 1, C4<00000000000000000000000000000001>, C4<0>, C4<0>, C4<0>;
v0000025c10172ba0_0 .net/2u *"_ivl_4", 31 0, L_0000025c1017c1e0;  1 drivers
v0000025c10173960_0 .net *"_ivl_6", 0 0, L_0000025c1017a510;  1 drivers
v0000025c10172060_0 .net "a", 22 0, L_0000025c1017b2d0;  alias, 1 drivers
v0000025c10173a00_0 .net "b", 22 0, L_0000025c1017b190;  alias, 1 drivers
v0000025c10172e20_0 .net "result", 22 0, L_0000025c1017bd70;  alias, 1 drivers
v0000025c101730a0_0 .net "select", 0 0, L_0000025c1010af20;  1 drivers
L_0000025c1017a650 .concat [ 1 31 0 0], L_0000025c1010af20, L_0000025c1017c198;
L_0000025c1017a510 .cmp/eq 32, L_0000025c1017a650, L_0000025c1017c1e0;
L_0000025c1017bd70 .functor MUXZ 23, L_0000025c1017b2d0, L_0000025c1017b190, L_0000025c1017a510, C4<>;
S_0000025c100aafc0 .scope module, "arredonda" "arredonda" 3 235, 3 538 0, S_0000025c100b7fd0;
 .timescale -8 -10;
    .port_info 0 /INPUT 1 "clk";
    .port_info 1 /INPUT 1 "normalized";
    .port_info 2 /INPUT 8 "exp_in";
    .port_info 3 /OUTPUT 8 "exp_out";
    .port_info 4 /INPUT 29 "fract_in";
    .port_info 5 /OUTPUT 29 "fract_out";
v0000025c10173aa0_0 .net "clk", 0 0, v0000025c10177db0_0;  alias, 1 drivers
v0000025c10173280_0 .net "exp_in", 7 0, L_0000025c101d8600;  alias, 1 drivers
v0000025c10172ec0_0 .var "exp_out", 7 0;
v0000025c10172560_0 .net "fract_in", 28 0, L_0000025c101d87e0;  alias, 1 drivers
v0000025c10173b40_0 .var "fract_out", 28 0;
v0000025c10172600_0 .net "normalized", 0 0, v0000025c10178670_0;  alias, 1 drivers
v0000025c10172380_0 .net "seguranca", 2 0, L_0000025c101d86a0;  1 drivers
E_0000025c100ff970 .event posedge, v0000025c10173aa0_0;
L_0000025c101d86a0 .part L_0000025c101d87e0, 0, 3;
S_0000025c100ab150 .scope module, "exp_ULA" "small_ULA" 3 127, 3 527 0, S_0000025c100b7fd0;
 .timescale -8 -10;
    .port_info 0 /INPUT 1 "sum_mult_selector";
    .port_info 1 /INPUT 8 "a";
    .port_info 2 /INPUT 8 "b";
    .port_info 3 /OUTPUT 8 "exp_difference";
v0000025c101727e0_0 .net *"_ivl_0", 31 0, L_0000025c1017b370;  1 drivers
v0000025c10173f00_0 .net *"_ivl_10", 7 0, L_0000025c1017a330;  1 drivers
L_0000025c1017c108 .functor BUFT 1, C4<0000000000000000000000000000000>, C4<0>, C4<0>, C4<0>;
v0000025c101729c0_0 .net *"_ivl_3", 30 0, L_0000025c1017c108;  1 drivers
L_0000025c1017c150 .functor BUFT 1, C4<00000000000000000000000000000000>, C4<0>, C4<0>, C4<0>;
v0000025c10172a60_0 .net/2u *"_ivl_4", 31 0, L_0000025c1017c150;  1 drivers
v0000025c10172100_0 .net *"_ivl_6", 0 0, L_0000025c1017b410;  1 drivers
v0000025c101721a0_0 .net *"_ivl_8", 7 0, L_0000025c1017b4b0;  1 drivers
v0000025c10172f60_0 .net "a", 7 0, L_0000025c1017b730;  alias, 1 drivers
v0000025c10173000_0 .net "b", 7 0, L_0000025c1017b230;  alias, 1 drivers
v0000025c101722e0_0 .net "exp_difference", 7 0, L_0000025c1017bc30;  alias, 1 drivers
v0000025c101724c0_0 .net "sum_mult_selector", 0 0, v0000025c1012e2b0_0;  alias, 1 drivers
L_0000025c1017b370 .concat [ 1 31 0 0], v0000025c1012e2b0_0, L_0000025c1017c108;
L_0000025c1017b410 .cmp/eq 32, L_0000025c1017b370, L_0000025c1017c150;
L_0000025c1017b4b0 .arith/sub 8, L_0000025c1017b730, L_0000025c1017b230;
L_0000025c1017a330 .arith/sum 8, L_0000025c1017b730, L_0000025c1017b230;
L_0000025c1017bc30 .functor MUXZ 8, L_0000025c1017a330, L_0000025c1017b4b0, L_0000025c1017b410, C4<>;
S_0000025c100aecf0 .scope module, "fract_ULA" "ULA" 3 173, 3 587 0, S_0000025c100b7fd0;
 .timescale -8 -10;
    .port_info 0 /INPUT 1 "reset";
    .port_info 1 /INPUT 1 "clk";
    .port_info 2 /INPUT 29 "a";
    .port_info 3 /INPUT 29 "b";
    .port_info 4 /INPUT 23 "fractA";
    .port_info 5 /INPUT 23 "fractB";
    .port_info 6 /INPUT 1 "sign_a";
    .port_info 7 /INPUT 1 "sign_b";
    .port_info 8 /INPUT 1 "start";
    .port_info 9 /INPUT 1 "op";
    .port_info 10 /OUTPUT 29 "c";
    .port_info 11 /OUTPUT 1 "done";
    .port_info 12 /OUTPUT 1 "sign_c";
P_0000025c100ab2e0 .param/l "DONE" 0 3 601, +C4<00000000000000000000000000000100>;
P_0000025c100ab318 .param/l "IDLE" 0 3 601, +C4<00000000000000000000000000000000>;
P_0000025c100ab350 .param/l "MULT" 0 3 601, +C4<00000000000000000000000000000011>;
P_0000025c100ab388 .param/l "SOMA" 0 3 601, +C4<00000000000000000000000000000010>;
P_0000025c100ab3c0 .param/l "START" 0 3 601, +C4<00000000000000000000000000000001>;
P_0000025c100ab3f8 .param/l "TRATAR_MULT" 0 3 601, +C4<00000000000000000000000000000110>;
v0000025c1012ba80_0 .net *"_ivl_0", 0 0, L_0000025c1017add0;  1 drivers
v0000025c1012b1c0_0 .net *"_ivl_11", 23 0, L_0000025c1017ae70;  1 drivers
v0000025c1012b6c0_0 .net *"_ivl_12", 47 0, L_0000025c1017a970;  1 drivers
v0000025c1012b8a0_0 .net *"_ivl_16", 0 0, L_0000025c1017ab50;  1 drivers
v0000025c1012b260_0 .net *"_ivl_19", 23 0, L_0000025c1017abf0;  1 drivers
L_0000025c1017c4b0 .functor BUFT 1, C4<000000000000000000000000>, C4<0>, C4<0>, C4<0>;
v0000025c1012b9e0_0 .net/2u *"_ivl_2", 23 0, L_0000025c1017c4b0;  1 drivers
v0000025c1012c340_0 .net *"_ivl_20", 23 0, L_0000025c1017b9b0;  1 drivers
v0000025c1012c200_0 .net *"_ivl_23", 23 0, L_0000025c1017b910;  1 drivers
v0000025c1012ac20_0 .net *"_ivl_24", 23 0, L_0000025c1017b050;  1 drivers
v0000025c1012c3e0_0 .net *"_ivl_29", 0 0, L_0000025c1017af10;  1 drivers
L_0000025c1017c540 .functor BUFT 1, C4<0>, C4<0>, C4<0>, C4<0>;
v0000025c1012bb20_0 .net/2u *"_ivl_30", 0 0, L_0000025c1017c540;  1 drivers
v0000025c1012c0c0_0 .net *"_ivl_33", 26 0, L_0000025c1017afb0;  1 drivers
L_0000025c1017c588 .functor BUFT 1, C4<0>, C4<0>, C4<0>, C4<0>;
v0000025c1012ad60_0 .net/2u *"_ivl_34", 0 0, L_0000025c1017c588;  1 drivers
v0000025c1012b940_0 .net *"_ivl_36", 28 0, L_0000025c1017a290;  1 drivers
v0000025c1012bc60_0 .net *"_ivl_5", 23 0, L_0000025c1017ac90;  1 drivers
v0000025c1012acc0_0 .net *"_ivl_6", 47 0, L_0000025c1017a6f0;  1 drivers
L_0000025c1017c4f8 .functor BUFT 1, C4<000000000000000000000000>, C4<0>, C4<0>, C4<0>;
v0000025c1012aea0_0 .net/2u *"_ivl_8", 23 0, L_0000025c1017c4f8;  1 drivers
v0000025c1012af40_0 .net "a", 28 0, L_0000025c1017a3d0;  alias, 1 drivers
v0000025c1012afe0_0 .net "b", 28 0, L_0000025c1017b870;  alias, 1 drivers
v0000025c1012ae00_0 .net "c", 28 0, L_0000025c1017baf0;  alias, 1 drivers
v0000025c1012a540_0 .net "clk", 0 0, v0000025c10177db0_0;  alias, 1 drivers
v0000025c1012a9a0_0 .var "counter", 4 0;
v0000025c1012b080_0 .var "done", 0 0;
v0000025c1012aae0_0 .net "fractA", 22 0, L_0000025c1017b2d0;  alias, 1 drivers
v0000025c1012c020_0 .net "fractB", 22 0, L_0000025c1017b190;  alias, 1 drivers
v0000025c1012b580_0 .var "mult_result", 47 0;
v0000025c1012b120_0 .net "multiplicador", 23 0, L_0000025c1017ad30;  1 drivers
v0000025c1012be40_0 .net "multiplicando", 47 0, L_0000025c1017a830;  1 drivers
v0000025c1012bbc0_0 .net "op", 0 0, v0000025c1012e2b0_0;  alias, 1 drivers
v0000025c1012b620_0 .net "reset", 0 0, v0000025c10178030_0;  alias, 1 drivers
v0000025c1012bd00_0 .net "sign_a", 0 0, L_0000025c1017aa10;  alias, 1 drivers
v0000025c1012bda0_0 .net "sign_b", 0 0, L_0000025c1017aab0;  alias, 1 drivers
v0000025c1012bee0_0 .var "sign_c", 0 0;
v0000025c1012a5e0_0 .var "soma_result", 28 0;
v0000025c1012b300_0 .net "start", 0 0, v0000025c10178e90_0;  alias, 1 drivers
v0000025c1012bf80_0 .var "states", 2 0;
E_0000025c100fee70 .event anyedge, v0000025c1012b620_0;
L_0000025c1017add0 .cmp/gt 29, L_0000025c1017a3d0, L_0000025c1017b870;
L_0000025c1017ac90 .part L_0000025c1017a3d0, 3, 24;
L_0000025c1017a6f0 .concat [ 24 24 0 0], L_0000025c1017ac90, L_0000025c1017c4b0;
L_0000025c1017ae70 .part L_0000025c1017b870, 3, 24;
L_0000025c1017a970 .concat [ 24 24 0 0], L_0000025c1017ae70, L_0000025c1017c4f8;
L_0000025c1017a830 .functor MUXZ 48, L_0000025c1017a970, L_0000025c1017a6f0, L_0000025c1017add0, C4<>;
L_0000025c1017ab50 .cmp/gt 29, L_0000025c1017b870, L_0000025c1017a3d0;
L_0000025c1017abf0 .part L_0000025c1017a3d0, 3, 24;
L_0000025c1017b9b0 .concat [ 24 0 0 0], L_0000025c1017abf0;
L_0000025c1017b910 .part L_0000025c1017b870, 3, 24;
L_0000025c1017b050 .concat [ 24 0 0 0], L_0000025c1017b910;
L_0000025c1017ad30 .functor MUXZ 24, L_0000025c1017b050, L_0000025c1017b9b0, L_0000025c1017ab50, C4<>;
L_0000025c1017af10 .reduce/nor v0000025c1012e2b0_0;
L_0000025c1017afb0 .part v0000025c1012b580_0, 21, 27;
L_0000025c1017a290 .concat [ 1 27 1 0], L_0000025c1017c588, L_0000025c1017afb0, L_0000025c1017c540;
L_0000025c1017baf0 .functor MUXZ 29, L_0000025c1017a290, v0000025c1012a5e0_0, L_0000025c1017af10, C4<>;
S_0000025c100af1f0 .scope module, "incremento_decremento" "incremento_decremento" 3 210, 3 715 0, S_0000025c100b7fd0;
 .timescale -8 -10;
    .port_info 0 /INPUT 2 "normalize_selector";
    .port_info 1 /INPUT 8 "exp_in";
    .port_info 2 /OUTPUT 8 "exp_out";
v0000025c1012a680_0 .net *"_ivl_0", 31 0, L_0000025c101d91e0;  1 drivers
v0000025c1012b3a0_0 .net *"_ivl_10", 7 0, L_0000025c101d9500;  1 drivers
v0000025c1012c160_0 .net *"_ivl_12", 31 0, L_0000025c101d9d20;  1 drivers
L_0000025c1017c7c8 .functor BUFT 1, C4<000000000000000000000000000000>, C4<0>, C4<0>, C4<0>;
v0000025c1012c2a0_0 .net *"_ivl_15", 29 0, L_0000025c1017c7c8;  1 drivers
L_0000025c1017c810 .functor BUFT 1, C4<00000000000000000000000000000010>, C4<0>, C4<0>, C4<0>;
v0000025c1012aa40_0 .net/2u *"_ivl_16", 31 0, L_0000025c1017c810;  1 drivers
v0000025c1012b440_0 .net *"_ivl_18", 0 0, L_0000025c101d8920;  1 drivers
L_0000025c1017c858 .functor BUFT 1, C4<00000001>, C4<0>, C4<0>, C4<0>;
v0000025c1012ab80_0 .net/2u *"_ivl_20", 7 0, L_0000025c1017c858;  1 drivers
v0000025c1012a720_0 .net *"_ivl_22", 7 0, L_0000025c101d9780;  1 drivers
v0000025c1012b4e0_0 .net *"_ivl_24", 7 0, L_0000025c101d8ba0;  1 drivers
L_0000025c1017c6f0 .functor BUFT 1, C4<000000000000000000000000000000>, C4<0>, C4<0>, C4<0>;
v0000025c1012a7c0_0 .net *"_ivl_3", 29 0, L_0000025c1017c6f0;  1 drivers
L_0000025c1017c738 .functor BUFT 1, C4<00000000000000000000000000000001>, C4<0>, C4<0>, C4<0>;
v0000025c1012a860_0 .net/2u *"_ivl_4", 31 0, L_0000025c1017c738;  1 drivers
v0000025c1012a900_0 .net *"_ivl_6", 0 0, L_0000025c101d8100;  1 drivers
L_0000025c1017c780 .functor BUFT 1, C4<00000001>, C4<0>, C4<0>, C4<0>;
v0000025c1012b760_0 .net/2u *"_ivl_8", 7 0, L_0000025c1017c780;  1 drivers
v0000025c1012b800_0 .net "exp_in", 7 0, L_0000025c101d9280;  alias, 1 drivers
v0000025c1012ddb0_0 .net "exp_out", 7 0, L_0000025c101d8600;  alias, 1 drivers
v0000025c1012c730_0 .net "normalize_selector", 1 0, v0000025c101778b0_0;  alias, 1 drivers
L_0000025c101d91e0 .concat [ 2 30 0 0], v0000025c101778b0_0, L_0000025c1017c6f0;
L_0000025c101d8100 .cmp/eq 32, L_0000025c101d91e0, L_0000025c1017c738;
L_0000025c101d9500 .arith/sum 8, L_0000025c101d9280, L_0000025c1017c780;
L_0000025c101d9d20 .concat [ 2 30 0 0], v0000025c101778b0_0, L_0000025c1017c7c8;
L_0000025c101d8920 .cmp/eq 32, L_0000025c101d9d20, L_0000025c1017c810;
L_0000025c101d9780 .arith/sub 8, L_0000025c101d9280, L_0000025c1017c858;
L_0000025c101d8ba0 .functor MUXZ 8, L_0000025c101d9280, L_0000025c101d9780, L_0000025c101d8920, C4<>;
L_0000025c101d8600 .functor MUXZ 8, L_0000025c101d8ba0, L_0000025c101d9500, L_0000025c101d8100, C4<>;
S_0000025c100af380 .scope module, "left_right" "left_right" 3 229, 3 728 0, S_0000025c100b7fd0;
 .timescale -8 -10;
    .port_info 0 /INPUT 29 "A";
    .port_info 1 /INPUT 2 "normalize_selector";
    .port_info 2 /OUTPUT 29 "A_shifted";
v0000025c1012de50_0 .net "A", 28 0, L_0000025c101d90a0;  alias, 1 drivers
v0000025c1012e350_0 .net "A_shifted", 28 0, L_0000025c101d87e0;  alias, 1 drivers
v0000025c1012d770_0 .net *"_ivl_0", 31 0, L_0000025c101d89c0;  1 drivers
v0000025c1012cf50_0 .net *"_ivl_10", 27 0, L_0000025c101d8a60;  1 drivers
L_0000025c1017c9c0 .functor BUFT 1, C4<0>, C4<0>, C4<0>, C4<0>;
v0000025c1012c7d0_0 .net *"_ivl_12", 0 0, L_0000025c1017c9c0;  1 drivers
v0000025c1012dc70_0 .net *"_ivl_14", 31 0, L_0000025c101d9e60;  1 drivers
L_0000025c1017ca08 .functor BUFT 1, C4<000000000000000000000000000000>, C4<0>, C4<0>, C4<0>;
v0000025c1012ca50_0 .net *"_ivl_17", 29 0, L_0000025c1017ca08;  1 drivers
L_0000025c1017ca50 .functor BUFT 1, C4<00000000000000000000000000000010>, C4<0>, C4<0>, C4<0>;
v0000025c1012e170_0 .net/2u *"_ivl_18", 31 0, L_0000025c1017ca50;  1 drivers
v0000025c1012c870_0 .net *"_ivl_20", 0 0, L_0000025c101d8b00;  1 drivers
v0000025c1012da90_0 .net *"_ivl_22", 28 0, L_0000025c101d98c0;  1 drivers
v0000025c1012caf0_0 .net *"_ivl_24", 27 0, L_0000025c101d93c0;  1 drivers
L_0000025c1017ca98 .functor BUFT 1, C4<0>, C4<0>, C4<0>, C4<0>;
v0000025c1012d630_0 .net *"_ivl_26", 0 0, L_0000025c1017ca98;  1 drivers
v0000025c1012d090_0 .net *"_ivl_28", 28 0, L_0000025c101d8240;  1 drivers
L_0000025c1017c930 .functor BUFT 1, C4<000000000000000000000000000000>, C4<0>, C4<0>, C4<0>;
v0000025c1012d6d0_0 .net *"_ivl_3", 29 0, L_0000025c1017c930;  1 drivers
L_0000025c1017c978 .functor BUFT 1, C4<00000000000000000000000000000001>, C4<0>, C4<0>, C4<0>;
v0000025c1012cff0_0 .net/2u *"_ivl_4", 31 0, L_0000025c1017c978;  1 drivers
v0000025c1012d8b0_0 .net *"_ivl_6", 0 0, L_0000025c101d9c80;  1 drivers
v0000025c1012d950_0 .net *"_ivl_8", 28 0, L_0000025c101d9320;  1 drivers
v0000025c1012d4f0_0 .net "normalize_selector", 1 0, v0000025c101778b0_0;  alias, 1 drivers
L_0000025c101d89c0 .concat [ 2 30 0 0], v0000025c101778b0_0, L_0000025c1017c930;
L_0000025c101d9c80 .cmp/eq 32, L_0000025c101d89c0, L_0000025c1017c978;
L_0000025c101d8a60 .part L_0000025c101d90a0, 1, 28;
L_0000025c101d9320 .concat [ 28 1 0 0], L_0000025c101d8a60, L_0000025c1017c9c0;
L_0000025c101d9e60 .concat [ 2 30 0 0], v0000025c101778b0_0, L_0000025c1017ca08;
L_0000025c101d8b00 .cmp/eq 32, L_0000025c101d9e60, L_0000025c1017ca50;
L_0000025c101d93c0 .part L_0000025c101d90a0, 0, 28;
L_0000025c101d98c0 .concat [ 1 28 0 0], L_0000025c1017ca98, L_0000025c101d93c0;
L_0000025c101d8240 .functor MUXZ 29, L_0000025c101d90a0, L_0000025c101d98c0, L_0000025c101d8b00, C4<>;
L_0000025c101d87e0 .functor MUXZ 29, L_0000025c101d8240, L_0000025c101d9320, L_0000025c101d9c80, C4<>;
S_0000025c100b5b30 .scope module, "regA" "Reg32" 3 96, 3 433 0, S_0000025c100b7fd0;
 .timescale -8 -10;
    .port_info 0 /INPUT 32 "x";
    .port_info 1 /INPUT 1 "clk";
    .port_info 2 /INPUT 1 "load";
    .port_info 3 /OUTPUT 32 "x_out";
    .port_info 4 /INPUT 1 "reset";
P_0000025c100ffdb0 .param/l "N" 0 3 438, +C4<00000000000000000000000000100000>;
L_0000025c1010ad60 .functor OR 1, v0000025c10177db0_0, v0000025c10178030_0, C4<0>, C4<0>;
v0000025c1012d810_0 .net *"_ivl_1", 0 0, L_0000025c1010ad60;  1 drivers
v0000025c1012c910_0 .net "clk", 0 0, v0000025c10177db0_0;  alias, 1 drivers
v0000025c1012c9b0_0 .net "load", 0 0, v0000025c10178850_0;  alias, 1 drivers
v0000025c1012d590_0 .net "reset", 0 0, v0000025c10178030_0;  alias, 1 drivers
v0000025c1012df90_0 .net "x", 31 0, v0000025c101776d0_0;  alias, 1 drivers
v0000025c1012cb90_0 .var "x_out", 31 0;
E_0000025c10100130 .event posedge, L_0000025c1010ad60;
S_0000025c100b5cc0 .scope module, "regB" "Reg32" 3 101, 3 433 0, S_0000025c100b7fd0;
 .timescale -8 -10;
    .port_info 0 /INPUT 32 "x";
    .port_info 1 /INPUT 1 "clk";
    .port_info 2 /INPUT 1 "load";
    .port_info 3 /OUTPUT 32 "x_out";
    .port_info 4 /INPUT 1 "reset";
P_0000025c100ffc30 .param/l "N" 0 3 438, +C4<00000000000000000000000000100000>;
L_0000025c1010ba10 .functor OR 1, v0000025c10177db0_0, v0000025c10178030_0, C4<0>, C4<0>;
v0000025c1012d9f0_0 .net *"_ivl_1", 0 0, L_0000025c1010ba10;  1 drivers
v0000025c1012d310_0 .net "clk", 0 0, v0000025c10177db0_0;  alias, 1 drivers
v0000025c1012db30_0 .net "load", 0 0, v0000025c10178850_0;  alias, 1 drivers
v0000025c1012cd70_0 .net "reset", 0 0, v0000025c10178030_0;  alias, 1 drivers
v0000025c1012e210_0 .net "x", 31 0, v0000025c101780d0_0;  alias, 1 drivers
v0000025c1012cc30_0 .var "x_out", 31 0;
E_0000025c100fff70 .event posedge, L_0000025c1010ba10;
S_0000025c100b0680 .scope module, "regOP" "Reg1" 3 106, 3 458 0, S_0000025c100b7fd0;
 .timescale -8 -10;
    .port_info 0 /INPUT 1 "x";
    .port_info 1 /INPUT 1 "clk";
    .port_info 2 /INPUT 1 "load";
    .port_info 3 /OUTPUT 1 "x_out";
    .port_info 4 /INPUT 1 "reset";
P_0000025c101000b0 .param/l "N" 0 3 463, +C4<00000000000000000000000000000001>;
L_0000025c1010ac80 .functor OR 1, v0000025c10177db0_0, v0000025c10178030_0, C4<0>, C4<0>;
v0000025c1012dbd0_0 .net *"_ivl_1", 0 0, L_0000025c1010ac80;  1 drivers
v0000025c1012dd10_0 .net "clk", 0 0, v0000025c10177db0_0;  alias, 1 drivers
v0000025c1012def0_0 .net "load", 0 0, v0000025c10178850_0;  alias, 1 drivers
v0000025c1012e0d0_0 .net "reset", 0 0, v0000025c10178030_0;  alias, 1 drivers
v0000025c1012e030_0 .net "x", 0 0, v0000025c10177130_0;  alias, 1 drivers
v0000025c1012e2b0_0 .var "x_out", 0 0;
E_0000025c10100470 .event negedge, L_0000025c1010ac80;
S_0000025c100b0810 .scope module, "shift_right" "shift_right" 3 160, 3 516 0, S_0000025c100b7fd0;
 .timescale -8 -10;
    .port_info 0 /INPUT 29 "A";
    .port_info 1 /INPUT 8 "shift_num";
    .port_info 2 /OUTPUT 29 "A_shifted";
    .port_info 3 /INPUT 1 "sum_mult_selector";
v0000025c1012ceb0_0 .net "A", 28 0, L_0000025c1017b690;  1 drivers
v0000025c1012e3f0_0 .net "A_shifted", 28 0, L_0000025c1017a3d0;  alias, 1 drivers
v0000025c1012c550_0 .net *"_ivl_0", 31 0, L_0000025c1017a470;  1 drivers
L_0000025c1017c300 .functor BUFT 1, C4<0000000000000000000000000000000>, C4<0>, C4<0>, C4<0>;
v0000025c1012c5f0_0 .net *"_ivl_3", 30 0, L_0000025c1017c300;  1 drivers
L_0000025c1017c348 .functor BUFT 1, C4<00000000000000000000000000000000>, C4<0>, C4<0>, C4<0>;
v0000025c1012c690_0 .net/2u *"_ivl_4", 31 0, L_0000025c1017c348;  1 drivers
v0000025c1012ccd0_0 .net *"_ivl_6", 0 0, L_0000025c1017a150;  1 drivers
v0000025c1012d130_0 .net *"_ivl_8", 28 0, L_0000025c1017a5b0;  1 drivers
v0000025c1012d450_0 .net "shift_num", 7 0, L_0000025c1017b5f0;  alias, 1 drivers
v0000025c1012ce10_0 .net "sum_mult_selector", 0 0, v0000025c1012e2b0_0;  alias, 1 drivers
L_0000025c1017a470 .concat [ 1 31 0 0], v0000025c1012e2b0_0, L_0000025c1017c300;
L_0000025c1017a150 .cmp/eq 32, L_0000025c1017a470, L_0000025c1017c348;
L_0000025c1017a5b0 .shift/r 29, L_0000025c1017b690, L_0000025c1017b5f0;
L_0000025c1017a3d0 .functor MUXZ 29, L_0000025c1017b690, L_0000025c1017a5b0, L_0000025c1017a150, C4<>;
S_0000025c101790a0 .scope module, "UC" "UC" 3 26, 3 251 0, S_0000025c1010fd10;
 .timescale -8 -10;
    .port_info 0 /INPUT 1 "clk";
    .port_info 1 /INPUT 1 "reset";
    .port_info 2 /INPUT 1 "start";
    .port_info 3 /INPUT 8 "exp_difference";
    .port_info 4 /INPUT 29 "big_ULA_out";
    .port_info 5 /INPUT 29 "fract_UC";
    .port_info 6 /INPUT 1 "done_ULA";
    .port_info 7 /INPUT 2 "op";
    .port_info 8 /OUTPUT 1 "inicializa";
    .port_info 9 /OUTPUT 1 "ULA_START";
    .port_info 10 /OUTPUT 1 "continue_selector";
    .port_info 11 /OUTPUT 1 "sum_mult_selector";
    .port_info 12 /OUTPUT 2 "normalize_selector";
    .port_info 13 /OUTPUT 1 "exp_fract_selector";
    .port_info 14 /OUTPUT 8 "shift_A";
    .port_info 15 /OUTPUT 1 "normalized";
    .port_info 16 /OUTPUT 1 "done";
P_0000025c10080a00 .param/l "DONE" 0 3 281, +C4<00000000000000000000000000001000>;
P_0000025c10080a38 .param/l "IDLE" 0 3 283, +C4<00000000000000000000000000001010>;
P_0000025c10080a70 .param/l "arredonda" 0 3 280, +C4<00000000000000000000000000000111>;
P_0000025c10080aa8 .param/l "bigULA" 0 3 277, +C4<00000000000000000000000000000100>;
P_0000025c10080ae0 .param/l "init" 0 3 273, +C4<00000000000000000000000000000000>;
P_0000025c10080b18 .param/l "normalizado" 0 3 282, +C4<00000000000000000000000000001001>;
P_0000025c10080b50 .param/l "normalizing" 0 3 279, +C4<00000000000000000000000000000110>;
P_0000025c10080b88 .param/l "selectRepeatedMux" 0 3 278, +C4<00000000000000000000000000000101>;
P_0000025c10080bc0 .param/l "selectULAIN" 0 3 275, +C4<00000000000000000000000000000010>;
P_0000025c10080bf8 .param/l "shiftaULAIN" 0 3 276, +C4<00000000000000000000000000000011>;
P_0000025c10080c30 .param/l "smallULA" 0 3 274, +C4<00000000000000000000000000000001>;
v0000025c10178e90_0 .var "ULA_START", 0 0;
v0000025c10178d50_0 .net "big_ULA_out", 28 0, L_0000025c1010aeb0;  alias, 1 drivers
v0000025c10177090_0 .net "clk", 0 0, v0000025c10177db0_0;  alias, 1 drivers
v0000025c101787b0_0 .var "continue_selector", 0 0;
v0000025c10178f30_0 .var "done", 0 0;
v0000025c10178c10_0 .net "done_ULA", 0 0, v0000025c1012b080_0;  alias, 1 drivers
v0000025c10178cb0_0 .net "exp_difference", 7 0, L_0000025c1010b850;  alias, 1 drivers
v0000025c10177950_0 .var "exp_fract_selector", 0 0;
v0000025c10177bd0_0 .net "fract_UC", 28 0, L_0000025c1010b000;  alias, 1 drivers
v0000025c10178850_0 .var "inicializa", 0 0;
v0000025c101778b0_0 .var "normalize_selector", 1 0;
v0000025c10178670_0 .var "normalized", 0 0;
v0000025c10177a90_0 .net "op", 1 0, v0000025c10177f90_0;  alias, 1 drivers
v0000025c101788f0_0 .net "reset", 0 0, v0000025c10178030_0;  alias, 1 drivers
v0000025c10177b30_0 .var "shift_A", 7 0;
v0000025c10177c70_0 .net "start", 0 0, v0000025c1017ba50_0;  alias, 1 drivers
v0000025c10178170_0 .var "state", 3 0;
v0000025c10177130_0 .var "sum_mult_selector", 0 0;
E_0000025c101006f0/0 .event anyedge, v0000025c1012b620_0;
E_0000025c101006f0/1 .event posedge, v0000025c10173aa0_0;
E_0000025c101006f0 .event/or E_0000025c101006f0/0, E_0000025c101006f0/1;
    .scope S_0000025c101790a0;
T_0 ;
    %wait E_0000025c101006f0;
    %load/vec4 v0000025c101788f0_0;
    %pad/u 32;
    %cmpi/e 1, 0, 32;
    %jmp/0xz  T_0.0, 4;
    %pushi/vec4 10, 0, 4;
    %assign/vec4 v0000025c10178170_0, 0;
    %jmp T_0.1;
T_0.0 ;
    %load/vec4 v0000025c10178170_0;
    %pad/u 32;
    %dup/vec4;
    %pushi/vec4 10, 0, 32;
    %cmp/u;
    %jmp/1 T_0.2, 6;
    %dup/vec4;
    %pushi/vec4 0, 0, 32;
    %cmp/u;
    %jmp/1 T_0.3, 6;
    %dup/vec4;
    %pushi/vec4 1, 0, 32;
    %cmp/u;
    %jmp/1 T_0.4, 6;
    %dup/vec4;
    %pushi/vec4 2, 0, 32;
    %cmp/u;
    %jmp/1 T_0.5, 6;
    %dup/vec4;
    %pushi/vec4 3, 0, 32;
    %cmp/u;
    %jmp/1 T_0.6, 6;
    %dup/vec4;
    %pushi/vec4 4, 0, 32;
    %cmp/u;
    %jmp/1 T_0.7, 6;
    %dup/vec4;
    %pushi/vec4 5, 0, 32;
    %cmp/u;
    %jmp/1 T_0.8, 6;
    %dup/vec4;
    %pushi/vec4 6, 0, 32;
    %cmp/u;
    %jmp/1 T_0.9, 6;
    %dup/vec4;
    %pushi/vec4 7, 0, 32;
    %cmp/u;
    %jmp/1 T_0.10, 6;
    %dup/vec4;
    %pushi/vec4 9, 0, 32;
    %cmp/u;
    %jmp/1 T_0.11, 6;
    %dup/vec4;
    %load/vec4 v0000025c10178f30_0;
    %pad/u 32;
    %cmp/u;
    %jmp/1 T_0.12, 6;
    %jmp T_0.13;
T_0.2 ;
    %load/vec4 v0000025c10177c70_0;
    %pad/u 32;
    %cmpi/e 1, 0, 32;
    %jmp/0xz  T_0.14, 4;
    %pushi/vec4 0, 0, 4;
    %assign/vec4 v0000025c10178170_0, 0;
    %jmp T_0.15;
T_0.14 ;
    %pushi/vec4 10, 0, 4;
    %assign/vec4 v0000025c10178170_0, 0;
T_0.15 ;
    %jmp T_0.13;
T_0.3 ;
    %pushi/vec4 1, 0, 4;
    %assign/vec4 v0000025c10178170_0, 0;
    %jmp T_0.13;
T_0.4 ;
    %pushi/vec4 2, 0, 4;
    %assign/vec4 v0000025c10178170_0, 0;
    %jmp T_0.13;
T_0.5 ;
    %pushi/vec4 3, 0, 4;
    %assign/vec4 v0000025c10178170_0, 0;
    %jmp T_0.13;
T_0.6 ;
    %pushi/vec4 4, 0, 4;
    %assign/vec4 v0000025c10178170_0, 0;
    %jmp T_0.13;
T_0.7 ;
    %load/vec4 v0000025c10178c10_0;
    %pad/u 32;
    %cmpi/e 1, 0, 32;
    %jmp/0xz  T_0.16, 4;
    %pushi/vec4 5, 0, 4;
    %assign/vec4 v0000025c10178170_0, 0;
    %jmp T_0.17;
T_0.16 ;
    %pushi/vec4 4, 0, 4;
    %assign/vec4 v0000025c10178170_0, 0;
T_0.17 ;
    %jmp T_0.13;
T_0.8 ;
    %pushi/vec4 6, 0, 4;
    %assign/vec4 v0000025c10178170_0, 0;
    %jmp T_0.13;
T_0.9 ;
    %pushi/vec4 7, 0, 4;
    %assign/vec4 v0000025c10178170_0, 0;
    %jmp T_0.13;
T_0.10 ;
    %load/vec4 v0000025c10177bd0_0;
    %parti/s 3, 26, 6;
    %pushi/vec4 1, 0, 3;
    %cmp/e;
    %flag_get/vec4 4;
    %load/vec4 v0000025c10177bd0_0;
    %pad/u 32;
    %pushi/vec4 0, 0, 32;
    %cmp/e;
    %flag_get/vec4 4;
    %or;
    %flag_set/vec4 8;
    %jmp/0xz  T_0.18, 8;
    %pushi/vec4 8, 0, 4;
    %assign/vec4 v0000025c10178170_0, 0;
    %jmp T_0.19;
T_0.18 ;
    %pushi/vec4 5, 0, 4;
    %assign/vec4 v0000025c10178170_0, 0;
T_0.19 ;
    %jmp T_0.13;
T_0.11 ;
    %load/vec4 v0000025c10178f30_0;
    %pad/u 4;
    %assign/vec4 v0000025c10178170_0, 0;
    %jmp T_0.13;
T_0.12 ;
    %load/vec4 v0000025c10177c70_0;
    %pad/u 32;
    %cmpi/e 0, 0, 32;
    %jmp/0xz  T_0.20, 4;
    %pushi/vec4 10, 0, 4;
    %assign/vec4 v0000025c10178170_0, 0;
    %jmp T_0.21;
T_0.20 ;
    %load/vec4 v0000025c10178f30_0;
    %pad/u 4;
    %assign/vec4 v0000025c10178170_0, 0;
T_0.21 ;
    %jmp T_0.13;
T_0.13 ;
    %pop/vec4 1;
T_0.1 ;
    %jmp T_0;
    .thread T_0;
    .scope S_0000025c101790a0;
T_1 ;
    %wait E_0000025c100ff970;
    %load/vec4 v0000025c10178170_0;
    %dup/vec4;
    %pushi/vec4 10, 0, 4;
    %cmp/u;
    %jmp/1 T_1.0, 6;
    %dup/vec4;
    %pushi/vec4 0, 0, 4;
    %cmp/u;
    %jmp/1 T_1.1, 6;
    %dup/vec4;
    %pushi/vec4 1, 0, 4;
    %cmp/u;
    %jmp/1 T_1.2, 6;
    %dup/vec4;
    %pushi/vec4 2, 0, 4;
    %cmp/u;
    %jmp/1 T_1.3, 6;
    %dup/vec4;
    %pushi/vec4 3, 0, 4;
    %cmp/u;
    %jmp/1 T_1.4, 6;
    %dup/vec4;
    %pushi/vec4 4, 0, 4;
    %cmp/u;
    %jmp/1 T_1.5, 6;
    %dup/vec4;
    %pushi/vec4 5, 0, 4;
    %cmp/u;
    %jmp/1 T_1.6, 6;
    %dup/vec4;
    %pushi/vec4 6, 0, 4;
    %cmp/u;
    %jmp/1 T_1.7, 6;
    %dup/vec4;
    %pushi/vec4 7, 0, 4;
    %cmp/u;
    %jmp/1 T_1.8, 6;
    %dup/vec4;
    %pushi/vec4 9, 0, 4;
    %cmp/u;
    %jmp/1 T_1.9, 6;
    %dup/vec4;
    %pushi/vec4 8, 0, 4;
    %cmp/u;
    %jmp/1 T_1.10, 6;
    %jmp T_1.11;
T_1.0 ;
    %load/vec4 v0000025c101788f0_0;
    %pad/u 32;
    %cmpi/e 1, 0, 32;
    %jmp/0xz  T_1.12, 4;
    %pushi/vec4 0, 0, 1;
    %assign/vec4 v0000025c10178850_0, 0;
    %pushi/vec4 0, 0, 1;
    %assign/vec4 v0000025c10178e90_0, 0;
    %pushi/vec4 0, 0, 1;
    %assign/vec4 v0000025c101787b0_0, 0;
    %load/vec4 v0000025c10177a90_0;
    %parti/s 1, 1, 2;
    %assign/vec4 v0000025c10177130_0, 0;
    %pushi/vec4 0, 0, 2;
    %assign/vec4 v0000025c101778b0_0, 0;
    %pushi/vec4 0, 0, 1;
    %assign/vec4 v0000025c10177950_0, 0;
    %pushi/vec4 0, 0, 1;
    %assign/vec4 v0000025c10178670_0, 0;
    %pushi/vec4 0, 0, 1;
    %assign/vec4 v0000025c10178f30_0, 0;
T_1.12 ;
    %jmp T_1.11;
T_1.1 ;
    %pushi/vec4 1, 0, 1;
    %assign/vec4 v0000025c10178850_0, 0;
    %pushi/vec4 0, 0, 1;
    %assign/vec4 v0000025c10178e90_0, 0;
    %pushi/vec4 0, 0, 1;
    %assign/vec4 v0000025c101787b0_0, 0;
    %load/vec4 v0000025c10177a90_0;
    %parti/s 1, 1, 2;
    %assign/vec4 v0000025c10177130_0, 0;
    %pushi/vec4 0, 0, 2;
    %assign/vec4 v0000025c101778b0_0, 0;
    %pushi/vec4 0, 0, 1;
    %assign/vec4 v0000025c10177950_0, 0;
    %pushi/vec4 0, 0, 1;
    %assign/vec4 v0000025c10178670_0, 0;
    %pushi/vec4 0, 0, 1;
    %assign/vec4 v0000025c10178f30_0, 0;
    %jmp T_1.11;
T_1.2 ;
    %load/vec4 v0000025c10177a90_0;
    %parti/s 1, 1, 2;
    %assign/vec4 v0000025c10177130_0, 0;
    %pushi/vec4 0, 0, 1;
    %assign/vec4 v0000025c10178850_0, 0;
    %jmp T_1.11;
T_1.3 ;
    %load/vec4 v0000025c10178cb0_0;
    %parti/s 1, 7, 4;
    %pad/u 32;
    %cmpi/e 1, 0, 32;
    %jmp/0xz  T_1.14, 4;
    %pushi/vec4 1, 0, 1;
    %assign/vec4 v0000025c10177950_0, 0;
    %jmp T_1.15;
T_1.14 ;
    %load/vec4 v0000025c10178cb0_0;
    %pad/u 32;
    %cmpi/ne 0, 0, 32;
    %jmp/0xz  T_1.16, 4;
    %pushi/vec4 0, 0, 1;
    %assign/vec4 v0000025c10177950_0, 0;
T_1.16 ;
T_1.15 ;
    %jmp T_1.11;
T_1.4 ;
    %load/vec4 v0000025c10177a90_0;
    %cmpi/e 2, 0, 2;
    %jmp/0xz  T_1.18, 4;
    %pushi/vec4 0, 0, 8;
    %assign/vec4 v0000025c10177b30_0, 0;
    %jmp T_1.19;
T_1.18 ;
    %load/vec4 v0000025c10178cb0_0;
    %assign/vec4 v0000025c10177b30_0, 0;
T_1.19 ;
    %jmp T_1.11;
T_1.5 ;
    %load/vec4 v0000025c10177a90_0;
    %parti/s 1, 1, 2;
    %assign/vec4 v0000025c10177130_0, 0;
    %pushi/vec4 1, 0, 1;
    %assign/vec4 v0000025c10178e90_0, 0;
    %jmp T_1.11;
T_1.6 ;
    %load/vec4 v0000025c10178d50_0;
    %parti/s 2, 27, 6;
    %cmpi/ne 0, 0, 2;
    %jmp/0xz  T_1.20, 4;
    %pushi/vec4 1, 0, 2;
    %assign/vec4 v0000025c101778b0_0, 0;
    %jmp T_1.21;
T_1.20 ;
    %load/vec4 v0000025c10178d50_0;
    %parti/s 1, 26, 6;
    %cmpi/ne 1, 0, 1;
    %jmp/0xz  T_1.22, 4;
    %pushi/vec4 2, 0, 2;
    %assign/vec4 v0000025c101778b0_0, 0;
    %jmp T_1.23;
T_1.22 ;
    %pushi/vec4 0, 0, 2;
    %assign/vec4 v0000025c101778b0_0, 0;
T_1.23 ;
T_1.21 ;
    %jmp T_1.11;
T_1.7 ;
    %pushi/vec4 0, 0, 2;
    %assign/vec4 v0000025c101778b0_0, 0;
    %pushi/vec4 1, 0, 1;
    %assign/vec4 v0000025c101787b0_0, 0;
    %jmp T_1.11;
T_1.8 ;
    %jmp T_1.11;
T_1.9 ;
    %pushi/vec4 1, 0, 1;
    %assign/vec4 v0000025c10178670_0, 0;
    %jmp T_1.11;
T_1.10 ;
    %pushi/vec4 1, 0, 1;
    %assign/vec4 v0000025c10178f30_0, 0;
    %jmp T_1.11;
T_1.11 ;
    %pop/vec4 1;
    %jmp T_1;
    .thread T_1;
    .scope S_0000025c100b5b30;
T_2 ;
    %wait E_0000025c10100130;
    %load/vec4 v0000025c1012d590_0;
    %flag_set/vec4 8;
    %jmp/0xz  T_2.0, 8;
    %pushi/vec4 0, 0, 32;
    %assign/vec4 v0000025c1012cb90_0, 0;
    %jmp T_2.1;
T_2.0 ;
    %load/vec4 v0000025c1012c9b0_0;
    %flag_set/vec4 8;
    %jmp/0xz  T_2.2, 8;
    %load/vec4 v0000025c1012df90_0;
    %assign/vec4 v0000025c1012cb90_0, 0;
T_2.2 ;
T_2.1 ;
    %jmp T_2;
    .thread T_2;
    .scope S_0000025c100b5cc0;
T_3 ;
    %wait E_0000025c100fff70;
    %load/vec4 v0000025c1012cd70_0;
    %flag_set/vec4 8;
    %jmp/0xz  T_3.0, 8;
    %pushi/vec4 0, 0, 32;
    %assign/vec4 v0000025c1012cc30_0, 0;
    %jmp T_3.1;
T_3.0 ;
    %load/vec4 v0000025c1012db30_0;
    %flag_set/vec4 8;
    %jmp/0xz  T_3.2, 8;
    %load/vec4 v0000025c1012e210_0;
    %assign/vec4 v0000025c1012cc30_0, 0;
T_3.2 ;
T_3.1 ;
    %jmp T_3;
    .thread T_3;
    .scope S_0000025c100b0680;
T_4 ;
    %wait E_0000025c10100470;
    %load/vec4 v0000025c1012e0d0_0;
    %flag_set/vec4 8;
    %jmp/0xz  T_4.0, 8;
    %pushi/vec4 0, 0, 1;
    %assign/vec4 v0000025c1012e2b0_0, 0;
    %jmp T_4.1;
T_4.0 ;
    %load/vec4 v0000025c1012def0_0;
    %flag_set/vec4 8;
    %jmp/0xz  T_4.2, 8;
    %load/vec4 v0000025c1012e030_0;
    %assign/vec4 v0000025c1012e2b0_0, 0;
T_4.2 ;
T_4.1 ;
    %jmp T_4;
    .thread T_4;
    .scope S_0000025c100aecf0;
T_5 ;
    %wait E_0000025c100fee70;
    %load/vec4 v0000025c1012b620_0;
    %flag_set/vec4 8;
    %jmp/0xz  T_5.0, 8;
    %pushi/vec4 0, 0, 3;
    %assign/vec4 v0000025c1012bf80_0, 0;
T_5.0 ;
    %jmp T_5;
    .thread T_5, $push;
    .scope S_0000025c100aecf0;
T_6 ;
    %wait E_0000025c100ff970;
    %load/vec4 v0000025c1012bf80_0;
    %dup/vec4;
    %pushi/vec4 0, 0, 3;
    %cmp/u;
    %jmp/1 T_6.0, 6;
    %dup/vec4;
    %pushi/vec4 1, 0, 3;
    %cmp/u;
    %jmp/1 T_6.1, 6;
    %dup/vec4;
    %pushi/vec4 2, 0, 3;
    %cmp/u;
    %jmp/1 T_6.2, 6;
    %dup/vec4;
    %pushi/vec4 3, 0, 3;
    %cmp/u;
    %jmp/1 T_6.3, 6;
    %dup/vec4;
    %pushi/vec4 4, 0, 3;
    %cmp/u;
    %jmp/1 T_6.4, 6;
    %jmp T_6.5;
T_6.0 ;
    %load/vec4 v0000025c1012b300_0;
    %pad/u 32;
    %cmpi/e 1, 0, 32;
    %jmp/0xz  T_6.6, 4;
    %pushi/vec4 1, 0, 3;
    %assign/vec4 v0000025c1012bf80_0, 0;
    %jmp T_6.7;
T_6.6 ;
    %pushi/vec4 0, 0, 3;
    %assign/vec4 v0000025c1012bf80_0, 0;
T_6.7 ;
    %jmp T_6.5;
T_6.1 ;
    %load/vec4 v0000025c1012bbc0_0;
    %pad/u 32;
    %cmpi/e 0, 0, 32;
    %jmp/0xz  T_6.8, 4;
    %pushi/vec4 2, 0, 3;
    %assign/vec4 v0000025c1012bf80_0, 0;
    %jmp T_6.9;
T_6.8 ;
    %pushi/vec4 3, 0, 3;
    %assign/vec4 v0000025c1012bf80_0, 0;
T_6.9 ;
    %jmp T_6.5;
T_6.2 ;
    %pushi/vec4 4, 0, 3;
    %assign/vec4 v0000025c1012bf80_0, 0;
    %jmp T_6.5;
T_6.3 ;
    %load/vec4 v0000025c1012a9a0_0;
    %pad/u 32;
    %cmpi/e 24, 0, 32;
    %jmp/0xz  T_6.10, 4;
    %pushi/vec4 4, 0, 3;
    %assign/vec4 v0000025c1012bf80_0, 0;
    %jmp T_6.11;
T_6.10 ;
    %pushi/vec4 3, 0, 3;
    %assign/vec4 v0000025c1012bf80_0, 0;
T_6.11 ;
    %jmp T_6.5;
T_6.4 ;
    %pushi/vec4 4, 0, 3;
    %assign/vec4 v0000025c1012bf80_0, 0;
    %jmp T_6.5;
T_6.5 ;
    %pop/vec4 1;
    %jmp T_6;
    .thread T_6;
    .scope S_0000025c100aecf0;
T_7 ;
    %wait E_0000025c100ff970;
    %load/vec4 v0000025c1012b620_0;
    %flag_set/vec4 8;
    %jmp/0xz  T_7.0, 8;
    %pushi/vec4 0, 0, 3;
    %assign/vec4 v0000025c1012bf80_0, 0;
T_7.0 ;
    %load/vec4 v0000025c1012bf80_0;
    %dup/vec4;
    %pushi/vec4 0, 0, 3;
    %cmp/u;
    %jmp/1 T_7.2, 6;
    %dup/vec4;
    %pushi/vec4 1, 0, 3;
    %cmp/u;
    %jmp/1 T_7.3, 6;
    %dup/vec4;
    %pushi/vec4 2, 0, 3;
    %cmp/u;
    %jmp/1 T_7.4, 6;
    %dup/vec4;
    %pushi/vec4 3, 0, 3;
    %cmp/u;
    %jmp/1 T_7.5, 6;
    %dup/vec4;
    %pushi/vec4 4, 0, 3;
    %cmp/u;
    %jmp/1 T_7.6, 6;
    %jmp T_7.7;
T_7.2 ;
    %pushi/vec4 0, 0, 1;
    %assign/vec4 v0000025c1012b080_0, 0;
    %jmp T_7.7;
T_7.3 ;
    %pushi/vec4 0, 0, 5;
    %assign/vec4 v0000025c1012a9a0_0, 0;
    %pushi/vec4 0, 0, 48;
    %assign/vec4 v0000025c1012b580_0, 0;
    %jmp T_7.7;
T_7.4 ;
    %load/vec4 v0000025c1012bd00_0;
    %load/vec4 v0000025c1012bda0_0;
    %cmp/e;
    %jmp/0xz  T_7.8, 4;
    %load/vec4 v0000025c1012af40_0;
    %load/vec4 v0000025c1012afe0_0;
    %add;
    %assign/vec4 v0000025c1012a5e0_0, 0;
    %load/vec4 v0000025c1012bd00_0;
    %assign/vec4 v0000025c1012bee0_0, 0;
    %jmp T_7.9;
T_7.8 ;
    %load/vec4 v0000025c1012bd00_0;
    %pad/u 32;
    %cmpi/e 1, 0, 32;
    %jmp/0xz  T_7.10, 4;
    %load/vec4 v0000025c1012c020_0;
    %load/vec4 v0000025c1012aae0_0;
    %cmp/u;
    %jmp/0xz  T_7.12, 5;
    %load/vec4 v0000025c1012afe0_0;
    %load/vec4 v0000025c1012af40_0;
    %sub;
    %assign/vec4 v0000025c1012a5e0_0, 0;
    %load/vec4 v0000025c1012bd00_0;
    %assign/vec4 v0000025c1012bee0_0, 0;
    %jmp T_7.13;
T_7.12 ;
    %load/vec4 v0000025c1012afe0_0;
    %load/vec4 v0000025c1012af40_0;
    %sub;
    %assign/vec4 v0000025c1012a5e0_0, 0;
    %load/vec4 v0000025c1012bda0_0;
    %assign/vec4 v0000025c1012bee0_0, 0;
T_7.13 ;
    %jmp T_7.11;
T_7.10 ;
    %load/vec4 v0000025c1012c020_0;
    %load/vec4 v0000025c1012aae0_0;
    %cmp/u;
    %jmp/0xz  T_7.14, 5;
    %load/vec4 v0000025c1012afe0_0;
    %load/vec4 v0000025c1012af40_0;
    %sub;
    %assign/vec4 v0000025c1012a5e0_0, 0;
    %load/vec4 v0000025c1012bd00_0;
    %assign/vec4 v0000025c1012bee0_0, 0;
    %jmp T_7.15;
T_7.14 ;
    %load/vec4 v0000025c1012afe0_0;
    %load/vec4 v0000025c1012af40_0;
    %sub;
    %assign/vec4 v0000025c1012a5e0_0, 0;
    %load/vec4 v0000025c1012bda0_0;
    %assign/vec4 v0000025c1012bee0_0, 0;
T_7.15 ;
T_7.11 ;
T_7.9 ;
    %jmp T_7.7;
T_7.5 ;
    %load/vec4 v0000025c1012bd00_0;
    %load/vec4 v0000025c1012bda0_0;
    %xor;
    %assign/vec4 v0000025c1012bee0_0, 0;
    %load/vec4 v0000025c1012b120_0;
    %load/vec4 v0000025c1012a9a0_0;
    %part/u 1;
    %pad/u 32;
    %cmpi/e 1, 0, 32;
    %jmp/0xz  T_7.16, 4;
    %load/vec4 v0000025c1012b580_0;
    %load/vec4 v0000025c1012be40_0;
    %ix/getv 4, v0000025c1012a9a0_0;
    %shiftl 4;
    %add;
    %assign/vec4 v0000025c1012b580_0, 0;
T_7.16 ;
    %load/vec4 v0000025c1012a9a0_0;
    %addi 1, 0, 5;
    %assign/vec4 v0000025c1012a9a0_0, 0;
    %jmp T_7.7;
T_7.6 ;
    %pushi/vec4 1, 0, 1;
    %assign/vec4 v0000025c1012b080_0, 0;
    %jmp T_7.7;
T_7.7 ;
    %pop/vec4 1;
    %jmp T_7;
    .thread T_7;
    .scope S_0000025c100aafc0;
T_8 ;
    %wait E_0000025c100ff970;
    %load/vec4 v0000025c10173280_0;
    %assign/vec4 v0000025c10172ec0_0, 0;
    %load/vec4 v0000025c10172600_0;
    %pad/u 32;
    %cmpi/e 0, 0, 32;
    %jmp/0xz  T_8.0, 4;
    %load/vec4 v0000025c10172560_0;
    %assign/vec4 v0000025c10173b40_0, 0;
    %jmp T_8.1;
T_8.0 ;
    %load/vec4 v0000025c10172380_0;
    %pad/u 32;
    %cmpi/u 5, 0, 32;
    %flag_or 5, 4; GT is !LE
    %flag_inv 5;
    %jmp/0xz  T_8.2, 5;
    %pushi/vec4 0, 0, 3;
    %ix/load 4, 0, 0;
    %ix/load 5, 0, 0;
    %flag_set/imm 4, 0;
    %assign/vec4/off/d v0000025c10173b40_0, 4, 5;
    %load/vec4 v0000025c10172560_0;
    %parti/s 26, 3, 3;
    %addi 1, 0, 26;
    %ix/load 4, 3, 0;
    %ix/load 5, 0, 0;
    %flag_set/imm 4, 0;
    %assign/vec4/off/d v0000025c10173b40_0, 4, 5;
    %jmp T_8.3;
T_8.2 ;
    %load/vec4 v0000025c10172380_0;
    %pad/u 32;
    %cmpi/u 5, 0, 32;
    %jmp/0xz  T_8.4, 5;
    %pushi/vec4 0, 0, 3;
    %ix/load 4, 0, 0;
    %ix/load 5, 0, 0;
    %flag_set/imm 4, 0;
    %assign/vec4/off/d v0000025c10173b40_0, 4, 5;
    %load/vec4 v0000025c10172560_0;
    %parti/s 26, 3, 3;
    %ix/load 4, 3, 0;
    %ix/load 5, 0, 0;
    %flag_set/imm 4, 0;
    %assign/vec4/off/d v0000025c10173b40_0, 4, 5;
    %jmp T_8.5;
T_8.4 ;
    %load/vec4 v0000025c10172560_0;
    %parti/s 1, 3, 3;
    %cmpi/e 0, 0, 1;
    %jmp/0xz  T_8.6, 4;
    %pushi/vec4 0, 0, 3;
    %ix/load 4, 0, 0;
    %ix/load 5, 0, 0;
    %flag_set/imm 4, 0;
    %assign/vec4/off/d v0000025c10173b40_0, 4, 5;
    %load/vec4 v0000025c10172560_0;
    %parti/s 26, 3, 3;
    %ix/load 4, 3, 0;
    %ix/load 5, 0, 0;
    %flag_set/imm 4, 0;
    %assign/vec4/off/d v0000025c10173b40_0, 4, 5;
    %jmp T_8.7;
T_8.6 ;
    %pushi/vec4 0, 0, 3;
    %ix/load 4, 0, 0;
    %ix/load 5, 0, 0;
    %flag_set/imm 4, 0;
    %assign/vec4/off/d v0000025c10173b40_0, 4, 5;
    %load/vec4 v0000025c10172560_0;
    %parti/s 26, 3, 3;
    %addi 1, 0, 26;
    %ix/load 4, 3, 0;
    %ix/load 5, 0, 0;
    %flag_set/imm 4, 0;
    %assign/vec4/off/d v0000025c10173b40_0, 4, 5;
T_8.7 ;
T_8.5 ;
T_8.3 ;
T_8.1 ;
    %jmp T_8;
    .thread T_8;
    .scope S_0000025c1010fb80;
T_9 ;
    %vpi_call 2 25 "$dumpfile", "_testbenches/vvp/floating_point.vcd" {0 0 0};
    %vpi_call 2 26 "$dumpvars", 32'sb00000000000000000000000000000000, S_0000025c1010fd10 {0 0 0};
    %pushi/vec4 3221225487, 0, 32;
    %store/vec4 v0000025c101776d0_0, 0, 32;
    %pushi/vec4 3221225479, 0, 32;
    %store/vec4 v0000025c101780d0_0, 0, 32;
    %pushi/vec4 0, 0, 2;
    %store/vec4 v0000025c10177f90_0, 0, 2;
    %pushi/vec4 0, 0, 1;
    %store/vec4 v0000025c10178030_0, 0, 1;
    %pushi/vec4 0, 0, 1;
    %store/vec4 v0000025c10177db0_0, 0, 1;
    %delay 1000, 0;
    %pushi/vec4 1, 0, 1;
    %store/vec4 v0000025c10178030_0, 0, 1;
    %pushi/vec4 1, 0, 1;
    %store/vec4 v0000025c1017ba50_0, 0, 1;
    %delay 1000, 0;
    %pushi/vec4 0, 0, 1;
    %store/vec4 v0000025c10178030_0, 0, 1;
    %delay 28000, 0;
    %delay 1000, 0;
    %pushi/vec4 1, 0, 1;
    %store/vec4 v0000025c10178030_0, 0, 1;
    %pushi/vec4 1073741839, 0, 32;
    %store/vec4 v0000025c101776d0_0, 0, 32;
    %pushi/vec4 3221225479, 0, 32;
    %store/vec4 v0000025c101780d0_0, 0, 32;
    %pushi/vec4 0, 0, 2;
    %store/vec4 v0000025c10177f90_0, 0, 2;
    %delay 1000, 0;
    %pushi/vec4 0, 0, 1;
    %store/vec4 v0000025c10178030_0, 0, 1;
    %delay 30000, 0;
    %pushi/vec4 1073741839, 0, 32;
    %store/vec4 v0000025c101776d0_0, 0, 32;
    %pushi/vec4 3221225479, 0, 32;
    %store/vec4 v0000025c101780d0_0, 0, 32;
    %pushi/vec4 0, 0, 2;
    %store/vec4 v0000025c10177f90_0, 0, 2;
    %delay 1000, 0;
    %pushi/vec4 0, 0, 1;
    %store/vec4 v0000025c10178030_0, 0, 1;
    %delay 200000, 0;
    %pushi/vec4 1, 0, 1;
    %store/vec4 v0000025c10178030_0, 0, 1;
    %pushi/vec4 1073741839, 0, 32;
    %store/vec4 v0000025c101776d0_0, 0, 32;
    %pushi/vec4 3221225479, 0, 32;
    %store/vec4 v0000025c101780d0_0, 0, 32;
    %pushi/vec4 2, 0, 2;
    %store/vec4 v0000025c10177f90_0, 0, 2;
    %delay 1000, 0;
    %pushi/vec4 0, 0, 1;
    %store/vec4 v0000025c10178030_0, 0, 1;
    %delay 200000, 0;
    %vpi_call 2 72 "$finish" {0 0 0};
    %end;
    .thread T_9;
    .scope S_0000025c1010fb80;
T_10 ;
    %delay 1000, 0;
    %load/vec4 v0000025c10177db0_0;
    %inv;
    %store/vec4 v0000025c10177db0_0, 0, 1;
    %jmp T_10;
    .thread T_10;
# The file index is used to find the file name in the following table.
:file_names 4;
    "N/A";
    "<interactive>";
    ".\floating_point_tb.v";
    ".\floating_point.v";
