#! /c/Source/iverilog-install/bin/vvp
:ivl_version "12.0 (devel)" "(s20150603-1539-g2693dd32b)";
:ivl_delay_selection "TYPICAL";
:vpi_time_precision - 11;
:vpi_module "C:\iverilog\lib\ivl\system.vpi";
:vpi_module "C:\iverilog\lib\ivl\vhdl_sys.vpi";
:vpi_module "C:\iverilog\lib\ivl\vhdl_textio.vpi";
:vpi_module "C:\iverilog\lib\ivl\v2005_math.vpi";
:vpi_module "C:\iverilog\lib\ivl\va_math.vpi";
S_0000016e2de3b260 .scope module, "RegNbits_tb" "RegNbits_tb" 2 3;
 .timescale -7 -11;
P_0000016e2de3bf20 .param/l "N" 0 2 4, +C4<00000000000000000000000001000000>;
v0000016e2de866d0_0 .var "clk_tb", 0 0;
v0000016e2de86770_0 .var "load_tb", 0 0;
v0000016e2de3b8a0_0 .net "x_out_tb", 0 0, L_0000016e2de3b9e0;  1 drivers
v0000016e2de3b940_0 .var "x_tb", 63 0;
S_0000016e2de86400 .scope module, "uut" "RegNbits" 2 9, 3 1 0, S_0000016e2de3b260;
 .timescale -7 -11;
    .port_info 0 /INPUT 64 "x";
    .port_info 1 /INPUT 1 "clk";
    .port_info 2 /INPUT 1 "load";
    .port_info 3 /OUTPUT 1 "x_out";
P_0000016e2de3ca60 .param/l "N" 0 3 7, +C4<00000000000000000000000001000000>;
v0000016e2de52dc0_0 .net "clk", 0 0, v0000016e2de866d0_0;  1 drivers
v0000016e2de52c10_0 .net "load", 0 0, v0000016e2de86770_0;  1 drivers
v0000016e2de3ae80_0 .net "x", 63 0, v0000016e2de3b940_0;  1 drivers
v0000016e2de86590_0 .var "x_data", 63 0;
v0000016e2de86630_0 .net "x_out", 0 0, L_0000016e2de3b9e0;  alias, 1 drivers
E_0000016e2de3c420 .event posedge, v0000016e2de52dc0_0;
L_0000016e2de3b9e0 .part v0000016e2de86590_0, 0, 1;
    .scope S_0000016e2de86400;
T_0 ;
    %wait E_0000016e2de3c420;
    %load/vec4 v0000016e2de52c10_0;
    %pad/u 32;
    %cmpi/e 1, 0, 32;
    %jmp/0xz  T_0.0, 4;
    %load/vec4 v0000016e2de3ae80_0;
    %store/vec4 v0000016e2de86590_0, 0, 64;
T_0.0 ;
    %jmp T_0;
    .thread T_0;
    .scope S_0000016e2de3b260;
T_1 ;
    %vpi_call 2 12 "$monitor", "X_in: %d || load: %d || x_out: %d", v0000016e2de3b940_0, v0000016e2de86770_0, v0000016e2de3b8a0_0 {0 0 0};
    %pushi/vec4 27, 0, 64;
    %store/vec4 v0000016e2de3b940_0, 0, 64;
    %pushi/vec4 0, 0, 1;
    %store/vec4 v0000016e2de86770_0, 0, 1;
    %pushi/vec4 0, 0, 1;
    %store/vec4 v0000016e2de866d0_0, 0, 1;
    %delay 150000, 0;
    %pushi/vec4 1, 0, 1;
    %store/vec4 v0000016e2de86770_0, 0, 1;
    %end;
    .thread T_1;
    .scope S_0000016e2de3b260;
T_2 ;
    %delay 100000, 0;
    %load/vec4 v0000016e2de866d0_0;
    %inv;
    %store/vec4 v0000016e2de866d0_0, 0, 1;
    %jmp T_2;
    .thread T_2;
# The file index is used to find the file name in the following table.
:file_names 4;
    "N/A";
    "<interactive>";
    ".\RegNbits_tb.v";
    ".\RegNbits.v";
